[2021-08-04T15:39:10+08:00][sql] CONNECT:[ UseTime:0.029864s ] mysql:host=127.0.0.1;port=3306;dbname=a3mall-pro;charset=utf8mb4
[2021-08-04T15:39:10+08:00][sql] SHOW FULL COLUMNS FROM `mall_users_token` [ RunTime:0.067155s ]
[2021-08-04T15:39:10+08:00][sql] SELECT * FROM `mall_users_token` WHERE  `token` = 'c842ee68030fdb026e0dcb168c842f7a77be2654' LIMIT 1 [ RunTime:0.001074s ]
[2021-08-04T15:39:11+08:00][sql] CONNECT:[ UseTime:0.029981s ] mysql:host=127.0.0.1;port=3306;dbname=a3mall-pro;charset=utf8mb4
[2021-08-04T15:39:11+08:00][sql] SHOW FULL COLUMNS FROM `mall_pages` [ RunTime:0.067203s ]
[2021-08-04T15:39:11+08:00][sql] SELECT * FROM `mall_pages` WHERE  `code` = 'home'  AND `type` = 'h5' LIMIT 1 [ RunTime:0.085379s ]
[2021-08-04T15:39:11+08:00][sql] SHOW FULL COLUMNS FROM `mall_pages_items` [ RunTime:0.038510s ]
[2021-08-04T15:39:11+08:00][sql] SELECT * FROM `mall_pages_items` WHERE  `pid` = 1  AND `widget_name` = 'more' LIMIT 1 [ RunTime:0.073415s ]
[2021-08-04T15:39:11+08:00][sql] SHOW FULL COLUMNS FROM `mall_goods` [ RunTime:0.112895s ]
[2021-08-04T15:39:11+08:00][sql] SELECT COUNT(*) AS think_count FROM `mall_goods` WHERE  `status` = 0 [ RunTime:0.000439s ]
[2021-08-04T15:39:11+08:00][sql] SELECT `id`,`title`,`photo`,sell_price as price,`sale` FROM `mall_goods` WHERE  `status` = 0 ORDER BY `id` DESC LIMIT 0,10 [ RunTime:0.000357s ]
[2021-08-04T15:39:11+08:00][sql] SHOW FULL COLUMNS FROM `mall_setting` [ RunTime:0.002110s ]
[2021-08-04T15:39:11+08:00][sql] SELECT `value` FROM `mall_setting` WHERE  `name` = 'upload' LIMIT 1 [ RunTime:0.000271s ]
[2021-08-04T15:39:11+08:00][sql] SELECT `value` FROM `mall_setting` WHERE  `name` = 'upload' LIMIT 1 [ RunTime:0.000280s ]
[2021-08-04T15:39:11+08:00][sql] SELECT `value` FROM `mall_setting` WHERE  `name` = 'upload' LIMIT 1 [ RunTime:0.000335s ]
[2021-08-04T15:39:11+08:00][sql] SELECT `value` FROM `mall_setting` WHERE  `name` = 'upload' LIMIT 1 [ RunTime:0.000246s ]
[2021-08-04T15:39:11+08:00][sql] SELECT `value` FROM `mall_setting` WHERE  `name` = 'upload' LIMIT 1 [ RunTime:0.000237s ]
[2021-08-04T15:39:11+08:00][sql] SELECT `value` FROM `mall_setting` WHERE  `name` = 'upload' LIMIT 1 [ RunTime:0.000251s ]
[2021-08-04T15:39:11+08:00][sql] SELECT `value` FROM `mall_setting` WHERE  `name` = 'upload' LIMIT 1 [ RunTime:0.000246s ]
[2021-08-04T15:39:11+08:00][sql] SELECT `value` FROM `mall_setting` WHERE  `name` = 'upload' LIMIT 1 [ RunTime:0.000340s ]
[2021-08-04T15:39:11+08:00][sql] SELECT `value` FROM `mall_setting` WHERE  `name` = 'upload' LIMIT 1 [ RunTime:0.000308s ]
[2021-08-04T15:39:11+08:00][sql] SELECT `value` FROM `mall_setting` WHERE  `name` = 'upload' LIMIT 1 [ RunTime:0.000274s ]
[2021-08-04T15:39:11+08:00][sql] CONNECT:[ UseTime:0.029944s ] mysql:host=127.0.0.1;port=3306;dbname=a3mall-pro;charset=utf8mb4
[2021-08-04T15:39:11+08:00][sql] SHOW FULL COLUMNS FROM `mall_pages` [ RunTime:0.067137s ]
[2021-08-04T15:39:11+08:00][sql] SELECT * FROM `mall_pages` WHERE  `code` = 'home'  AND `type` = 'h5' LIMIT 1 [ RunTime:0.084985s ]
[2021-08-04T15:39:11+08:00][sql] SELECT * FROM `mall_pages` WHERE  `id` = 1 LIMIT 1 [ RunTime:0.000471s ]
[2021-08-04T15:39:11+08:00][sql] SHOW FULL COLUMNS FROM `mall_pages_items` [ RunTime:0.065272s ]
[2021-08-04T15:39:11+08:00][sql] SELECT * FROM `mall_pages_items` WHERE  `pid` = 1 ORDER BY `position_id` ASC [ RunTime:0.085422s ]
[2021-08-04T15:39:11+08:00][sql] SHOW FULL COLUMNS FROM `mall_setting` [ RunTime:0.015494s ]
[2021-08-04T15:39:11+08:00][sql] SELECT `value` FROM `mall_setting` WHERE  `name` = 'upload' LIMIT 1 [ RunTime:0.000292s ]
[2021-08-04T15:39:11+08:00][sql] SELECT `value` FROM `mall_setting` WHERE  `name` = 'upload' LIMIT 1 [ RunTime:0.000308s ]
[2021-08-04T15:39:11+08:00][sql] SELECT `value` FROM `mall_setting` WHERE  `name` = 'upload' LIMIT 1 [ RunTime:0.000346s ]
[2021-08-04T15:39:11+08:00][sql] SELECT `value` FROM `mall_setting` WHERE  `name` = 'upload' LIMIT 1 [ RunTime:0.000313s ]
[2021-08-04T15:39:11+08:00][sql] SELECT `value` FROM `mall_setting` WHERE  `name` = 'upload' LIMIT 1 [ RunTime:0.000280s ]
[2021-08-04T15:39:11+08:00][sql] SELECT `value` FROM `mall_setting` WHERE  `name` = 'upload' LIMIT 1 [ RunTime:0.000247s ]
[2021-08-04T15:39:11+08:00][sql] SELECT `value` FROM `mall_setting` WHERE  `name` = 'upload' LIMIT 1 [ RunTime:0.000259s ]
[2021-08-04T15:39:11+08:00][sql] SELECT `value` FROM `mall_setting` WHERE  `name` = 'upload' LIMIT 1 [ RunTime:0.000262s ]
[2021-08-04T15:39:11+08:00][sql] SELECT `value` FROM `mall_setting` WHERE  `name` = 'upload' LIMIT 1 [ RunTime:0.000280s ]
[2021-08-04T15:39:11+08:00][sql] SELECT `value` FROM `mall_setting` WHERE  `name` = 'upload' LIMIT 1 [ RunTime:0.000367s ]
[2021-08-04T15:39:11+08:00][sql] SELECT `value` FROM `mall_setting` WHERE  `name` = 'upload' LIMIT 1 [ RunTime:0.000239s ]
[2021-08-04T15:39:11+08:00][sql] SHOW FULL COLUMNS FROM `mall_promotion_second` [ RunTime:0.046036s ]
[2021-08-04T15:39:11+08:00][sql] SELECT `pg`.`id`,`pg`.`title`,`pg`.`goods_id`,`pg`.`sell_price`,`pg`.`start_time`,`pg`.`end_time`,`g`.`photo` FROM `mall_promotion_second` `pg` LEFT JOIN `mall_goods` `g` ON `pg`.`goods_id`=`g`.`id` WHERE  `pg`.`status` = 0  AND `g`.`status` = 0  AND `pg`.`id` IN ('1','2','3','4') [ RunTime:0.046938s ]
[2021-08-04T15:39:11+08:00][sql] SELECT `value` FROM `mall_setting` WHERE  `name` = 'upload' LIMIT 1 [ RunTime:0.000405s ]
[2021-08-04T15:39:11+08:00][sql] SELECT `value` FROM `mall_setting` WHERE  `name` = 'upload' LIMIT 1 [ RunTime:0.000320s ]
[2021-08-04T15:39:11+08:00][sql] SELECT `value` FROM `mall_setting` WHERE  `name` = 'upload' LIMIT 1 [ RunTime:0.000337s ]
[2021-08-04T15:39:11+08:00][sql] SELECT `value` FROM `mall_setting` WHERE  `name` = 'upload' LIMIT 1 [ RunTime:0.000341s ]
[2021-08-04T15:39:11+08:00][sql] SELECT `value` FROM `mall_setting` WHERE  `name` = 'upload' LIMIT 1 [ RunTime:0.000319s ]
[2021-08-04T15:39:11+08:00][sql] SELECT `value` FROM `mall_setting` WHERE  `name` = 'upload' LIMIT 1 [ RunTime:0.000288s ]
[2021-08-04T15:39:11+08:00][sql] SELECT `value` FROM `mall_setting` WHERE  `name` = 'upload' LIMIT 1 [ RunTime:0.000288s ]
[2021-08-04T15:39:11+08:00][sql] SELECT `value` FROM `mall_setting` WHERE  `name` = 'upload' LIMIT 1 [ RunTime:0.000284s ]
[2021-08-04T15:39:11+08:00][sql] SHOW FULL COLUMNS FROM `mall_goods` [ RunTime:0.002345s ]
[2021-08-04T15:39:11+08:00][sql] SELECT `id`,`cat_id`,`title`,`goods_number`,`goods_weight`,`sell_price`,`market_price`,`store_nums`,`photo`,`briefly`,`status`,`visit`,`favorite`,`sale` FROM `mall_goods` WHERE  `status` = 0  AND `id` IN (1,3,4,5,6) [ RunTime:0.000793s ]
[2021-08-04T15:39:11+08:00][sql] SELECT `value` FROM `mall_setting` WHERE  `name` = 'upload' LIMIT 1 [ RunTime:0.000442s ]
[2021-08-04T15:39:11+08:00][sql] SELECT `value` FROM `mall_setting` WHERE  `name` = 'upload' LIMIT 1 [ RunTime:0.000330s ]
[2021-08-04T15:39:11+08:00][sql] SELECT `value` FROM `mall_setting` WHERE  `name` = 'upload' LIMIT 1 [ RunTime:0.000310s ]
[2021-08-04T15:39:11+08:00][sql] SELECT `value` FROM `mall_setting` WHERE  `name` = 'upload' LIMIT 1 [ RunTime:0.000277s ]
[2021-08-04T15:39:11+08:00][sql] SELECT `value` FROM `mall_setting` WHERE  `name` = 'upload' LIMIT 1 [ RunTime:0.000296s ]
[2021-08-04T15:39:11+08:00][sql] SELECT `value` FROM `mall_setting` WHERE  `name` = 'upload' LIMIT 1 [ RunTime:0.000278s ]
[2021-08-04T15:39:11+08:00][sql] SELECT `value` FROM `mall_setting` WHERE  `name` = 'upload' LIMIT 1 [ RunTime:0.000266s ]
[2021-08-04T15:39:11+08:00][sql] SELECT `value` FROM `mall_setting` WHERE  `name` = 'upload' LIMIT 1 [ RunTime:0.000287s ]
[2021-08-04T15:39:11+08:00][sql] SELECT `value` FROM `mall_setting` WHERE  `name` = 'upload' LIMIT 1 [ RunTime:0.000282s ]
[2021-08-04T15:39:11+08:00][sql] SELECT `value` FROM `mall_setting` WHERE  `name` = 'upload' LIMIT 1 [ RunTime:0.000333s ]
[2021-08-04T15:39:11+08:00][sql] SELECT `value` FROM `mall_setting` WHERE  `name` = 'upload' LIMIT 1 [ RunTime:0.000319s ]
