[2021-06-12T19:27:10+08:00][sql] CONNECT:[ UseTime:0.059292s ] mysql:host=127.0.0.1;port=3306;dbname=a3mall-pro;charset=utf8mb4
[2021-06-12T19:27:10+08:00][sql] SHOW FULL COLUMNS FROM `mall_navigation` [ RunTime:0.072083s ]
[2021-06-12T19:27:10+08:00][sql] SELECT * FROM `mall_navigation` WHERE  `status` = 0  AND `pid` = 0 ORDER BY `sort` ASC [ RunTime:0.000713s ]
[2021-06-12T19:27:10+08:00][sql] SHOW FULL COLUMNS FROM `mall_setting` [ RunTime:0.003361s ]
[2021-06-12T19:27:10+08:00][sql] SELECT `value` FROM `mall_setting` WHERE  `name` = 'web_name' LIMIT 1 [ RunTime:0.000360s ]
[2021-06-12T19:27:10+08:00][sql] SELECT `value` FROM `mall_setting` WHERE  `name` = 'web_title' LIMIT 1 [ RunTime:0.000314s ]
[2021-06-12T19:27:10+08:00][sql] SELECT `value` FROM `mall_setting` WHERE  `name` = 'web_keywords' LIMIT 1 [ RunTime:0.000258s ]
[2021-06-12T19:27:10+08:00][sql] SELECT `value` FROM `mall_setting` WHERE  `name` = 'web_description' LIMIT 1 [ RunTime:0.000320s ]
[2021-06-12T19:27:10+08:00][sql] SELECT `value` FROM `mall_setting` WHERE  `name` = 'web_copyright' LIMIT 1 [ RunTime:0.017955s ]
[2021-06-12T19:27:10+08:00][sql] SELECT `value` FROM `mall_setting` WHERE  `name` = 'web_logo' LIMIT 1 [ RunTime:0.000553s ]
[2021-06-12T19:27:10+08:00][sql] SHOW FULL COLUMNS FROM `mall_version` [ RunTime:0.023182s ]
[2021-06-12T19:27:10+08:00][sql] SELECT * FROM `mall_version` WHERE  `type` = 3  AND `status` = 0 [ RunTime:0.000445s ]
[2021-06-12T19:27:10+08:00][sql] SHOW FULL COLUMNS FROM `mall_data` [ RunTime:0.044538s ]
[2021-06-12T19:27:10+08:00][sql] SELECT * FROM `mall_data` WHERE  `sign` = 'banner'  AND `status` = 0 LIMIT 1 [ RunTime:0.000481s ]
[2021-06-12T19:27:10+08:00][sql] SHOW FULL COLUMNS FROM `mall_data_item` [ RunTime:0.006196s ]
[2021-06-12T19:27:10+08:00][sql] SELECT * FROM `mall_data_item` WHERE  `pid` = 1 [ RunTime:0.000409s ]
[2021-06-12T19:27:10+08:00][sql] SELECT `value` FROM `mall_setting` WHERE  `name` = 'upload' LIMIT 1 [ RunTime:0.000385s ]
[2021-06-12T19:27:10+08:00][sql] SELECT `value` FROM `mall_setting` WHERE  `name` = 'upload' LIMIT 1 [ RunTime:0.000335s ]
[2021-06-12T19:27:10+08:00][sql] SELECT * FROM `mall_data` WHERE  `sign` = 'home-bottom-ad'  AND `status` = 0 LIMIT 1 [ RunTime:0.000309s ]
[2021-06-12T19:27:10+08:00][sql] SELECT * FROM `mall_data_item` WHERE  `pid` = 3 [ RunTime:0.000257s ]
[2021-06-12T19:27:10+08:00][sql] SELECT `value` FROM `mall_setting` WHERE  `name` = 'upload' LIMIT 1 [ RunTime:0.000240s ]
[2021-06-12T19:27:10+08:00][sql] SELECT `value` FROM `mall_setting` WHERE  `name` = 'upload' LIMIT 1 [ RunTime:0.000217s ]
[2021-06-12T19:27:10+08:00][sql] SELECT `value` FROM `mall_setting` WHERE  `name` = 'upload' LIMIT 1 [ RunTime:0.000250s ]
[2021-06-12T19:27:10+08:00][sql] SHOW FULL COLUMNS FROM `mall_promotion_second` [ RunTime:0.048889s ]
[2021-06-12T19:27:10+08:00][sql] SELECT `p`.*,`g`.`photo`,g.id as goods_id FROM `mall_promotion_second` `p` LEFT JOIN `mall_goods` `g` ON `p`.`goods_id`=`g`.`id` WHERE  ( p.status=0 )  AND ( end_time > 1623497230 ) GROUP BY `g`.`id` ORDER BY `p`.`id` DESC LIMIT 4 [ RunTime:0.080717s ]
[2021-06-12T19:27:10+08:00][sql] SELECT `value` FROM `mall_setting` WHERE  `name` = 'upload' LIMIT 1 [ RunTime:0.000570s ]
[2021-06-12T19:27:10+08:00][sql] SELECT `value` FROM `mall_setting` WHERE  `name` = 'upload' LIMIT 1 [ RunTime:0.000349s ]
[2021-06-12T19:27:10+08:00][sql] SHOW FULL COLUMNS FROM `mall_archives` [ RunTime:0.066478s ]
[2021-06-12T19:27:10+08:00][sql] SELECT * FROM `mall_archives` WHERE  `pid` = 71  AND `status` = 0 ORDER BY `id` DESC LIMIT 3 [ RunTime:0.000850s ]
[2021-06-12T19:27:10+08:00][sql] SELECT * FROM `mall_data` WHERE  `sign` = 'home-bottom-ad'  AND `status` = 0 LIMIT 1 [ RunTime:0.000542s ]
[2021-06-12T19:27:10+08:00][sql] SELECT * FROM `mall_data_item` WHERE  `pid` = 3 LIMIT 1 [ RunTime:0.000313s ]
[2021-06-12T19:27:10+08:00][sql] SELECT `value` FROM `mall_setting` WHERE  `name` = 'upload' LIMIT 1 [ RunTime:0.000343s ]
[2021-06-12T19:27:10+08:00][sql] SHOW FULL COLUMNS FROM `mall_category` [ RunTime:0.046093s ]
[2021-06-12T19:27:10+08:00][sql] SELECT * FROM `mall_category` WHERE  `pid` = 0  AND `status` = 0  AND `is_hot` = 0  AND `module` = 'goods' ORDER BY `id` ASC,`sort` ASC [ RunTime:0.001519s ]
[2021-06-12T19:27:10+08:00][sql] SELECT * FROM `mall_data` WHERE  `sign` = 'recommend' LIMIT 1 [ RunTime:0.000387s ]
[2021-06-12T19:27:10+08:00][sql] SELECT * FROM `mall_data_item` WHERE  `pid` = 4 [ RunTime:0.000338s ]
[2021-06-12T19:27:10+08:00][sql] SELECT * FROM `mall_category` WHERE  `pid` = 937  AND `status` = 0 [ RunTime:0.000402s ]
[2021-06-12T19:27:10+08:00][sql] SELECT * FROM `mall_category` WHERE  `pid` = 938  AND `status` = 0 [ RunTime:0.000300s ]
[2021-06-12T19:27:10+08:00][sql] SELECT * FROM `mall_category` WHERE  `pid` = 939  AND `status` = 0 [ RunTime:0.000256s ]
[2021-06-12T19:27:10+08:00][sql] SELECT * FROM `mall_category` WHERE  `pid` = 940  AND `status` = 0 [ RunTime:0.000266s ]
[2021-06-12T19:27:10+08:00][sql] SELECT * FROM `mall_category` WHERE  `pid` = 941  AND `status` = 0 [ RunTime:0.000242s ]
[2021-06-12T19:27:10+08:00][sql] SELECT * FROM `mall_category` WHERE  `pid` = 942  AND `status` = 0 [ RunTime:0.000279s ]
[2021-06-12T19:27:10+08:00][sql] SELECT * FROM `mall_category` WHERE  `pid` = 943  AND `status` = 0 [ RunTime:0.000237s ]
[2021-06-12T19:27:10+08:00][sql] SELECT * FROM `mall_category` WHERE  `pid` = 944  AND `status` = 0 [ RunTime:0.000259s ]
[2021-06-12T19:27:10+08:00][sql] SELECT * FROM `mall_category` WHERE  `pid` = 945  AND `status` = 0 [ RunTime:0.000210s ]
[2021-06-12T19:27:10+08:00][sql] SELECT * FROM `mall_category` WHERE  `pid` = 946  AND `status` = 0 [ RunTime:0.000236s ]
[2021-06-12T19:27:10+08:00][sql] SELECT * FROM `mall_category` WHERE  `pid` = 947  AND `status` = 0 [ RunTime:0.000238s ]
[2021-06-12T19:27:10+08:00][sql] SELECT * FROM `mall_category` WHERE  `pid` = 948  AND `status` = 0 [ RunTime:0.000210s ]
[2021-06-12T19:27:10+08:00][sql] SELECT * FROM `mall_category` WHERE  `pid` = 949  AND `status` = 0 [ RunTime:0.000229s ]
[2021-06-12T19:27:10+08:00][sql] SELECT * FROM `mall_category` WHERE  `pid` = 950  AND `status` = 0 [ RunTime:0.000214s ]
[2021-06-12T19:27:10+08:00][sql] SELECT * FROM `mall_category` WHERE  `pid` = 951  AND `status` = 0 [ RunTime:0.000222s ]
[2021-06-12T19:27:10+08:00][sql] SELECT * FROM `mall_category` WHERE  `pid` = 952  AND `status` = 0 [ RunTime:0.000222s ]
[2021-06-12T19:27:10+08:00][sql] SELECT * FROM `mall_category` WHERE  `pid` = 953  AND `status` = 0 [ RunTime:0.000216s ]
[2021-06-12T19:27:10+08:00][sql] SELECT * FROM `mall_category` WHERE  `pid` = 954  AND `status` = 0 [ RunTime:0.000221s ]
[2021-06-12T19:27:10+08:00][sql] SELECT * FROM `mall_category` WHERE  `pid` = 955  AND `status` = 0 [ RunTime:0.000206s ]
[2021-06-12T19:27:10+08:00][sql] SELECT * FROM `mall_category` WHERE  `pid` = 956  AND `status` = 0 [ RunTime:0.000257s ]
[2021-06-12T19:27:10+08:00][sql] SELECT * FROM `mall_category` WHERE  `pid` = 957  AND `status` = 0 [ RunTime:0.000218s ]
[2021-06-12T19:27:10+08:00][sql] SELECT * FROM `mall_category` WHERE  `pid` = 958  AND `status` = 0 [ RunTime:0.000235s ]
[2021-06-12T19:27:10+08:00][sql] SELECT * FROM `mall_category` WHERE  `pid` = 959  AND `status` = 0 [ RunTime:0.000216s ]
[2021-06-12T19:27:10+08:00][sql] SELECT * FROM `mall_category` WHERE  `pid` = 960  AND `status` = 0 [ RunTime:0.000230s ]
[2021-06-12T19:27:10+08:00][sql] SELECT * FROM `mall_category` WHERE  `pid` = 961  AND `status` = 0 [ RunTime:0.000231s ]
[2021-06-12T19:27:10+08:00][sql] SELECT * FROM `mall_category` WHERE  `pid` = 962  AND `status` = 0 [ RunTime:0.000206s ]
[2021-06-12T19:27:10+08:00][sql] SELECT * FROM `mall_category` WHERE  `pid` = 963  AND `status` = 0 [ RunTime:0.000201s ]
[2021-06-12T19:27:10+08:00][sql] SELECT * FROM `mall_category` WHERE  `pid` = 964  AND `status` = 0 [ RunTime:0.000230s ]
[2021-06-12T19:27:10+08:00][sql] SELECT * FROM `mall_category` WHERE  `pid` = 965  AND `status` = 0 [ RunTime:0.000226s ]
[2021-06-12T19:27:10+08:00][sql] SELECT * FROM `mall_category` WHERE  `pid` = 966  AND `status` = 0 [ RunTime:0.000208s ]
[2021-06-12T19:27:10+08:00][sql] SELECT * FROM `mall_category` WHERE  `pid` = 967  AND `status` = 0 [ RunTime:0.000243s ]
[2021-06-12T19:27:10+08:00][sql] SELECT * FROM `mall_category` WHERE  `pid` = 968  AND `status` = 0 [ RunTime:0.000244s ]
[2021-06-12T19:27:10+08:00][sql] SELECT * FROM `mall_category` WHERE  `pid` = 969  AND `status` = 0 [ RunTime:0.000223s ]
[2021-06-12T19:27:10+08:00][sql] SELECT * FROM `mall_category` WHERE  `pid` = 970  AND `status` = 0 [ RunTime:0.000232s ]
[2021-06-12T19:27:10+08:00][sql] SELECT * FROM `mall_category` WHERE  `pid` = 971  AND `status` = 0 [ RunTime:0.000228s ]
[2021-06-12T19:27:10+08:00][sql] SELECT * FROM `mall_category` WHERE  `pid` = 972  AND `status` = 0 [ RunTime:0.000227s ]
[2021-06-12T19:27:10+08:00][sql] SELECT * FROM `mall_category` WHERE  `pid` = 973  AND `status` = 0 [ RunTime:0.000219s ]
[2021-06-12T19:27:10+08:00][sql] SELECT * FROM `mall_category` WHERE  `pid` = 974  AND `status` = 0 [ RunTime:0.000207s ]
[2021-06-12T19:27:10+08:00][sql] SELECT * FROM `mall_category` WHERE  `pid` = 975  AND `status` = 0 [ RunTime:0.000212s ]
[2021-06-12T19:27:10+08:00][sql] SELECT * FROM `mall_category` WHERE  `pid` = 976  AND `status` = 0 [ RunTime:0.000229s ]
[2021-06-12T19:27:10+08:00][sql] SELECT * FROM `mall_category` WHERE  `pid` = 977  AND `status` = 0 [ RunTime:0.000217s ]
[2021-06-12T19:27:10+08:00][sql] SELECT * FROM `mall_category` WHERE  `pid` = 978  AND `status` = 0 [ RunTime:0.000197s ]
[2021-06-12T19:27:10+08:00][sql] SELECT * FROM `mall_category` WHERE  `pid` = 979  AND `status` = 0 [ RunTime:0.000231s ]
[2021-06-12T19:27:10+08:00][sql] SELECT * FROM `mall_category` WHERE  `pid` = 980  AND `status` = 0 [ RunTime:0.000223s ]
[2021-06-12T19:27:10+08:00][sql] SELECT * FROM `mall_category` WHERE  `pid` = 981  AND `status` = 0 [ RunTime:0.000208s ]
[2021-06-12T19:27:10+08:00][sql] SELECT * FROM `mall_category` WHERE  `pid` = 982  AND `status` = 0 [ RunTime:0.000206s ]
[2021-06-12T19:27:10+08:00][sql] SELECT * FROM `mall_category` WHERE  `pid` = 983  AND `status` = 0 [ RunTime:0.000211s ]
[2021-06-12T19:27:10+08:00][sql] SELECT * FROM `mall_category` WHERE  `id` IN (938,939,940,941,942,943,944,945,946,947,948,949,950,951,952,953,954,955,956,957,958,959,960,961,962,963,964,965,966,967,968,969,970,971,972,973,974,975,976,977,978,979,980,981,982,983)  AND `status` = 0  AND `module` = 'goods'  AND `is_hot` = 0 ORDER BY `id` ASC,`sort` ASC [ RunTime:0.000659s ]
[2021-06-12T19:27:10+08:00][sql] SELECT `value` FROM `mall_setting` WHERE  `name` = 'upload' LIMIT 1 [ RunTime:0.000239s ]
[2021-06-12T19:27:10+08:00][sql] SHOW FULL COLUMNS FROM `mall_goods` [ RunTime:0.002267s ]
[2021-06-12T19:27:10+08:00][sql] SELECT `g`.* FROM `mall_goods` `g` LEFT JOIN `mall_goods_extends` `e` ON `g`.`id`=`e`.`goods_id` WHERE  `g`.`status` = 0  AND `e`.`attribute` = 'news'  AND `g`.`cat_id` IN (938,939,940,941,942,943,944,945,946,947,948,949,950,951,952,953,954,955,956,957,958,959,960,961,962,963,964,965,966,967,968,969,970,971,972,973,974,975,976,977,978,979,980,981,982,983,937) ORDER BY `g`.`id` DESC LIMIT 10 [ RunTime:0.036752s ]
[2021-06-12T19:27:10+08:00][sql] SELECT `value` FROM `mall_setting` WHERE  `name` = 'upload' LIMIT 1 [ RunTime:0.000422s ]
[2021-06-12T19:27:10+08:00][sql] SELECT `value` FROM `mall_setting` WHERE  `name` = 'upload' LIMIT 1 [ RunTime:0.000626s ]
[2021-06-12T19:27:10+08:00][sql] SELECT `value` FROM `mall_setting` WHERE  `name` = 'upload' LIMIT 1 [ RunTime:0.000491s ]
[2021-06-12T19:27:10+08:00][sql] SELECT `value` FROM `mall_setting` WHERE  `name` = 'upload' LIMIT 1 [ RunTime:0.000441s ]
[2021-06-12T19:27:10+08:00][sql] SELECT `value` FROM `mall_setting` WHERE  `name` = 'upload' LIMIT 1 [ RunTime:0.000359s ]
[2021-06-12T19:27:10+08:00][sql] SELECT `value` FROM `mall_setting` WHERE  `name` = 'upload' LIMIT 1 [ RunTime:0.000355s ]
[2021-06-12T19:27:10+08:00][sql] SELECT `value` FROM `mall_setting` WHERE  `name` = 'upload' LIMIT 1 [ RunTime:0.000320s ]
[2021-06-12T19:27:10+08:00][sql] SELECT `value` FROM `mall_setting` WHERE  `name` = 'upload' LIMIT 1 [ RunTime:0.000292s ]
[2021-06-12T19:27:10+08:00][sql] SELECT `value` FROM `mall_setting` WHERE  `name` = 'upload' LIMIT 1 [ RunTime:0.000267s ]
[2021-06-12T19:27:10+08:00][sql] SELECT `value` FROM `mall_setting` WHERE  `name` = 'upload' LIMIT 1 [ RunTime:0.000306s ]
[2021-06-12T19:27:10+08:00][sql] SELECT * FROM `mall_category` WHERE  `pid` = 984  AND `status` = 0 [ RunTime:0.000338s ]
[2021-06-12T19:27:10+08:00][sql] SELECT * FROM `mall_category` WHERE  `pid` = 985  AND `status` = 0 [ RunTime:0.000249s ]
[2021-06-12T19:27:10+08:00][sql] SELECT * FROM `mall_category` WHERE  `pid` = 986  AND `status` = 0 [ RunTime:0.000259s ]
[2021-06-12T19:27:10+08:00][sql] SELECT * FROM `mall_category` WHERE  `pid` = 987  AND `status` = 0 [ RunTime:0.000252s ]
[2021-06-12T19:27:10+08:00][sql] SELECT * FROM `mall_category` WHERE  `pid` = 988  AND `status` = 0 [ RunTime:0.000238s ]
[2021-06-12T19:27:10+08:00][sql] SELECT * FROM `mall_category` WHERE  `pid` = 989  AND `status` = 0 [ RunTime:0.000222s ]
[2021-06-12T19:27:10+08:00][sql] SELECT * FROM `mall_category` WHERE  `pid` = 990  AND `status` = 0 [ RunTime:0.000261s ]
[2021-06-12T19:27:10+08:00][sql] SELECT * FROM `mall_category` WHERE  `pid` = 991  AND `status` = 0 [ RunTime:0.000237s ]
[2021-06-12T19:27:10+08:00][sql] SELECT * FROM `mall_category` WHERE  `pid` = 992  AND `status` = 0 [ RunTime:0.000212s ]
[2021-06-12T19:27:10+08:00][sql] SELECT * FROM `mall_category` WHERE  `pid` = 993  AND `status` = 0 [ RunTime:0.000213s ]
[2021-06-12T19:27:10+08:00][sql] SELECT * FROM `mall_category` WHERE  `pid` = 994  AND `status` = 0 [ RunTime:0.000228s ]
[2021-06-12T19:27:10+08:00][sql] SELECT * FROM `mall_category` WHERE  `pid` = 995  AND `status` = 0 [ RunTime:0.000211s ]
[2021-06-12T19:27:10+08:00][sql] SELECT * FROM `mall_category` WHERE  `pid` = 996  AND `status` = 0 [ RunTime:0.000215s ]
[2021-06-12T19:27:10+08:00][sql] SELECT * FROM `mall_category` WHERE  `pid` = 997  AND `status` = 0 [ RunTime:0.000233s ]
[2021-06-12T19:27:10+08:00][sql] SELECT * FROM `mall_category` WHERE  `pid` = 998  AND `status` = 0 [ RunTime:0.000216s ]
[2021-06-12T19:27:10+08:00][sql] SELECT * FROM `mall_category` WHERE  `pid` = 999  AND `status` = 0 [ RunTime:0.000204s ]
[2021-06-12T19:27:10+08:00][sql] SELECT * FROM `mall_category` WHERE  `pid` = 1000  AND `status` = 0 [ RunTime:0.000203s ]
[2021-06-12T19:27:10+08:00][sql] SELECT * FROM `mall_category` WHERE  `pid` = 1001  AND `status` = 0 [ RunTime:0.000209s ]
[2021-06-12T19:27:10+08:00][sql] SELECT * FROM `mall_category` WHERE  `pid` = 1002  AND `status` = 0 [ RunTime:0.000232s ]
[2021-06-12T19:27:10+08:00][sql] SELECT * FROM `mall_category` WHERE  `pid` = 1003  AND `status` = 0 [ RunTime:0.000232s ]
[2021-06-12T19:27:10+08:00][sql] SELECT * FROM `mall_category` WHERE  `pid` = 1004  AND `status` = 0 [ RunTime:0.000232s ]
[2021-06-12T19:27:10+08:00][sql] SELECT * FROM `mall_category` WHERE  `pid` = 1005  AND `status` = 0 [ RunTime:0.000309s ]
[2021-06-12T19:27:10+08:00][sql] SELECT * FROM `mall_category` WHERE  `pid` = 1006  AND `status` = 0 [ RunTime:0.000280s ]
[2021-06-12T19:27:10+08:00][sql] SELECT * FROM `mall_category` WHERE  `pid` = 1007  AND `status` = 0 [ RunTime:0.000323s ]
[2021-06-12T19:27:10+08:00][sql] SELECT * FROM `mall_category` WHERE  `pid` = 1008  AND `status` = 0 [ RunTime:0.000269s ]
[2021-06-12T19:27:10+08:00][sql] SELECT * FROM `mall_category` WHERE  `pid` = 1009  AND `status` = 0 [ RunTime:0.000240s ]
[2021-06-12T19:27:10+08:00][sql] SELECT * FROM `mall_category` WHERE  `pid` = 1010  AND `status` = 0 [ RunTime:0.000226s ]
[2021-06-12T19:27:10+08:00][sql] SELECT * FROM `mall_category` WHERE  `pid` = 1011  AND `status` = 0 [ RunTime:0.000211s ]
[2021-06-12T19:27:10+08:00][sql] SELECT * FROM `mall_category` WHERE  `pid` = 1012  AND `status` = 0 [ RunTime:0.000204s ]
[2021-06-12T19:27:10+08:00][sql] SELECT * FROM `mall_category` WHERE  `pid` = 1013  AND `status` = 0 [ RunTime:0.000235s ]
[2021-06-12T19:27:10+08:00][sql] SELECT * FROM `mall_category` WHERE  `pid` = 1014  AND `status` = 0 [ RunTime:0.000229s ]
[2021-06-12T19:27:10+08:00][sql] SELECT * FROM `mall_category` WHERE  `pid` = 1015  AND `status` = 0 [ RunTime:0.000210s ]
[2021-06-12T19:27:10+08:00][sql] SELECT * FROM `mall_category` WHERE  `pid` = 1016  AND `status` = 0 [ RunTime:0.000208s ]
[2021-06-12T19:27:10+08:00][sql] SELECT * FROM `mall_category` WHERE  `pid` = 1017  AND `status` = 0 [ RunTime:0.000227s ]
[2021-06-12T19:27:10+08:00][sql] SELECT * FROM `mall_category` WHERE  `pid` = 1018  AND `status` = 0 [ RunTime:0.000212s ]
[2021-06-12T19:27:10+08:00][sql] SELECT * FROM `mall_category` WHERE  `pid` = 1019  AND `status` = 0 [ RunTime:0.000223s ]
[2021-06-12T19:27:10+08:00][sql] SELECT * FROM `mall_category` WHERE  `pid` = 1020  AND `status` = 0 [ RunTime:0.000222s ]
[2021-06-12T19:27:10+08:00][sql] SELECT * FROM `mall_category` WHERE  `pid` = 1021  AND `status` = 0 [ RunTime:0.000237s ]
[2021-06-12T19:27:10+08:00][sql] SELECT * FROM `mall_category` WHERE  `pid` = 1022  AND `status` = 0 [ RunTime:0.000229s ]
[2021-06-12T19:27:10+08:00][sql] SELECT * FROM `mall_category` WHERE  `pid` = 1023  AND `status` = 0 [ RunTime:0.000220s ]
[2021-06-12T19:27:10+08:00][sql] SELECT * FROM `mall_category` WHERE  `pid` = 1024  AND `status` = 0 [ RunTime:0.000230s ]
[2021-06-12T19:27:10+08:00][sql] SELECT * FROM `mall_category` WHERE  `pid` = 1025  AND `status` = 0 [ RunTime:0.000228s ]
[2021-06-12T19:27:10+08:00][sql] SELECT * FROM `mall_category` WHERE  `pid` = 1026  AND `status` = 0 [ RunTime:0.000206s ]
[2021-06-12T19:27:10+08:00][sql] SELECT * FROM `mall_category` WHERE  `pid` = 1027  AND `status` = 0 [ RunTime:0.000240s ]
[2021-06-12T19:27:10+08:00][sql] SELECT * FROM `mall_category` WHERE  `pid` = 1028  AND `status` = 0 [ RunTime:0.000231s ]
[2021-06-12T19:27:10+08:00][sql] SELECT * FROM `mall_category` WHERE  `pid` = 1029  AND `status` = 0 [ RunTime:0.000227s ]
[2021-06-12T19:27:10+08:00][sql] SELECT * FROM `mall_category` WHERE  `pid` = 1030  AND `status` = 0 [ RunTime:0.000226s ]
[2021-06-12T19:27:10+08:00][sql] SELECT * FROM `mall_category` WHERE  `pid` = 1031  AND `status` = 0 [ RunTime:0.000224s ]
[2021-06-12T19:27:10+08:00][sql] SELECT * FROM `mall_category` WHERE  `pid` = 1032  AND `status` = 0 [ RunTime:0.000270s ]
[2021-06-12T19:27:10+08:00][sql] SELECT * FROM `mall_category` WHERE  `pid` = 1033  AND `status` = 0 [ RunTime:0.000262s ]
[2021-06-12T19:27:10+08:00][sql] SELECT * FROM `mall_category` WHERE  `pid` = 1034  AND `status` = 0 [ RunTime:0.000214s ]
[2021-06-12T19:27:10+08:00][sql] SELECT * FROM `mall_category` WHERE  `pid` = 1035  AND `status` = 0 [ RunTime:0.000204s ]
[2021-06-12T19:27:10+08:00][sql] SELECT * FROM `mall_category` WHERE  `pid` = 1036  AND `status` = 0 [ RunTime:0.000213s ]
[2021-06-12T19:27:10+08:00][sql] SELECT * FROM `mall_category` WHERE  `pid` = 1037  AND `status` = 0 [ RunTime:0.000272s ]
[2021-06-12T19:27:10+08:00][sql] SELECT * FROM `mall_category` WHERE  `pid` = 1038  AND `status` = 0 [ RunTime:0.000228s ]
[2021-06-12T19:27:10+08:00][sql] SELECT * FROM `mall_category` WHERE  `pid` = 1039  AND `status` = 0 [ RunTime:0.000231s ]
[2021-06-12T19:27:10+08:00][sql] SELECT * FROM `mall_category` WHERE  `pid` = 1040  AND `status` = 0 [ RunTime:0.000208s ]
[2021-06-12T19:27:10+08:00][sql] SELECT * FROM `mall_category` WHERE  `pid` = 1041  AND `status` = 0 [ RunTime:0.000219s ]
[2021-06-12T19:27:10+08:00][sql] SELECT * FROM `mall_category` WHERE  `pid` = 1042  AND `status` = 0 [ RunTime:0.000236s ]
[2021-06-12T19:27:10+08:00][sql] SELECT * FROM `mall_category` WHERE  `pid` = 1043  AND `status` = 0 [ RunTime:0.000218s ]
[2021-06-12T19:27:10+08:00][sql] SELECT * FROM `mall_category` WHERE  `pid` = 1044  AND `status` = 0 [ RunTime:0.000202s ]
[2021-06-12T19:27:10+08:00][sql] SELECT * FROM `mall_category` WHERE  `pid` = 1045  AND `status` = 0 [ RunTime:0.000199s ]
[2021-06-12T19:27:10+08:00][sql] SELECT * FROM `mall_category` WHERE  `pid` = 1046  AND `status` = 0 [ RunTime:0.000206s ]
[2021-06-12T19:27:10+08:00][sql] SELECT * FROM `mall_category` WHERE  `pid` = 1047  AND `status` = 0 [ RunTime:0.000231s ]
[2021-06-12T19:27:10+08:00][sql] SELECT * FROM `mall_category` WHERE  `id` IN (985,986,987,988,989,990,991,992,993,994,995,996,997,998,999,1000,1001,1002,1003,1004,1005,1006,1007,1008,1009,1010,1011,1012,1013,1014,1015,1016,1017,1018,1019,1020,1021,1022,1023,1024,1025,1026,1027,1028,1029,1030,1031,1032,1033,1034,1035,1036,1037,1038,1039,1040,1041,1042,1043,1044,1045,1046,1047)  AND `status` = 0  AND `module` = 'goods'  AND `is_hot` = 0 ORDER BY `id` ASC,`sort` ASC [ RunTime:0.000545s ]
[2021-06-12T19:27:10+08:00][sql] SELECT `value` FROM `mall_setting` WHERE  `name` = 'upload' LIMIT 1 [ RunTime:0.000216s ]
[2021-06-12T19:27:10+08:00][sql] SELECT `g`.* FROM `mall_goods` `g` LEFT JOIN `mall_goods_extends` `e` ON `g`.`id`=`e`.`goods_id` WHERE  `g`.`status` = 0  AND `e`.`attribute` = 'news'  AND `g`.`cat_id` IN (985,986,987,988,989,990,991,992,993,994,995,996,997,998,999,1000,1001,1002,1003,1004,1005,1006,1007,1008,1009,1010,1011,1012,1013,1014,1015,1016,1017,1018,1019,1020,1021,1022,1023,1024,1025,1026,1027,1028,1029,1030,1031,1032,1033,1034,1035,1036,1037,1038,1039,1040,1041,1042,1043,1044,1045,1046,1047,984) ORDER BY `g`.`id` DESC LIMIT 10 [ RunTime:0.002881s ]
[2021-06-12T19:27:10+08:00][sql] SELECT `value` FROM `mall_setting` WHERE  `name` = 'upload' LIMIT 1 [ RunTime:0.000250s ]
[2021-06-12T19:27:10+08:00][sql] SELECT `value` FROM `mall_setting` WHERE  `name` = 'upload' LIMIT 1 [ RunTime:0.000208s ]
[2021-06-12T19:27:10+08:00][sql] SELECT `value` FROM `mall_setting` WHERE  `name` = 'upload' LIMIT 1 [ RunTime:0.000184s ]
[2021-06-12T19:27:10+08:00][sql] SELECT `value` FROM `mall_setting` WHERE  `name` = 'upload' LIMIT 1 [ RunTime:0.000199s ]
[2021-06-12T19:27:10+08:00][sql] SELECT `value` FROM `mall_setting` WHERE  `name` = 'upload' LIMIT 1 [ RunTime:0.000178s ]
[2021-06-12T19:27:10+08:00][sql] SELECT `value` FROM `mall_setting` WHERE  `name` = 'upload' LIMIT 1 [ RunTime:0.000169s ]
[2021-06-12T19:27:10+08:00][sql] SELECT `value` FROM `mall_setting` WHERE  `name` = 'upload' LIMIT 1 [ RunTime:0.000166s ]
[2021-06-12T19:27:10+08:00][sql] SELECT `value` FROM `mall_setting` WHERE  `name` = 'upload' LIMIT 1 [ RunTime:0.000166s ]
[2021-06-12T19:27:10+08:00][sql] SELECT `value` FROM `mall_setting` WHERE  `name` = 'upload' LIMIT 1 [ RunTime:0.000164s ]
[2021-06-12T19:27:10+08:00][sql] SELECT `value` FROM `mall_setting` WHERE  `name` = 'upload' LIMIT 1 [ RunTime:0.000162s ]
[2021-06-12T19:27:10+08:00][sql] SELECT * FROM `mall_category` WHERE  `pid` = 1048  AND `status` = 0 [ RunTime:0.000228s ]
[2021-06-12T19:27:10+08:00][sql] SELECT * FROM `mall_category` WHERE  `pid` = 1049  AND `status` = 0 [ RunTime:0.000246s ]
[2021-06-12T19:27:10+08:00][sql] SELECT * FROM `mall_category` WHERE  `pid` = 1050  AND `status` = 0 [ RunTime:0.000219s ]
[2021-06-12T19:27:10+08:00][sql] SELECT * FROM `mall_category` WHERE  `pid` = 1051  AND `status` = 0 [ RunTime:0.000205s ]
[2021-06-12T19:27:10+08:00][sql] SELECT * FROM `mall_category` WHERE  `pid` = 1052  AND `status` = 0 [ RunTime:0.000204s ]
[2021-06-12T19:27:10+08:00][sql] SELECT * FROM `mall_category` WHERE  `pid` = 1053  AND `status` = 0 [ RunTime:0.000231s ]
[2021-06-12T19:27:10+08:00][sql] SELECT * FROM `mall_category` WHERE  `pid` = 1054  AND `status` = 0 [ RunTime:0.000228s ]
[2021-06-12T19:27:10+08:00][sql] SELECT * FROM `mall_category` WHERE  `pid` = 1055  AND `status` = 0 [ RunTime:0.000235s ]
[2021-06-12T19:27:10+08:00][sql] SELECT * FROM `mall_category` WHERE  `pid` = 1056  AND `status` = 0 [ RunTime:0.000256s ]
[2021-06-12T19:27:10+08:00][sql] SELECT * FROM `mall_category` WHERE  `pid` = 1057  AND `status` = 0 [ RunTime:0.000209s ]
[2021-06-12T19:27:10+08:00][sql] SELECT * FROM `mall_category` WHERE  `pid` = 1058  AND `status` = 0 [ RunTime:0.000201s ]
[2021-06-12T19:27:10+08:00][sql] SELECT * FROM `mall_category` WHERE  `pid` = 1059  AND `status` = 0 [ RunTime:0.000212s ]
[2021-06-12T19:27:10+08:00][sql] SELECT * FROM `mall_category` WHERE  `pid` = 1060  AND `status` = 0 [ RunTime:0.000247s ]
[2021-06-12T19:27:10+08:00][sql] SELECT * FROM `mall_category` WHERE  `pid` = 1061  AND `status` = 0 [ RunTime:0.000230s ]
[2021-06-12T19:27:10+08:00][sql] SELECT * FROM `mall_category` WHERE  `pid` = 1062  AND `status` = 0 [ RunTime:0.000236s ]
[2021-06-12T19:27:10+08:00][sql] SELECT * FROM `mall_category` WHERE  `pid` = 1063  AND `status` = 0 [ RunTime:0.000229s ]
[2021-06-12T19:27:10+08:00][sql] SELECT * FROM `mall_category` WHERE  `pid` = 1064  AND `status` = 0 [ RunTime:0.000231s ]
[2021-06-12T19:27:10+08:00][sql] SELECT * FROM `mall_category` WHERE  `pid` = 1065  AND `status` = 0 [ RunTime:0.000218s ]
[2021-06-12T19:27:10+08:00][sql] SELECT * FROM `mall_category` WHERE  `pid` = 1066  AND `status` = 0 [ RunTime:0.000236s ]
[2021-06-12T19:27:10+08:00][sql] SELECT * FROM `mall_category` WHERE  `pid` = 1067  AND `status` = 0 [ RunTime:0.000261s ]
[2021-06-12T19:27:10+08:00][sql] SELECT * FROM `mall_category` WHERE  `pid` = 1068  AND `status` = 0 [ RunTime:0.000251s ]
[2021-06-12T19:27:10+08:00][sql] SELECT * FROM `mall_category` WHERE  `pid` = 1069  AND `status` = 0 [ RunTime:0.000227s ]
[2021-06-12T19:27:10+08:00][sql] SELECT * FROM `mall_category` WHERE  `pid` = 1070  AND `status` = 0 [ RunTime:0.000227s ]
[2021-06-12T19:27:10+08:00][sql] SELECT * FROM `mall_category` WHERE  `pid` = 1071  AND `status` = 0 [ RunTime:0.000213s ]
[2021-06-12T19:27:10+08:00][sql] SELECT * FROM `mall_category` WHERE  `pid` = 1072  AND `status` = 0 [ RunTime:0.000204s ]
[2021-06-12T19:27:10+08:00][sql] SELECT * FROM `mall_category` WHERE  `pid` = 1073  AND `status` = 0 [ RunTime:0.000214s ]
[2021-06-12T19:27:10+08:00][sql] SELECT * FROM `mall_category` WHERE  `pid` = 1074  AND `status` = 0 [ RunTime:0.000231s ]
[2021-06-12T19:27:10+08:00][sql] SELECT * FROM `mall_category` WHERE  `pid` = 1075  AND `status` = 0 [ RunTime:0.000223s ]
[2021-06-12T19:27:10+08:00][sql] SELECT * FROM `mall_category` WHERE  `pid` = 1076  AND `status` = 0 [ RunTime:0.000230s ]
[2021-06-12T19:27:10+08:00][sql] SELECT * FROM `mall_category` WHERE  `pid` = 1077  AND `status` = 0 [ RunTime:0.000220s ]
[2021-06-12T19:27:10+08:00][sql] SELECT * FROM `mall_category` WHERE  `pid` = 1078  AND `status` = 0 [ RunTime:0.000215s ]
[2021-06-12T19:27:10+08:00][sql] SELECT * FROM `mall_category` WHERE  `pid` = 1079  AND `status` = 0 [ RunTime:0.000238s ]
[2021-06-12T19:27:10+08:00][sql] SELECT * FROM `mall_category` WHERE  `pid` = 1080  AND `status` = 0 [ RunTime:0.000224s ]
[2021-06-12T19:27:10+08:00][sql] SELECT * FROM `mall_category` WHERE  `pid` = 1081  AND `status` = 0 [ RunTime:0.000222s ]
[2021-06-12T19:27:10+08:00][sql] SELECT * FROM `mall_category` WHERE  `pid` = 1082  AND `status` = 0 [ RunTime:0.000206s ]
[2021-06-12T19:27:10+08:00][sql] SELECT * FROM `mall_category` WHERE  `pid` = 1083  AND `status` = 0 [ RunTime:0.000242s ]
[2021-06-12T19:27:10+08:00][sql] SELECT * FROM `mall_category` WHERE  `pid` = 1084  AND `status` = 0 [ RunTime:0.000221s ]
[2021-06-12T19:27:10+08:00][sql] SELECT * FROM `mall_category` WHERE  `pid` = 1085  AND `status` = 0 [ RunTime:0.000236s ]
[2021-06-12T19:27:10+08:00][sql] SELECT * FROM `mall_category` WHERE  `pid` = 1086  AND `status` = 0 [ RunTime:0.000214s ]
[2021-06-12T19:27:10+08:00][sql] SELECT * FROM `mall_category` WHERE  `pid` = 1087  AND `status` = 0 [ RunTime:0.000204s ]
[2021-06-12T19:27:10+08:00][sql] SELECT * FROM `mall_category` WHERE  `pid` = 1088  AND `status` = 0 [ RunTime:0.000226s ]
[2021-06-12T19:27:10+08:00][sql] SELECT * FROM `mall_category` WHERE  `pid` = 1089  AND `status` = 0 [ RunTime:0.000224s ]
[2021-06-12T19:27:10+08:00][sql] SELECT * FROM `mall_category` WHERE  `pid` = 1090  AND `status` = 0 [ RunTime:0.000207s ]
[2021-06-12T19:27:10+08:00][sql] SELECT * FROM `mall_category` WHERE  `pid` = 1091  AND `status` = 0 [ RunTime:0.000201s ]
[2021-06-12T19:27:10+08:00][sql] SELECT * FROM `mall_category` WHERE  `pid` = 1092  AND `status` = 0 [ RunTime:0.000230s ]
[2021-06-12T19:27:10+08:00][sql] SELECT * FROM `mall_category` WHERE  `pid` = 1093  AND `status` = 0 [ RunTime:0.000252s ]
[2021-06-12T19:27:10+08:00][sql] SELECT * FROM `mall_category` WHERE  `pid` = 1094  AND `status` = 0 [ RunTime:0.000232s ]
[2021-06-12T19:27:10+08:00][sql] SELECT * FROM `mall_category` WHERE  `id` IN (1049,1050,1051,1052,1053,1054,1055,1056,1057,1058,1059,1060,1061,1062,1063,1064,1065,1066,1067,1068,1069,1070,1071,1072,1073,1074,1075,1076,1077,1078,1079,1080,1081,1082,1083,1084,1085,1086,1087,1088,1089,1090,1091,1092,1093,1094)  AND `status` = 0  AND `module` = 'goods'  AND `is_hot` = 0 ORDER BY `id` ASC,`sort` ASC [ RunTime:0.000476s ]
[2021-06-12T19:27:10+08:00][sql] SELECT `value` FROM `mall_setting` WHERE  `name` = 'upload' LIMIT 1 [ RunTime:0.000199s ]
[2021-06-12T19:27:10+08:00][sql] SELECT `g`.* FROM `mall_goods` `g` LEFT JOIN `mall_goods_extends` `e` ON `g`.`id`=`e`.`goods_id` WHERE  `g`.`status` = 0  AND `e`.`attribute` = 'news'  AND `g`.`cat_id` IN (1049,1050,1051,1052,1053,1054,1055,1056,1057,1058,1059,1060,1061,1062,1063,1064,1065,1066,1067,1068,1069,1070,1071,1072,1073,1074,1075,1076,1077,1078,1079,1080,1081,1082,1083,1084,1085,1086,1087,1088,1089,1090,1091,1092,1093,1094,1048) ORDER BY `g`.`id` DESC LIMIT 10 [ RunTime:0.001573s ]
[2021-06-12T19:27:10+08:00][sql] SELECT `value` FROM `mall_setting` WHERE  `name` = 'upload' LIMIT 1 [ RunTime:0.000215s ]
[2021-06-12T19:27:10+08:00][sql] SELECT `value` FROM `mall_setting` WHERE  `name` = 'upload' LIMIT 1 [ RunTime:0.000175s ]
[2021-06-12T19:27:10+08:00][sql] SELECT `value` FROM `mall_setting` WHERE  `name` = 'upload' LIMIT 1 [ RunTime:0.000203s ]
[2021-06-12T19:27:10+08:00][sql] SELECT `value` FROM `mall_setting` WHERE  `name` = 'upload' LIMIT 1 [ RunTime:0.000202s ]
[2021-06-12T19:27:10+08:00][sql] SELECT `value` FROM `mall_setting` WHERE  `name` = 'upload' LIMIT 1 [ RunTime:0.000188s ]
[2021-06-12T19:27:10+08:00][sql] SELECT `value` FROM `mall_setting` WHERE  `name` = 'upload' LIMIT 1 [ RunTime:0.000197s ]
[2021-06-12T19:27:10+08:00][sql] SELECT `value` FROM `mall_setting` WHERE  `name` = 'upload' LIMIT 1 [ RunTime:0.000196s ]
[2021-06-12T19:27:10+08:00][sql] SELECT `value` FROM `mall_setting` WHERE  `name` = 'upload' LIMIT 1 [ RunTime:0.000193s ]
[2021-06-12T19:27:10+08:00][sql] SELECT `value` FROM `mall_setting` WHERE  `name` = 'upload' LIMIT 1 [ RunTime:0.000236s ]
[2021-06-12T19:27:10+08:00][sql] SELECT `value` FROM `mall_setting` WHERE  `name` = 'upload' LIMIT 1 [ RunTime:0.000207s ]
[2021-06-12T19:27:10+08:00][sql] SELECT * FROM `mall_category` WHERE  `pid` = 1095  AND `status` = 0 [ RunTime:0.000296s ]
[2021-06-12T19:27:10+08:00][sql] SELECT * FROM `mall_category` WHERE  `pid` = 1096  AND `status` = 0 [ RunTime:0.000247s ]
[2021-06-12T19:27:10+08:00][sql] SELECT * FROM `mall_category` WHERE  `pid` = 1097  AND `status` = 0 [ RunTime:0.000211s ]
[2021-06-12T19:27:10+08:00][sql] SELECT * FROM `mall_category` WHERE  `pid` = 1098  AND `status` = 0 [ RunTime:0.000206s ]
[2021-06-12T19:27:10+08:00][sql] SELECT * FROM `mall_category` WHERE  `pid` = 1099  AND `status` = 0 [ RunTime:0.000217s ]
[2021-06-12T19:27:10+08:00][sql] SELECT * FROM `mall_category` WHERE  `pid` = 1100  AND `status` = 0 [ RunTime:0.000292s ]
[2021-06-12T19:27:10+08:00][sql] SELECT * FROM `mall_category` WHERE  `pid` = 1101  AND `status` = 0 [ RunTime:0.000226s ]
[2021-06-12T19:27:10+08:00][sql] SELECT * FROM `mall_category` WHERE  `pid` = 1102  AND `status` = 0 [ RunTime:0.000204s ]
[2021-06-12T19:27:10+08:00][sql] SELECT * FROM `mall_category` WHERE  `pid` = 1103  AND `status` = 0 [ RunTime:0.000201s ]
[2021-06-12T19:27:10+08:00][sql] SELECT * FROM `mall_category` WHERE  `pid` = 1104  AND `status` = 0 [ RunTime:0.000266s ]
[2021-06-12T19:27:10+08:00][sql] SELECT * FROM `mall_category` WHERE  `pid` = 1105  AND `status` = 0 [ RunTime:0.000248s ]
[2021-06-12T19:27:10+08:00][sql] SELECT * FROM `mall_category` WHERE  `pid` = 1106  AND `status` = 0 [ RunTime:0.000223s ]
[2021-06-12T19:27:10+08:00][sql] SELECT * FROM `mall_category` WHERE  `pid` = 1107  AND `status` = 0 [ RunTime:0.000234s ]
[2021-06-12T19:27:10+08:00][sql] SELECT * FROM `mall_category` WHERE  `pid` = 1108  AND `status` = 0 [ RunTime:0.000234s ]
[2021-06-12T19:27:10+08:00][sql] SELECT * FROM `mall_category` WHERE  `pid` = 1109  AND `status` = 0 [ RunTime:0.000225s ]
[2021-06-12T19:27:10+08:00][sql] SELECT * FROM `mall_category` WHERE  `pid` = 1110  AND `status` = 0 [ RunTime:0.000211s ]
[2021-06-12T19:27:10+08:00][sql] SELECT * FROM `mall_category` WHERE  `pid` = 1111  AND `status` = 0 [ RunTime:0.000232s ]
[2021-06-12T19:27:10+08:00][sql] SELECT * FROM `mall_category` WHERE  `pid` = 1112  AND `status` = 0 [ RunTime:0.000228s ]
[2021-06-12T19:27:10+08:00][sql] SELECT * FROM `mall_category` WHERE  `pid` = 1113  AND `status` = 0 [ RunTime:0.000219s ]
[2021-06-12T19:27:10+08:00][sql] SELECT * FROM `mall_category` WHERE  `pid` = 1114  AND `status` = 0 [ RunTime:0.000355s ]
[2021-06-12T19:27:10+08:00][sql] SELECT * FROM `mall_category` WHERE  `pid` = 1115  AND `status` = 0 [ RunTime:0.000242s ]
[2021-06-12T19:27:10+08:00][sql] SELECT * FROM `mall_category` WHERE  `pid` = 1116  AND `status` = 0 [ RunTime:0.000213s ]
[2021-06-12T19:27:10+08:00][sql] SELECT * FROM `mall_category` WHERE  `pid` = 1117  AND `status` = 0 [ RunTime:0.000236s ]
[2021-06-12T19:27:10+08:00][sql] SELECT * FROM `mall_category` WHERE  `pid` = 1118  AND `status` = 0 [ RunTime:0.000231s ]
[2021-06-12T19:27:10+08:00][sql] SELECT * FROM `mall_category` WHERE  `pid` = 1119  AND `status` = 0 [ RunTime:0.000236s ]
[2021-06-12T19:27:10+08:00][sql] SELECT * FROM `mall_category` WHERE  `pid` = 1120  AND `status` = 0 [ RunTime:0.000236s ]
[2021-06-12T19:27:10+08:00][sql] SELECT * FROM `mall_category` WHERE  `pid` = 1121  AND `status` = 0 [ RunTime:0.000209s ]
[2021-06-12T19:27:10+08:00][sql] SELECT * FROM `mall_category` WHERE  `pid` = 1122  AND `status` = 0 [ RunTime:0.000207s ]
[2021-06-12T19:27:10+08:00][sql] SELECT * FROM `mall_category` WHERE  `pid` = 1123  AND `status` = 0 [ RunTime:0.000200s ]
[2021-06-12T19:27:10+08:00][sql] SELECT * FROM `mall_category` WHERE  `pid` = 1124  AND `status` = 0 [ RunTime:0.000271s ]
[2021-06-12T19:27:10+08:00][sql] SELECT * FROM `mall_category` WHERE  `pid` = 1125  AND `status` = 0 [ RunTime:0.000217s ]
[2021-06-12T19:27:10+08:00][sql] SELECT * FROM `mall_category` WHERE  `pid` = 1126  AND `status` = 0 [ RunTime:0.000204s ]
[2021-06-12T19:27:10+08:00][sql] SELECT * FROM `mall_category` WHERE  `pid` = 1127  AND `status` = 0 [ RunTime:0.000241s ]
[2021-06-12T19:27:10+08:00][sql] SELECT * FROM `mall_category` WHERE  `pid` = 1128  AND `status` = 0 [ RunTime:0.000232s ]
[2021-06-12T19:27:10+08:00][sql] SELECT * FROM `mall_category` WHERE  `pid` = 1129  AND `status` = 0 [ RunTime:0.000222s ]
[2021-06-12T19:27:10+08:00][sql] SELECT * FROM `mall_category` WHERE  `pid` = 1130  AND `status` = 0 [ RunTime:0.000208s ]
[2021-06-12T19:27:10+08:00][sql] SELECT * FROM `mall_category` WHERE  `pid` = 1131  AND `status` = 0 [ RunTime:0.000232s ]
[2021-06-12T19:27:10+08:00][sql] SELECT * FROM `mall_category` WHERE  `pid` = 1132  AND `status` = 0 [ RunTime:0.000221s ]
[2021-06-12T19:27:10+08:00][sql] SELECT * FROM `mall_category` WHERE  `pid` = 1133  AND `status` = 0 [ RunTime:0.000204s ]
[2021-06-12T19:27:10+08:00][sql] SELECT * FROM `mall_category` WHERE  `id` IN (1096,1097,1098,1099,1100,1101,1102,1103,1104,1105,1106,1107,1108,1109,1110,1111,1112,1113,1114,1115,1116,1117,1118,1119,1120,1121,1122,1123,1124,1125,1126,1127,1128,1129,1130,1131,1132,1133)  AND `status` = 0  AND `module` = 'goods'  AND `is_hot` = 0 ORDER BY `id` ASC,`sort` ASC [ RunTime:0.000428s ]
[2021-06-12T19:27:10+08:00][sql] SELECT `value` FROM `mall_setting` WHERE  `name` = 'upload' LIMIT 1 [ RunTime:0.000207s ]
[2021-06-12T19:27:10+08:00][sql] SELECT `g`.* FROM `mall_goods` `g` LEFT JOIN `mall_goods_extends` `e` ON `g`.`id`=`e`.`goods_id` WHERE  `g`.`status` = 0  AND `e`.`attribute` = 'news'  AND `g`.`cat_id` IN (1096,1097,1098,1099,1100,1101,1102,1103,1104,1105,1106,1107,1108,1109,1110,1111,1112,1113,1114,1115,1116,1117,1118,1119,1120,1121,1122,1123,1124,1125,1126,1127,1128,1129,1130,1131,1132,1133,1095) ORDER BY `g`.`id` DESC LIMIT 10 [ RunTime:0.001582s ]
[2021-06-12T19:27:10+08:00][sql] SELECT `value` FROM `mall_setting` WHERE  `name` = 'upload' LIMIT 1 [ RunTime:0.000211s ]
[2021-06-12T19:27:10+08:00][sql] SELECT `value` FROM `mall_setting` WHERE  `name` = 'upload' LIMIT 1 [ RunTime:0.000184s ]
[2021-06-12T19:27:10+08:00][sql] SELECT `value` FROM `mall_setting` WHERE  `name` = 'upload' LIMIT 1 [ RunTime:0.000177s ]
[2021-06-12T19:27:10+08:00][sql] SELECT `value` FROM `mall_setting` WHERE  `name` = 'upload' LIMIT 1 [ RunTime:0.000195s ]
[2021-06-12T19:27:10+08:00][sql] SELECT `value` FROM `mall_setting` WHERE  `name` = 'upload' LIMIT 1 [ RunTime:0.000195s ]
[2021-06-12T19:27:10+08:00][sql] SELECT `value` FROM `mall_setting` WHERE  `name` = 'upload' LIMIT 1 [ RunTime:0.000182s ]
[2021-06-12T19:27:10+08:00][sql] SELECT `value` FROM `mall_setting` WHERE  `name` = 'upload' LIMIT 1 [ RunTime:0.000234s ]
[2021-06-12T19:27:10+08:00][sql] SELECT `value` FROM `mall_setting` WHERE  `name` = 'upload' LIMIT 1 [ RunTime:0.000202s ]
[2021-06-12T19:27:10+08:00][sql] SELECT `value` FROM `mall_setting` WHERE  `name` = 'upload' LIMIT 1 [ RunTime:0.000191s ]
[2021-06-12T19:27:10+08:00][sql] SELECT `value` FROM `mall_setting` WHERE  `name` = 'upload' LIMIT 1 [ RunTime:0.000216s ]
[2021-06-12T19:27:10+08:00][sql] SELECT * FROM `mall_category` WHERE  `pid` = 1134  AND `status` = 0 [ RunTime:0.000257s ]
[2021-06-12T19:27:10+08:00][sql] SELECT * FROM `mall_category` WHERE  `pid` = 1135  AND `status` = 0 [ RunTime:0.000221s ]
[2021-06-12T19:27:10+08:00][sql] SELECT * FROM `mall_category` WHERE  `pid` = 1136  AND `status` = 0 [ RunTime:0.000203s ]
[2021-06-12T19:27:10+08:00][sql] SELECT * FROM `mall_category` WHERE  `pid` = 1137  AND `status` = 0 [ RunTime:0.000199s ]
[2021-06-12T19:27:10+08:00][sql] SELECT * FROM `mall_category` WHERE  `pid` = 1138  AND `status` = 0 [ RunTime:0.000200s ]
[2021-06-12T19:27:10+08:00][sql] SELECT * FROM `mall_category` WHERE  `pid` = 1139  AND `status` = 0 [ RunTime:0.000208s ]
[2021-06-12T19:27:10+08:00][sql] SELECT * FROM `mall_category` WHERE  `pid` = 1140  AND `status` = 0 [ RunTime:0.000199s ]
[2021-06-12T19:27:10+08:00][sql] SELECT * FROM `mall_category` WHERE  `pid` = 1141  AND `status` = 0 [ RunTime:0.000210s ]
[2021-06-12T19:27:10+08:00][sql] SELECT * FROM `mall_category` WHERE  `pid` = 1142  AND `status` = 0 [ RunTime:0.000282s ]
[2021-06-12T19:27:10+08:00][sql] SELECT * FROM `mall_category` WHERE  `pid` = 1143  AND `status` = 0 [ RunTime:0.000309s ]
[2021-06-12T19:27:10+08:00][sql] SELECT * FROM `mall_category` WHERE  `pid` = 1144  AND `status` = 0 [ RunTime:0.000307s ]
[2021-06-12T19:27:10+08:00][sql] SELECT * FROM `mall_category` WHERE  `pid` = 1145  AND `status` = 0 [ RunTime:0.000256s ]
[2021-06-12T19:27:10+08:00][sql] SELECT * FROM `mall_category` WHERE  `pid` = 1146  AND `status` = 0 [ RunTime:0.000225s ]
[2021-06-12T19:27:10+08:00][sql] SELECT * FROM `mall_category` WHERE  `pid` = 1147  AND `status` = 0 [ RunTime:0.000216s ]
[2021-06-12T19:27:10+08:00][sql] SELECT * FROM `mall_category` WHERE  `pid` = 1148  AND `status` = 0 [ RunTime:0.000246s ]
[2021-06-12T19:27:10+08:00][sql] SELECT * FROM `mall_category` WHERE  `pid` = 1149  AND `status` = 0 [ RunTime:0.000222s ]
[2021-06-12T19:27:10+08:00][sql] SELECT * FROM `mall_category` WHERE  `pid` = 1150  AND `status` = 0 [ RunTime:0.000215s ]
[2021-06-12T19:27:10+08:00][sql] SELECT * FROM `mall_category` WHERE  `pid` = 1151  AND `status` = 0 [ RunTime:0.000210s ]
[2021-06-12T19:27:10+08:00][sql] SELECT * FROM `mall_category` WHERE  `pid` = 1152  AND `status` = 0 [ RunTime:0.000231s ]
[2021-06-12T19:27:10+08:00][sql] SELECT * FROM `mall_category` WHERE  `id` IN (1135,1136,1137,1138,1139,1140,1141,1142,1143,1144,1145,1146,1147,1148,1149,1150,1151,1152)  AND `status` = 0  AND `module` = 'goods'  AND `is_hot` = 0 ORDER BY `id` ASC,`sort` ASC [ RunTime:0.000508s ]
[2021-06-12T19:27:10+08:00][sql] SELECT `value` FROM `mall_setting` WHERE  `name` = 'upload' LIMIT 1 [ RunTime:0.000276s ]
[2021-06-12T19:27:10+08:00][sql] SELECT `g`.* FROM `mall_goods` `g` LEFT JOIN `mall_goods_extends` `e` ON `g`.`id`=`e`.`goods_id` WHERE  `g`.`status` = 0  AND `e`.`attribute` = 'news'  AND `g`.`cat_id` IN (1135,1136,1137,1138,1139,1140,1141,1142,1143,1144,1145,1146,1147,1148,1149,1150,1151,1152,1134) ORDER BY `g`.`id` DESC LIMIT 10 [ RunTime:0.001715s ]
[2021-06-12T19:27:10+08:00][sql] SELECT `value` FROM `mall_setting` WHERE  `name` = 'upload' LIMIT 1 [ RunTime:0.000277s ]
[2021-06-12T19:27:10+08:00][sql] SELECT `value` FROM `mall_setting` WHERE  `name` = 'upload' LIMIT 1 [ RunTime:0.000184s ]
[2021-06-12T19:27:10+08:00][sql] SELECT `value` FROM `mall_setting` WHERE  `name` = 'upload' LIMIT 1 [ RunTime:0.000180s ]
[2021-06-12T19:27:10+08:00][sql] SELECT `value` FROM `mall_setting` WHERE  `name` = 'upload' LIMIT 1 [ RunTime:0.000200s ]
[2021-06-12T19:27:10+08:00][sql] SELECT `value` FROM `mall_setting` WHERE  `name` = 'upload' LIMIT 1 [ RunTime:0.000202s ]
[2021-06-12T19:27:10+08:00][sql] SELECT `value` FROM `mall_setting` WHERE  `name` = 'upload' LIMIT 1 [ RunTime:0.000182s ]
[2021-06-12T19:27:10+08:00][sql] SELECT `value` FROM `mall_setting` WHERE  `name` = 'upload' LIMIT 1 [ RunTime:0.000173s ]
[2021-06-12T19:27:10+08:00][sql] SELECT `value` FROM `mall_setting` WHERE  `name` = 'upload' LIMIT 1 [ RunTime:0.000172s ]
[2021-06-12T19:27:10+08:00][sql] SELECT `value` FROM `mall_setting` WHERE  `name` = 'upload' LIMIT 1 [ RunTime:0.000168s ]
[2021-06-12T19:27:10+08:00][sql] SELECT `value` FROM `mall_setting` WHERE  `name` = 'upload' LIMIT 1 [ RunTime:0.000186s ]
[2021-06-12T19:27:11+08:00][sql] SELECT * FROM `mall_navigation` WHERE  `status` = 0  AND `pid` = 0 ORDER BY `sort` ASC [ RunTime:0.000442s ]
[2021-06-12T19:27:11+08:00][sql] SELECT `value` FROM `mall_setting` WHERE  `name` = 'web_name' LIMIT 1 [ RunTime:0.000248s ]
[2021-06-12T19:27:11+08:00][sql] SELECT `value` FROM `mall_setting` WHERE  `name` = 'web_title' LIMIT 1 [ RunTime:0.000195s ]
[2021-06-12T19:27:11+08:00][sql] SELECT `value` FROM `mall_setting` WHERE  `name` = 'web_keywords' LIMIT 1 [ RunTime:0.000202s ]
[2021-06-12T19:27:11+08:00][sql] SELECT `value` FROM `mall_setting` WHERE  `name` = 'web_description' LIMIT 1 [ RunTime:0.000241s ]
[2021-06-12T19:27:11+08:00][sql] SELECT `value` FROM `mall_setting` WHERE  `name` = 'web_copyright' LIMIT 1 [ RunTime:0.000215s ]
[2021-06-12T19:27:11+08:00][sql] SELECT `value` FROM `mall_setting` WHERE  `name` = 'web_logo' LIMIT 1 [ RunTime:0.000205s ]
[2021-06-12T19:27:11+08:00][sql] SELECT * FROM `mall_version` WHERE  `type` = 3  AND `status` = 0 [ RunTime:0.000249s ]
[2021-06-12T19:27:12+08:00][sql] SELECT * FROM `mall_navigation` WHERE  `status` = 0  AND `pid` = 0 ORDER BY `sort` ASC [ RunTime:0.000392s ]
[2021-06-12T19:27:12+08:00][sql] SELECT `value` FROM `mall_setting` WHERE  `name` = 'web_name' LIMIT 1 [ RunTime:0.000233s ]
[2021-06-12T19:27:12+08:00][sql] SELECT `value` FROM `mall_setting` WHERE  `name` = 'web_title' LIMIT 1 [ RunTime:0.000203s ]
[2021-06-12T19:27:12+08:00][sql] SELECT `value` FROM `mall_setting` WHERE  `name` = 'web_keywords' LIMIT 1 [ RunTime:0.000198s ]
[2021-06-12T19:27:12+08:00][sql] SELECT `value` FROM `mall_setting` WHERE  `name` = 'web_description' LIMIT 1 [ RunTime:0.000187s ]
[2021-06-12T19:27:12+08:00][sql] SELECT `value` FROM `mall_setting` WHERE  `name` = 'web_copyright' LIMIT 1 [ RunTime:0.000197s ]
[2021-06-12T19:27:12+08:00][sql] SELECT `value` FROM `mall_setting` WHERE  `name` = 'web_logo' LIMIT 1 [ RunTime:0.000188s ]
[2021-06-12T19:27:12+08:00][sql] SELECT * FROM `mall_version` WHERE  `type` = 3  AND `status` = 0 [ RunTime:0.000225s ]
[2021-06-12T19:27:12+08:00][sql] SHOW FULL COLUMNS FROM `mall_cart` [ RunTime:0.070247s ]
[2021-06-12T19:27:12+08:00][sql] SELECT * FROM `mall_cart` WHERE  `user_id` IS NULL ORDER BY `id` DESC LIMIT 5 [ RunTime:0.038166s ]
[2021-06-12T19:27:12+08:00][sql] SHOW FULL COLUMNS FROM `mall_goods_item` [ RunTime:0.057329s ]
[2021-06-12T19:27:12+08:00][sql] SHOW FULL COLUMNS FROM `mall_goods_attribute` [ RunTime:0.114457s ]
[2021-06-12T19:27:12+08:00][sql] SELECT SUM(sell_price * goods_nums) as price FROM `mall_cart` WHERE  `user_id` IS NULL LIMIT 1 [ RunTime:0.127890s ]
[2021-06-12T19:27:16+08:00][sql] SELECT * FROM `mall_navigation` WHERE  `status` = 0  AND `pid` = 0 ORDER BY `sort` ASC [ RunTime:0.000769s ]
[2021-06-12T19:27:16+08:00][sql] SELECT `value` FROM `mall_setting` WHERE  `name` = 'web_name' LIMIT 1 [ RunTime:0.000442s ]
[2021-06-12T19:27:16+08:00][sql] SELECT `value` FROM `mall_setting` WHERE  `name` = 'web_title' LIMIT 1 [ RunTime:0.000329s ]
[2021-06-12T19:27:16+08:00][sql] SELECT `value` FROM `mall_setting` WHERE  `name` = 'web_keywords' LIMIT 1 [ RunTime:0.000376s ]
[2021-06-12T19:27:16+08:00][sql] SELECT `value` FROM `mall_setting` WHERE  `name` = 'web_description' LIMIT 1 [ RunTime:0.000348s ]
[2021-06-12T19:27:16+08:00][sql] SELECT `value` FROM `mall_setting` WHERE  `name` = 'web_copyright' LIMIT 1 [ RunTime:0.000348s ]
[2021-06-12T19:27:16+08:00][sql] SELECT `value` FROM `mall_setting` WHERE  `name` = 'web_logo' LIMIT 1 [ RunTime:0.000320s ]
[2021-06-12T19:27:16+08:00][sql] SELECT * FROM `mall_version` WHERE  `type` = 3  AND `status` = 0 [ RunTime:0.000265s ]
[2021-06-12T19:27:16+08:00][sql] SELECT * FROM `mall_category` WHERE  `id` = 937  AND `module` = 'goods' LIMIT 1 [ RunTime:0.000262s ]
[2021-06-12T19:27:16+08:00][sql] SELECT * FROM `mall_goods` WHERE  `status` = 0 ORDER BY `sale` DESC LIMIT 10 [ RunTime:0.000444s ]
[2021-06-12T19:27:16+08:00][sql] SELECT `value` FROM `mall_setting` WHERE  `name` = 'upload' LIMIT 1 [ RunTime:0.000198s ]
[2021-06-12T19:27:16+08:00][sql] SELECT `value` FROM `mall_setting` WHERE  `name` = 'upload' LIMIT 1 [ RunTime:0.000227s ]
[2021-06-12T19:27:16+08:00][sql] SELECT `value` FROM `mall_setting` WHERE  `name` = 'upload' LIMIT 1 [ RunTime:0.000210s ]
[2021-06-12T19:27:16+08:00][sql] SELECT `value` FROM `mall_setting` WHERE  `name` = 'upload' LIMIT 1 [ RunTime:0.000200s ]
[2021-06-12T19:27:16+08:00][sql] SELECT `value` FROM `mall_setting` WHERE  `name` = 'upload' LIMIT 1 [ RunTime:0.000179s ]
[2021-06-12T19:27:16+08:00][sql] SELECT `value` FROM `mall_setting` WHERE  `name` = 'upload' LIMIT 1 [ RunTime:0.000171s ]
[2021-06-12T19:27:16+08:00][sql] SELECT `value` FROM `mall_setting` WHERE  `name` = 'upload' LIMIT 1 [ RunTime:0.000197s ]
[2021-06-12T19:27:16+08:00][sql] SELECT `value` FROM `mall_setting` WHERE  `name` = 'upload' LIMIT 1 [ RunTime:0.000182s ]
[2021-06-12T19:27:16+08:00][sql] SELECT `value` FROM `mall_setting` WHERE  `name` = 'upload' LIMIT 1 [ RunTime:0.000178s ]
[2021-06-12T19:27:16+08:00][sql] SELECT `value` FROM `mall_setting` WHERE  `name` = 'upload' LIMIT 1 [ RunTime:0.000174s ]
[2021-06-12T19:27:16+08:00][sql] SELECT * FROM `mall_category` WHERE  `pid` = 937  AND `status` = 0 [ RunTime:0.010393s ]
[2021-06-12T19:27:16+08:00][sql] SELECT * FROM `mall_category` WHERE  `pid` = 938  AND `status` = 0 [ RunTime:0.000779s ]
[2021-06-12T19:27:16+08:00][sql] SELECT * FROM `mall_category` WHERE  `pid` = 939  AND `status` = 0 [ RunTime:0.000556s ]
[2021-06-12T19:27:16+08:00][sql] SELECT * FROM `mall_category` WHERE  `pid` = 940  AND `status` = 0 [ RunTime:0.000543s ]
[2021-06-12T19:27:16+08:00][sql] SELECT * FROM `mall_category` WHERE  `pid` = 941  AND `status` = 0 [ RunTime:0.000421s ]
[2021-06-12T19:27:16+08:00][sql] SELECT * FROM `mall_category` WHERE  `pid` = 942  AND `status` = 0 [ RunTime:0.000350s ]
[2021-06-12T19:27:16+08:00][sql] SELECT * FROM `mall_category` WHERE  `pid` = 943  AND `status` = 0 [ RunTime:0.000284s ]
[2021-06-12T19:27:16+08:00][sql] SELECT * FROM `mall_category` WHERE  `pid` = 944  AND `status` = 0 [ RunTime:0.000350s ]
[2021-06-12T19:27:16+08:00][sql] SELECT * FROM `mall_category` WHERE  `pid` = 945  AND `status` = 0 [ RunTime:0.000316s ]
[2021-06-12T19:27:16+08:00][sql] SELECT * FROM `mall_category` WHERE  `pid` = 946  AND `status` = 0 [ RunTime:0.000240s ]
[2021-06-12T19:27:16+08:00][sql] SELECT * FROM `mall_category` WHERE  `pid` = 947  AND `status` = 0 [ RunTime:0.000250s ]
[2021-06-12T19:27:16+08:00][sql] SELECT * FROM `mall_category` WHERE  `pid` = 948  AND `status` = 0 [ RunTime:0.000262s ]
[2021-06-12T19:27:16+08:00][sql] SELECT * FROM `mall_category` WHERE  `pid` = 949  AND `status` = 0 [ RunTime:0.000254s ]
[2021-06-12T19:27:16+08:00][sql] SELECT * FROM `mall_category` WHERE  `pid` = 950  AND `status` = 0 [ RunTime:0.000257s ]
[2021-06-12T19:27:16+08:00][sql] SELECT * FROM `mall_category` WHERE  `pid` = 951  AND `status` = 0 [ RunTime:0.000246s ]
[2021-06-12T19:27:16+08:00][sql] SELECT * FROM `mall_category` WHERE  `pid` = 952  AND `status` = 0 [ RunTime:0.000234s ]
[2021-06-12T19:27:16+08:00][sql] SELECT * FROM `mall_category` WHERE  `pid` = 953  AND `status` = 0 [ RunTime:0.000271s ]
[2021-06-12T19:27:16+08:00][sql] SELECT * FROM `mall_category` WHERE  `pid` = 954  AND `status` = 0 [ RunTime:0.000243s ]
[2021-06-12T19:27:16+08:00][sql] SELECT * FROM `mall_category` WHERE  `pid` = 955  AND `status` = 0 [ RunTime:0.000232s ]
[2021-06-12T19:27:16+08:00][sql] SELECT * FROM `mall_category` WHERE  `pid` = 956  AND `status` = 0 [ RunTime:0.000220s ]
[2021-06-12T19:27:16+08:00][sql] SELECT * FROM `mall_category` WHERE  `pid` = 957  AND `status` = 0 [ RunTime:0.000211s ]
[2021-06-12T19:27:16+08:00][sql] SELECT * FROM `mall_category` WHERE  `pid` = 958  AND `status` = 0 [ RunTime:0.000217s ]
[2021-06-12T19:27:16+08:00][sql] SELECT * FROM `mall_category` WHERE  `pid` = 959  AND `status` = 0 [ RunTime:0.000230s ]
[2021-06-12T19:27:16+08:00][sql] SELECT * FROM `mall_category` WHERE  `pid` = 960  AND `status` = 0 [ RunTime:0.000230s ]
[2021-06-12T19:27:16+08:00][sql] SELECT * FROM `mall_category` WHERE  `pid` = 961  AND `status` = 0 [ RunTime:0.000224s ]
[2021-06-12T19:27:16+08:00][sql] SELECT * FROM `mall_category` WHERE  `pid` = 962  AND `status` = 0 [ RunTime:0.000219s ]
[2021-06-12T19:27:16+08:00][sql] SELECT * FROM `mall_category` WHERE  `pid` = 963  AND `status` = 0 [ RunTime:0.000265s ]
[2021-06-12T19:27:16+08:00][sql] SELECT * FROM `mall_category` WHERE  `pid` = 964  AND `status` = 0 [ RunTime:0.000278s ]
[2021-06-12T19:27:16+08:00][sql] SELECT * FROM `mall_category` WHERE  `pid` = 965  AND `status` = 0 [ RunTime:0.000325s ]
[2021-06-12T19:27:16+08:00][sql] SELECT * FROM `mall_category` WHERE  `pid` = 966  AND `status` = 0 [ RunTime:0.000262s ]
[2021-06-12T19:27:16+08:00][sql] SELECT * FROM `mall_category` WHERE  `pid` = 967  AND `status` = 0 [ RunTime:0.000238s ]
[2021-06-12T19:27:16+08:00][sql] SELECT * FROM `mall_category` WHERE  `pid` = 968  AND `status` = 0 [ RunTime:0.000225s ]
[2021-06-12T19:27:16+08:00][sql] SELECT * FROM `mall_category` WHERE  `pid` = 969  AND `status` = 0 [ RunTime:0.000235s ]
[2021-06-12T19:27:16+08:00][sql] SELECT * FROM `mall_category` WHERE  `pid` = 970  AND `status` = 0 [ RunTime:0.000231s ]
[2021-06-12T19:27:16+08:00][sql] SELECT * FROM `mall_category` WHERE  `pid` = 971  AND `status` = 0 [ RunTime:0.000243s ]
[2021-06-12T19:27:16+08:00][sql] SELECT * FROM `mall_category` WHERE  `pid` = 972  AND `status` = 0 [ RunTime:0.000223s ]
[2021-06-12T19:27:16+08:00][sql] SELECT * FROM `mall_category` WHERE  `pid` = 973  AND `status` = 0 [ RunTime:0.000229s ]
[2021-06-12T19:27:16+08:00][sql] SELECT * FROM `mall_category` WHERE  `pid` = 974  AND `status` = 0 [ RunTime:0.000204s ]
[2021-06-12T19:27:16+08:00][sql] SELECT * FROM `mall_category` WHERE  `pid` = 975  AND `status` = 0 [ RunTime:0.000249s ]
[2021-06-12T19:27:16+08:00][sql] SELECT * FROM `mall_category` WHERE  `pid` = 976  AND `status` = 0 [ RunTime:0.000239s ]
[2021-06-12T19:27:16+08:00][sql] SELECT * FROM `mall_category` WHERE  `pid` = 977  AND `status` = 0 [ RunTime:0.000202s ]
[2021-06-12T19:27:16+08:00][sql] SELECT * FROM `mall_category` WHERE  `pid` = 978  AND `status` = 0 [ RunTime:0.000243s ]
[2021-06-12T19:27:16+08:00][sql] SELECT * FROM `mall_category` WHERE  `pid` = 979  AND `status` = 0 [ RunTime:0.000221s ]
[2021-06-12T19:27:16+08:00][sql] SELECT * FROM `mall_category` WHERE  `pid` = 980  AND `status` = 0 [ RunTime:0.000252s ]
[2021-06-12T19:27:16+08:00][sql] SELECT * FROM `mall_category` WHERE  `pid` = 981  AND `status` = 0 [ RunTime:0.000245s ]
[2021-06-12T19:27:16+08:00][sql] SELECT * FROM `mall_category` WHERE  `pid` = 982  AND `status` = 0 [ RunTime:0.000227s ]
[2021-06-12T19:27:16+08:00][sql] SELECT * FROM `mall_category` WHERE  `pid` = 983  AND `status` = 0 [ RunTime:0.000220s ]
[2021-06-12T19:27:16+08:00][sql] SELECT COUNT(*) AS think_count FROM ( SELECT count(*) AS think_count FROM `mall_goods` `g` LEFT JOIN `mall_users_comment` `c` ON `g`.`id`=`c`.`goods_id` LEFT JOIN `mall_order` `o` ON `c`.`order_no`=`o`.`order_no` WHERE  `g`.`cat_id` IN (938,939,940,941,942,943,944,945,946,947,948,949,950,951,952,953,954,955,956,957,958,959,960,961,962,963,964,965,966,967,968,969,970,971,972,973,974,975,976,977,978,979,980,981,982,983,'937')  AND `g`.`status` = 0 GROUP BY `g`.`id` ) `_group_count_` [ RunTime:0.125051s ]
[2021-06-12T19:27:16+08:00][sql] SELECT g.*,count(IF(c.status=1 and o.type=0,true,null)) as comment_count FROM `mall_goods` `g` LEFT JOIN `mall_users_comment` `c` ON `g`.`id`=`c`.`goods_id` LEFT JOIN `mall_order` `o` ON `c`.`order_no`=`o`.`order_no` WHERE  `g`.`cat_id` IN (938,939,940,941,942,943,944,945,946,947,948,949,950,951,952,953,954,955,956,957,958,959,960,961,962,963,964,965,966,967,968,969,970,971,972,973,974,975,976,977,978,979,980,981,982,983,'937')  AND `g`.`status` = 0 GROUP BY `g`.`id` ORDER BY `g`.`id` DESC LIMIT 0,44 [ RunTime:0.005132s ]
[2021-06-12T19:27:16+08:00][sql] SELECT `value` FROM `mall_setting` WHERE  `name` = 'upload' LIMIT 1 [ RunTime:0.000683s ]
[2021-06-12T19:27:16+08:00][sql] SELECT `value` FROM `mall_setting` WHERE  `name` = 'upload' LIMIT 1 [ RunTime:0.000527s ]
[2021-06-12T19:27:16+08:00][sql] SELECT `value` FROM `mall_setting` WHERE  `name` = 'upload' LIMIT 1 [ RunTime:0.000493s ]
[2021-06-12T19:27:16+08:00][sql] SELECT `value` FROM `mall_setting` WHERE  `name` = 'upload' LIMIT 1 [ RunTime:0.000450s ]
[2021-06-12T19:27:16+08:00][sql] SELECT `value` FROM `mall_setting` WHERE  `name` = 'upload' LIMIT 1 [ RunTime:0.000276s ]
[2021-06-12T19:27:16+08:00][sql] SELECT `value` FROM `mall_setting` WHERE  `name` = 'upload' LIMIT 1 [ RunTime:0.000317s ]
[2021-06-12T19:27:16+08:00][sql] SELECT `value` FROM `mall_setting` WHERE  `name` = 'upload' LIMIT 1 [ RunTime:0.000284s ]
[2021-06-12T19:27:16+08:00][sql] SELECT `value` FROM `mall_setting` WHERE  `name` = 'upload' LIMIT 1 [ RunTime:0.000329s ]
[2021-06-12T19:27:16+08:00][sql] SELECT `value` FROM `mall_setting` WHERE  `name` = 'upload' LIMIT 1 [ RunTime:0.000311s ]
[2021-06-12T19:27:16+08:00][sql] SELECT `value` FROM `mall_setting` WHERE  `name` = 'upload' LIMIT 1 [ RunTime:0.000294s ]
[2021-06-12T19:27:16+08:00][sql] SELECT `value` FROM `mall_setting` WHERE  `name` = 'upload' LIMIT 1 [ RunTime:0.000267s ]
[2021-06-12T19:27:16+08:00][sql] SELECT `value` FROM `mall_setting` WHERE  `name` = 'upload' LIMIT 1 [ RunTime:0.000274s ]
[2021-06-12T19:27:16+08:00][sql] SELECT `value` FROM `mall_setting` WHERE  `name` = 'upload' LIMIT 1 [ RunTime:0.000211s ]
[2021-06-12T19:27:16+08:00][sql] SELECT `value` FROM `mall_setting` WHERE  `name` = 'upload' LIMIT 1 [ RunTime:0.000185s ]
[2021-06-12T19:27:16+08:00][sql] SELECT `value` FROM `mall_setting` WHERE  `name` = 'upload' LIMIT 1 [ RunTime:0.000219s ]
[2021-06-12T19:27:16+08:00][sql] SELECT `value` FROM `mall_setting` WHERE  `name` = 'upload' LIMIT 1 [ RunTime:0.000210s ]
[2021-06-12T19:27:16+08:00][sql] SELECT `value` FROM `mall_setting` WHERE  `name` = 'upload' LIMIT 1 [ RunTime:0.000231s ]
[2021-06-12T19:27:16+08:00][sql] SELECT `value` FROM `mall_setting` WHERE  `name` = 'upload' LIMIT 1 [ RunTime:0.000221s ]
[2021-06-12T19:27:16+08:00][sql] SELECT `value` FROM `mall_setting` WHERE  `name` = 'upload' LIMIT 1 [ RunTime:0.000195s ]
[2021-06-12T19:27:16+08:00][sql] SELECT `value` FROM `mall_setting` WHERE  `name` = 'upload' LIMIT 1 [ RunTime:0.000174s ]
[2021-06-12T19:27:16+08:00][sql] SELECT `value` FROM `mall_setting` WHERE  `name` = 'upload' LIMIT 1 [ RunTime:0.000198s ]
[2021-06-12T19:27:16+08:00][sql] SELECT * FROM `mall_category` WHERE  `id` = 0 LIMIT 1 [ RunTime:0.000231s ]
[2021-06-12T19:27:16+08:00][sql] SELECT * FROM `mall_navigation` WHERE  `status` = 0  AND `pid` = 0 ORDER BY `sort` ASC [ RunTime:0.000473s ]
[2021-06-12T19:27:16+08:00][sql] SELECT `value` FROM `mall_setting` WHERE  `name` = 'web_name' LIMIT 1 [ RunTime:0.000291s ]
[2021-06-12T19:27:16+08:00][sql] SELECT `value` FROM `mall_setting` WHERE  `name` = 'web_title' LIMIT 1 [ RunTime:0.000252s ]
[2021-06-12T19:27:16+08:00][sql] SELECT `value` FROM `mall_setting` WHERE  `name` = 'web_keywords' LIMIT 1 [ RunTime:0.000262s ]
[2021-06-12T19:27:16+08:00][sql] SELECT `value` FROM `mall_setting` WHERE  `name` = 'web_description' LIMIT 1 [ RunTime:0.000255s ]
[2021-06-12T19:27:16+08:00][sql] SELECT `value` FROM `mall_setting` WHERE  `name` = 'web_copyright' LIMIT 1 [ RunTime:0.000307s ]
[2021-06-12T19:27:16+08:00][sql] SELECT `value` FROM `mall_setting` WHERE  `name` = 'web_logo' LIMIT 1 [ RunTime:0.000224s ]
[2021-06-12T19:27:16+08:00][sql] SELECT * FROM `mall_version` WHERE  `type` = 3  AND `status` = 0 [ RunTime:0.000316s ]
[2021-06-12T19:27:16+08:00][sql] SELECT * FROM `mall_navigation` WHERE  `status` = 0  AND `pid` = 0 ORDER BY `sort` ASC [ RunTime:0.000463s ]
[2021-06-12T19:27:16+08:00][sql] SELECT `value` FROM `mall_setting` WHERE  `name` = 'web_name' LIMIT 1 [ RunTime:0.000270s ]
[2021-06-12T19:27:16+08:00][sql] SELECT `value` FROM `mall_setting` WHERE  `name` = 'web_title' LIMIT 1 [ RunTime:0.000256s ]
[2021-06-12T19:27:16+08:00][sql] SELECT `value` FROM `mall_setting` WHERE  `name` = 'web_keywords' LIMIT 1 [ RunTime:0.000214s ]
[2021-06-12T19:27:16+08:00][sql] SELECT `value` FROM `mall_setting` WHERE  `name` = 'web_description' LIMIT 1 [ RunTime:0.000223s ]
[2021-06-12T19:27:16+08:00][sql] SELECT `value` FROM `mall_setting` WHERE  `name` = 'web_copyright' LIMIT 1 [ RunTime:0.000200s ]
[2021-06-12T19:27:16+08:00][sql] SELECT `value` FROM `mall_setting` WHERE  `name` = 'web_logo' LIMIT 1 [ RunTime:0.000184s ]
[2021-06-12T19:27:16+08:00][sql] SELECT * FROM `mall_version` WHERE  `type` = 3  AND `status` = 0 [ RunTime:0.000229s ]
[2021-06-12T19:27:16+08:00][sql] SELECT * FROM `mall_cart` WHERE  `user_id` IS NULL ORDER BY `id` DESC LIMIT 5 [ RunTime:0.000207s ]
[2021-06-12T19:27:16+08:00][sql] SELECT SUM(sell_price * goods_nums) as price FROM `mall_cart` WHERE  `user_id` IS NULL LIMIT 1 [ RunTime:0.000198s ]
