[2021-06-24T00:13:56+08:00][sql] CONNECT:[ UseTime:0.000389s ] mysql:host=127.0.0.1;port=3306;dbname=a3mall-pro;charset=utf8mb4
[2021-06-24T00:13:56+08:00][sql] SHOW FULL COLUMNS FROM `mall_chat_service` [ RunTime:0.008483s ]
[2021-06-24T00:13:56+08:00][sql] SELECT * FROM `mall_chat_service` WHERE  `id` = 1  AND `is_del` = 0 LIMIT 1 [ RunTime:0.000755s ]
[2021-06-24T00:13:56+08:00][sql] SELECT * FROM `mall_chat_service` WHERE  `id` = 1 LIMIT 1 [ RunTime:0.000663s ]
[2021-06-24T00:13:56+08:00][sql] SHOW FULL COLUMNS FROM `mall_setting` [ RunTime:0.002775s ]
[2021-06-24T00:13:56+08:00][sql] SELECT `value` FROM `mall_setting` WHERE  `name` = 'upload' LIMIT 1 [ RunTime:0.000336s ]
[2021-06-24T00:13:56+08:00][sql] CONNECT:[ UseTime:0.000395s ] mysql:host=127.0.0.1;port=3306;dbname=a3mall-pro;charset=utf8mb4
[2021-06-24T00:13:56+08:00][sql] SHOW FULL COLUMNS FROM `mall_chat_service` [ RunTime:0.006055s ]
[2021-06-24T00:13:56+08:00][sql] SELECT * FROM `mall_chat_service` WHERE  `id` = 1  AND `is_del` = 0 LIMIT 1 [ RunTime:0.000945s ]
[2021-06-24T00:13:56+08:00][sql] SHOW FULL COLUMNS FROM `mall_goods` [ RunTime:0.003309s ]
[2021-06-24T00:13:56+08:00][sql] SELECT * FROM `mall_goods` WHERE  `status` = 0 ORDER BY `sale` DESC,`id` DESC LIMIT 20 [ RunTime:0.019006s ]
[2021-06-24T00:13:56+08:00][sql] SHOW FULL COLUMNS FROM `mall_setting` [ RunTime:0.015509s ]
[2021-06-24T00:13:56+08:00][sql] SELECT `value` FROM `mall_setting` WHERE  `name` = 'upload' LIMIT 1 [ RunTime:0.000473s ]
[2021-06-24T00:13:56+08:00][sql] SELECT `value` FROM `mall_setting` WHERE  `name` = 'upload' LIMIT 1 [ RunTime:0.000339s ]
[2021-06-24T00:13:56+08:00][sql] SELECT `value` FROM `mall_setting` WHERE  `name` = 'upload' LIMIT 1 [ RunTime:0.000304s ]
[2021-06-24T00:13:56+08:00][sql] SELECT `value` FROM `mall_setting` WHERE  `name` = 'upload' LIMIT 1 [ RunTime:0.000346s ]
[2021-06-24T00:13:56+08:00][sql] SELECT `value` FROM `mall_setting` WHERE  `name` = 'upload' LIMIT 1 [ RunTime:0.000276s ]
[2021-06-24T00:13:56+08:00][sql] SELECT `value` FROM `mall_setting` WHERE  `name` = 'upload' LIMIT 1 [ RunTime:0.000285s ]
[2021-06-24T00:13:56+08:00][sql] SELECT `value` FROM `mall_setting` WHERE  `name` = 'upload' LIMIT 1 [ RunTime:0.000277s ]
[2021-06-24T00:13:56+08:00][sql] SELECT `value` FROM `mall_setting` WHERE  `name` = 'upload' LIMIT 1 [ RunTime:0.000268s ]
[2021-06-24T00:13:56+08:00][sql] SELECT `value` FROM `mall_setting` WHERE  `name` = 'upload' LIMIT 1 [ RunTime:0.000257s ]
[2021-06-24T00:13:56+08:00][sql] SELECT `value` FROM `mall_setting` WHERE  `name` = 'upload' LIMIT 1 [ RunTime:0.000229s ]
[2021-06-24T00:13:56+08:00][sql] SELECT `value` FROM `mall_setting` WHERE  `name` = 'upload' LIMIT 1 [ RunTime:0.000225s ]
[2021-06-24T00:13:56+08:00][sql] SELECT `value` FROM `mall_setting` WHERE  `name` = 'upload' LIMIT 1 [ RunTime:0.000241s ]
[2021-06-24T00:13:56+08:00][sql] SELECT `value` FROM `mall_setting` WHERE  `name` = 'upload' LIMIT 1 [ RunTime:0.000231s ]
[2021-06-24T00:13:56+08:00][sql] SELECT `value` FROM `mall_setting` WHERE  `name` = 'upload' LIMIT 1 [ RunTime:0.000262s ]
[2021-06-24T00:13:56+08:00][sql] SELECT `value` FROM `mall_setting` WHERE  `name` = 'upload' LIMIT 1 [ RunTime:0.000276s ]
[2021-06-24T00:13:56+08:00][sql] SELECT `value` FROM `mall_setting` WHERE  `name` = 'upload' LIMIT 1 [ RunTime:0.000233s ]
[2021-06-24T00:13:56+08:00][sql] SELECT `value` FROM `mall_setting` WHERE  `name` = 'upload' LIMIT 1 [ RunTime:0.000247s ]
[2021-06-24T00:13:56+08:00][sql] SELECT `value` FROM `mall_setting` WHERE  `name` = 'upload' LIMIT 1 [ RunTime:0.000229s ]
[2021-06-24T00:13:56+08:00][sql] SELECT `value` FROM `mall_setting` WHERE  `name` = 'upload' LIMIT 1 [ RunTime:0.000196s ]
[2021-06-24T00:13:56+08:00][sql] SELECT `value` FROM `mall_setting` WHERE  `name` = 'upload' LIMIT 1 [ RunTime:0.000197s ]
[2021-06-24T00:13:56+08:00][sql] CONNECT:[ UseTime:0.000302s ] mysql:host=127.0.0.1;port=3306;dbname=a3mall-pro;charset=utf8mb4
[2021-06-24T00:13:56+08:00][sql] SHOW FULL COLUMNS FROM `mall_chat_service` [ RunTime:0.006764s ]
[2021-06-24T00:13:56+08:00][sql] SELECT * FROM `mall_chat_service` WHERE  `id` = 1  AND `is_del` = 0 LIMIT 1 [ RunTime:0.000422s ]
[2021-06-24T00:13:56+08:00][sql] SHOW FULL COLUMNS FROM `mall_chat_friends` [ RunTime:0.017556s ]
[2021-06-24T00:13:56+08:00][sql] SELECT `cf`.*,`u`.`avatar` FROM `mall_chat_friends` `cf` INNER JOIN `mall_users` `u` ON `cf`.`user_id`=`u`.`id` WHERE  `cf`.`service_id` = 1  AND `cf`.`is_del` = 0 [ RunTime:0.001068s ]
[2021-06-24T00:13:56+08:00][sql] SHOW FULL COLUMNS FROM `mall_chat_message` [ RunTime:0.015348s ]
[2021-06-24T00:13:56+08:00][sql] SELECT * FROM `mall_chat_message` WHERE  `service_id` = 1 ORDER BY `id` DESC LIMIT 1 [ RunTime:0.000888s ]
[2021-06-24T00:13:56+08:00][sql] SELECT COUNT(*) AS think_count FROM `mall_chat_message` WHERE  `service_id` = 1  AND `send_type` = 1  AND `is_read` = 0 [ RunTime:0.000641s ]
[2021-06-24T00:13:56+08:00][sql] SHOW FULL COLUMNS FROM `mall_users` [ RunTime:0.002513s ]
[2021-06-24T00:13:56+08:00][sql] SELECT * FROM `mall_users` WHERE  `id` = 27 LIMIT 1 [ RunTime:0.000362s ]
[2021-06-24T00:13:56+08:00][sql] SHOW FULL COLUMNS FROM `mall_wechat_users` [ RunTime:0.002311s ]
[2021-06-24T00:13:56+08:00][sql] SELECT * FROM `mall_wechat_users` WHERE  `user_id` = 27 LIMIT 1 [ RunTime:0.000306s ]
[2021-06-24T00:13:57+08:00][sql] CONNECT:[ UseTime:0.000424s ] mysql:host=127.0.0.1;port=3306;dbname=a3mall-pro;charset=utf8mb4
[2021-06-24T00:13:57+08:00][sql] SHOW FULL COLUMNS FROM `mall_chat_service` [ RunTime:0.002904s ]
[2021-06-24T00:13:57+08:00][sql] SELECT * FROM `mall_chat_service` WHERE  `id` = 1  AND `is_del` = 0 LIMIT 1 [ RunTime:0.000441s ]
[2021-06-24T00:13:57+08:00][sql] SHOW FULL COLUMNS FROM `mall_chat_message` [ RunTime:0.002721s ]
[2021-06-24T00:13:57+08:00][sql] UPDATE `mall_chat_message`  SET `is_read` = 1  WHERE  `service_id` = 1  AND `user_id` = 27  AND `send_type` = 1 [ RunTime:0.000405s ]
[2021-06-24T00:13:57+08:00][sql] CONNECT:[ UseTime:0.000298s ] mysql:host=127.0.0.1;port=3306;dbname=a3mall-pro;charset=utf8mb4
[2021-06-24T00:13:57+08:00][sql] SHOW FULL COLUMNS FROM `mall_chat_service` [ RunTime:0.002809s ]
[2021-06-24T00:13:57+08:00][sql] SELECT * FROM `mall_chat_service` WHERE  `id` = 1  AND `is_del` = 0 LIMIT 1 [ RunTime:0.000474s ]
[2021-06-24T00:13:57+08:00][sql] SHOW FULL COLUMNS FROM `mall_chat_message` [ RunTime:0.002556s ]
[2021-06-24T00:13:57+08:00][sql] SELECT * FROM `mall_chat_message` WHERE  ( (service_id=1 AND user_id=27) ) ORDER BY `id` DESC LIMIT 10 [ RunTime:0.000424s ]
[2021-06-24T00:13:57+08:00][sql] SELECT * FROM `mall_chat_service` WHERE  `id` = 1 LIMIT 1 [ RunTime:0.000358s ]
[2021-06-24T00:13:57+08:00][sql] SHOW FULL COLUMNS FROM `mall_users` [ RunTime:0.002649s ]
[2021-06-24T00:13:57+08:00][sql] SELECT * FROM `mall_users` WHERE  `id` = 27 LIMIT 1 [ RunTime:0.000490s ]
[2021-06-24T00:13:57+08:00][sql] SHOW FULL COLUMNS FROM `mall_setting` [ RunTime:0.002129s ]
[2021-06-24T00:13:57+08:00][sql] SELECT `value` FROM `mall_setting` WHERE  `name` = 'upload' LIMIT 1 [ RunTime:0.000380s ]
[2021-06-24T00:13:57+08:00][sql] SELECT `value` FROM `mall_setting` WHERE  `name` = 'upload' LIMIT 1 [ RunTime:0.000331s ]
[2021-06-24T00:13:57+08:00][sql] SELECT `value` FROM `mall_setting` WHERE  `name` = 'upload' LIMIT 1 [ RunTime:0.000299s ]
[2021-06-24T00:13:57+08:00][sql] SELECT `value` FROM `mall_setting` WHERE  `name` = 'upload' LIMIT 1 [ RunTime:0.000398s ]
[2021-06-24T00:13:57+08:00][sql] SELECT `value` FROM `mall_setting` WHERE  `name` = 'upload' LIMIT 1 [ RunTime:0.000261s ]
[2021-06-24T00:13:57+08:00][sql] SELECT `value` FROM `mall_setting` WHERE  `name` = 'upload' LIMIT 1 [ RunTime:0.000263s ]
[2021-06-24T00:13:57+08:00][sql] SELECT `value` FROM `mall_setting` WHERE  `name` = 'upload' LIMIT 1 [ RunTime:0.000308s ]
[2021-06-24T00:13:57+08:00][sql] SELECT `value` FROM `mall_setting` WHERE  `name` = 'upload' LIMIT 1 [ RunTime:0.000273s ]
[2021-06-24T00:13:57+08:00][sql] SELECT `value` FROM `mall_setting` WHERE  `name` = 'upload' LIMIT 1 [ RunTime:0.000236s ]
[2021-06-24T00:13:57+08:00][sql] SELECT `value` FROM `mall_setting` WHERE  `name` = 'upload' LIMIT 1 [ RunTime:0.000204s ]
[2021-06-24T00:13:57+08:00][sql] SELECT `value` FROM `mall_setting` WHERE  `name` = 'upload' LIMIT 1 [ RunTime:0.000226s ]
[2021-06-24T00:13:57+08:00][sql] SELECT `value` FROM `mall_setting` WHERE  `name` = 'upload' LIMIT 1 [ RunTime:0.000214s ]
[2021-06-24T00:13:57+08:00][sql] SELECT `value` FROM `mall_setting` WHERE  `name` = 'upload' LIMIT 1 [ RunTime:0.000212s ]
[2021-06-24T00:16:27+08:00][sql] CONNECT:[ UseTime:0.000301s ] mysql:host=127.0.0.1;port=3306;dbname=a3mall-pro;charset=utf8mb4
[2021-06-24T00:16:27+08:00][sql] SHOW FULL COLUMNS FROM `mall_chat_service` [ RunTime:0.002375s ]
[2021-06-24T00:16:27+08:00][sql] SELECT * FROM `mall_chat_service` WHERE  `id` = 1  AND `is_del` = 0 LIMIT 1 [ RunTime:0.000360s ]
[2021-06-24T00:16:27+08:00][sql] SHOW FULL COLUMNS FROM `mall_chat_friends` [ RunTime:0.002234s ]
[2021-06-24T00:16:27+08:00][sql] SELECT `cf`.*,`u`.`avatar` FROM `mall_chat_friends` `cf` INNER JOIN `mall_users` `u` ON `cf`.`user_id`=`u`.`id` WHERE  `cf`.`service_id` = 1  AND `cf`.`is_del` = 0 [ RunTime:0.000390s ]
[2021-06-24T00:16:27+08:00][sql] SHOW FULL COLUMNS FROM `mall_chat_message` [ RunTime:0.002296s ]
[2021-06-24T00:16:27+08:00][sql] SELECT * FROM `mall_chat_message` WHERE  `service_id` = 1 ORDER BY `id` DESC LIMIT 1 [ RunTime:0.000370s ]
[2021-06-24T00:16:27+08:00][sql] SELECT COUNT(*) AS think_count FROM `mall_chat_message` WHERE  `service_id` = 1  AND `send_type` = 1  AND `is_read` = 0 [ RunTime:0.000281s ]
[2021-06-24T00:16:27+08:00][sql] SHOW FULL COLUMNS FROM `mall_users` [ RunTime:0.002262s ]
[2021-06-24T00:16:27+08:00][sql] SELECT * FROM `mall_users` WHERE  `id` = 27 LIMIT 1 [ RunTime:0.000409s ]
[2021-06-24T00:16:27+08:00][sql] SHOW FULL COLUMNS FROM `mall_wechat_users` [ RunTime:0.002172s ]
[2021-06-24T00:16:27+08:00][sql] SELECT * FROM `mall_wechat_users` WHERE  `user_id` = 27 LIMIT 1 [ RunTime:0.000380s ]
[2021-06-24T00:16:27+08:00][sql] CONNECT:[ UseTime:0.000369s ] mysql:host=127.0.0.1;port=3306;dbname=a3mall-pro;charset=utf8mb4
[2021-06-24T00:16:27+08:00][sql] SHOW FULL COLUMNS FROM `mall_chat_service` [ RunTime:0.002088s ]
[2021-06-24T00:16:27+08:00][sql] SELECT * FROM `mall_chat_service` WHERE  `id` = 1  AND `is_del` = 0 LIMIT 1 [ RunTime:0.000392s ]
[2021-06-24T00:16:27+08:00][sql] SHOW FULL COLUMNS FROM `mall_chat_friends` [ RunTime:0.002048s ]
[2021-06-24T00:16:27+08:00][sql] SELECT `cf`.*,`u`.`avatar` FROM `mall_chat_friends` `cf` INNER JOIN `mall_users` `u` ON `cf`.`user_id`=`u`.`id` WHERE  `cf`.`service_id` = 1  AND `cf`.`is_del` = 0 [ RunTime:0.000381s ]
[2021-06-24T00:16:27+08:00][sql] SHOW FULL COLUMNS FROM `mall_chat_message` [ RunTime:0.001985s ]
[2021-06-24T00:16:27+08:00][sql] SELECT * FROM `mall_chat_message` WHERE  `service_id` = 1 ORDER BY `id` DESC LIMIT 1 [ RunTime:0.000324s ]
[2021-06-24T00:16:27+08:00][sql] SELECT COUNT(*) AS think_count FROM `mall_chat_message` WHERE  `service_id` = 1  AND `send_type` = 1  AND `is_read` = 0 [ RunTime:0.000302s ]
[2021-06-24T00:16:27+08:00][sql] SHOW FULL COLUMNS FROM `mall_users` [ RunTime:0.002229s ]
[2021-06-24T00:16:27+08:00][sql] SELECT * FROM `mall_users` WHERE  `id` = 27 LIMIT 1 [ RunTime:0.000347s ]
[2021-06-24T00:16:27+08:00][sql] SHOW FULL COLUMNS FROM `mall_wechat_users` [ RunTime:0.001946s ]
[2021-06-24T00:16:27+08:00][sql] SELECT * FROM `mall_wechat_users` WHERE  `user_id` = 27 LIMIT 1 [ RunTime:0.000342s ]
[2021-06-24T00:16:45+08:00][sql] CONNECT:[ UseTime:0.000345s ] mysql:host=127.0.0.1;port=3306;dbname=a3mall-pro;charset=utf8mb4
[2021-06-24T00:16:45+08:00][sql] SHOW FULL COLUMNS FROM `mall_chat_service` [ RunTime:0.017936s ]
[2021-06-24T00:16:45+08:00][sql] SELECT * FROM `mall_chat_service` WHERE  `id` = 1  AND `is_del` = 0 LIMIT 1 [ RunTime:0.000542s ]
[2021-06-24T00:16:45+08:00][sql] SHOW FULL COLUMNS FROM `mall_chat_friends` [ RunTime:0.002577s ]
[2021-06-24T00:16:45+08:00][sql] SELECT `cf`.*,`u`.`avatar` FROM `mall_chat_friends` `cf` INNER JOIN `mall_users` `u` ON `cf`.`user_id`=`u`.`id` WHERE  `cf`.`service_id` = 1  AND `cf`.`is_del` = 0 [ RunTime:0.000384s ]
[2021-06-24T00:16:45+08:00][sql] SHOW FULL COLUMNS FROM `mall_chat_message` [ RunTime:0.002540s ]
[2021-06-24T00:16:45+08:00][sql] SELECT * FROM `mall_chat_message` WHERE  `service_id` = 1 ORDER BY `id` DESC LIMIT 1 [ RunTime:0.000365s ]
[2021-06-24T00:16:45+08:00][sql] SELECT COUNT(*) AS think_count FROM `mall_chat_message` WHERE  `service_id` = 1  AND `send_type` = 1  AND `is_read` = 0 [ RunTime:0.000301s ]
[2021-06-24T00:16:45+08:00][sql] SHOW FULL COLUMNS FROM `mall_users` [ RunTime:0.002601s ]
[2021-06-24T00:16:45+08:00][sql] SELECT * FROM `mall_users` WHERE  `id` = 27 LIMIT 1 [ RunTime:0.000446s ]
[2021-06-24T00:16:45+08:00][sql] SHOW FULL COLUMNS FROM `mall_wechat_users` [ RunTime:0.002244s ]
[2021-06-24T00:16:45+08:00][sql] SELECT * FROM `mall_wechat_users` WHERE  `user_id` = 27 LIMIT 1 [ RunTime:0.000417s ]
[2021-06-24T00:16:45+08:00][sql] CONNECT:[ UseTime:0.000370s ] mysql:host=127.0.0.1;port=3306;dbname=a3mall-pro;charset=utf8mb4
[2021-06-24T00:16:45+08:00][sql] SHOW FULL COLUMNS FROM `mall_chat_service` [ RunTime:0.002086s ]
[2021-06-24T00:16:45+08:00][sql] SELECT * FROM `mall_chat_service` WHERE  `id` = 1  AND `is_del` = 0 LIMIT 1 [ RunTime:0.000367s ]
[2021-06-24T00:16:45+08:00][sql] SHOW FULL COLUMNS FROM `mall_chat_friends` [ RunTime:0.002104s ]
[2021-06-24T00:16:45+08:00][sql] SELECT `cf`.*,`u`.`avatar` FROM `mall_chat_friends` `cf` INNER JOIN `mall_users` `u` ON `cf`.`user_id`=`u`.`id` WHERE  `cf`.`service_id` = 1  AND `cf`.`is_del` = 0 [ RunTime:0.000372s ]
[2021-06-24T00:16:45+08:00][sql] SHOW FULL COLUMNS FROM `mall_chat_message` [ RunTime:0.001975s ]
[2021-06-24T00:16:45+08:00][sql] SELECT * FROM `mall_chat_message` WHERE  `service_id` = 1 ORDER BY `id` DESC LIMIT 1 [ RunTime:0.000305s ]
[2021-06-24T00:16:45+08:00][sql] SELECT COUNT(*) AS think_count FROM `mall_chat_message` WHERE  `service_id` = 1  AND `send_type` = 1  AND `is_read` = 0 [ RunTime:0.000259s ]
[2021-06-24T00:16:45+08:00][sql] SHOW FULL COLUMNS FROM `mall_users` [ RunTime:0.002001s ]
[2021-06-24T00:16:45+08:00][sql] SELECT * FROM `mall_users` WHERE  `id` = 27 LIMIT 1 [ RunTime:0.000447s ]
[2021-06-24T00:16:45+08:00][sql] SHOW FULL COLUMNS FROM `mall_wechat_users` [ RunTime:0.002883s ]
[2021-06-24T00:16:45+08:00][sql] SELECT * FROM `mall_wechat_users` WHERE  `user_id` = 27 LIMIT 1 [ RunTime:0.000414s ]
[2021-06-24T00:19:04+08:00][sql] CONNECT:[ UseTime:0.000338s ] mysql:host=127.0.0.1;port=3306;dbname=a3mall-pro;charset=utf8mb4
[2021-06-24T00:19:04+08:00][sql] SHOW FULL COLUMNS FROM `mall_chat_service` [ RunTime:0.002230s ]
[2021-06-24T00:19:04+08:00][sql] SELECT * FROM `mall_chat_service` WHERE  `id` = 1  AND `is_del` = 0 LIMIT 1 [ RunTime:0.000422s ]
[2021-06-24T00:19:04+08:00][sql] SHOW FULL COLUMNS FROM `mall_chat_friends` [ RunTime:0.002093s ]
[2021-06-24T00:19:04+08:00][sql] SELECT `cf`.*,`u`.`avatar` FROM `mall_chat_friends` `cf` INNER JOIN `mall_users` `u` ON `cf`.`user_id`=`u`.`id` WHERE  `cf`.`service_id` = 1  AND `cf`.`is_del` = 0 [ RunTime:0.000363s ]
[2021-06-24T00:19:04+08:00][sql] SHOW FULL COLUMNS FROM `mall_chat_message` [ RunTime:0.002303s ]
[2021-06-24T00:19:04+08:00][sql] SELECT * FROM `mall_chat_message` WHERE  `service_id` = 1 ORDER BY `id` DESC LIMIT 1 [ RunTime:0.000327s ]
[2021-06-24T00:19:04+08:00][sql] SELECT COUNT(*) AS think_count FROM `mall_chat_message` WHERE  `service_id` = 1  AND `send_type` = 1  AND `is_read` = 0 [ RunTime:0.000238s ]
[2021-06-24T00:19:04+08:00][sql] SHOW FULL COLUMNS FROM `mall_users` [ RunTime:0.002207s ]
[2021-06-24T00:19:04+08:00][sql] SELECT * FROM `mall_users` WHERE  `id` = 27 LIMIT 1 [ RunTime:0.000358s ]
[2021-06-24T00:19:04+08:00][sql] SHOW FULL COLUMNS FROM `mall_wechat_users` [ RunTime:0.002334s ]
[2021-06-24T00:19:04+08:00][sql] SELECT * FROM `mall_wechat_users` WHERE  `user_id` = 27 LIMIT 1 [ RunTime:0.000343s ]
[2021-06-24T00:19:04+08:00][sql] CONNECT:[ UseTime:0.000394s ] mysql:host=127.0.0.1;port=3306;dbname=a3mall-pro;charset=utf8mb4
[2021-06-24T00:19:04+08:00][sql] SHOW FULL COLUMNS FROM `mall_chat_service` [ RunTime:0.003027s ]
[2021-06-24T00:19:04+08:00][sql] SELECT * FROM `mall_chat_service` WHERE  `id` = 1  AND `is_del` = 0 LIMIT 1 [ RunTime:0.000394s ]
[2021-06-24T00:19:04+08:00][sql] SHOW FULL COLUMNS FROM `mall_chat_friends` [ RunTime:0.002190s ]
[2021-06-24T00:19:04+08:00][sql] SELECT `cf`.*,`u`.`avatar` FROM `mall_chat_friends` `cf` INNER JOIN `mall_users` `u` ON `cf`.`user_id`=`u`.`id` WHERE  `cf`.`service_id` = 1  AND `cf`.`is_del` = 0 [ RunTime:0.000456s ]
[2021-06-24T00:19:04+08:00][sql] SHOW FULL COLUMNS FROM `mall_chat_message` [ RunTime:0.002050s ]
[2021-06-24T00:19:04+08:00][sql] SELECT * FROM `mall_chat_message` WHERE  `service_id` = 1 ORDER BY `id` DESC LIMIT 1 [ RunTime:0.000338s ]
[2021-06-24T00:19:04+08:00][sql] SELECT COUNT(*) AS think_count FROM `mall_chat_message` WHERE  `service_id` = 1  AND `send_type` = 1  AND `is_read` = 0 [ RunTime:0.000285s ]
[2021-06-24T00:19:04+08:00][sql] SHOW FULL COLUMNS FROM `mall_users` [ RunTime:0.002096s ]
[2021-06-24T00:19:04+08:00][sql] SELECT * FROM `mall_users` WHERE  `id` = 27 LIMIT 1 [ RunTime:0.000373s ]
[2021-06-24T00:19:04+08:00][sql] SHOW FULL COLUMNS FROM `mall_wechat_users` [ RunTime:0.002301s ]
[2021-06-24T00:19:04+08:00][sql] SELECT * FROM `mall_wechat_users` WHERE  `user_id` = 27 LIMIT 1 [ RunTime:0.000341s ]
[2021-06-24T00:21:01+08:00][sql] CONNECT:[ UseTime:0.000430s ] mysql:host=127.0.0.1;port=3306;dbname=a3mall-pro;charset=utf8mb4
[2021-06-24T00:21:01+08:00][sql] SHOW FULL COLUMNS FROM `mall_chat_service` [ RunTime:0.012816s ]
[2021-06-24T00:21:01+08:00][sql] SELECT * FROM `mall_chat_service` WHERE  `id` = 1  AND `is_del` = 0 LIMIT 1 [ RunTime:0.000388s ]
[2021-06-24T00:21:01+08:00][sql] SHOW FULL COLUMNS FROM `mall_chat_friends` [ RunTime:0.002541s ]
[2021-06-24T00:21:01+08:00][sql] SELECT `cf`.*,`u`.`avatar` FROM `mall_chat_friends` `cf` INNER JOIN `mall_users` `u` ON `cf`.`user_id`=`u`.`id` WHERE  `cf`.`service_id` = 1  AND `cf`.`is_del` = 0 [ RunTime:0.000415s ]
[2021-06-24T00:21:01+08:00][sql] SHOW FULL COLUMNS FROM `mall_chat_message` [ RunTime:0.002539s ]
[2021-06-24T00:21:01+08:00][sql] SELECT * FROM `mall_chat_message` WHERE  `service_id` = 1 ORDER BY `id` DESC LIMIT 1 [ RunTime:0.000285s ]
[2021-06-24T00:21:01+08:00][sql] SELECT COUNT(*) AS think_count FROM `mall_chat_message` WHERE  `service_id` = 1  AND `send_type` = 1  AND `is_read` = 0 [ RunTime:0.000321s ]
[2021-06-24T00:21:01+08:00][sql] SHOW FULL COLUMNS FROM `mall_users` [ RunTime:0.002541s ]
[2021-06-24T00:21:01+08:00][sql] SELECT * FROM `mall_users` WHERE  `id` = 27 LIMIT 1 [ RunTime:0.000345s ]
[2021-06-24T00:21:01+08:00][sql] SHOW FULL COLUMNS FROM `mall_wechat_users` [ RunTime:0.002481s ]
[2021-06-24T00:21:01+08:00][sql] SELECT * FROM `mall_wechat_users` WHERE  `user_id` = 27 LIMIT 1 [ RunTime:0.000455s ]
[2021-06-24T00:21:01+08:00][sql] CONNECT:[ UseTime:0.000376s ] mysql:host=127.0.0.1;port=3306;dbname=a3mall-pro;charset=utf8mb4
[2021-06-24T00:21:01+08:00][sql] SHOW FULL COLUMNS FROM `mall_chat_service` [ RunTime:0.002250s ]
[2021-06-24T00:21:01+08:00][sql] SELECT * FROM `mall_chat_service` WHERE  `id` = 1  AND `is_del` = 0 LIMIT 1 [ RunTime:0.000408s ]
[2021-06-24T00:21:01+08:00][sql] SHOW FULL COLUMNS FROM `mall_chat_friends` [ RunTime:0.002090s ]
[2021-06-24T00:21:01+08:00][sql] SELECT `cf`.*,`u`.`avatar` FROM `mall_chat_friends` `cf` INNER JOIN `mall_users` `u` ON `cf`.`user_id`=`u`.`id` WHERE  `cf`.`service_id` = 1  AND `cf`.`is_del` = 0 [ RunTime:0.000408s ]
[2021-06-24T00:21:01+08:00][sql] SHOW FULL COLUMNS FROM `mall_chat_message` [ RunTime:0.002149s ]
[2021-06-24T00:21:01+08:00][sql] SELECT * FROM `mall_chat_message` WHERE  `service_id` = 1 ORDER BY `id` DESC LIMIT 1 [ RunTime:0.000343s ]
[2021-06-24T00:21:01+08:00][sql] SELECT COUNT(*) AS think_count FROM `mall_chat_message` WHERE  `service_id` = 1  AND `send_type` = 1  AND `is_read` = 0 [ RunTime:0.000293s ]
[2021-06-24T00:21:01+08:00][sql] SHOW FULL COLUMNS FROM `mall_users` [ RunTime:0.002295s ]
[2021-06-24T00:21:01+08:00][sql] SELECT * FROM `mall_users` WHERE  `id` = 27 LIMIT 1 [ RunTime:0.000405s ]
[2021-06-24T00:21:01+08:00][sql] SHOW FULL COLUMNS FROM `mall_wechat_users` [ RunTime:0.002272s ]
[2021-06-24T00:21:01+08:00][sql] SELECT * FROM `mall_wechat_users` WHERE  `user_id` = 27 LIMIT 1 [ RunTime:0.000343s ]
[2021-06-24T00:33:23+08:00][sql] CONNECT:[ UseTime:0.000406s ] mysql:host=127.0.0.1;port=3306;dbname=a3mall-pro;charset=utf8mb4
[2021-06-24T00:33:23+08:00][sql] SHOW FULL COLUMNS FROM `mall_chat_service` [ RunTime:0.024211s ]
[2021-06-24T00:33:23+08:00][sql] SELECT * FROM `mall_chat_service` WHERE  `id` = 1  AND `is_del` = 0 LIMIT 1 [ RunTime:0.012323s ]
[2021-06-24T00:33:23+08:00][sql] SELECT * FROM `mall_chat_service` WHERE  `id` = 1 LIMIT 1 [ RunTime:0.000789s ]
[2021-06-24T00:33:23+08:00][sql] SHOW FULL COLUMNS FROM `mall_setting` [ RunTime:0.002563s ]
[2021-06-24T00:33:23+08:00][sql] SELECT `value` FROM `mall_setting` WHERE  `name` = 'upload' LIMIT 1 [ RunTime:0.000323s ]
[2021-06-24T00:33:23+08:00][sql] CONNECT:[ UseTime:0.000540s ] mysql:host=127.0.0.1;port=3306;dbname=a3mall-pro;charset=utf8mb4
[2021-06-24T00:33:23+08:00][sql] SHOW FULL COLUMNS FROM `mall_chat_service` [ RunTime:0.002395s ]
[2021-06-24T00:33:23+08:00][sql] SELECT * FROM `mall_chat_service` WHERE  `id` = 1  AND `is_del` = 0 LIMIT 1 [ RunTime:0.000441s ]
[2021-06-24T00:33:23+08:00][sql] SHOW FULL COLUMNS FROM `mall_goods` [ RunTime:0.002835s ]
[2021-06-24T00:33:23+08:00][sql] SELECT * FROM `mall_goods` WHERE  `status` = 0 ORDER BY `sale` DESC,`id` DESC LIMIT 20 [ RunTime:0.000758s ]
[2021-06-24T00:33:23+08:00][sql] SHOW FULL COLUMNS FROM `mall_setting` [ RunTime:0.003026s ]
[2021-06-24T00:33:23+08:00][sql] SELECT `value` FROM `mall_setting` WHERE  `name` = 'upload' LIMIT 1 [ RunTime:0.000481s ]
[2021-06-24T00:33:23+08:00][sql] SELECT `value` FROM `mall_setting` WHERE  `name` = 'upload' LIMIT 1 [ RunTime:0.000557s ]
[2021-06-24T00:33:23+08:00][sql] SELECT `value` FROM `mall_setting` WHERE  `name` = 'upload' LIMIT 1 [ RunTime:0.000537s ]
[2021-06-24T00:33:23+08:00][sql] SELECT `value` FROM `mall_setting` WHERE  `name` = 'upload' LIMIT 1 [ RunTime:0.000367s ]
[2021-06-24T00:33:23+08:00][sql] SELECT `value` FROM `mall_setting` WHERE  `name` = 'upload' LIMIT 1 [ RunTime:0.000468s ]
[2021-06-24T00:33:23+08:00][sql] SELECT `value` FROM `mall_setting` WHERE  `name` = 'upload' LIMIT 1 [ RunTime:0.000285s ]
[2021-06-24T00:33:23+08:00][sql] SELECT `value` FROM `mall_setting` WHERE  `name` = 'upload' LIMIT 1 [ RunTime:0.000271s ]
[2021-06-24T00:33:23+08:00][sql] SELECT `value` FROM `mall_setting` WHERE  `name` = 'upload' LIMIT 1 [ RunTime:0.000273s ]
[2021-06-24T00:33:23+08:00][sql] SELECT `value` FROM `mall_setting` WHERE  `name` = 'upload' LIMIT 1 [ RunTime:0.000239s ]
[2021-06-24T00:33:23+08:00][sql] SELECT `value` FROM `mall_setting` WHERE  `name` = 'upload' LIMIT 1 [ RunTime:0.000254s ]
[2021-06-24T00:33:23+08:00][sql] SELECT `value` FROM `mall_setting` WHERE  `name` = 'upload' LIMIT 1 [ RunTime:0.000216s ]
[2021-06-24T00:33:23+08:00][sql] SELECT `value` FROM `mall_setting` WHERE  `name` = 'upload' LIMIT 1 [ RunTime:0.000335s ]
[2021-06-24T00:33:23+08:00][sql] SELECT `value` FROM `mall_setting` WHERE  `name` = 'upload' LIMIT 1 [ RunTime:0.000378s ]
[2021-06-24T00:33:23+08:00][sql] SELECT `value` FROM `mall_setting` WHERE  `name` = 'upload' LIMIT 1 [ RunTime:0.000259s ]
[2021-06-24T00:33:23+08:00][sql] SELECT `value` FROM `mall_setting` WHERE  `name` = 'upload' LIMIT 1 [ RunTime:0.000272s ]
[2021-06-24T00:33:23+08:00][sql] SELECT `value` FROM `mall_setting` WHERE  `name` = 'upload' LIMIT 1 [ RunTime:0.000263s ]
[2021-06-24T00:33:23+08:00][sql] SELECT `value` FROM `mall_setting` WHERE  `name` = 'upload' LIMIT 1 [ RunTime:0.000334s ]
[2021-06-24T00:33:23+08:00][sql] SELECT `value` FROM `mall_setting` WHERE  `name` = 'upload' LIMIT 1 [ RunTime:0.000504s ]
[2021-06-24T00:33:23+08:00][sql] SELECT `value` FROM `mall_setting` WHERE  `name` = 'upload' LIMIT 1 [ RunTime:0.000307s ]
[2021-06-24T00:33:23+08:00][sql] SELECT `value` FROM `mall_setting` WHERE  `name` = 'upload' LIMIT 1 [ RunTime:0.000331s ]
[2021-06-24T00:33:23+08:00][sql] CONNECT:[ UseTime:0.000384s ] mysql:host=127.0.0.1;port=3306;dbname=a3mall-pro;charset=utf8mb4
[2021-06-24T00:33:23+08:00][sql] SHOW FULL COLUMNS FROM `mall_chat_service` [ RunTime:0.002914s ]
[2021-06-24T00:33:23+08:00][sql] SELECT * FROM `mall_chat_service` WHERE  `id` = 1  AND `is_del` = 0 LIMIT 1 [ RunTime:0.000459s ]
[2021-06-24T00:33:23+08:00][sql] SHOW FULL COLUMNS FROM `mall_chat_friends` [ RunTime:0.002410s ]
[2021-06-24T00:33:23+08:00][sql] SELECT `cf`.*,`u`.`avatar` FROM `mall_chat_friends` `cf` INNER JOIN `mall_users` `u` ON `cf`.`user_id`=`u`.`id` WHERE  `cf`.`service_id` = 1  AND `cf`.`is_del` = 0 [ RunTime:0.000490s ]
[2021-06-24T00:33:23+08:00][sql] SHOW FULL COLUMNS FROM `mall_chat_message` [ RunTime:0.002817s ]
[2021-06-24T00:33:23+08:00][sql] SELECT * FROM `mall_chat_message` WHERE  `service_id` = 1 ORDER BY `id` DESC LIMIT 1 [ RunTime:0.000437s ]
[2021-06-24T00:33:23+08:00][sql] SELECT COUNT(*) AS think_count FROM `mall_chat_message` WHERE  `service_id` = 1  AND `send_type` = 1  AND `is_read` = 0 [ RunTime:0.000453s ]
[2021-06-24T00:33:23+08:00][sql] SHOW FULL COLUMNS FROM `mall_users` [ RunTime:0.002429s ]
[2021-06-24T00:33:23+08:00][sql] SELECT * FROM `mall_users` WHERE  `id` = 27 LIMIT 1 [ RunTime:0.000409s ]
[2021-06-24T00:33:23+08:00][sql] SHOW FULL COLUMNS FROM `mall_wechat_users` [ RunTime:0.002681s ]
[2021-06-24T00:33:23+08:00][sql] SELECT * FROM `mall_wechat_users` WHERE  `user_id` = 27 LIMIT 1 [ RunTime:0.000338s ]
[2021-06-24T00:33:25+08:00][sql] CONNECT:[ UseTime:0.000317s ] mysql:host=127.0.0.1;port=3306;dbname=a3mall-pro;charset=utf8mb4
[2021-06-24T00:33:25+08:00][sql] SHOW FULL COLUMNS FROM `mall_chat_service` [ RunTime:0.044968s ]
[2021-06-24T00:33:25+08:00][sql] SELECT * FROM `mall_chat_service` WHERE  `id` = 1  AND `is_del` = 0 LIMIT 1 [ RunTime:0.000528s ]
[2021-06-24T00:33:25+08:00][sql] SHOW FULL COLUMNS FROM `mall_chat_message` [ RunTime:0.002502s ]
[2021-06-24T00:33:25+08:00][sql] UPDATE `mall_chat_message`  SET `is_read` = 1  WHERE  `service_id` = 1  AND `user_id` = 27  AND `send_type` = 1 [ RunTime:0.000372s ]
[2021-06-24T00:33:25+08:00][sql] CONNECT:[ UseTime:0.000392s ] mysql:host=127.0.0.1;port=3306;dbname=a3mall-pro;charset=utf8mb4
[2021-06-24T00:33:25+08:00][sql] SHOW FULL COLUMNS FROM `mall_chat_service` [ RunTime:0.045133s ]
[2021-06-24T00:33:25+08:00][sql] SELECT * FROM `mall_chat_service` WHERE  `id` = 1  AND `is_del` = 0 LIMIT 1 [ RunTime:0.000532s ]
[2021-06-24T00:33:25+08:00][sql] SHOW FULL COLUMNS FROM `mall_chat_message` [ RunTime:0.002894s ]
[2021-06-24T00:33:25+08:00][sql] SELECT * FROM `mall_chat_message` WHERE  ( (service_id=1 AND user_id=27) ) ORDER BY `id` DESC LIMIT 10 [ RunTime:0.000376s ]
[2021-06-24T00:33:25+08:00][sql] SELECT * FROM `mall_chat_service` WHERE  `id` = 1 LIMIT 1 [ RunTime:0.000339s ]
[2021-06-24T00:33:25+08:00][sql] SHOW FULL COLUMNS FROM `mall_users` [ RunTime:0.002312s ]
[2021-06-24T00:33:25+08:00][sql] SELECT * FROM `mall_users` WHERE  `id` = 27 LIMIT 1 [ RunTime:0.000458s ]
[2021-06-24T00:33:25+08:00][sql] SHOW FULL COLUMNS FROM `mall_setting` [ RunTime:0.002034s ]
[2021-06-24T00:33:25+08:00][sql] SELECT `value` FROM `mall_setting` WHERE  `name` = 'upload' LIMIT 1 [ RunTime:0.000285s ]
[2021-06-24T00:33:25+08:00][sql] SELECT `value` FROM `mall_setting` WHERE  `name` = 'upload' LIMIT 1 [ RunTime:0.000254s ]
[2021-06-24T00:33:25+08:00][sql] SELECT `value` FROM `mall_setting` WHERE  `name` = 'upload' LIMIT 1 [ RunTime:0.000273s ]
[2021-06-24T00:33:25+08:00][sql] SELECT `value` FROM `mall_setting` WHERE  `name` = 'upload' LIMIT 1 [ RunTime:0.000242s ]
[2021-06-24T00:33:25+08:00][sql] SELECT `value` FROM `mall_setting` WHERE  `name` = 'upload' LIMIT 1 [ RunTime:0.000310s ]
[2021-06-24T00:33:25+08:00][sql] SELECT `value` FROM `mall_setting` WHERE  `name` = 'upload' LIMIT 1 [ RunTime:0.000292s ]
[2021-06-24T00:33:25+08:00][sql] SELECT `value` FROM `mall_setting` WHERE  `name` = 'upload' LIMIT 1 [ RunTime:0.000253s ]
[2021-06-24T00:33:25+08:00][sql] SELECT `value` FROM `mall_setting` WHERE  `name` = 'upload' LIMIT 1 [ RunTime:0.000239s ]
[2021-06-24T00:33:25+08:00][sql] SELECT `value` FROM `mall_setting` WHERE  `name` = 'upload' LIMIT 1 [ RunTime:0.000221s ]
[2021-06-24T00:33:25+08:00][sql] SELECT `value` FROM `mall_setting` WHERE  `name` = 'upload' LIMIT 1 [ RunTime:0.000228s ]
[2021-06-24T00:33:31+08:00][sql] CONNECT:[ UseTime:0.000389s ] mysql:host=127.0.0.1;port=3306;dbname=a3mall-pro;charset=utf8mb4
[2021-06-24T00:33:31+08:00][sql] SHOW FULL COLUMNS FROM `mall_chat_service` [ RunTime:0.002582s ]
[2021-06-24T00:33:31+08:00][sql] SELECT * FROM `mall_chat_service` WHERE  `id` = 1  AND `is_del` = 0 LIMIT 1 [ RunTime:0.000393s ]
[2021-06-24T00:33:31+08:00][sql] SELECT * FROM `mall_chat_service` WHERE  `id` = 1 LIMIT 1 [ RunTime:0.000350s ]
[2021-06-24T00:33:31+08:00][sql] SHOW FULL COLUMNS FROM `mall_users` [ RunTime:0.002257s ]
[2021-06-24T00:33:31+08:00][sql] SELECT COUNT(*) AS think_count FROM `mall_users` WHERE  `id` = 27 [ RunTime:0.000284s ]
[2021-06-24T00:33:31+08:00][sql] SHOW FULL COLUMNS FROM `mall_setting` [ RunTime:0.001998s ]
[2021-06-24T00:33:31+08:00][sql] SELECT `value` FROM `mall_setting` WHERE  `name` = 'upload' LIMIT 1 [ RunTime:0.000283s ]
[2021-06-24T00:33:31+08:00][sql] SHOW FULL COLUMNS FROM `mall_attachments` [ RunTime:0.001954s ]
[2021-06-24T00:33:31+08:00][sql] INSERT INTO `mall_attachments` SET `type` = 0 , `module` = 'online' , `method` = 'image' , `name` = '0a2bc3eb85d7f6dd931daa2c9c0ed67b.png' , `suffix` = 'png' , `size` = 9497 , `path` = '/uploads/images/20210624/0a2bc3eb85d7f6dd931daa2c9c0ed67b.png' , `time` = 1624466011 [ RunTime:0.000639s ]
[2021-06-24T00:33:31+08:00][sql] SELECT `value` FROM `mall_setting` WHERE  `name` = 'upload' LIMIT 1 [ RunTime:0.000347s ]
[2021-06-24T00:33:31+08:00][sql] SELECT `value` FROM `mall_setting` WHERE  `name` = 'upload' LIMIT 1 [ RunTime:0.000285s ]
[2021-06-24T00:33:31+08:00][sql] SHOW FULL COLUMNS FROM `mall_chat_message` [ RunTime:0.001987s ]
[2021-06-24T00:33:31+08:00][sql] INSERT INTO `mall_chat_message` SET `type` = 'image' , `service_id` = 1 , `content` = '/uploads/images/20210624/0a2bc3eb85d7f6dd931daa2c9c0ed67b.png' , `send_type` = 0 , `user_id` = 27 , `is_read` = 0 , `create_time` = 1624466011 [ RunTime:0.011215s ]
[2021-06-24T00:33:31+08:00][sql] SELECT `value` FROM `mall_setting` WHERE  `name` = 'upload' LIMIT 1 [ RunTime:0.000532s ]
[2021-06-24T00:33:31+08:00][sql] SELECT `value` FROM `mall_setting` WHERE  `name` = 'upload' LIMIT 1 [ RunTime:0.000391s ]
[2021-06-24T00:33:31+08:00][error] [0]Call to undefined method app\service\controller\Index::returnJson()[/Users/huangjiapeng/www/A3MallPro/A3Mall/app/service/controller/Index.php:236]
[2021-06-24T00:33:40+08:00][sql] CONNECT:[ UseTime:0.000516s ] mysql:host=127.0.0.1;port=3306;dbname=a3mall-pro;charset=utf8mb4
[2021-06-24T00:33:40+08:00][sql] SHOW FULL COLUMNS FROM `mall_chat_service` [ RunTime:0.002200s ]
[2021-06-24T00:33:40+08:00][sql] SELECT * FROM `mall_chat_service` WHERE  `id` = 1  AND `is_del` = 0 LIMIT 1 [ RunTime:0.038309s ]
[2021-06-24T00:33:40+08:00][sql] SELECT * FROM `mall_chat_service` WHERE  `id` = 1 LIMIT 1 [ RunTime:0.000687s ]
[2021-06-24T00:33:40+08:00][sql] SHOW FULL COLUMNS FROM `mall_setting` [ RunTime:0.003822s ]
[2021-06-24T00:33:40+08:00][sql] SELECT `value` FROM `mall_setting` WHERE  `name` = 'upload' LIMIT 1 [ RunTime:0.000442s ]
[2021-06-24T00:33:40+08:00][sql] CONNECT:[ UseTime:0.000417s ] mysql:host=127.0.0.1;port=3306;dbname=a3mall-pro;charset=utf8mb4
[2021-06-24T00:33:40+08:00][sql] SHOW FULL COLUMNS FROM `mall_chat_service` [ RunTime:0.007025s ]
[2021-06-24T00:33:40+08:00][sql] SELECT * FROM `mall_chat_service` WHERE  `id` = 1  AND `is_del` = 0 LIMIT 1 [ RunTime:0.000475s ]
[2021-06-24T00:33:40+08:00][sql] SHOW FULL COLUMNS FROM `mall_chat_friends` [ RunTime:0.003077s ]
[2021-06-24T00:33:40+08:00][sql] SELECT `cf`.*,`u`.`avatar` FROM `mall_chat_friends` `cf` INNER JOIN `mall_users` `u` ON `cf`.`user_id`=`u`.`id` WHERE  `cf`.`service_id` = 1  AND `cf`.`is_del` = 0 [ RunTime:0.000662s ]
[2021-06-24T00:33:40+08:00][sql] SHOW FULL COLUMNS FROM `mall_chat_message` [ RunTime:0.003429s ]
[2021-06-24T00:33:40+08:00][sql] SELECT * FROM `mall_chat_message` WHERE  `service_id` = 1 ORDER BY `id` DESC LIMIT 1 [ RunTime:0.000974s ]
[2021-06-24T00:33:40+08:00][sql] SELECT COUNT(*) AS think_count FROM `mall_chat_message` WHERE  `service_id` = 1  AND `send_type` = 1  AND `is_read` = 0 [ RunTime:0.000857s ]
[2021-06-24T00:33:40+08:00][sql] SHOW FULL COLUMNS FROM `mall_users` [ RunTime:0.003889s ]
[2021-06-24T00:33:40+08:00][sql] SELECT * FROM `mall_users` WHERE  `id` = 27 LIMIT 1 [ RunTime:0.000713s ]
[2021-06-24T00:33:40+08:00][sql] SHOW FULL COLUMNS FROM `mall_wechat_users` [ RunTime:0.003436s ]
[2021-06-24T00:33:40+08:00][sql] SELECT * FROM `mall_wechat_users` WHERE  `user_id` = 27 LIMIT 1 [ RunTime:0.000389s ]
[2021-06-24T00:33:40+08:00][sql] CONNECT:[ UseTime:0.000420s ] mysql:host=127.0.0.1;port=3306;dbname=a3mall-pro;charset=utf8mb4
[2021-06-24T00:33:40+08:00][sql] SHOW FULL COLUMNS FROM `mall_chat_service` [ RunTime:0.010990s ]
[2021-06-24T00:33:40+08:00][sql] SELECT * FROM `mall_chat_service` WHERE  `id` = 1  AND `is_del` = 0 LIMIT 1 [ RunTime:0.001356s ]
[2021-06-24T00:33:40+08:00][sql] SHOW FULL COLUMNS FROM `mall_goods` [ RunTime:0.003150s ]
[2021-06-24T00:33:40+08:00][sql] SELECT * FROM `mall_goods` WHERE  `status` = 0 ORDER BY `sale` DESC,`id` DESC LIMIT 20 [ RunTime:0.001005s ]
[2021-06-24T00:33:40+08:00][sql] SHOW FULL COLUMNS FROM `mall_setting` [ RunTime:0.002711s ]
[2021-06-24T00:33:40+08:00][sql] SELECT `value` FROM `mall_setting` WHERE  `name` = 'upload' LIMIT 1 [ RunTime:0.000739s ]
[2021-06-24T00:33:40+08:00][sql] SELECT `value` FROM `mall_setting` WHERE  `name` = 'upload' LIMIT 1 [ RunTime:0.001176s ]
[2021-06-24T00:33:40+08:00][sql] SELECT `value` FROM `mall_setting` WHERE  `name` = 'upload' LIMIT 1 [ RunTime:0.000674s ]
[2021-06-24T00:33:40+08:00][sql] SELECT `value` FROM `mall_setting` WHERE  `name` = 'upload' LIMIT 1 [ RunTime:0.001220s ]
[2021-06-24T00:33:40+08:00][sql] SELECT `value` FROM `mall_setting` WHERE  `name` = 'upload' LIMIT 1 [ RunTime:0.001537s ]
[2021-06-24T00:33:40+08:00][sql] SELECT `value` FROM `mall_setting` WHERE  `name` = 'upload' LIMIT 1 [ RunTime:0.000666s ]
[2021-06-24T00:33:40+08:00][sql] SELECT `value` FROM `mall_setting` WHERE  `name` = 'upload' LIMIT 1 [ RunTime:0.000399s ]
[2021-06-24T00:33:40+08:00][sql] SELECT `value` FROM `mall_setting` WHERE  `name` = 'upload' LIMIT 1 [ RunTime:0.001004s ]
[2021-06-24T00:33:40+08:00][sql] SELECT `value` FROM `mall_setting` WHERE  `name` = 'upload' LIMIT 1 [ RunTime:0.000954s ]
[2021-06-24T00:33:40+08:00][sql] SELECT `value` FROM `mall_setting` WHERE  `name` = 'upload' LIMIT 1 [ RunTime:0.001239s ]
[2021-06-24T00:33:40+08:00][sql] SELECT `value` FROM `mall_setting` WHERE  `name` = 'upload' LIMIT 1 [ RunTime:0.000384s ]
[2021-06-24T00:33:40+08:00][sql] SELECT `value` FROM `mall_setting` WHERE  `name` = 'upload' LIMIT 1 [ RunTime:0.000246s ]
[2021-06-24T00:33:40+08:00][sql] SELECT `value` FROM `mall_setting` WHERE  `name` = 'upload' LIMIT 1 [ RunTime:0.000273s ]
[2021-06-24T00:33:40+08:00][sql] SELECT `value` FROM `mall_setting` WHERE  `name` = 'upload' LIMIT 1 [ RunTime:0.000298s ]
[2021-06-24T00:33:40+08:00][sql] SELECT `value` FROM `mall_setting` WHERE  `name` = 'upload' LIMIT 1 [ RunTime:0.000290s ]
[2021-06-24T00:33:40+08:00][sql] SELECT `value` FROM `mall_setting` WHERE  `name` = 'upload' LIMIT 1 [ RunTime:0.000334s ]
[2021-06-24T00:33:40+08:00][sql] SELECT `value` FROM `mall_setting` WHERE  `name` = 'upload' LIMIT 1 [ RunTime:0.000302s ]
[2021-06-24T00:33:40+08:00][sql] SELECT `value` FROM `mall_setting` WHERE  `name` = 'upload' LIMIT 1 [ RunTime:0.000299s ]
[2021-06-24T00:33:40+08:00][sql] SELECT `value` FROM `mall_setting` WHERE  `name` = 'upload' LIMIT 1 [ RunTime:0.000352s ]
[2021-06-24T00:33:40+08:00][sql] SELECT `value` FROM `mall_setting` WHERE  `name` = 'upload' LIMIT 1 [ RunTime:0.000301s ]
[2021-06-24T00:33:41+08:00][sql] CONNECT:[ UseTime:0.000379s ] mysql:host=127.0.0.1;port=3306;dbname=a3mall-pro;charset=utf8mb4
[2021-06-24T00:33:41+08:00][sql] SHOW FULL COLUMNS FROM `mall_chat_service` [ RunTime:0.002804s ]
[2021-06-24T00:33:41+08:00][sql] SELECT * FROM `mall_chat_service` WHERE  `id` = 1  AND `is_del` = 0 LIMIT 1 [ RunTime:0.000428s ]
[2021-06-24T00:33:41+08:00][sql] SHOW FULL COLUMNS FROM `mall_chat_message` [ RunTime:0.002604s ]
[2021-06-24T00:33:41+08:00][sql] UPDATE `mall_chat_message`  SET `is_read` = 1  WHERE  `service_id` = 1  AND `user_id` = 27  AND `send_type` = 1 [ RunTime:0.000447s ]
[2021-06-24T00:33:41+08:00][sql] CONNECT:[ UseTime:0.000306s ] mysql:host=127.0.0.1;port=3306;dbname=a3mall-pro;charset=utf8mb4
[2021-06-24T00:33:41+08:00][sql] SHOW FULL COLUMNS FROM `mall_chat_service` [ RunTime:0.003047s ]
[2021-06-24T00:33:41+08:00][sql] SELECT * FROM `mall_chat_service` WHERE  `id` = 1  AND `is_del` = 0 LIMIT 1 [ RunTime:0.000349s ]
[2021-06-24T00:33:41+08:00][sql] SHOW FULL COLUMNS FROM `mall_chat_message` [ RunTime:0.002642s ]
[2021-06-24T00:33:41+08:00][sql] SELECT * FROM `mall_chat_message` WHERE  ( (service_id=1 AND user_id=27) ) ORDER BY `id` DESC LIMIT 10 [ RunTime:0.000371s ]
[2021-06-24T00:33:41+08:00][sql] SELECT * FROM `mall_chat_service` WHERE  `id` = 1 LIMIT 1 [ RunTime:0.000342s ]
[2021-06-24T00:33:41+08:00][sql] SHOW FULL COLUMNS FROM `mall_users` [ RunTime:0.002565s ]
[2021-06-24T00:33:41+08:00][sql] SELECT * FROM `mall_users` WHERE  `id` = 27 LIMIT 1 [ RunTime:0.000408s ]
[2021-06-24T00:33:41+08:00][sql] SHOW FULL COLUMNS FROM `mall_setting` [ RunTime:0.001990s ]
[2021-06-24T00:33:41+08:00][sql] SELECT `value` FROM `mall_setting` WHERE  `name` = 'upload' LIMIT 1 [ RunTime:0.000313s ]
[2021-06-24T00:33:41+08:00][sql] SELECT `value` FROM `mall_setting` WHERE  `name` = 'upload' LIMIT 1 [ RunTime:0.000248s ]
[2021-06-24T00:33:41+08:00][sql] SELECT `value` FROM `mall_setting` WHERE  `name` = 'upload' LIMIT 1 [ RunTime:0.000212s ]
[2021-06-24T00:33:41+08:00][sql] SELECT `value` FROM `mall_setting` WHERE  `name` = 'upload' LIMIT 1 [ RunTime:0.000218s ]
[2021-06-24T00:33:41+08:00][sql] SELECT `value` FROM `mall_setting` WHERE  `name` = 'upload' LIMIT 1 [ RunTime:0.000208s ]
[2021-06-24T00:33:41+08:00][sql] SELECT `value` FROM `mall_setting` WHERE  `name` = 'upload' LIMIT 1 [ RunTime:0.000209s ]
[2021-06-24T00:33:41+08:00][sql] SELECT `value` FROM `mall_setting` WHERE  `name` = 'upload' LIMIT 1 [ RunTime:0.000214s ]
[2021-06-24T00:33:41+08:00][sql] SELECT `value` FROM `mall_setting` WHERE  `name` = 'upload' LIMIT 1 [ RunTime:0.000209s ]
[2021-06-24T00:33:41+08:00][sql] SELECT `value` FROM `mall_setting` WHERE  `name` = 'upload' LIMIT 1 [ RunTime:0.000201s ]
[2021-06-24T00:33:41+08:00][sql] SELECT `value` FROM `mall_setting` WHERE  `name` = 'upload' LIMIT 1 [ RunTime:0.000220s ]
[2021-06-24T00:33:41+08:00][sql] SELECT `value` FROM `mall_setting` WHERE  `name` = 'upload' LIMIT 1 [ RunTime:0.000259s ]
[2021-06-24T00:33:45+08:00][sql] CONNECT:[ UseTime:0.000386s ] mysql:host=127.0.0.1;port=3306;dbname=a3mall-pro;charset=utf8mb4
[2021-06-24T00:33:45+08:00][sql] SHOW FULL COLUMNS FROM `mall_chat_service` [ RunTime:0.002541s ]
[2021-06-24T00:33:45+08:00][sql] SELECT * FROM `mall_chat_service` WHERE  `id` = 1  AND `is_del` = 0 LIMIT 1 [ RunTime:0.000390s ]
[2021-06-24T00:33:45+08:00][sql] SELECT * FROM `mall_chat_service` WHERE  `id` = 1 LIMIT 1 [ RunTime:0.000381s ]
[2021-06-24T00:33:45+08:00][sql] SHOW FULL COLUMNS FROM `mall_users` [ RunTime:0.002507s ]
[2021-06-24T00:33:45+08:00][sql] SELECT COUNT(*) AS think_count FROM `mall_users` WHERE  `id` = 27 [ RunTime:0.000356s ]
[2021-06-24T00:33:45+08:00][sql] SHOW FULL COLUMNS FROM `mall_setting` [ RunTime:0.002080s ]
[2021-06-24T00:33:45+08:00][sql] SELECT `value` FROM `mall_setting` WHERE  `name` = 'upload' LIMIT 1 [ RunTime:0.000318s ]
[2021-06-24T00:33:45+08:00][sql] SHOW FULL COLUMNS FROM `mall_attachments` [ RunTime:0.001981s ]
[2021-06-24T00:33:45+08:00][sql] INSERT INTO `mall_attachments` SET `type` = 0 , `module` = 'online' , `method` = 'image' , `name` = '8452042aef24bdb3afd27ad51ac2b696.png' , `suffix` = 'png' , `size` = 9497 , `path` = '/uploads/images/20210624/8452042aef24bdb3afd27ad51ac2b696.png' , `time` = 1624466025 [ RunTime:0.000714s ]
[2021-06-24T00:33:45+08:00][sql] SELECT `value` FROM `mall_setting` WHERE  `name` = 'upload' LIMIT 1 [ RunTime:0.000415s ]
[2021-06-24T00:33:45+08:00][sql] SELECT `value` FROM `mall_setting` WHERE  `name` = 'upload' LIMIT 1 [ RunTime:0.000298s ]
[2021-06-24T00:33:45+08:00][sql] SHOW FULL COLUMNS FROM `mall_chat_message` [ RunTime:0.002112s ]
[2021-06-24T00:33:45+08:00][sql] INSERT INTO `mall_chat_message` SET `type` = 'image' , `service_id` = 1 , `content` = '/uploads/images/20210624/8452042aef24bdb3afd27ad51ac2b696.png' , `send_type` = 0 , `user_id` = 27 , `is_read` = 0 , `create_time` = 1624466025 [ RunTime:0.000517s ]
[2021-06-24T00:33:45+08:00][sql] SELECT `value` FROM `mall_setting` WHERE  `name` = 'upload' LIMIT 1 [ RunTime:0.000297s ]
[2021-06-24T00:33:45+08:00][sql] SELECT `value` FROM `mall_setting` WHERE  `name` = 'upload' LIMIT 1 [ RunTime:0.000305s ]
[2021-06-24T00:33:45+08:00][error] [0]Call to undefined method app\service\controller\Index::returnJson()[/Users/huangjiapeng/www/A3MallPro/A3Mall/app/service/controller/Index.php:236]
[2021-06-24T00:34:08+08:00][sql] CONNECT:[ UseTime:0.000340s ] mysql:host=127.0.0.1;port=3306;dbname=a3mall-pro;charset=utf8mb4
[2021-06-24T00:34:08+08:00][sql] SHOW FULL COLUMNS FROM `mall_chat_service` [ RunTime:0.007446s ]
[2021-06-24T00:34:08+08:00][sql] SELECT * FROM `mall_chat_service` WHERE  `id` = 1  AND `is_del` = 0 LIMIT 1 [ RunTime:0.000668s ]
[2021-06-24T00:34:08+08:00][sql] SELECT * FROM `mall_chat_service` WHERE  `id` = 1 LIMIT 1 [ RunTime:0.000374s ]
[2021-06-24T00:34:08+08:00][sql] SHOW FULL COLUMNS FROM `mall_setting` [ RunTime:0.002175s ]
[2021-06-24T00:34:08+08:00][sql] SELECT `value` FROM `mall_setting` WHERE  `name` = 'upload' LIMIT 1 [ RunTime:0.000327s ]
[2021-06-24T00:34:09+08:00][sql] CONNECT:[ UseTime:0.000563s ] mysql:host=127.0.0.1;port=3306;dbname=a3mall-pro;charset=utf8mb4
[2021-06-24T00:34:09+08:00][sql] SHOW FULL COLUMNS FROM `mall_chat_service` [ RunTime:0.004063s ]
[2021-06-24T00:34:09+08:00][sql] SELECT * FROM `mall_chat_service` WHERE  `id` = 1  AND `is_del` = 0 LIMIT 1 [ RunTime:0.000698s ]
[2021-06-24T00:34:09+08:00][sql] SHOW FULL COLUMNS FROM `mall_goods` [ RunTime:0.003156s ]
[2021-06-24T00:34:09+08:00][sql] SELECT * FROM `mall_goods` WHERE  `status` = 0 ORDER BY `sale` DESC,`id` DESC LIMIT 20 [ RunTime:0.000710s ]
[2021-06-24T00:34:09+08:00][sql] SHOW FULL COLUMNS FROM `mall_setting` [ RunTime:0.002842s ]
[2021-06-24T00:34:09+08:00][sql] SELECT `value` FROM `mall_setting` WHERE  `name` = 'upload' LIMIT 1 [ RunTime:0.000364s ]
[2021-06-24T00:34:09+08:00][sql] SELECT `value` FROM `mall_setting` WHERE  `name` = 'upload' LIMIT 1 [ RunTime:0.000351s ]
[2021-06-24T00:34:09+08:00][sql] SELECT `value` FROM `mall_setting` WHERE  `name` = 'upload' LIMIT 1 [ RunTime:0.000589s ]
[2021-06-24T00:34:09+08:00][sql] SELECT `value` FROM `mall_setting` WHERE  `name` = 'upload' LIMIT 1 [ RunTime:0.000615s ]
[2021-06-24T00:34:09+08:00][sql] SELECT `value` FROM `mall_setting` WHERE  `name` = 'upload' LIMIT 1 [ RunTime:0.000353s ]
[2021-06-24T00:34:09+08:00][sql] SELECT `value` FROM `mall_setting` WHERE  `name` = 'upload' LIMIT 1 [ RunTime:0.000321s ]
[2021-06-24T00:34:09+08:00][sql] SELECT `value` FROM `mall_setting` WHERE  `name` = 'upload' LIMIT 1 [ RunTime:0.000342s ]
[2021-06-24T00:34:09+08:00][sql] SELECT `value` FROM `mall_setting` WHERE  `name` = 'upload' LIMIT 1 [ RunTime:0.000362s ]
[2021-06-24T00:34:09+08:00][sql] SELECT `value` FROM `mall_setting` WHERE  `name` = 'upload' LIMIT 1 [ RunTime:0.000328s ]
[2021-06-24T00:34:09+08:00][sql] SELECT `value` FROM `mall_setting` WHERE  `name` = 'upload' LIMIT 1 [ RunTime:0.000320s ]
[2021-06-24T00:34:09+08:00][sql] SELECT `value` FROM `mall_setting` WHERE  `name` = 'upload' LIMIT 1 [ RunTime:0.000393s ]
[2021-06-24T00:34:09+08:00][sql] SELECT `value` FROM `mall_setting` WHERE  `name` = 'upload' LIMIT 1 [ RunTime:0.000455s ]
[2021-06-24T00:34:09+08:00][sql] SELECT `value` FROM `mall_setting` WHERE  `name` = 'upload' LIMIT 1 [ RunTime:0.000550s ]
[2021-06-24T00:34:09+08:00][sql] SELECT `value` FROM `mall_setting` WHERE  `name` = 'upload' LIMIT 1 [ RunTime:0.000642s ]
[2021-06-24T00:34:09+08:00][sql] SELECT `value` FROM `mall_setting` WHERE  `name` = 'upload' LIMIT 1 [ RunTime:0.000617s ]
[2021-06-24T00:34:09+08:00][sql] SELECT `value` FROM `mall_setting` WHERE  `name` = 'upload' LIMIT 1 [ RunTime:0.000385s ]
[2021-06-24T00:34:09+08:00][sql] SELECT `value` FROM `mall_setting` WHERE  `name` = 'upload' LIMIT 1 [ RunTime:0.000347s ]
[2021-06-24T00:34:09+08:00][sql] SELECT `value` FROM `mall_setting` WHERE  `name` = 'upload' LIMIT 1 [ RunTime:0.000337s ]
[2021-06-24T00:34:09+08:00][sql] SELECT `value` FROM `mall_setting` WHERE  `name` = 'upload' LIMIT 1 [ RunTime:0.000367s ]
[2021-06-24T00:34:09+08:00][sql] SELECT `value` FROM `mall_setting` WHERE  `name` = 'upload' LIMIT 1 [ RunTime:0.000317s ]
[2021-06-24T00:34:09+08:00][sql] CONNECT:[ UseTime:0.000414s ] mysql:host=127.0.0.1;port=3306;dbname=a3mall-pro;charset=utf8mb4
[2021-06-24T00:34:09+08:00][sql] SHOW FULL COLUMNS FROM `mall_chat_service` [ RunTime:0.002842s ]
[2021-06-24T00:34:09+08:00][sql] SELECT * FROM `mall_chat_service` WHERE  `id` = 1  AND `is_del` = 0 LIMIT 1 [ RunTime:0.000603s ]
[2021-06-24T00:34:09+08:00][sql] SHOW FULL COLUMNS FROM `mall_chat_friends` [ RunTime:0.003034s ]
[2021-06-24T00:34:09+08:00][sql] SELECT `cf`.*,`u`.`avatar` FROM `mall_chat_friends` `cf` INNER JOIN `mall_users` `u` ON `cf`.`user_id`=`u`.`id` WHERE  `cf`.`service_id` = 1  AND `cf`.`is_del` = 0 [ RunTime:0.000419s ]
[2021-06-24T00:34:09+08:00][sql] SHOW FULL COLUMNS FROM `mall_chat_message` [ RunTime:0.002800s ]
[2021-06-24T00:34:09+08:00][sql] SELECT * FROM `mall_chat_message` WHERE  `service_id` = 1 ORDER BY `id` DESC LIMIT 1 [ RunTime:0.000569s ]
[2021-06-24T00:34:09+08:00][sql] SELECT COUNT(*) AS think_count FROM `mall_chat_message` WHERE  `service_id` = 1  AND `send_type` = 1  AND `is_read` = 0 [ RunTime:0.000484s ]
[2021-06-24T00:34:09+08:00][sql] SHOW FULL COLUMNS FROM `mall_users` [ RunTime:0.002795s ]
[2021-06-24T00:34:09+08:00][sql] SELECT * FROM `mall_users` WHERE  `id` = 27 LIMIT 1 [ RunTime:0.000409s ]
[2021-06-24T00:34:09+08:00][sql] SHOW FULL COLUMNS FROM `mall_wechat_users` [ RunTime:0.002710s ]
[2021-06-24T00:34:09+08:00][sql] SELECT * FROM `mall_wechat_users` WHERE  `user_id` = 27 LIMIT 1 [ RunTime:0.000562s ]
[2021-06-24T00:34:10+08:00][sql] CONNECT:[ UseTime:0.000338s ] mysql:host=127.0.0.1;port=3306;dbname=a3mall-pro;charset=utf8mb4
[2021-06-24T00:34:10+08:00][sql] SHOW FULL COLUMNS FROM `mall_chat_service` [ RunTime:0.003528s ]
[2021-06-24T00:34:10+08:00][sql] SELECT * FROM `mall_chat_service` WHERE  `id` = 1  AND `is_del` = 0 LIMIT 1 [ RunTime:0.000348s ]
[2021-06-24T00:34:10+08:00][sql] SHOW FULL COLUMNS FROM `mall_chat_message` [ RunTime:0.003223s ]
[2021-06-24T00:34:10+08:00][sql] UPDATE `mall_chat_message`  SET `is_read` = 1  WHERE  `service_id` = 1  AND `user_id` = 27  AND `send_type` = 1 [ RunTime:0.000384s ]
[2021-06-24T00:34:10+08:00][sql] CONNECT:[ UseTime:0.000240s ] mysql:host=127.0.0.1;port=3306;dbname=a3mall-pro;charset=utf8mb4
[2021-06-24T00:34:10+08:00][sql] SHOW FULL COLUMNS FROM `mall_chat_service` [ RunTime:0.003439s ]
[2021-06-24T00:34:10+08:00][sql] SELECT * FROM `mall_chat_service` WHERE  `id` = 1  AND `is_del` = 0 LIMIT 1 [ RunTime:0.000323s ]
[2021-06-24T00:34:10+08:00][sql] SHOW FULL COLUMNS FROM `mall_chat_message` [ RunTime:0.003102s ]
[2021-06-24T00:34:10+08:00][sql] SELECT * FROM `mall_chat_message` WHERE  ( (service_id=1 AND user_id=27) ) ORDER BY `id` DESC LIMIT 10 [ RunTime:0.000436s ]
[2021-06-24T00:34:10+08:00][sql] SELECT * FROM `mall_chat_service` WHERE  `id` = 1 LIMIT 1 [ RunTime:0.000344s ]
[2021-06-24T00:34:10+08:00][sql] SHOW FULL COLUMNS FROM `mall_users` [ RunTime:0.002316s ]
[2021-06-24T00:34:10+08:00][sql] SELECT * FROM `mall_users` WHERE  `id` = 27 LIMIT 1 [ RunTime:0.000481s ]
[2021-06-24T00:34:10+08:00][sql] SHOW FULL COLUMNS FROM `mall_setting` [ RunTime:0.002412s ]
[2021-06-24T00:34:10+08:00][sql] SELECT `value` FROM `mall_setting` WHERE  `name` = 'upload' LIMIT 1 [ RunTime:0.000427s ]
[2021-06-24T00:34:10+08:00][sql] SELECT `value` FROM `mall_setting` WHERE  `name` = 'upload' LIMIT 1 [ RunTime:0.000369s ]
[2021-06-24T00:34:10+08:00][sql] SELECT `value` FROM `mall_setting` WHERE  `name` = 'upload' LIMIT 1 [ RunTime:0.000255s ]
[2021-06-24T00:34:10+08:00][sql] SELECT `value` FROM `mall_setting` WHERE  `name` = 'upload' LIMIT 1 [ RunTime:0.000270s ]
[2021-06-24T00:34:10+08:00][sql] SELECT `value` FROM `mall_setting` WHERE  `name` = 'upload' LIMIT 1 [ RunTime:0.000209s ]
[2021-06-24T00:34:10+08:00][sql] SELECT `value` FROM `mall_setting` WHERE  `name` = 'upload' LIMIT 1 [ RunTime:0.000229s ]
[2021-06-24T00:34:10+08:00][sql] SELECT `value` FROM `mall_setting` WHERE  `name` = 'upload' LIMIT 1 [ RunTime:0.000259s ]
[2021-06-24T00:34:10+08:00][sql] SELECT `value` FROM `mall_setting` WHERE  `name` = 'upload' LIMIT 1 [ RunTime:0.000253s ]
[2021-06-24T00:34:10+08:00][sql] SELECT `value` FROM `mall_setting` WHERE  `name` = 'upload' LIMIT 1 [ RunTime:0.000274s ]
[2021-06-24T00:34:10+08:00][sql] SELECT `value` FROM `mall_setting` WHERE  `name` = 'upload' LIMIT 1 [ RunTime:0.000245s ]
[2021-06-24T00:34:10+08:00][sql] SELECT `value` FROM `mall_setting` WHERE  `name` = 'upload' LIMIT 1 [ RunTime:0.000224s ]
[2021-06-24T00:34:10+08:00][sql] SELECT `value` FROM `mall_setting` WHERE  `name` = 'upload' LIMIT 1 [ RunTime:0.000209s ]
[2021-06-24T00:34:13+08:00][sql] CONNECT:[ UseTime:0.000364s ] mysql:host=127.0.0.1;port=3306;dbname=a3mall-pro;charset=utf8mb4
[2021-06-24T00:34:13+08:00][sql] SHOW FULL COLUMNS FROM `mall_chat_service` [ RunTime:0.002548s ]
[2021-06-24T00:34:13+08:00][sql] SELECT * FROM `mall_chat_service` WHERE  `id` = 1  AND `is_del` = 0 LIMIT 1 [ RunTime:0.000489s ]
[2021-06-24T00:34:13+08:00][sql] SELECT * FROM `mall_chat_service` WHERE  `id` = 1 LIMIT 1 [ RunTime:0.000434s ]
[2021-06-24T00:34:13+08:00][sql] SHOW FULL COLUMNS FROM `mall_users` [ RunTime:0.002386s ]
[2021-06-24T00:34:13+08:00][sql] SELECT COUNT(*) AS think_count FROM `mall_users` WHERE  `id` = 27 [ RunTime:0.000296s ]
[2021-06-24T00:34:13+08:00][sql] SHOW FULL COLUMNS FROM `mall_setting` [ RunTime:0.002175s ]
[2021-06-24T00:34:13+08:00][sql] SELECT `value` FROM `mall_setting` WHERE  `name` = 'upload' LIMIT 1 [ RunTime:0.000332s ]
[2021-06-24T00:34:13+08:00][sql] SHOW FULL COLUMNS FROM `mall_attachments` [ RunTime:0.001963s ]
[2021-06-24T00:34:13+08:00][sql] INSERT INTO `mall_attachments` SET `type` = 0 , `module` = 'online' , `method` = 'image' , `name` = '819d16b7d12ebd30dbd0de853cce3644.png' , `suffix` = 'png' , `size` = 9497 , `path` = '/uploads/images/20210624/819d16b7d12ebd30dbd0de853cce3644.png' , `time` = 1624466053 [ RunTime:0.000708s ]
[2021-06-24T00:34:13+08:00][sql] SELECT `value` FROM `mall_setting` WHERE  `name` = 'upload' LIMIT 1 [ RunTime:0.000429s ]
[2021-06-24T00:34:13+08:00][sql] SELECT `value` FROM `mall_setting` WHERE  `name` = 'upload' LIMIT 1 [ RunTime:0.000300s ]
[2021-06-24T00:34:13+08:00][sql] SHOW FULL COLUMNS FROM `mall_chat_message` [ RunTime:0.002032s ]
[2021-06-24T00:34:13+08:00][sql] INSERT INTO `mall_chat_message` SET `type` = 'image' , `service_id` = 1 , `content` = '/uploads/images/20210624/819d16b7d12ebd30dbd0de853cce3644.png' , `send_type` = 0 , `user_id` = 27 , `is_read` = 0 , `create_time` = 1624466053 [ RunTime:0.001179s ]
[2021-06-24T00:34:13+08:00][sql] SELECT `value` FROM `mall_setting` WHERE  `name` = 'upload' LIMIT 1 [ RunTime:0.000278s ]
[2021-06-24T00:34:13+08:00][sql] SELECT `value` FROM `mall_setting` WHERE  `name` = 'upload' LIMIT 1 [ RunTime:0.000257s ]
[2021-06-24T00:34:13+08:00][sql] UPDATE `mall_attachments`  SET `pid` = 56  WHERE  `id` = 1662 [ RunTime:0.096719s ]
[2021-06-24T00:34:13+08:00][sql] CONNECT:[ UseTime:0.000390s ] mysql:host=127.0.0.1;port=3306;dbname=a3mall-pro;charset=utf8mb4
[2021-06-24T00:34:13+08:00][sql] SHOW FULL COLUMNS FROM `mall_chat_service` [ RunTime:0.057167s ]
[2021-06-24T00:34:13+08:00][sql] SELECT * FROM `mall_chat_service` WHERE  `id` = 1  AND `is_del` = 0 LIMIT 1 [ RunTime:0.000532s ]
[2021-06-24T00:34:13+08:00][sql] SHOW FULL COLUMNS FROM `mall_chat_friends` [ RunTime:0.003638s ]
[2021-06-24T00:34:13+08:00][sql] SELECT `cf`.*,`u`.`avatar` FROM `mall_chat_friends` `cf` INNER JOIN `mall_users` `u` ON `cf`.`user_id`=`u`.`id` WHERE  `cf`.`service_id` = 1  AND `cf`.`is_del` = 0 [ RunTime:0.000447s ]
[2021-06-24T00:34:13+08:00][sql] SHOW FULL COLUMNS FROM `mall_chat_message` [ RunTime:0.002906s ]
[2021-06-24T00:34:13+08:00][sql] SELECT * FROM `mall_chat_message` WHERE  `service_id` = 1 ORDER BY `id` DESC LIMIT 1 [ RunTime:0.000345s ]
[2021-06-24T00:34:13+08:00][sql] SELECT COUNT(*) AS think_count FROM `mall_chat_message` WHERE  `service_id` = 1  AND `send_type` = 1  AND `is_read` = 0 [ RunTime:0.000327s ]
[2021-06-24T00:34:13+08:00][sql] SHOW FULL COLUMNS FROM `mall_users` [ RunTime:0.002730s ]
[2021-06-24T00:34:13+08:00][sql] SELECT * FROM `mall_users` WHERE  `id` = 27 LIMIT 1 [ RunTime:0.000494s ]
[2021-06-24T00:34:13+08:00][sql] SHOW FULL COLUMNS FROM `mall_wechat_users` [ RunTime:0.002794s ]
[2021-06-24T00:34:13+08:00][sql] SELECT * FROM `mall_wechat_users` WHERE  `user_id` = 27 LIMIT 1 [ RunTime:0.000673s ]
[2021-06-24T00:34:14+08:00][sql] CONNECT:[ UseTime:0.000367s ] mysql:host=127.0.0.1;port=3306;dbname=a3mall-pro;charset=utf8mb4
[2021-06-24T00:34:14+08:00][sql] SHOW FULL COLUMNS FROM `mall_chat_service` [ RunTime:0.025842s ]
[2021-06-24T00:34:14+08:00][sql] SELECT * FROM `mall_chat_service` WHERE  `id` = 1  AND `is_del` = 0 LIMIT 1 [ RunTime:0.000504s ]
[2021-06-24T00:34:14+08:00][sql] SHOW FULL COLUMNS FROM `mall_chat_friends` [ RunTime:0.002213s ]
[2021-06-24T00:34:14+08:00][sql] SELECT `cf`.*,`u`.`avatar` FROM `mall_chat_friends` `cf` INNER JOIN `mall_users` `u` ON `cf`.`user_id`=`u`.`id` WHERE  `cf`.`service_id` = 1  AND `cf`.`is_del` = 0 [ RunTime:0.000404s ]
[2021-06-24T00:34:14+08:00][sql] SHOW FULL COLUMNS FROM `mall_chat_message` [ RunTime:0.002083s ]
[2021-06-24T00:34:14+08:00][sql] SELECT * FROM `mall_chat_message` WHERE  `service_id` = 1 ORDER BY `id` DESC LIMIT 1 [ RunTime:0.000354s ]
[2021-06-24T00:34:14+08:00][sql] SELECT COUNT(*) AS think_count FROM `mall_chat_message` WHERE  `service_id` = 1  AND `send_type` = 1  AND `is_read` = 0 [ RunTime:0.000296s ]
[2021-06-24T00:34:14+08:00][sql] SHOW FULL COLUMNS FROM `mall_users` [ RunTime:0.002276s ]
[2021-06-24T00:34:14+08:00][sql] SELECT * FROM `mall_users` WHERE  `id` = 27 LIMIT 1 [ RunTime:0.000357s ]
[2021-06-24T00:34:14+08:00][sql] SHOW FULL COLUMNS FROM `mall_wechat_users` [ RunTime:0.002186s ]
[2021-06-24T00:34:14+08:00][sql] SELECT * FROM `mall_wechat_users` WHERE  `user_id` = 27 LIMIT 1 [ RunTime:0.000333s ]
[2021-06-24T00:34:18+08:00][sql] CONNECT:[ UseTime:0.000369s ] mysql:host=127.0.0.1;port=3306;dbname=a3mall-pro;charset=utf8mb4
[2021-06-24T00:34:18+08:00][sql] SHOW FULL COLUMNS FROM `mall_chat_service` [ RunTime:0.002544s ]
[2021-06-24T00:34:18+08:00][sql] SELECT * FROM `mall_chat_service` WHERE  `id` = 1  AND `is_del` = 0 LIMIT 1 [ RunTime:0.000419s ]
[2021-06-24T00:34:18+08:00][sql] SELECT * FROM `mall_chat_service` WHERE  `id` = 1 LIMIT 1 [ RunTime:0.000449s ]
[2021-06-24T00:34:18+08:00][sql] SHOW FULL COLUMNS FROM `mall_users` [ RunTime:0.002272s ]
[2021-06-24T00:34:18+08:00][sql] SELECT COUNT(*) AS think_count FROM `mall_users` WHERE  `id` = 27 [ RunTime:0.000283s ]
[2021-06-24T00:34:18+08:00][sql] SHOW FULL COLUMNS FROM `mall_setting` [ RunTime:0.001971s ]
[2021-06-24T00:34:18+08:00][sql] SELECT `value` FROM `mall_setting` WHERE  `name` = 'upload' LIMIT 1 [ RunTime:0.000308s ]
[2021-06-24T00:34:18+08:00][sql] SHOW FULL COLUMNS FROM `mall_attachments` [ RunTime:0.002250s ]
[2021-06-24T00:34:18+08:00][sql] INSERT INTO `mall_attachments` SET `type` = 0 , `module` = 'online' , `method` = 'image' , `name` = 'dc4a6e4cb94eed921c86cb61813f13f5.png' , `suffix` = 'png' , `size` = 2528 , `path` = '/uploads/images/20210624/dc4a6e4cb94eed921c86cb61813f13f5.png' , `time` = 1624466058 [ RunTime:0.000738s ]
[2021-06-24T00:34:18+08:00][sql] SELECT `value` FROM `mall_setting` WHERE  `name` = 'upload' LIMIT 1 [ RunTime:0.000513s ]
[2021-06-24T00:34:18+08:00][sql] SELECT `value` FROM `mall_setting` WHERE  `name` = 'upload' LIMIT 1 [ RunTime:0.000298s ]
[2021-06-24T00:34:18+08:00][sql] SHOW FULL COLUMNS FROM `mall_chat_message` [ RunTime:0.001982s ]
[2021-06-24T00:34:18+08:00][sql] INSERT INTO `mall_chat_message` SET `type` = 'image' , `service_id` = 1 , `content` = '/uploads/images/20210624/dc4a6e4cb94eed921c86cb61813f13f5.png' , `send_type` = 0 , `user_id` = 27 , `is_read` = 0 , `create_time` = 1624466058 [ RunTime:0.000640s ]
[2021-06-24T00:34:18+08:00][sql] SELECT `value` FROM `mall_setting` WHERE  `name` = 'upload' LIMIT 1 [ RunTime:0.000252s ]
[2021-06-24T00:34:18+08:00][sql] SELECT `value` FROM `mall_setting` WHERE  `name` = 'upload' LIMIT 1 [ RunTime:0.000269s ]
[2021-06-24T00:34:18+08:00][sql] UPDATE `mall_attachments`  SET `pid` = 57  WHERE  `id` = 1663 [ RunTime:0.000769s ]
[2021-06-24T00:34:18+08:00][sql] CONNECT:[ UseTime:0.000363s ] mysql:host=127.0.0.1;port=3306;dbname=a3mall-pro;charset=utf8mb4
[2021-06-24T00:34:18+08:00][sql] SHOW FULL COLUMNS FROM `mall_chat_service` [ RunTime:0.002419s ]
[2021-06-24T00:34:18+08:00][sql] SELECT * FROM `mall_chat_service` WHERE  `id` = 1  AND `is_del` = 0 LIMIT 1 [ RunTime:0.000437s ]
[2021-06-24T00:34:18+08:00][sql] SHOW FULL COLUMNS FROM `mall_chat_friends` [ RunTime:0.002335s ]
[2021-06-24T00:34:18+08:00][sql] SELECT `cf`.*,`u`.`avatar` FROM `mall_chat_friends` `cf` INNER JOIN `mall_users` `u` ON `cf`.`user_id`=`u`.`id` WHERE  `cf`.`service_id` = 1  AND `cf`.`is_del` = 0 [ RunTime:0.000447s ]
[2021-06-24T00:34:18+08:00][sql] SHOW FULL COLUMNS FROM `mall_chat_message` [ RunTime:0.002609s ]
[2021-06-24T00:34:18+08:00][sql] SELECT * FROM `mall_chat_message` WHERE  `service_id` = 1 ORDER BY `id` DESC LIMIT 1 [ RunTime:0.000330s ]
[2021-06-24T00:34:18+08:00][sql] SELECT COUNT(*) AS think_count FROM `mall_chat_message` WHERE  `service_id` = 1  AND `send_type` = 1  AND `is_read` = 0 [ RunTime:0.000306s ]
[2021-06-24T00:34:18+08:00][sql] SHOW FULL COLUMNS FROM `mall_users` [ RunTime:0.002886s ]
[2021-06-24T00:34:18+08:00][sql] SELECT * FROM `mall_users` WHERE  `id` = 27 LIMIT 1 [ RunTime:0.000358s ]
[2021-06-24T00:34:18+08:00][sql] SHOW FULL COLUMNS FROM `mall_wechat_users` [ RunTime:0.002628s ]
[2021-06-24T00:34:18+08:00][sql] SELECT * FROM `mall_wechat_users` WHERE  `user_id` = 27 LIMIT 1 [ RunTime:0.000308s ]
[2021-06-24T00:34:18+08:00][sql] CONNECT:[ UseTime:0.000366s ] mysql:host=127.0.0.1;port=3306;dbname=a3mall-pro;charset=utf8mb4
[2021-06-24T00:34:18+08:00][sql] SHOW FULL COLUMNS FROM `mall_chat_service` [ RunTime:0.002911s ]
[2021-06-24T00:34:18+08:00][sql] SELECT * FROM `mall_chat_service` WHERE  `id` = 1  AND `is_del` = 0 LIMIT 1 [ RunTime:0.000500s ]
[2021-06-24T00:34:18+08:00][sql] SHOW FULL COLUMNS FROM `mall_chat_friends` [ RunTime:0.002077s ]
[2021-06-24T00:34:18+08:00][sql] SELECT `cf`.*,`u`.`avatar` FROM `mall_chat_friends` `cf` INNER JOIN `mall_users` `u` ON `cf`.`user_id`=`u`.`id` WHERE  `cf`.`service_id` = 1  AND `cf`.`is_del` = 0 [ RunTime:0.000418s ]
[2021-06-24T00:34:18+08:00][sql] SHOW FULL COLUMNS FROM `mall_chat_message` [ RunTime:0.002037s ]
[2021-06-24T00:34:18+08:00][sql] SELECT * FROM `mall_chat_message` WHERE  `service_id` = 1 ORDER BY `id` DESC LIMIT 1 [ RunTime:0.000347s ]
[2021-06-24T00:34:18+08:00][sql] SELECT COUNT(*) AS think_count FROM `mall_chat_message` WHERE  `service_id` = 1  AND `send_type` = 1  AND `is_read` = 0 [ RunTime:0.000287s ]
[2021-06-24T00:34:18+08:00][sql] SHOW FULL COLUMNS FROM `mall_users` [ RunTime:0.002207s ]
[2021-06-24T00:34:18+08:00][sql] SELECT * FROM `mall_users` WHERE  `id` = 27 LIMIT 1 [ RunTime:0.000399s ]
[2021-06-24T00:34:18+08:00][sql] SHOW FULL COLUMNS FROM `mall_wechat_users` [ RunTime:0.002208s ]
[2021-06-24T00:34:18+08:00][sql] SELECT * FROM `mall_wechat_users` WHERE  `user_id` = 27 LIMIT 1 [ RunTime:0.000331s ]
