[2021-06-28T10:27:56+08:00][sql] CONNECT:[ UseTime:0.000480s ] mysql:host=127.0.0.1;port=3306;dbname=a3mall-pro;charset=utf8mb4
[2021-06-28T10:27:56+08:00][sql] SHOW FULL COLUMNS FROM `mall_chat_service` [ RunTime:0.003432s ]
[2021-06-28T10:27:56+08:00][sql] SELECT * FROM `mall_chat_service` WHERE  `username` = 'demo'  AND `is_del` = 0 LIMIT 1 [ RunTime:0.030223s ]
[2021-06-28T10:27:56+08:00][sql] UPDATE `mall_chat_service`  SET `last_online_time` = 1624847276  WHERE  `id` = 1 [ RunTime:0.018770s ]
[2021-06-28T10:27:56+08:00][sql] SHOW FULL COLUMNS FROM `mall_chat_session` [ RunTime:0.043244s ]
[2021-06-28T10:27:56+08:00][sql] INSERT INTO `mall_chat_session` SET `type` = 0 , `user_id` = 1 , `session_id` = '99a2beaf15fc798ce7dfa82d0effec6808285354' , `create_time` = 1624847276 [ RunTime:0.019220s ]
[2021-06-28T10:27:56+08:00][sql] SHOW FULL COLUMNS FROM `mall_chat_service_log` [ RunTime:0.023437s ]
[2021-06-28T10:27:56+08:00][sql] INSERT INTO `mall_chat_service_log` SET `intro` = '状态：用户 [ demo ] 登录成功 时间：2021-06-28 10:27:56 登录地点：127.0.0.1' , `ip` = '127.0.0.1' , `time` = 1624847276 [ RunTime:0.015087s ]
[2021-06-28T10:27:56+08:00][sql] SHOW FULL COLUMNS FROM `mall_chat_message` [ RunTime:0.002606s ]
[2021-06-28T10:27:56+08:00][sql] UPDATE `mall_chat_message`  SET `service_id` = 1  WHERE  `service_id` = 0  AND `is_read` = 0 [ RunTime:0.000321s ]
[2021-06-28T10:28:00+08:00][sql] CONNECT:[ UseTime:0.000437s ] mysql:host=127.0.0.1;port=3306;dbname=a3mall-pro;charset=utf8mb4
[2021-06-28T10:28:00+08:00][sql] SHOW FULL COLUMNS FROM `mall_chat_service` [ RunTime:0.007503s ]
[2021-06-28T10:28:00+08:00][sql] SELECT * FROM `mall_chat_service` WHERE  `id` = 1  AND `is_del` = 0 LIMIT 1 [ RunTime:0.000584s ]
[2021-06-28T10:28:00+08:00][sql] SELECT * FROM `mall_chat_service` WHERE  `id` = 1 LIMIT 1 [ RunTime:0.000492s ]
[2021-06-28T10:28:00+08:00][sql] SHOW FULL COLUMNS FROM `mall_setting` [ RunTime:0.002272s ]
[2021-06-28T10:28:00+08:00][sql] SELECT `value` FROM `mall_setting` WHERE  `name` = 'upload' LIMIT 1 [ RunTime:0.028736s ]
[2021-06-28T10:28:00+08:00][sql] CONNECT:[ UseTime:0.000416s ] mysql:host=127.0.0.1;port=3306;dbname=a3mall-pro;charset=utf8mb4
[2021-06-28T10:28:00+08:00][sql] SHOW FULL COLUMNS FROM `mall_chat_service` [ RunTime:0.015174s ]
[2021-06-28T10:28:00+08:00][sql] SELECT * FROM `mall_chat_service` WHERE  `id` = 1  AND `is_del` = 0 LIMIT 1 [ RunTime:0.000503s ]
[2021-06-28T10:28:00+08:00][sql] SHOW FULL COLUMNS FROM `mall_chat_friends` [ RunTime:0.019614s ]
[2021-06-28T10:28:00+08:00][sql] SELECT `cf`.*,`u`.`avatar` FROM `mall_chat_friends` `cf` INNER JOIN `mall_users` `u` ON `cf`.`user_id`=`u`.`id` WHERE  `cf`.`service_id` = 1  AND `cf`.`is_del` = 0 [ RunTime:0.000376s ]
[2021-06-28T10:28:00+08:00][sql] CONNECT:[ UseTime:0.000409s ] mysql:host=127.0.0.1;port=3306;dbname=a3mall-pro;charset=utf8mb4
[2021-06-28T10:28:00+08:00][sql] SHOW FULL COLUMNS FROM `mall_chat_service` [ RunTime:0.015244s ]
[2021-06-28T10:28:00+08:00][sql] SELECT * FROM `mall_chat_service` WHERE  `id` = 1  AND `is_del` = 0 LIMIT 1 [ RunTime:0.000460s ]
[2021-06-28T10:28:00+08:00][sql] SHOW FULL COLUMNS FROM `mall_goods` [ RunTime:0.017738s ]
[2021-06-28T10:28:00+08:00][sql] SELECT * FROM `mall_goods` WHERE  `status` = 0 ORDER BY `sale` DESC,`id` DESC LIMIT 20 [ RunTime:0.000603s ]
[2021-06-28T10:28:00+08:00][sql] SHOW FULL COLUMNS FROM `mall_setting` [ RunTime:0.002262s ]
[2021-06-28T10:28:00+08:00][sql] SELECT `value` FROM `mall_setting` WHERE  `name` = 'upload' LIMIT 1 [ RunTime:0.000326s ]
[2021-06-28T10:28:00+08:00][sql] SELECT `value` FROM `mall_setting` WHERE  `name` = 'upload' LIMIT 1 [ RunTime:0.000378s ]
[2021-06-28T10:28:00+08:00][sql] SELECT `value` FROM `mall_setting` WHERE  `name` = 'upload' LIMIT 1 [ RunTime:0.000271s ]
[2021-06-28T10:28:00+08:00][sql] SELECT `value` FROM `mall_setting` WHERE  `name` = 'upload' LIMIT 1 [ RunTime:0.000261s ]
[2021-06-28T10:28:00+08:00][sql] SELECT `value` FROM `mall_setting` WHERE  `name` = 'upload' LIMIT 1 [ RunTime:0.000316s ]
[2021-06-28T10:28:00+08:00][sql] SELECT `value` FROM `mall_setting` WHERE  `name` = 'upload' LIMIT 1 [ RunTime:0.000390s ]
[2021-06-28T10:28:00+08:00][sql] SELECT `value` FROM `mall_setting` WHERE  `name` = 'upload' LIMIT 1 [ RunTime:0.000324s ]
[2021-06-28T10:28:00+08:00][sql] SELECT `value` FROM `mall_setting` WHERE  `name` = 'upload' LIMIT 1 [ RunTime:0.000255s ]
[2021-06-28T10:28:00+08:00][sql] SELECT `value` FROM `mall_setting` WHERE  `name` = 'upload' LIMIT 1 [ RunTime:0.000280s ]
[2021-06-28T10:28:00+08:00][sql] SELECT `value` FROM `mall_setting` WHERE  `name` = 'upload' LIMIT 1 [ RunTime:0.000239s ]
[2021-06-28T10:28:00+08:00][sql] SELECT `value` FROM `mall_setting` WHERE  `name` = 'upload' LIMIT 1 [ RunTime:0.000212s ]
[2021-06-28T10:28:00+08:00][sql] SELECT `value` FROM `mall_setting` WHERE  `name` = 'upload' LIMIT 1 [ RunTime:0.000230s ]
[2021-06-28T10:28:00+08:00][sql] SELECT `value` FROM `mall_setting` WHERE  `name` = 'upload' LIMIT 1 [ RunTime:0.000203s ]
[2021-06-28T10:28:00+08:00][sql] SELECT `value` FROM `mall_setting` WHERE  `name` = 'upload' LIMIT 1 [ RunTime:0.000221s ]
[2021-06-28T10:28:00+08:00][sql] SELECT `value` FROM `mall_setting` WHERE  `name` = 'upload' LIMIT 1 [ RunTime:0.000240s ]
[2021-06-28T10:28:21+08:00][sql] CONNECT:[ UseTime:0.000431s ] mysql:host=127.0.0.1;port=3306;dbname=a3mall-pro;charset=utf8mb4
[2021-06-28T10:28:21+08:00][sql] SHOW FULL COLUMNS FROM `mall_chat_service` [ RunTime:0.002158s ]
[2021-06-28T10:28:21+08:00][sql] SELECT * FROM `mall_chat_service` WHERE  `id` = 1  AND `is_del` = 0 LIMIT 1 [ RunTime:0.000395s ]
[2021-06-28T10:28:21+08:00][sql] SELECT * FROM `mall_chat_service` WHERE  `id` = 1 LIMIT 1 [ RunTime:0.000299s ]
[2021-06-28T10:28:21+08:00][sql] SHOW FULL COLUMNS FROM `mall_setting` [ RunTime:0.001954s ]
[2021-06-28T10:28:21+08:00][sql] SELECT `value` FROM `mall_setting` WHERE  `name` = 'upload' LIMIT 1 [ RunTime:0.000283s ]
[2021-06-28T10:28:21+08:00][sql] CONNECT:[ UseTime:0.000311s ] mysql:host=127.0.0.1;port=3306;dbname=a3mall-pro;charset=utf8mb4
[2021-06-28T10:28:21+08:00][sql] SHOW FULL COLUMNS FROM `mall_chat_service` [ RunTime:0.012316s ]
[2021-06-28T10:28:21+08:00][sql] SELECT * FROM `mall_chat_service` WHERE  `id` = 1  AND `is_del` = 0 LIMIT 1 [ RunTime:0.000693s ]
[2021-06-28T10:28:21+08:00][sql] SHOW FULL COLUMNS FROM `mall_chat_friends` [ RunTime:0.002487s ]
[2021-06-28T10:28:21+08:00][sql] SELECT `cf`.*,`u`.`avatar` FROM `mall_chat_friends` `cf` INNER JOIN `mall_users` `u` ON `cf`.`user_id`=`u`.`id` WHERE  `cf`.`service_id` = 1  AND `cf`.`is_del` = 0 [ RunTime:0.000348s ]
[2021-06-28T10:28:21+08:00][sql] CONNECT:[ UseTime:0.000391s ] mysql:host=127.0.0.1;port=3306;dbname=a3mall-pro;charset=utf8mb4
[2021-06-28T10:28:21+08:00][sql] SHOW FULL COLUMNS FROM `mall_chat_service` [ RunTime:0.011292s ]
[2021-06-28T10:28:21+08:00][sql] SELECT * FROM `mall_chat_service` WHERE  `id` = 1  AND `is_del` = 0 LIMIT 1 [ RunTime:0.000904s ]
[2021-06-28T10:28:21+08:00][sql] SHOW FULL COLUMNS FROM `mall_goods` [ RunTime:0.003290s ]
[2021-06-28T10:28:21+08:00][sql] SELECT * FROM `mall_goods` WHERE  `status` = 0 ORDER BY `sale` DESC,`id` DESC LIMIT 20 [ RunTime:0.000567s ]
[2021-06-28T10:28:21+08:00][sql] SHOW FULL COLUMNS FROM `mall_setting` [ RunTime:0.002178s ]
[2021-06-28T10:28:21+08:00][sql] SELECT `value` FROM `mall_setting` WHERE  `name` = 'upload' LIMIT 1 [ RunTime:0.000389s ]
[2021-06-28T10:28:21+08:00][sql] SELECT `value` FROM `mall_setting` WHERE  `name` = 'upload' LIMIT 1 [ RunTime:0.000515s ]
[2021-06-28T10:28:21+08:00][sql] SELECT `value` FROM `mall_setting` WHERE  `name` = 'upload' LIMIT 1 [ RunTime:0.000465s ]
[2021-06-28T10:28:21+08:00][sql] SELECT `value` FROM `mall_setting` WHERE  `name` = 'upload' LIMIT 1 [ RunTime:0.000388s ]
[2021-06-28T10:28:21+08:00][sql] SELECT `value` FROM `mall_setting` WHERE  `name` = 'upload' LIMIT 1 [ RunTime:0.000305s ]
[2021-06-28T10:28:21+08:00][sql] SELECT `value` FROM `mall_setting` WHERE  `name` = 'upload' LIMIT 1 [ RunTime:0.000239s ]
[2021-06-28T10:28:21+08:00][sql] SELECT `value` FROM `mall_setting` WHERE  `name` = 'upload' LIMIT 1 [ RunTime:0.000260s ]
[2021-06-28T10:28:21+08:00][sql] SELECT `value` FROM `mall_setting` WHERE  `name` = 'upload' LIMIT 1 [ RunTime:0.000234s ]
[2021-06-28T10:28:21+08:00][sql] SELECT `value` FROM `mall_setting` WHERE  `name` = 'upload' LIMIT 1 [ RunTime:0.000215s ]
[2021-06-28T10:28:21+08:00][sql] SELECT `value` FROM `mall_setting` WHERE  `name` = 'upload' LIMIT 1 [ RunTime:0.000205s ]
[2021-06-28T10:28:21+08:00][sql] SELECT `value` FROM `mall_setting` WHERE  `name` = 'upload' LIMIT 1 [ RunTime:0.000214s ]
[2021-06-28T10:28:21+08:00][sql] SELECT `value` FROM `mall_setting` WHERE  `name` = 'upload' LIMIT 1 [ RunTime:0.000211s ]
[2021-06-28T10:28:21+08:00][sql] SELECT `value` FROM `mall_setting` WHERE  `name` = 'upload' LIMIT 1 [ RunTime:0.000204s ]
[2021-06-28T10:28:21+08:00][sql] SELECT `value` FROM `mall_setting` WHERE  `name` = 'upload' LIMIT 1 [ RunTime:0.000210s ]
[2021-06-28T10:28:21+08:00][sql] SELECT `value` FROM `mall_setting` WHERE  `name` = 'upload' LIMIT 1 [ RunTime:0.000197s ]
[2021-06-28T10:28:22+08:00][sql] CONNECT:[ UseTime:0.000377s ] mysql:host=127.0.0.1;port=3306;dbname=a3mall-pro;charset=utf8mb4
[2021-06-28T10:28:22+08:00][sql] SHOW FULL COLUMNS FROM `mall_chat_service` [ RunTime:0.002236s ]
[2021-06-28T10:28:22+08:00][sql] SELECT * FROM `mall_chat_service` WHERE  `id` = 1  AND `is_del` = 0 LIMIT 1 [ RunTime:0.000353s ]
[2021-06-28T10:28:22+08:00][sql] SELECT * FROM `mall_chat_service` WHERE  `id` = 1 LIMIT 1 [ RunTime:0.000320s ]
[2021-06-28T10:28:22+08:00][sql] SHOW FULL COLUMNS FROM `mall_setting` [ RunTime:0.007016s ]
[2021-06-28T10:28:22+08:00][sql] SELECT `value` FROM `mall_setting` WHERE  `name` = 'upload' LIMIT 1 [ RunTime:0.043763s ]
[2021-06-28T10:28:22+08:00][sql] CONNECT:[ UseTime:0.000300s ] mysql:host=127.0.0.1;port=3306;dbname=a3mall-pro;charset=utf8mb4
[2021-06-28T10:28:22+08:00][sql] SHOW FULL COLUMNS FROM `mall_chat_service` [ RunTime:0.003016s ]
[2021-06-28T10:28:22+08:00][sql] SELECT * FROM `mall_chat_service` WHERE  `id` = 1  AND `is_del` = 0 LIMIT 1 [ RunTime:0.000582s ]
[2021-06-28T10:28:22+08:00][sql] SHOW FULL COLUMNS FROM `mall_chat_friends` [ RunTime:0.002932s ]
[2021-06-28T10:28:22+08:00][sql] SELECT `cf`.*,`u`.`avatar` FROM `mall_chat_friends` `cf` INNER JOIN `mall_users` `u` ON `cf`.`user_id`=`u`.`id` WHERE  `cf`.`service_id` = 1  AND `cf`.`is_del` = 0 [ RunTime:0.000348s ]
[2021-06-28T10:28:22+08:00][sql] CONNECT:[ UseTime:0.000399s ] mysql:host=127.0.0.1;port=3306;dbname=a3mall-pro;charset=utf8mb4
[2021-06-28T10:28:22+08:00][sql] SHOW FULL COLUMNS FROM `mall_chat_service` [ RunTime:0.003157s ]
[2021-06-28T10:28:22+08:00][sql] SELECT * FROM `mall_chat_service` WHERE  `id` = 1  AND `is_del` = 0 LIMIT 1 [ RunTime:0.000579s ]
[2021-06-28T10:28:22+08:00][sql] SHOW FULL COLUMNS FROM `mall_goods` [ RunTime:0.002561s ]
[2021-06-28T10:28:22+08:00][sql] SELECT * FROM `mall_goods` WHERE  `status` = 0 ORDER BY `sale` DESC,`id` DESC LIMIT 20 [ RunTime:0.000533s ]
[2021-06-28T10:28:22+08:00][sql] SHOW FULL COLUMNS FROM `mall_setting` [ RunTime:0.002216s ]
[2021-06-28T10:28:22+08:00][sql] SELECT `value` FROM `mall_setting` WHERE  `name` = 'upload' LIMIT 1 [ RunTime:0.000380s ]
[2021-06-28T10:28:22+08:00][sql] SELECT `value` FROM `mall_setting` WHERE  `name` = 'upload' LIMIT 1 [ RunTime:0.000323s ]
[2021-06-28T10:28:22+08:00][sql] SELECT `value` FROM `mall_setting` WHERE  `name` = 'upload' LIMIT 1 [ RunTime:0.000311s ]
[2021-06-28T10:28:22+08:00][sql] SELECT `value` FROM `mall_setting` WHERE  `name` = 'upload' LIMIT 1 [ RunTime:0.000267s ]
[2021-06-28T10:28:22+08:00][sql] SELECT `value` FROM `mall_setting` WHERE  `name` = 'upload' LIMIT 1 [ RunTime:0.000215s ]
[2021-06-28T10:28:22+08:00][sql] SELECT `value` FROM `mall_setting` WHERE  `name` = 'upload' LIMIT 1 [ RunTime:0.000232s ]
[2021-06-28T10:28:22+08:00][sql] SELECT `value` FROM `mall_setting` WHERE  `name` = 'upload' LIMIT 1 [ RunTime:0.000208s ]
[2021-06-28T10:28:22+08:00][sql] SELECT `value` FROM `mall_setting` WHERE  `name` = 'upload' LIMIT 1 [ RunTime:0.000226s ]
[2021-06-28T10:28:22+08:00][sql] SELECT `value` FROM `mall_setting` WHERE  `name` = 'upload' LIMIT 1 [ RunTime:0.000201s ]
[2021-06-28T10:28:22+08:00][sql] SELECT `value` FROM `mall_setting` WHERE  `name` = 'upload' LIMIT 1 [ RunTime:0.000209s ]
[2021-06-28T10:28:22+08:00][sql] SELECT `value` FROM `mall_setting` WHERE  `name` = 'upload' LIMIT 1 [ RunTime:0.000192s ]
[2021-06-28T10:28:22+08:00][sql] SELECT `value` FROM `mall_setting` WHERE  `name` = 'upload' LIMIT 1 [ RunTime:0.000213s ]
[2021-06-28T10:28:22+08:00][sql] SELECT `value` FROM `mall_setting` WHERE  `name` = 'upload' LIMIT 1 [ RunTime:0.000207s ]
[2021-06-28T10:28:22+08:00][sql] SELECT `value` FROM `mall_setting` WHERE  `name` = 'upload' LIMIT 1 [ RunTime:0.000220s ]
[2021-06-28T10:28:22+08:00][sql] SELECT `value` FROM `mall_setting` WHERE  `name` = 'upload' LIMIT 1 [ RunTime:0.000198s ]
[2021-06-28T10:28:23+08:00][sql] CONNECT:[ UseTime:0.000394s ] mysql:host=127.0.0.1;port=3306;dbname=a3mall-pro;charset=utf8mb4
[2021-06-28T10:28:23+08:00][sql] SHOW FULL COLUMNS FROM `mall_chat_service` [ RunTime:0.007385s ]
[2021-06-28T10:28:23+08:00][sql] SELECT * FROM `mall_chat_service` WHERE  `id` = 1  AND `is_del` = 0 LIMIT 1 [ RunTime:0.000538s ]
[2021-06-28T10:28:23+08:00][sql] SELECT * FROM `mall_chat_service` WHERE  `id` = 1 LIMIT 1 [ RunTime:0.000450s ]
[2021-06-28T10:28:23+08:00][sql] SHOW FULL COLUMNS FROM `mall_setting` [ RunTime:0.002121s ]
[2021-06-28T10:28:23+08:00][sql] SELECT `value` FROM `mall_setting` WHERE  `name` = 'upload' LIMIT 1 [ RunTime:0.000290s ]
[2021-06-28T10:28:23+08:00][sql] CONNECT:[ UseTime:0.000315s ] mysql:host=127.0.0.1;port=3306;dbname=a3mall-pro;charset=utf8mb4
[2021-06-28T10:28:23+08:00][sql] SHOW FULL COLUMNS FROM `mall_chat_service` [ RunTime:0.003270s ]
[2021-06-28T10:28:23+08:00][sql] SELECT * FROM `mall_chat_service` WHERE  `id` = 1  AND `is_del` = 0 LIMIT 1 [ RunTime:0.000449s ]
[2021-06-28T10:28:23+08:00][sql] SHOW FULL COLUMNS FROM `mall_chat_friends` [ RunTime:0.002503s ]
[2021-06-28T10:28:23+08:00][sql] SELECT `cf`.*,`u`.`avatar` FROM `mall_chat_friends` `cf` INNER JOIN `mall_users` `u` ON `cf`.`user_id`=`u`.`id` WHERE  `cf`.`service_id` = 1  AND `cf`.`is_del` = 0 [ RunTime:0.000328s ]
[2021-06-28T10:28:23+08:00][sql] CONNECT:[ UseTime:0.000399s ] mysql:host=127.0.0.1;port=3306;dbname=a3mall-pro;charset=utf8mb4
[2021-06-28T10:28:23+08:00][sql] SHOW FULL COLUMNS FROM `mall_chat_service` [ RunTime:0.002930s ]
[2021-06-28T10:28:23+08:00][sql] SELECT * FROM `mall_chat_service` WHERE  `id` = 1  AND `is_del` = 0 LIMIT 1 [ RunTime:0.000503s ]
[2021-06-28T10:28:23+08:00][sql] SHOW FULL COLUMNS FROM `mall_goods` [ RunTime:0.002560s ]
[2021-06-28T10:28:23+08:00][sql] SELECT * FROM `mall_goods` WHERE  `status` = 0 ORDER BY `sale` DESC,`id` DESC LIMIT 20 [ RunTime:0.000505s ]
[2021-06-28T10:28:23+08:00][sql] SHOW FULL COLUMNS FROM `mall_setting` [ RunTime:0.002152s ]
[2021-06-28T10:28:23+08:00][sql] SELECT `value` FROM `mall_setting` WHERE  `name` = 'upload' LIMIT 1 [ RunTime:0.000321s ]
[2021-06-28T10:28:23+08:00][sql] SELECT `value` FROM `mall_setting` WHERE  `name` = 'upload' LIMIT 1 [ RunTime:0.000340s ]
[2021-06-28T10:28:23+08:00][sql] SELECT `value` FROM `mall_setting` WHERE  `name` = 'upload' LIMIT 1 [ RunTime:0.000270s ]
[2021-06-28T10:28:23+08:00][sql] SELECT `value` FROM `mall_setting` WHERE  `name` = 'upload' LIMIT 1 [ RunTime:0.000246s ]
[2021-06-28T10:28:23+08:00][sql] SELECT `value` FROM `mall_setting` WHERE  `name` = 'upload' LIMIT 1 [ RunTime:0.000234s ]
[2021-06-28T10:28:23+08:00][sql] SELECT `value` FROM `mall_setting` WHERE  `name` = 'upload' LIMIT 1 [ RunTime:0.000289s ]
[2021-06-28T10:28:23+08:00][sql] SELECT `value` FROM `mall_setting` WHERE  `name` = 'upload' LIMIT 1 [ RunTime:0.000202s ]
[2021-06-28T10:28:23+08:00][sql] SELECT `value` FROM `mall_setting` WHERE  `name` = 'upload' LIMIT 1 [ RunTime:0.000225s ]
[2021-06-28T10:28:23+08:00][sql] SELECT `value` FROM `mall_setting` WHERE  `name` = 'upload' LIMIT 1 [ RunTime:0.000208s ]
[2021-06-28T10:28:23+08:00][sql] SELECT `value` FROM `mall_setting` WHERE  `name` = 'upload' LIMIT 1 [ RunTime:0.000203s ]
[2021-06-28T10:28:23+08:00][sql] SELECT `value` FROM `mall_setting` WHERE  `name` = 'upload' LIMIT 1 [ RunTime:0.000193s ]
[2021-06-28T10:28:23+08:00][sql] SELECT `value` FROM `mall_setting` WHERE  `name` = 'upload' LIMIT 1 [ RunTime:0.000207s ]
[2021-06-28T10:28:23+08:00][sql] SELECT `value` FROM `mall_setting` WHERE  `name` = 'upload' LIMIT 1 [ RunTime:0.000203s ]
[2021-06-28T10:28:23+08:00][sql] SELECT `value` FROM `mall_setting` WHERE  `name` = 'upload' LIMIT 1 [ RunTime:0.000195s ]
[2021-06-28T10:28:23+08:00][sql] SELECT `value` FROM `mall_setting` WHERE  `name` = 'upload' LIMIT 1 [ RunTime:0.000221s ]
[2021-06-28T10:28:44+08:00][sql] CONNECT:[ UseTime:0.000461s ] mysql:host=127.0.0.1;port=3306;dbname=a3mall-pro;charset=utf8mb4
[2021-06-28T10:28:44+08:00][sql] SHOW FULL COLUMNS FROM `mall_chat_service` [ RunTime:0.007401s ]
[2021-06-28T10:28:44+08:00][sql] SELECT * FROM `mall_chat_service` WHERE  `id` = 1  AND `is_del` = 0 LIMIT 1 [ RunTime:0.000593s ]
[2021-06-28T10:28:44+08:00][sql] SELECT * FROM `mall_chat_service` WHERE  `id` = 1 LIMIT 1 [ RunTime:0.000445s ]
[2021-06-28T10:28:44+08:00][sql] SHOW FULL COLUMNS FROM `mall_setting` [ RunTime:0.002266s ]
[2021-06-28T10:28:44+08:00][sql] SELECT `value` FROM `mall_setting` WHERE  `name` = 'upload' LIMIT 1 [ RunTime:0.000308s ]
[2021-06-28T10:28:44+08:00][sql] CONNECT:[ UseTime:0.000416s ] mysql:host=127.0.0.1;port=3306;dbname=a3mall-pro;charset=utf8mb4
[2021-06-28T10:28:44+08:00][sql] SHOW FULL COLUMNS FROM `mall_chat_service` [ RunTime:0.002786s ]
[2021-06-28T10:28:44+08:00][sql] SELECT * FROM `mall_chat_service` WHERE  `id` = 1  AND `is_del` = 0 LIMIT 1 [ RunTime:0.000403s ]
[2021-06-28T10:28:44+08:00][sql] SHOW FULL COLUMNS FROM `mall_chat_friends` [ RunTime:0.002837s ]
[2021-06-28T10:28:44+08:00][sql] SELECT `cf`.*,`u`.`avatar` FROM `mall_chat_friends` `cf` INNER JOIN `mall_users` `u` ON `cf`.`user_id`=`u`.`id` WHERE  `cf`.`service_id` = 1  AND `cf`.`is_del` = 0 [ RunTime:0.000559s ]
[2021-06-28T10:28:44+08:00][sql] CONNECT:[ UseTime:0.000350s ] mysql:host=127.0.0.1;port=3306;dbname=a3mall-pro;charset=utf8mb4
[2021-06-28T10:28:44+08:00][sql] SHOW FULL COLUMNS FROM `mall_chat_service` [ RunTime:0.002880s ]
[2021-06-28T10:28:44+08:00][sql] SELECT * FROM `mall_chat_service` WHERE  `id` = 1  AND `is_del` = 0 LIMIT 1 [ RunTime:0.000320s ]
[2021-06-28T10:28:44+08:00][sql] SHOW FULL COLUMNS FROM `mall_goods` [ RunTime:0.002834s ]
[2021-06-28T10:28:44+08:00][sql] SELECT * FROM `mall_goods` WHERE  `status` = 0 ORDER BY `sale` DESC,`id` DESC LIMIT 20 [ RunTime:0.000670s ]
[2021-06-28T10:28:44+08:00][sql] SHOW FULL COLUMNS FROM `mall_setting` [ RunTime:0.002402s ]
[2021-06-28T10:28:44+08:00][sql] SELECT `value` FROM `mall_setting` WHERE  `name` = 'upload' LIMIT 1 [ RunTime:0.000429s ]
[2021-06-28T10:28:44+08:00][sql] SELECT `value` FROM `mall_setting` WHERE  `name` = 'upload' LIMIT 1 [ RunTime:0.000292s ]
[2021-06-28T10:28:44+08:00][sql] SELECT `value` FROM `mall_setting` WHERE  `name` = 'upload' LIMIT 1 [ RunTime:0.000275s ]
[2021-06-28T10:28:44+08:00][sql] SELECT `value` FROM `mall_setting` WHERE  `name` = 'upload' LIMIT 1 [ RunTime:0.000244s ]
[2021-06-28T10:28:44+08:00][sql] SELECT `value` FROM `mall_setting` WHERE  `name` = 'upload' LIMIT 1 [ RunTime:0.000253s ]
[2021-06-28T10:28:44+08:00][sql] SELECT `value` FROM `mall_setting` WHERE  `name` = 'upload' LIMIT 1 [ RunTime:0.000202s ]
[2021-06-28T10:28:44+08:00][sql] SELECT `value` FROM `mall_setting` WHERE  `name` = 'upload' LIMIT 1 [ RunTime:0.000223s ]
[2021-06-28T10:28:44+08:00][sql] SELECT `value` FROM `mall_setting` WHERE  `name` = 'upload' LIMIT 1 [ RunTime:0.000195s ]
[2021-06-28T10:28:44+08:00][sql] SELECT `value` FROM `mall_setting` WHERE  `name` = 'upload' LIMIT 1 [ RunTime:0.000199s ]
[2021-06-28T10:28:44+08:00][sql] SELECT `value` FROM `mall_setting` WHERE  `name` = 'upload' LIMIT 1 [ RunTime:0.000212s ]
[2021-06-28T10:28:44+08:00][sql] SELECT `value` FROM `mall_setting` WHERE  `name` = 'upload' LIMIT 1 [ RunTime:0.000208s ]
[2021-06-28T10:28:44+08:00][sql] SELECT `value` FROM `mall_setting` WHERE  `name` = 'upload' LIMIT 1 [ RunTime:0.000211s ]
[2021-06-28T10:28:44+08:00][sql] SELECT `value` FROM `mall_setting` WHERE  `name` = 'upload' LIMIT 1 [ RunTime:0.000194s ]
[2021-06-28T10:28:44+08:00][sql] SELECT `value` FROM `mall_setting` WHERE  `name` = 'upload' LIMIT 1 [ RunTime:0.000194s ]
[2021-06-28T10:28:44+08:00][sql] SELECT `value` FROM `mall_setting` WHERE  `name` = 'upload' LIMIT 1 [ RunTime:0.000226s ]
[2021-06-28T10:28:57+08:00][sql] CONNECT:[ UseTime:0.000379s ] mysql:host=127.0.0.1;port=3306;dbname=a3mall-pro;charset=utf8mb4
[2021-06-28T10:28:57+08:00][sql] SHOW FULL COLUMNS FROM `mall_chat_service` [ RunTime:0.002766s ]
[2021-06-28T10:28:57+08:00][sql] SELECT * FROM `mall_chat_service` WHERE  `id` = 1  AND `is_del` = 0 LIMIT 1 [ RunTime:0.000415s ]
[2021-06-28T10:28:57+08:00][sql] SELECT * FROM `mall_chat_service` WHERE  `id` = 1 LIMIT 1 [ RunTime:0.000311s ]
[2021-06-28T10:28:57+08:00][sql] SHOW FULL COLUMNS FROM `mall_setting` [ RunTime:0.001957s ]
[2021-06-28T10:28:57+08:00][sql] SELECT `value` FROM `mall_setting` WHERE  `name` = 'upload' LIMIT 1 [ RunTime:0.000289s ]
[2021-06-28T10:28:57+08:00][sql] CONNECT:[ UseTime:0.000390s ] mysql:host=127.0.0.1;port=3306;dbname=a3mall-pro;charset=utf8mb4
[2021-06-28T10:28:57+08:00][sql] SHOW FULL COLUMNS FROM `mall_chat_service` [ RunTime:0.002790s ]
[2021-06-28T10:28:57+08:00][sql] SELECT * FROM `mall_chat_service` WHERE  `id` = 1  AND `is_del` = 0 LIMIT 1 [ RunTime:0.000486s ]
[2021-06-28T10:28:57+08:00][sql] SHOW FULL COLUMNS FROM `mall_chat_friends` [ RunTime:0.002428s ]
[2021-06-28T10:28:57+08:00][sql] SELECT `cf`.*,`u`.`avatar` FROM `mall_chat_friends` `cf` INNER JOIN `mall_users` `u` ON `cf`.`user_id`=`u`.`id` WHERE  `cf`.`service_id` = 1  AND `cf`.`is_del` = 0 [ RunTime:0.000362s ]
[2021-06-28T10:28:57+08:00][sql] CONNECT:[ UseTime:0.000326s ] mysql:host=127.0.0.1;port=3306;dbname=a3mall-pro;charset=utf8mb4
[2021-06-28T10:28:57+08:00][sql] SHOW FULL COLUMNS FROM `mall_chat_service` [ RunTime:0.002911s ]
[2021-06-28T10:28:57+08:00][sql] SELECT * FROM `mall_chat_service` WHERE  `id` = 1  AND `is_del` = 0 LIMIT 1 [ RunTime:0.000476s ]
[2021-06-28T10:28:57+08:00][sql] SHOW FULL COLUMNS FROM `mall_goods` [ RunTime:0.002464s ]
[2021-06-28T10:28:57+08:00][sql] SELECT * FROM `mall_goods` WHERE  `status` = 0 ORDER BY `sale` DESC,`id` DESC LIMIT 20 [ RunTime:0.000389s ]
[2021-06-28T10:28:57+08:00][sql] SHOW FULL COLUMNS FROM `mall_setting` [ RunTime:0.002263s ]
[2021-06-28T10:28:57+08:00][sql] SELECT `value` FROM `mall_setting` WHERE  `name` = 'upload' LIMIT 1 [ RunTime:0.000356s ]
[2021-06-28T10:28:57+08:00][sql] SELECT `value` FROM `mall_setting` WHERE  `name` = 'upload' LIMIT 1 [ RunTime:0.000288s ]
[2021-06-28T10:28:57+08:00][sql] SELECT `value` FROM `mall_setting` WHERE  `name` = 'upload' LIMIT 1 [ RunTime:0.000221s ]
[2021-06-28T10:28:57+08:00][sql] SELECT `value` FROM `mall_setting` WHERE  `name` = 'upload' LIMIT 1 [ RunTime:0.000217s ]
[2021-06-28T10:28:57+08:00][sql] SELECT `value` FROM `mall_setting` WHERE  `name` = 'upload' LIMIT 1 [ RunTime:0.000209s ]
[2021-06-28T10:28:57+08:00][sql] SELECT `value` FROM `mall_setting` WHERE  `name` = 'upload' LIMIT 1 [ RunTime:0.000212s ]
[2021-06-28T10:28:57+08:00][sql] SELECT `value` FROM `mall_setting` WHERE  `name` = 'upload' LIMIT 1 [ RunTime:0.000207s ]
[2021-06-28T10:28:57+08:00][sql] SELECT `value` FROM `mall_setting` WHERE  `name` = 'upload' LIMIT 1 [ RunTime:0.000201s ]
[2021-06-28T10:28:57+08:00][sql] SELECT `value` FROM `mall_setting` WHERE  `name` = 'upload' LIMIT 1 [ RunTime:0.000191s ]
[2021-06-28T10:28:57+08:00][sql] SELECT `value` FROM `mall_setting` WHERE  `name` = 'upload' LIMIT 1 [ RunTime:0.000206s ]
[2021-06-28T10:28:57+08:00][sql] SELECT `value` FROM `mall_setting` WHERE  `name` = 'upload' LIMIT 1 [ RunTime:0.000195s ]
[2021-06-28T10:28:57+08:00][sql] SELECT `value` FROM `mall_setting` WHERE  `name` = 'upload' LIMIT 1 [ RunTime:0.000187s ]
[2021-06-28T10:28:57+08:00][sql] SELECT `value` FROM `mall_setting` WHERE  `name` = 'upload' LIMIT 1 [ RunTime:0.000207s ]
[2021-06-28T10:28:57+08:00][sql] SELECT `value` FROM `mall_setting` WHERE  `name` = 'upload' LIMIT 1 [ RunTime:0.000213s ]
[2021-06-28T10:28:57+08:00][sql] SELECT `value` FROM `mall_setting` WHERE  `name` = 'upload' LIMIT 1 [ RunTime:0.000183s ]
[2021-06-28T10:28:59+08:00][sql] CONNECT:[ UseTime:0.000368s ] mysql:host=127.0.0.1;port=3306;dbname=a3mall-pro;charset=utf8mb4
[2021-06-28T10:28:59+08:00][sql] SHOW FULL COLUMNS FROM `mall_chat_service` [ RunTime:0.002086s ]
[2021-06-28T10:28:59+08:00][sql] SELECT * FROM `mall_chat_service` WHERE  `id` = 1  AND `is_del` = 0 LIMIT 1 [ RunTime:0.000347s ]
[2021-06-28T10:28:59+08:00][sql] SELECT * FROM `mall_chat_service` WHERE  `id` = 1 LIMIT 1 [ RunTime:0.000429s ]
[2021-06-28T10:28:59+08:00][sql] SHOW FULL COLUMNS FROM `mall_setting` [ RunTime:0.003388s ]
[2021-06-28T10:28:59+08:00][sql] SELECT `value` FROM `mall_setting` WHERE  `name` = 'upload' LIMIT 1 [ RunTime:0.000418s ]
[2021-06-28T10:28:59+08:00][sql] CONNECT:[ UseTime:0.001705s ] mysql:host=127.0.0.1;port=3306;dbname=a3mall-pro;charset=utf8mb4
[2021-06-28T10:28:59+08:00][sql] SHOW FULL COLUMNS FROM `mall_chat_service` [ RunTime:0.004224s ]
[2021-06-28T10:28:59+08:00][sql] SELECT * FROM `mall_chat_service` WHERE  `id` = 1  AND `is_del` = 0 LIMIT 1 [ RunTime:0.001123s ]
[2021-06-28T10:28:59+08:00][sql] SHOW FULL COLUMNS FROM `mall_chat_friends` [ RunTime:0.005396s ]
[2021-06-28T10:28:59+08:00][sql] SELECT `cf`.*,`u`.`avatar` FROM `mall_chat_friends` `cf` INNER JOIN `mall_users` `u` ON `cf`.`user_id`=`u`.`id` WHERE  `cf`.`service_id` = 1  AND `cf`.`is_del` = 0 [ RunTime:0.001091s ]
[2021-06-28T10:28:59+08:00][sql] CONNECT:[ UseTime:0.002204s ] mysql:host=127.0.0.1;port=3306;dbname=a3mall-pro;charset=utf8mb4
[2021-06-28T10:28:59+08:00][sql] SHOW FULL COLUMNS FROM `mall_chat_service` [ RunTime:0.004072s ]
[2021-06-28T10:28:59+08:00][sql] SELECT * FROM `mall_chat_service` WHERE  `id` = 1  AND `is_del` = 0 LIMIT 1 [ RunTime:0.001132s ]
[2021-06-28T10:28:59+08:00][sql] SHOW FULL COLUMNS FROM `mall_goods` [ RunTime:0.004781s ]
[2021-06-28T10:28:59+08:00][sql] SELECT * FROM `mall_goods` WHERE  `status` = 0 ORDER BY `sale` DESC,`id` DESC LIMIT 20 [ RunTime:0.001889s ]
[2021-06-28T10:28:59+08:00][sql] SHOW FULL COLUMNS FROM `mall_setting` [ RunTime:0.002883s ]
[2021-06-28T10:28:59+08:00][sql] SELECT `value` FROM `mall_setting` WHERE  `name` = 'upload' LIMIT 1 [ RunTime:0.000466s ]
[2021-06-28T10:28:59+08:00][sql] SELECT `value` FROM `mall_setting` WHERE  `name` = 'upload' LIMIT 1 [ RunTime:0.000487s ]
[2021-06-28T10:28:59+08:00][sql] SELECT `value` FROM `mall_setting` WHERE  `name` = 'upload' LIMIT 1 [ RunTime:0.000414s ]
[2021-06-28T10:28:59+08:00][sql] SELECT `value` FROM `mall_setting` WHERE  `name` = 'upload' LIMIT 1 [ RunTime:0.000435s ]
[2021-06-28T10:28:59+08:00][sql] SELECT `value` FROM `mall_setting` WHERE  `name` = 'upload' LIMIT 1 [ RunTime:0.000346s ]
[2021-06-28T10:28:59+08:00][sql] SELECT `value` FROM `mall_setting` WHERE  `name` = 'upload' LIMIT 1 [ RunTime:0.000293s ]
[2021-06-28T10:28:59+08:00][sql] SELECT `value` FROM `mall_setting` WHERE  `name` = 'upload' LIMIT 1 [ RunTime:0.000287s ]
[2021-06-28T10:28:59+08:00][sql] SELECT `value` FROM `mall_setting` WHERE  `name` = 'upload' LIMIT 1 [ RunTime:0.000239s ]
[2021-06-28T10:28:59+08:00][sql] SELECT `value` FROM `mall_setting` WHERE  `name` = 'upload' LIMIT 1 [ RunTime:0.000279s ]
[2021-06-28T10:28:59+08:00][sql] SELECT `value` FROM `mall_setting` WHERE  `name` = 'upload' LIMIT 1 [ RunTime:0.000298s ]
[2021-06-28T10:28:59+08:00][sql] SELECT `value` FROM `mall_setting` WHERE  `name` = 'upload' LIMIT 1 [ RunTime:0.000228s ]
[2021-06-28T10:28:59+08:00][sql] SELECT `value` FROM `mall_setting` WHERE  `name` = 'upload' LIMIT 1 [ RunTime:0.000223s ]
[2021-06-28T10:28:59+08:00][sql] SELECT `value` FROM `mall_setting` WHERE  `name` = 'upload' LIMIT 1 [ RunTime:0.000242s ]
[2021-06-28T10:28:59+08:00][sql] SELECT `value` FROM `mall_setting` WHERE  `name` = 'upload' LIMIT 1 [ RunTime:0.000314s ]
[2021-06-28T10:28:59+08:00][sql] SELECT `value` FROM `mall_setting` WHERE  `name` = 'upload' LIMIT 1 [ RunTime:0.000627s ]
[2021-06-28T10:30:32+08:00][sql] CONNECT:[ UseTime:0.000365s ] mysql:host=127.0.0.1;port=3306;dbname=a3mall-pro;charset=utf8mb4
[2021-06-28T10:30:32+08:00][sql] SHOW FULL COLUMNS FROM `mall_chat_service` [ RunTime:0.002240s ]
[2021-06-28T10:30:32+08:00][sql] SELECT * FROM `mall_chat_service` WHERE  `id` = 1  AND `is_del` = 0 LIMIT 1 [ RunTime:0.015750s ]
[2021-06-28T10:30:32+08:00][sql] SELECT * FROM `mall_chat_service` WHERE  `id` = 1 LIMIT 1 [ RunTime:0.000672s ]
[2021-06-28T10:30:32+08:00][sql] SHOW FULL COLUMNS FROM `mall_setting` [ RunTime:0.003582s ]
[2021-06-28T10:30:32+08:00][sql] SELECT `value` FROM `mall_setting` WHERE  `name` = 'upload' LIMIT 1 [ RunTime:0.000752s ]
[2021-06-28T10:30:32+08:00][sql] CONNECT:[ UseTime:0.001179s ] mysql:host=127.0.0.1;port=3306;dbname=a3mall-pro;charset=utf8mb4
[2021-06-28T10:30:32+08:00][sql] SHOW FULL COLUMNS FROM `mall_chat_service` [ RunTime:0.003001s ]
[2021-06-28T10:30:32+08:00][sql] SELECT * FROM `mall_chat_service` WHERE  `id` = 1  AND `is_del` = 0 LIMIT 1 [ RunTime:0.001401s ]
[2021-06-28T10:30:32+08:00][sql] SHOW FULL COLUMNS FROM `mall_chat_friends` [ RunTime:0.003052s ]
[2021-06-28T10:30:32+08:00][sql] SELECT `cf`.*,`u`.`avatar` FROM `mall_chat_friends` `cf` INNER JOIN `mall_users` `u` ON `cf`.`user_id`=`u`.`id` WHERE  `cf`.`service_id` = 1  AND `cf`.`is_del` = 0 [ RunTime:0.000496s ]
[2021-06-28T10:30:32+08:00][sql] CONNECT:[ UseTime:0.001955s ] mysql:host=127.0.0.1;port=3306;dbname=a3mall-pro;charset=utf8mb4
[2021-06-28T10:30:32+08:00][sql] SHOW FULL COLUMNS FROM `mall_chat_service` [ RunTime:0.003290s ]
[2021-06-28T10:30:32+08:00][sql] SELECT * FROM `mall_chat_service` WHERE  `id` = 1  AND `is_del` = 0 LIMIT 1 [ RunTime:0.000499s ]
[2021-06-28T10:30:32+08:00][sql] SHOW FULL COLUMNS FROM `mall_goods` [ RunTime:0.003452s ]
[2021-06-28T10:30:32+08:00][sql] SELECT * FROM `mall_goods` WHERE  `status` = 0 ORDER BY `sale` DESC,`id` DESC LIMIT 20 [ RunTime:0.000917s ]
[2021-06-28T10:30:32+08:00][sql] SHOW FULL COLUMNS FROM `mall_setting` [ RunTime:0.003037s ]
[2021-06-28T10:30:32+08:00][sql] SELECT `value` FROM `mall_setting` WHERE  `name` = 'upload' LIMIT 1 [ RunTime:0.000471s ]
[2021-06-28T10:30:32+08:00][sql] SELECT `value` FROM `mall_setting` WHERE  `name` = 'upload' LIMIT 1 [ RunTime:0.000399s ]
[2021-06-28T10:30:32+08:00][sql] SELECT `value` FROM `mall_setting` WHERE  `name` = 'upload' LIMIT 1 [ RunTime:0.000396s ]
[2021-06-28T10:30:32+08:00][sql] SELECT `value` FROM `mall_setting` WHERE  `name` = 'upload' LIMIT 1 [ RunTime:0.000362s ]
[2021-06-28T10:30:32+08:00][sql] SELECT `value` FROM `mall_setting` WHERE  `name` = 'upload' LIMIT 1 [ RunTime:0.000269s ]
[2021-06-28T10:30:32+08:00][sql] SELECT `value` FROM `mall_setting` WHERE  `name` = 'upload' LIMIT 1 [ RunTime:0.000282s ]
[2021-06-28T10:30:32+08:00][sql] SELECT `value` FROM `mall_setting` WHERE  `name` = 'upload' LIMIT 1 [ RunTime:0.000280s ]
[2021-06-28T10:30:32+08:00][sql] SELECT `value` FROM `mall_setting` WHERE  `name` = 'upload' LIMIT 1 [ RunTime:0.000257s ]
[2021-06-28T10:30:32+08:00][sql] SELECT `value` FROM `mall_setting` WHERE  `name` = 'upload' LIMIT 1 [ RunTime:0.000244s ]
[2021-06-28T10:30:32+08:00][sql] SELECT `value` FROM `mall_setting` WHERE  `name` = 'upload' LIMIT 1 [ RunTime:0.000220s ]
[2021-06-28T10:30:32+08:00][sql] SELECT `value` FROM `mall_setting` WHERE  `name` = 'upload' LIMIT 1 [ RunTime:0.000219s ]
[2021-06-28T10:30:32+08:00][sql] SELECT `value` FROM `mall_setting` WHERE  `name` = 'upload' LIMIT 1 [ RunTime:0.000291s ]
[2021-06-28T10:30:32+08:00][sql] SELECT `value` FROM `mall_setting` WHERE  `name` = 'upload' LIMIT 1 [ RunTime:0.000202s ]
[2021-06-28T10:30:32+08:00][sql] SELECT `value` FROM `mall_setting` WHERE  `name` = 'upload' LIMIT 1 [ RunTime:0.000213s ]
[2021-06-28T10:30:32+08:00][sql] SELECT `value` FROM `mall_setting` WHERE  `name` = 'upload' LIMIT 1 [ RunTime:0.000194s ]
[2021-06-28T10:30:33+08:00][sql] CONNECT:[ UseTime:0.000347s ] mysql:host=127.0.0.1;port=3306;dbname=a3mall-pro;charset=utf8mb4
[2021-06-28T10:30:33+08:00][sql] SHOW FULL COLUMNS FROM `mall_chat_service` [ RunTime:0.002146s ]
[2021-06-28T10:30:33+08:00][sql] SELECT * FROM `mall_chat_service` WHERE  `id` = 1  AND `is_del` = 0 LIMIT 1 [ RunTime:0.000357s ]
[2021-06-28T10:30:33+08:00][sql] SELECT * FROM `mall_chat_service` WHERE  `id` = 1 LIMIT 1 [ RunTime:0.000312s ]
[2021-06-28T10:30:33+08:00][sql] SHOW FULL COLUMNS FROM `mall_setting` [ RunTime:0.002094s ]
[2021-06-28T10:30:33+08:00][sql] SELECT `value` FROM `mall_setting` WHERE  `name` = 'upload' LIMIT 1 [ RunTime:0.000416s ]
[2021-06-28T10:30:34+08:00][sql] CONNECT:[ UseTime:0.000358s ] mysql:host=127.0.0.1;port=3306;dbname=a3mall-pro;charset=utf8mb4
[2021-06-28T10:30:34+08:00][sql] SHOW FULL COLUMNS FROM `mall_chat_service` [ RunTime:0.024652s ]
[2021-06-28T10:30:34+08:00][sql] SELECT * FROM `mall_chat_service` WHERE  `id` = 1  AND `is_del` = 0 LIMIT 1 [ RunTime:0.000906s ]
[2021-06-28T10:30:34+08:00][sql] SHOW FULL COLUMNS FROM `mall_chat_friends` [ RunTime:0.004059s ]
[2021-06-28T10:30:34+08:00][sql] SELECT `cf`.*,`u`.`avatar` FROM `mall_chat_friends` `cf` INNER JOIN `mall_users` `u` ON `cf`.`user_id`=`u`.`id` WHERE  `cf`.`service_id` = 1  AND `cf`.`is_del` = 0 [ RunTime:0.000470s ]
[2021-06-28T10:30:34+08:00][sql] CONNECT:[ UseTime:0.000260s ] mysql:host=127.0.0.1;port=3306;dbname=a3mall-pro;charset=utf8mb4
[2021-06-28T10:30:34+08:00][sql] SHOW FULL COLUMNS FROM `mall_chat_service` [ RunTime:0.024402s ]
[2021-06-28T10:30:34+08:00][sql] SELECT * FROM `mall_chat_service` WHERE  `id` = 1  AND `is_del` = 0 LIMIT 1 [ RunTime:0.000808s ]
[2021-06-28T10:30:34+08:00][sql] SHOW FULL COLUMNS FROM `mall_goods` [ RunTime:0.003699s ]
[2021-06-28T10:30:34+08:00][sql] SELECT * FROM `mall_goods` WHERE  `status` = 0 ORDER BY `sale` DESC,`id` DESC LIMIT 20 [ RunTime:0.000591s ]
[2021-06-28T10:30:34+08:00][sql] SHOW FULL COLUMNS FROM `mall_setting` [ RunTime:0.002978s ]
[2021-06-28T10:30:34+08:00][sql] SELECT `value` FROM `mall_setting` WHERE  `name` = 'upload' LIMIT 1 [ RunTime:0.000546s ]
[2021-06-28T10:30:34+08:00][sql] SELECT `value` FROM `mall_setting` WHERE  `name` = 'upload' LIMIT 1 [ RunTime:0.000635s ]
[2021-06-28T10:30:34+08:00][sql] SELECT `value` FROM `mall_setting` WHERE  `name` = 'upload' LIMIT 1 [ RunTime:0.000624s ]
[2021-06-28T10:30:34+08:00][sql] SELECT `value` FROM `mall_setting` WHERE  `name` = 'upload' LIMIT 1 [ RunTime:0.000436s ]
[2021-06-28T10:30:34+08:00][sql] SELECT `value` FROM `mall_setting` WHERE  `name` = 'upload' LIMIT 1 [ RunTime:0.000326s ]
[2021-06-28T10:30:34+08:00][sql] SELECT `value` FROM `mall_setting` WHERE  `name` = 'upload' LIMIT 1 [ RunTime:0.000291s ]
[2021-06-28T10:30:34+08:00][sql] SELECT `value` FROM `mall_setting` WHERE  `name` = 'upload' LIMIT 1 [ RunTime:0.000278s ]
[2021-06-28T10:30:34+08:00][sql] SELECT `value` FROM `mall_setting` WHERE  `name` = 'upload' LIMIT 1 [ RunTime:0.000466s ]
[2021-06-28T10:30:34+08:00][sql] SELECT `value` FROM `mall_setting` WHERE  `name` = 'upload' LIMIT 1 [ RunTime:0.000479s ]
[2021-06-28T10:30:34+08:00][sql] SELECT `value` FROM `mall_setting` WHERE  `name` = 'upload' LIMIT 1 [ RunTime:0.000980s ]
[2021-06-28T10:30:34+08:00][sql] SELECT `value` FROM `mall_setting` WHERE  `name` = 'upload' LIMIT 1 [ RunTime:0.000402s ]
[2021-06-28T10:30:34+08:00][sql] SELECT `value` FROM `mall_setting` WHERE  `name` = 'upload' LIMIT 1 [ RunTime:0.000450s ]
[2021-06-28T10:30:34+08:00][sql] SELECT `value` FROM `mall_setting` WHERE  `name` = 'upload' LIMIT 1 [ RunTime:0.000391s ]
[2021-06-28T10:30:34+08:00][sql] SELECT `value` FROM `mall_setting` WHERE  `name` = 'upload' LIMIT 1 [ RunTime:0.000492s ]
[2021-06-28T10:30:34+08:00][sql] SELECT `value` FROM `mall_setting` WHERE  `name` = 'upload' LIMIT 1 [ RunTime:0.000379s ]
[2021-06-28T10:30:34+08:00][sql] CONNECT:[ UseTime:0.000355s ] mysql:host=127.0.0.1;port=3306;dbname=a3mall-pro;charset=utf8mb4
[2021-06-28T10:30:34+08:00][sql] SHOW FULL COLUMNS FROM `mall_chat_service` [ RunTime:0.007065s ]
[2021-06-28T10:30:34+08:00][sql] SELECT * FROM `mall_chat_service` WHERE  `id` = 1  AND `is_del` = 0 LIMIT 1 [ RunTime:0.000532s ]
[2021-06-28T10:30:34+08:00][sql] SELECT * FROM `mall_chat_service` WHERE  `id` = 1 LIMIT 1 [ RunTime:0.000450s ]
[2021-06-28T10:30:34+08:00][sql] SHOW FULL COLUMNS FROM `mall_setting` [ RunTime:0.002126s ]
[2021-06-28T10:30:34+08:00][sql] SELECT `value` FROM `mall_setting` WHERE  `name` = 'upload' LIMIT 1 [ RunTime:0.000300s ]
[2021-06-28T10:30:34+08:00][sql] CONNECT:[ UseTime:0.000416s ] mysql:host=127.0.0.1;port=3306;dbname=a3mall-pro;charset=utf8mb4
[2021-06-28T10:30:34+08:00][sql] SHOW FULL COLUMNS FROM `mall_chat_service` [ RunTime:0.003261s ]
[2021-06-28T10:30:34+08:00][sql] SELECT * FROM `mall_chat_service` WHERE  `id` = 1  AND `is_del` = 0 LIMIT 1 [ RunTime:0.000458s ]
[2021-06-28T10:30:34+08:00][sql] SHOW FULL COLUMNS FROM `mall_chat_friends` [ RunTime:0.002445s ]
[2021-06-28T10:30:34+08:00][sql] SELECT `cf`.*,`u`.`avatar` FROM `mall_chat_friends` `cf` INNER JOIN `mall_users` `u` ON `cf`.`user_id`=`u`.`id` WHERE  `cf`.`service_id` = 1  AND `cf`.`is_del` = 0 [ RunTime:0.000362s ]
[2021-06-28T10:30:34+08:00][sql] CONNECT:[ UseTime:0.000857s ] mysql:host=127.0.0.1;port=3306;dbname=a3mall-pro;charset=utf8mb4
[2021-06-28T10:30:34+08:00][sql] SHOW FULL COLUMNS FROM `mall_chat_service` [ RunTime:0.003150s ]
[2021-06-28T10:30:34+08:00][sql] SELECT * FROM `mall_chat_service` WHERE  `id` = 1  AND `is_del` = 0 LIMIT 1 [ RunTime:0.000518s ]
[2021-06-28T10:30:34+08:00][sql] SHOW FULL COLUMNS FROM `mall_goods` [ RunTime:0.002620s ]
[2021-06-28T10:30:34+08:00][sql] SELECT * FROM `mall_goods` WHERE  `status` = 0 ORDER BY `sale` DESC,`id` DESC LIMIT 20 [ RunTime:0.000551s ]
[2021-06-28T10:30:34+08:00][sql] SHOW FULL COLUMNS FROM `mall_setting` [ RunTime:0.002545s ]
[2021-06-28T10:30:34+08:00][sql] SELECT `value` FROM `mall_setting` WHERE  `name` = 'upload' LIMIT 1 [ RunTime:0.000506s ]
[2021-06-28T10:30:34+08:00][sql] SELECT `value` FROM `mall_setting` WHERE  `name` = 'upload' LIMIT 1 [ RunTime:0.000502s ]
[2021-06-28T10:30:34+08:00][sql] SELECT `value` FROM `mall_setting` WHERE  `name` = 'upload' LIMIT 1 [ RunTime:0.000325s ]
[2021-06-28T10:30:34+08:00][sql] SELECT `value` FROM `mall_setting` WHERE  `name` = 'upload' LIMIT 1 [ RunTime:0.000284s ]
[2021-06-28T10:30:34+08:00][sql] SELECT `value` FROM `mall_setting` WHERE  `name` = 'upload' LIMIT 1 [ RunTime:0.000249s ]
[2021-06-28T10:30:34+08:00][sql] SELECT `value` FROM `mall_setting` WHERE  `name` = 'upload' LIMIT 1 [ RunTime:0.000268s ]
[2021-06-28T10:30:34+08:00][sql] SELECT `value` FROM `mall_setting` WHERE  `name` = 'upload' LIMIT 1 [ RunTime:0.000277s ]
[2021-06-28T10:30:34+08:00][sql] SELECT `value` FROM `mall_setting` WHERE  `name` = 'upload' LIMIT 1 [ RunTime:0.000293s ]
[2021-06-28T10:30:34+08:00][sql] SELECT `value` FROM `mall_setting` WHERE  `name` = 'upload' LIMIT 1 [ RunTime:0.000268s ]
[2021-06-28T10:30:34+08:00][sql] SELECT `value` FROM `mall_setting` WHERE  `name` = 'upload' LIMIT 1 [ RunTime:0.000235s ]
[2021-06-28T10:30:34+08:00][sql] SELECT `value` FROM `mall_setting` WHERE  `name` = 'upload' LIMIT 1 [ RunTime:0.000200s ]
[2021-06-28T10:30:34+08:00][sql] SELECT `value` FROM `mall_setting` WHERE  `name` = 'upload' LIMIT 1 [ RunTime:0.000222s ]
[2021-06-28T10:30:34+08:00][sql] SELECT `value` FROM `mall_setting` WHERE  `name` = 'upload' LIMIT 1 [ RunTime:0.000216s ]
[2021-06-28T10:30:34+08:00][sql] SELECT `value` FROM `mall_setting` WHERE  `name` = 'upload' LIMIT 1 [ RunTime:0.000202s ]
[2021-06-28T10:30:34+08:00][sql] SELECT `value` FROM `mall_setting` WHERE  `name` = 'upload' LIMIT 1 [ RunTime:0.000208s ]
[2021-06-28T10:30:35+08:00][sql] CONNECT:[ UseTime:0.000354s ] mysql:host=127.0.0.1;port=3306;dbname=a3mall-pro;charset=utf8mb4
[2021-06-28T10:30:35+08:00][sql] SHOW FULL COLUMNS FROM `mall_chat_service` [ RunTime:0.005907s ]
[2021-06-28T10:30:35+08:00][sql] SELECT * FROM `mall_chat_service` WHERE  `id` = 1  AND `is_del` = 0 LIMIT 1 [ RunTime:0.000323s ]
[2021-06-28T10:30:35+08:00][sql] SELECT * FROM `mall_chat_service` WHERE  `id` = 1 LIMIT 1 [ RunTime:0.000220s ]
[2021-06-28T10:30:35+08:00][sql] SHOW FULL COLUMNS FROM `mall_setting` [ RunTime:0.002219s ]
[2021-06-28T10:30:35+08:00][sql] SELECT `value` FROM `mall_setting` WHERE  `name` = 'upload' LIMIT 1 [ RunTime:0.000270s ]
[2021-06-28T10:30:35+08:00][sql] CONNECT:[ UseTime:0.000421s ] mysql:host=127.0.0.1;port=3306;dbname=a3mall-pro;charset=utf8mb4
[2021-06-28T10:30:35+08:00][sql] SHOW FULL COLUMNS FROM `mall_chat_service` [ RunTime:0.003616s ]
[2021-06-28T10:30:35+08:00][sql] SELECT * FROM `mall_chat_service` WHERE  `id` = 1  AND `is_del` = 0 LIMIT 1 [ RunTime:0.000464s ]
[2021-06-28T10:30:35+08:00][sql] SHOW FULL COLUMNS FROM `mall_chat_friends` [ RunTime:0.002804s ]
[2021-06-28T10:30:35+08:00][sql] SELECT `cf`.*,`u`.`avatar` FROM `mall_chat_friends` `cf` INNER JOIN `mall_users` `u` ON `cf`.`user_id`=`u`.`id` WHERE  `cf`.`service_id` = 1  AND `cf`.`is_del` = 0 [ RunTime:0.000437s ]
[2021-06-28T10:30:35+08:00][sql] CONNECT:[ UseTime:0.000365s ] mysql:host=127.0.0.1;port=3306;dbname=a3mall-pro;charset=utf8mb4
[2021-06-28T10:30:35+08:00][sql] SHOW FULL COLUMNS FROM `mall_chat_service` [ RunTime:0.003064s ]
[2021-06-28T10:30:35+08:00][sql] SELECT * FROM `mall_chat_service` WHERE  `id` = 1  AND `is_del` = 0 LIMIT 1 [ RunTime:0.001784s ]
[2021-06-28T10:30:35+08:00][sql] SHOW FULL COLUMNS FROM `mall_goods` [ RunTime:0.002513s ]
[2021-06-28T10:30:35+08:00][sql] SELECT * FROM `mall_goods` WHERE  `status` = 0 ORDER BY `sale` DESC,`id` DESC LIMIT 20 [ RunTime:0.000856s ]
[2021-06-28T10:30:35+08:00][sql] SHOW FULL COLUMNS FROM `mall_setting` [ RunTime:0.002408s ]
[2021-06-28T10:30:35+08:00][sql] SELECT `value` FROM `mall_setting` WHERE  `name` = 'upload' LIMIT 1 [ RunTime:0.000439s ]
[2021-06-28T10:30:35+08:00][sql] SELECT `value` FROM `mall_setting` WHERE  `name` = 'upload' LIMIT 1 [ RunTime:0.000408s ]
[2021-06-28T10:30:35+08:00][sql] SELECT `value` FROM `mall_setting` WHERE  `name` = 'upload' LIMIT 1 [ RunTime:0.000452s ]
[2021-06-28T10:30:35+08:00][sql] SELECT `value` FROM `mall_setting` WHERE  `name` = 'upload' LIMIT 1 [ RunTime:0.000326s ]
[2021-06-28T10:30:35+08:00][sql] SELECT `value` FROM `mall_setting` WHERE  `name` = 'upload' LIMIT 1 [ RunTime:0.000438s ]
[2021-06-28T10:30:35+08:00][sql] SELECT `value` FROM `mall_setting` WHERE  `name` = 'upload' LIMIT 1 [ RunTime:0.000387s ]
[2021-06-28T10:30:35+08:00][sql] SELECT `value` FROM `mall_setting` WHERE  `name` = 'upload' LIMIT 1 [ RunTime:0.000531s ]
[2021-06-28T10:30:35+08:00][sql] SELECT `value` FROM `mall_setting` WHERE  `name` = 'upload' LIMIT 1 [ RunTime:0.000344s ]
[2021-06-28T10:30:35+08:00][sql] SELECT `value` FROM `mall_setting` WHERE  `name` = 'upload' LIMIT 1 [ RunTime:0.000367s ]
[2021-06-28T10:30:35+08:00][sql] SELECT `value` FROM `mall_setting` WHERE  `name` = 'upload' LIMIT 1 [ RunTime:0.000262s ]
[2021-06-28T10:30:35+08:00][sql] SELECT `value` FROM `mall_setting` WHERE  `name` = 'upload' LIMIT 1 [ RunTime:0.000271s ]
[2021-06-28T10:30:35+08:00][sql] SELECT `value` FROM `mall_setting` WHERE  `name` = 'upload' LIMIT 1 [ RunTime:0.000349s ]
[2021-06-28T10:30:35+08:00][sql] SELECT `value` FROM `mall_setting` WHERE  `name` = 'upload' LIMIT 1 [ RunTime:0.001063s ]
[2021-06-28T10:30:35+08:00][sql] SELECT `value` FROM `mall_setting` WHERE  `name` = 'upload' LIMIT 1 [ RunTime:0.000422s ]
[2021-06-28T10:30:35+08:00][sql] SELECT `value` FROM `mall_setting` WHERE  `name` = 'upload' LIMIT 1 [ RunTime:0.000360s ]
[2021-06-28T10:30:35+08:00][sql] CONNECT:[ UseTime:0.000352s ] mysql:host=127.0.0.1;port=3306;dbname=a3mall-pro;charset=utf8mb4
[2021-06-28T10:30:35+08:00][sql] SHOW FULL COLUMNS FROM `mall_chat_service` [ RunTime:0.003168s ]
[2021-06-28T10:30:35+08:00][sql] SELECT * FROM `mall_chat_service` WHERE  `id` = 1  AND `is_del` = 0 LIMIT 1 [ RunTime:0.000388s ]
[2021-06-28T10:30:35+08:00][sql] SELECT * FROM `mall_chat_service` WHERE  `id` = 1 LIMIT 1 [ RunTime:0.000294s ]
[2021-06-28T10:30:35+08:00][sql] SHOW FULL COLUMNS FROM `mall_setting` [ RunTime:0.002039s ]
[2021-06-28T10:30:35+08:00][sql] SELECT `value` FROM `mall_setting` WHERE  `name` = 'upload' LIMIT 1 [ RunTime:0.000305s ]
[2021-06-28T10:30:35+08:00][sql] CONNECT:[ UseTime:0.000428s ] mysql:host=127.0.0.1;port=3306;dbname=a3mall-pro;charset=utf8mb4
[2021-06-28T10:30:35+08:00][sql] SHOW FULL COLUMNS FROM `mall_chat_service` [ RunTime:0.003191s ]
[2021-06-28T10:30:35+08:00][sql] SELECT * FROM `mall_chat_service` WHERE  `id` = 1  AND `is_del` = 0 LIMIT 1 [ RunTime:0.000660s ]
[2021-06-28T10:30:35+08:00][sql] SHOW FULL COLUMNS FROM `mall_chat_friends` [ RunTime:0.002852s ]
[2021-06-28T10:30:35+08:00][sql] SELECT `cf`.*,`u`.`avatar` FROM `mall_chat_friends` `cf` INNER JOIN `mall_users` `u` ON `cf`.`user_id`=`u`.`id` WHERE  `cf`.`service_id` = 1  AND `cf`.`is_del` = 0 [ RunTime:0.000468s ]
[2021-06-28T10:30:35+08:00][sql] CONNECT:[ UseTime:0.000347s ] mysql:host=127.0.0.1;port=3306;dbname=a3mall-pro;charset=utf8mb4
[2021-06-28T10:30:35+08:00][sql] SHOW FULL COLUMNS FROM `mall_chat_service` [ RunTime:0.003060s ]
[2021-06-28T10:30:35+08:00][sql] SELECT * FROM `mall_chat_service` WHERE  `id` = 1  AND `is_del` = 0 LIMIT 1 [ RunTime:0.000488s ]
[2021-06-28T10:30:35+08:00][sql] SHOW FULL COLUMNS FROM `mall_goods` [ RunTime:0.003059s ]
[2021-06-28T10:30:35+08:00][sql] SELECT * FROM `mall_goods` WHERE  `status` = 0 ORDER BY `sale` DESC,`id` DESC LIMIT 20 [ RunTime:0.000544s ]
[2021-06-28T10:30:35+08:00][sql] SHOW FULL COLUMNS FROM `mall_setting` [ RunTime:0.005027s ]
[2021-06-28T10:30:35+08:00][sql] SELECT `value` FROM `mall_setting` WHERE  `name` = 'upload' LIMIT 1 [ RunTime:0.000804s ]
[2021-06-28T10:30:35+08:00][sql] SELECT `value` FROM `mall_setting` WHERE  `name` = 'upload' LIMIT 1 [ RunTime:0.000490s ]
[2021-06-28T10:30:35+08:00][sql] SELECT `value` FROM `mall_setting` WHERE  `name` = 'upload' LIMIT 1 [ RunTime:0.000406s ]
[2021-06-28T10:30:35+08:00][sql] SELECT `value` FROM `mall_setting` WHERE  `name` = 'upload' LIMIT 1 [ RunTime:0.000318s ]
[2021-06-28T10:30:35+08:00][sql] SELECT `value` FROM `mall_setting` WHERE  `name` = 'upload' LIMIT 1 [ RunTime:0.000290s ]
[2021-06-28T10:30:35+08:00][sql] SELECT `value` FROM `mall_setting` WHERE  `name` = 'upload' LIMIT 1 [ RunTime:0.000285s ]
[2021-06-28T10:30:35+08:00][sql] SELECT `value` FROM `mall_setting` WHERE  `name` = 'upload' LIMIT 1 [ RunTime:0.000293s ]
[2021-06-28T10:30:35+08:00][sql] SELECT `value` FROM `mall_setting` WHERE  `name` = 'upload' LIMIT 1 [ RunTime:0.000236s ]
[2021-06-28T10:30:35+08:00][sql] SELECT `value` FROM `mall_setting` WHERE  `name` = 'upload' LIMIT 1 [ RunTime:0.000255s ]
[2021-06-28T10:30:35+08:00][sql] SELECT `value` FROM `mall_setting` WHERE  `name` = 'upload' LIMIT 1 [ RunTime:0.000230s ]
[2021-06-28T10:30:35+08:00][sql] SELECT `value` FROM `mall_setting` WHERE  `name` = 'upload' LIMIT 1 [ RunTime:0.000233s ]
[2021-06-28T10:30:35+08:00][sql] SELECT `value` FROM `mall_setting` WHERE  `name` = 'upload' LIMIT 1 [ RunTime:0.000215s ]
[2021-06-28T10:30:35+08:00][sql] SELECT `value` FROM `mall_setting` WHERE  `name` = 'upload' LIMIT 1 [ RunTime:0.000230s ]
[2021-06-28T10:30:35+08:00][sql] SELECT `value` FROM `mall_setting` WHERE  `name` = 'upload' LIMIT 1 [ RunTime:0.000217s ]
[2021-06-28T10:30:35+08:00][sql] SELECT `value` FROM `mall_setting` WHERE  `name` = 'upload' LIMIT 1 [ RunTime:0.000211s ]
[2021-06-28T10:30:35+08:00][sql] CONNECT:[ UseTime:0.000369s ] mysql:host=127.0.0.1;port=3306;dbname=a3mall-pro;charset=utf8mb4
[2021-06-28T10:30:35+08:00][sql] SHOW FULL COLUMNS FROM `mall_chat_service` [ RunTime:0.002293s ]
[2021-06-28T10:30:35+08:00][sql] SELECT * FROM `mall_chat_service` WHERE  `id` = 1  AND `is_del` = 0 LIMIT 1 [ RunTime:0.000384s ]
[2021-06-28T10:30:35+08:00][sql] SELECT * FROM `mall_chat_service` WHERE  `id` = 1 LIMIT 1 [ RunTime:0.000331s ]
[2021-06-28T10:30:35+08:00][sql] SHOW FULL COLUMNS FROM `mall_setting` [ RunTime:0.002778s ]
[2021-06-28T10:30:35+08:00][sql] SELECT `value` FROM `mall_setting` WHERE  `name` = 'upload' LIMIT 1 [ RunTime:0.000338s ]
[2021-06-28T10:30:35+08:00][sql] CONNECT:[ UseTime:0.000536s ] mysql:host=127.0.0.1;port=3306;dbname=a3mall-pro;charset=utf8mb4
[2021-06-28T10:30:35+08:00][sql] SHOW FULL COLUMNS FROM `mall_chat_service` [ RunTime:0.003714s ]
[2021-06-28T10:30:35+08:00][sql] SELECT * FROM `mall_chat_service` WHERE  `id` = 1  AND `is_del` = 0 LIMIT 1 [ RunTime:0.000932s ]
[2021-06-28T10:30:35+08:00][sql] SHOW FULL COLUMNS FROM `mall_chat_friends` [ RunTime:0.002722s ]
[2021-06-28T10:30:35+08:00][sql] SELECT `cf`.*,`u`.`avatar` FROM `mall_chat_friends` `cf` INNER JOIN `mall_users` `u` ON `cf`.`user_id`=`u`.`id` WHERE  `cf`.`service_id` = 1  AND `cf`.`is_del` = 0 [ RunTime:0.000581s ]
[2021-06-28T10:30:35+08:00][sql] CONNECT:[ UseTime:0.000618s ] mysql:host=127.0.0.1;port=3306;dbname=a3mall-pro;charset=utf8mb4
[2021-06-28T10:30:35+08:00][sql] SHOW FULL COLUMNS FROM `mall_chat_service` [ RunTime:0.003775s ]
[2021-06-28T10:30:35+08:00][sql] SELECT * FROM `mall_chat_service` WHERE  `id` = 1  AND `is_del` = 0 LIMIT 1 [ RunTime:0.001155s ]
[2021-06-28T10:30:35+08:00][sql] SHOW FULL COLUMNS FROM `mall_goods` [ RunTime:0.003257s ]
[2021-06-28T10:30:35+08:00][sql] SELECT * FROM `mall_goods` WHERE  `status` = 0 ORDER BY `sale` DESC,`id` DESC LIMIT 20 [ RunTime:0.000748s ]
[2021-06-28T10:30:35+08:00][sql] SHOW FULL COLUMNS FROM `mall_setting` [ RunTime:0.002603s ]
[2021-06-28T10:30:35+08:00][sql] SELECT `value` FROM `mall_setting` WHERE  `name` = 'upload' LIMIT 1 [ RunTime:0.000374s ]
[2021-06-28T10:30:35+08:00][sql] SELECT `value` FROM `mall_setting` WHERE  `name` = 'upload' LIMIT 1 [ RunTime:0.000305s ]
[2021-06-28T10:30:35+08:00][sql] SELECT `value` FROM `mall_setting` WHERE  `name` = 'upload' LIMIT 1 [ RunTime:0.000278s ]
[2021-06-28T10:30:35+08:00][sql] SELECT `value` FROM `mall_setting` WHERE  `name` = 'upload' LIMIT 1 [ RunTime:0.000334s ]
[2021-06-28T10:30:35+08:00][sql] SELECT `value` FROM `mall_setting` WHERE  `name` = 'upload' LIMIT 1 [ RunTime:0.000288s ]
[2021-06-28T10:30:35+08:00][sql] SELECT `value` FROM `mall_setting` WHERE  `name` = 'upload' LIMIT 1 [ RunTime:0.000250s ]
[2021-06-28T10:30:35+08:00][sql] SELECT `value` FROM `mall_setting` WHERE  `name` = 'upload' LIMIT 1 [ RunTime:0.000198s ]
[2021-06-28T10:30:35+08:00][sql] SELECT `value` FROM `mall_setting` WHERE  `name` = 'upload' LIMIT 1 [ RunTime:0.000211s ]
[2021-06-28T10:30:35+08:00][sql] SELECT `value` FROM `mall_setting` WHERE  `name` = 'upload' LIMIT 1 [ RunTime:0.000190s ]
[2021-06-28T10:30:35+08:00][sql] SELECT `value` FROM `mall_setting` WHERE  `name` = 'upload' LIMIT 1 [ RunTime:0.000269s ]
[2021-06-28T10:30:35+08:00][sql] SELECT `value` FROM `mall_setting` WHERE  `name` = 'upload' LIMIT 1 [ RunTime:0.000251s ]
[2021-06-28T10:30:35+08:00][sql] SELECT `value` FROM `mall_setting` WHERE  `name` = 'upload' LIMIT 1 [ RunTime:0.000213s ]
[2021-06-28T10:30:35+08:00][sql] SELECT `value` FROM `mall_setting` WHERE  `name` = 'upload' LIMIT 1 [ RunTime:0.000216s ]
[2021-06-28T10:30:35+08:00][sql] SELECT `value` FROM `mall_setting` WHERE  `name` = 'upload' LIMIT 1 [ RunTime:0.000210s ]
[2021-06-28T10:30:35+08:00][sql] SELECT `value` FROM `mall_setting` WHERE  `name` = 'upload' LIMIT 1 [ RunTime:0.000198s ]
