[2021-08-04T09:45:24+08:00][sql] CONNECT:[ UseTime:0.000432s ] mysql:host=127.0.0.1;port=3306;dbname=a3mall-pro;charset=utf8mb4
[2021-08-04T09:45:24+08:00][sql] SHOW FULL COLUMNS FROM `mall_system_users` [ RunTime:0.047301s ]
[2021-08-04T09:45:24+08:00][sql] SELECT * FROM `mall_system_users` WHERE  `username` = 'admin' LIMIT 1 [ RunTime:0.000555s ]
[2021-08-04T09:45:24+08:00][sql] UPDATE `mall_system_users`  SET `count` = 1282 , `time` = 1628041524 , `ip` = '127.0.0.1'  WHERE  `id` = 1 [ RunTime:0.097804s ]
[2021-08-04T09:45:24+08:00][sql] SHOW FULL COLUMNS FROM `mall_system_manage` [ RunTime:0.037448s ]
[2021-08-04T09:45:24+08:00][sql] SELECT COUNT(*) AS think_count FROM `mall_system_manage` WHERE  `id` = 1  AND `status` = 0 [ RunTime:0.000429s ]
[2021-08-04T09:45:24+08:00][sql] SHOW FULL COLUMNS FROM `mall_system_users_log` [ RunTime:0.002734s ]
[2021-08-04T09:45:24+08:00][sql] INSERT INTO `mall_system_users_log` SET `user_id` = 1 , `intro` = '状态：用户 [ admin ] 登录成功 时间：2021-08-04 09:45:24 登录地点：127.0.0.1' , `ip` = '127.0.0.1' , `time` = 1628041524 [ RunTime:0.001216s ]
[2021-08-04T09:45:27+08:00][sql] CONNECT:[ UseTime:0.000348s ] mysql:host=127.0.0.1;port=3306;dbname=a3mall-pro;charset=utf8mb4
[2021-08-04T09:45:27+08:00][sql] SHOW FULL COLUMNS FROM `mall_system_users` [ RunTime:0.007009s ]
[2021-08-04T09:45:27+08:00][sql] SELECT * FROM `mall_system_users` WHERE  `id` = 1 LIMIT 1 [ RunTime:0.064126s ]
[2021-08-04T09:45:27+08:00][sql] SHOW FULL COLUMNS FROM `mall_system_manage` [ RunTime:0.003326s ]
[2021-08-04T09:45:27+08:00][sql] SELECT * FROM `mall_system_manage` WHERE  `id` = 1 LIMIT 1 [ RunTime:0.023839s ]
[2021-08-04T09:45:27+08:00][sql] SHOW FULL COLUMNS FROM `mall_system_menu` [ RunTime:0.036399s ]
[2021-08-04T09:45:27+08:00][sql] SELECT * FROM `mall_system_menu` WHERE  `status` = 0  AND `pid` = 0 ORDER BY `sort` ASC [ RunTime:0.000659s ]
[2021-08-04T09:45:27+08:00][sql] SELECT * FROM `mall_system_menu` WHERE  ( status=0 AND ((controller="platform.index" AND method="index") OR (controller="platform.index" AND FIND_IN_SET("index",active))) ) LIMIT 1 [ RunTime:0.011424s ]
[2021-08-04T09:45:27+08:00][sql] SELECT * FROM `mall_system_menu` WHERE  `status` = 0  AND `pid` = 1 ORDER BY `sort` ASC [ RunTime:0.000560s ]
[2021-08-04T09:45:27+08:00][sql] SELECT * FROM `mall_system_menu` WHERE  `status` = 0  AND `pid` = 8 ORDER BY `sort` ASC [ RunTime:0.000495s ]
[2021-08-04T09:45:27+08:00][sql] SELECT * FROM `mall_system_menu` WHERE  `status` = 0  AND `pid` = 9 ORDER BY `sort` ASC [ RunTime:0.000441s ]
[2021-08-04T09:45:27+08:00][sql] SELECT * FROM `mall_system_menu` WHERE  `status` = 0  AND `pid` = 10 ORDER BY `sort` ASC [ RunTime:0.000353s ]
[2021-08-04T09:45:27+08:00][sql] SELECT * FROM `mall_system_menu` WHERE  `status` = 0  AND `pid` = 11 ORDER BY `sort` ASC [ RunTime:0.000371s ]
[2021-08-04T09:45:27+08:00][sql] SELECT * FROM `mall_system_menu` WHERE  `status` = 0  AND `pid` = 79 ORDER BY `sort` ASC [ RunTime:0.000340s ]
[2021-08-04T09:45:27+08:00][sql] SELECT * FROM `mall_system_menu` WHERE  `status` = 0  AND `pid` = 80 ORDER BY `sort` ASC [ RunTime:0.000369s ]
[2021-08-04T09:45:27+08:00][sql] SELECT * FROM `mall_system_menu` WHERE  `status` = 0  AND `pid` = 81 ORDER BY `sort` ASC [ RunTime:0.000315s ]
[2021-08-04T09:45:27+08:00][sql] SELECT * FROM `mall_system_menu` WHERE  `status` = 0  AND `pid` = 12 ORDER BY `sort` ASC [ RunTime:0.000320s ]
[2021-08-04T09:45:27+08:00][sql] SELECT * FROM `mall_system_menu` WHERE  `status` = 0  AND `pid` = 13 ORDER BY `sort` ASC [ RunTime:0.000306s ]
[2021-08-04T09:45:27+08:00][sql] SELECT * FROM `mall_system_menu` WHERE  `status` = 0  AND `pid` = 14 ORDER BY `sort` ASC [ RunTime:0.000301s ]
[2021-08-04T09:45:27+08:00][sql] SELECT * FROM `mall_system_menu` WHERE  `status` = 0  AND `pid` = 15 ORDER BY `sort` ASC [ RunTime:0.000288s ]
[2021-08-04T09:45:27+08:00][sql] SELECT * FROM `mall_system_menu` WHERE  `status` = 0  AND `pid` = 16 ORDER BY `sort` ASC [ RunTime:0.000373s ]
[2021-08-04T09:45:27+08:00][sql] SELECT * FROM `mall_system_menu` WHERE  `status` = 0  AND `pid` = 17 ORDER BY `sort` ASC [ RunTime:0.000384s ]
[2021-08-04T09:45:27+08:00][sql] SELECT * FROM `mall_system_menu` WHERE  `status` = 0  AND `pid` = 18 ORDER BY `sort` ASC [ RunTime:0.000386s ]
[2021-08-04T09:45:27+08:00][sql] SELECT * FROM `mall_system_menu` WHERE  `status` = 0  AND `pid` = 23 ORDER BY `sort` ASC [ RunTime:0.000321s ]
[2021-08-04T09:45:27+08:00][sql] SELECT * FROM `mall_system_menu` WHERE  `status` = 0  AND `pid` = 24 ORDER BY `sort` ASC [ RunTime:0.000332s ]
[2021-08-04T09:45:27+08:00][sql] SELECT * FROM `mall_system_menu` WHERE  `status` = 0  AND `pid` = 25 ORDER BY `sort` ASC [ RunTime:0.000317s ]
[2021-08-04T09:45:27+08:00][sql] SELECT * FROM `mall_system_menu` WHERE  `status` = 0  AND `pid` = 26 ORDER BY `sort` ASC [ RunTime:0.000308s ]
[2021-08-04T09:45:27+08:00][sql] SELECT * FROM `mall_system_menu` WHERE  `status` = 0  AND `pid` = 21 ORDER BY `sort` ASC [ RunTime:0.000315s ]
[2021-08-04T09:45:27+08:00][sql] SELECT * FROM `mall_system_menu` WHERE  `status` = 0  AND `pid` = 22 ORDER BY `sort` ASC [ RunTime:0.000306s ]
[2021-08-04T09:45:27+08:00][sql] SELECT * FROM `mall_system_users` WHERE  `id` = 1 LIMIT 1 [ RunTime:0.000247s ]
[2021-08-04T09:45:27+08:00][sql] SELECT * FROM `mall_system_manage` WHERE  `id` = 1 LIMIT 1 [ RunTime:0.000211s ]
[2021-08-04T09:45:27+08:00][sql] SELECT * FROM `mall_system_users` WHERE  `id` = 1 LIMIT 1 [ RunTime:0.000233s ]
[2021-08-04T09:45:27+08:00][sql] SELECT * FROM `mall_system_manage` WHERE  `id` = 1 LIMIT 1 [ RunTime:0.000222s ]
[2021-08-04T09:45:27+08:00][sql] SHOW FULL COLUMNS FROM `mall_order` [ RunTime:0.041090s ]
[2021-08-04T09:45:27+08:00][sql] SELECT COUNT(*) AS order_num,order_amount FROM `mall_order` WHERE  ( user_id > 0 AND status=5 ) LIMIT 1 [ RunTime:0.000906s ]
[2021-08-04T09:45:27+08:00][sql] SHOW FULL COLUMNS FROM `mall_users` [ RunTime:0.003999s ]
[2021-08-04T09:45:27+08:00][sql] SELECT COUNT(DISTINCT o.user_id) as count FROM `mall_users` `u` LEFT JOIN `mall_order` `o` ON `o`.`user_id`=`u`.`id` WHERE  ( o.user_id > 0 AND o.status=5 ) LIMIT 1 [ RunTime:0.024430s ]
[2021-08-04T09:45:27+08:00][sql] SELECT SUM(o.order_amount) as total,COUNT(o.id) as count,u.username FROM `mall_order` `o` LEFT JOIN `mall_users` `u` ON `o`.`user_id`=`u`.`id` WHERE  ( o.user_id > 0 AND o.status=5 ) GROUP BY `o`.`user_id` ORDER BY `total` DESC LIMIT 10 [ RunTime:0.000707s ]
[2021-08-04T09:45:27+08:00][sql] SELECT SUM(order_amount) as amount,count(*) as total,create_time,FROM_UNIXTIME(create_time,"%Y%m%d") as days FROM `mall_order` WHERE  `status` IN (2,5) GROUP BY days having create_time >= 1625414400 and create_time <= 1628092799 [ RunTime:0.002399s ]
[2021-08-04T09:45:27+08:00][sql] SELECT COUNT(*) AS think_count FROM `mall_order` [ RunTime:0.000894s ]
[2021-08-04T09:45:27+08:00][sql] SHOW FULL COLUMNS FROM `mall_goods` [ RunTime:0.002792s ]
[2021-08-04T09:45:27+08:00][sql] SELECT COUNT(*) AS think_count FROM `mall_goods` [ RunTime:0.014956s ]
[2021-08-04T09:45:27+08:00][sql] SELECT COUNT(*) AS think_count FROM `mall_users` [ RunTime:0.000516s ]
[2021-08-04T09:45:27+08:00][sql] SHOW FULL COLUMNS FROM `mall_users_comment` [ RunTime:0.004464s ]
[2021-08-04T09:45:27+08:00][sql] SELECT COUNT(*) AS think_count FROM `mall_users_comment` [ RunTime:0.000395s ]
