[2021-08-08T16:07:34+08:00][sql] CONNECT:[ UseTime:0.000463s ] mysql:host=127.0.0.1;port=3306;dbname=a3mall-pro;charset=utf8mb4
[2021-08-08T16:07:34+08:00][sql] SHOW FULL COLUMNS FROM `mall_system_users` [ RunTime:0.039935s ]
[2021-08-08T16:07:34+08:00][sql] SELECT * FROM `mall_system_users` WHERE  `username` = 'admin' LIMIT 1 [ RunTime:0.000692s ]
[2021-08-08T16:07:34+08:00][sql] UPDATE `mall_system_users`  SET `count` = 1283 , `time` = 1628410053 , `ip` = '127.0.0.1'  WHERE  `id` = 1 [ RunTime:0.022905s ]
[2021-08-08T16:07:34+08:00][sql] SHOW FULL COLUMNS FROM `mall_system_manage` [ RunTime:0.050433s ]
[2021-08-08T16:07:34+08:00][sql] SELECT COUNT(*) AS think_count FROM `mall_system_manage` WHERE  `id` = 1  AND `status` = 0 [ RunTime:0.000648s ]
[2021-08-08T16:07:34+08:00][sql] SHOW FULL COLUMNS FROM `mall_system_users_log` [ RunTime:0.004704s ]
[2021-08-08T16:07:34+08:00][sql] INSERT INTO `mall_system_users_log` SET `user_id` = 1 , `intro` = '状态：用户 [ admin ] 登录成功 时间：2021-08-08 16:07:34 登录地点：127.0.0.1' , `ip` = '127.0.0.1' , `time` = 1628410054 [ RunTime:0.022091s ]
[2021-08-08T16:07:37+08:00][sql] CONNECT:[ UseTime:0.000404s ] mysql:host=127.0.0.1;port=3306;dbname=a3mall-pro;charset=utf8mb4
[2021-08-08T16:07:37+08:00][sql] SHOW FULL COLUMNS FROM `mall_system_users` [ RunTime:0.002361s ]
[2021-08-08T16:07:37+08:00][sql] SELECT * FROM `mall_system_users` WHERE  `id` = 1 LIMIT 1 [ RunTime:0.000413s ]
[2021-08-08T16:07:37+08:00][sql] SHOW FULL COLUMNS FROM `mall_system_manage` [ RunTime:0.002127s ]
[2021-08-08T16:07:37+08:00][sql] SELECT * FROM `mall_system_manage` WHERE  `id` = 1 LIMIT 1 [ RunTime:0.000340s ]
[2021-08-08T16:07:37+08:00][sql] SHOW FULL COLUMNS FROM `mall_system_menu` [ RunTime:0.019409s ]
[2021-08-08T16:07:37+08:00][sql] SELECT * FROM `mall_system_menu` WHERE  `status` = 0  AND `pid` = 0 ORDER BY `sort` ASC [ RunTime:0.000587s ]
[2021-08-08T16:07:37+08:00][sql] SELECT * FROM `mall_system_menu` WHERE  ( status=0 AND ((controller="platform.index" AND method="index") OR (controller="platform.index" AND FIND_IN_SET("index",active))) ) LIMIT 1 [ RunTime:0.000811s ]
[2021-08-08T16:07:37+08:00][sql] SELECT * FROM `mall_system_menu` WHERE  `status` = 0  AND `pid` = 1 ORDER BY `sort` ASC [ RunTime:0.000579s ]
[2021-08-08T16:07:37+08:00][sql] SELECT * FROM `mall_system_menu` WHERE  `status` = 0  AND `pid` = 8 ORDER BY `sort` ASC [ RunTime:0.000448s ]
[2021-08-08T16:07:37+08:00][sql] SELECT * FROM `mall_system_menu` WHERE  `status` = 0  AND `pid` = 9 ORDER BY `sort` ASC [ RunTime:0.000392s ]
[2021-08-08T16:07:37+08:00][sql] SELECT * FROM `mall_system_menu` WHERE  `status` = 0  AND `pid` = 10 ORDER BY `sort` ASC [ RunTime:0.000397s ]
[2021-08-08T16:07:37+08:00][sql] SELECT * FROM `mall_system_menu` WHERE  `status` = 0  AND `pid` = 11 ORDER BY `sort` ASC [ RunTime:0.000371s ]
[2021-08-08T16:07:37+08:00][sql] SELECT * FROM `mall_system_menu` WHERE  `status` = 0  AND `pid` = 79 ORDER BY `sort` ASC [ RunTime:0.000369s ]
[2021-08-08T16:07:37+08:00][sql] SELECT * FROM `mall_system_menu` WHERE  `status` = 0  AND `pid` = 80 ORDER BY `sort` ASC [ RunTime:0.000329s ]
[2021-08-08T16:07:37+08:00][sql] SELECT * FROM `mall_system_menu` WHERE  `status` = 0  AND `pid` = 81 ORDER BY `sort` ASC [ RunTime:0.000324s ]
[2021-08-08T16:07:37+08:00][sql] SELECT * FROM `mall_system_menu` WHERE  `status` = 0  AND `pid` = 12 ORDER BY `sort` ASC [ RunTime:0.000309s ]
[2021-08-08T16:07:37+08:00][sql] SELECT * FROM `mall_system_menu` WHERE  `status` = 0  AND `pid` = 13 ORDER BY `sort` ASC [ RunTime:0.000281s ]
[2021-08-08T16:07:37+08:00][sql] SELECT * FROM `mall_system_menu` WHERE  `status` = 0  AND `pid` = 14 ORDER BY `sort` ASC [ RunTime:0.000320s ]
[2021-08-08T16:07:37+08:00][sql] SELECT * FROM `mall_system_menu` WHERE  `status` = 0  AND `pid` = 15 ORDER BY `sort` ASC [ RunTime:0.000300s ]
[2021-08-08T16:07:37+08:00][sql] SELECT * FROM `mall_system_menu` WHERE  `status` = 0  AND `pid` = 16 ORDER BY `sort` ASC [ RunTime:0.000299s ]
[2021-08-08T16:07:37+08:00][sql] SELECT * FROM `mall_system_menu` WHERE  `status` = 0  AND `pid` = 17 ORDER BY `sort` ASC [ RunTime:0.000292s ]
[2021-08-08T16:07:37+08:00][sql] SELECT * FROM `mall_system_menu` WHERE  `status` = 0  AND `pid` = 18 ORDER BY `sort` ASC [ RunTime:0.000291s ]
[2021-08-08T16:07:37+08:00][sql] SELECT * FROM `mall_system_menu` WHERE  `status` = 0  AND `pid` = 23 ORDER BY `sort` ASC [ RunTime:0.000314s ]
[2021-08-08T16:07:37+08:00][sql] SELECT * FROM `mall_system_menu` WHERE  `status` = 0  AND `pid` = 24 ORDER BY `sort` ASC [ RunTime:0.000303s ]
[2021-08-08T16:07:37+08:00][sql] SELECT * FROM `mall_system_menu` WHERE  `status` = 0  AND `pid` = 25 ORDER BY `sort` ASC [ RunTime:0.000287s ]
[2021-08-08T16:07:37+08:00][sql] SELECT * FROM `mall_system_menu` WHERE  `status` = 0  AND `pid` = 26 ORDER BY `sort` ASC [ RunTime:0.000311s ]
[2021-08-08T16:07:37+08:00][sql] SELECT * FROM `mall_system_menu` WHERE  `status` = 0  AND `pid` = 21 ORDER BY `sort` ASC [ RunTime:0.000302s ]
[2021-08-08T16:07:37+08:00][sql] SELECT * FROM `mall_system_menu` WHERE  `status` = 0  AND `pid` = 22 ORDER BY `sort` ASC [ RunTime:0.000294s ]
[2021-08-08T16:07:37+08:00][sql] SELECT * FROM `mall_system_users` WHERE  `id` = 1 LIMIT 1 [ RunTime:0.000239s ]
[2021-08-08T16:07:37+08:00][sql] SELECT * FROM `mall_system_manage` WHERE  `id` = 1 LIMIT 1 [ RunTime:0.000201s ]
[2021-08-08T16:07:37+08:00][sql] SELECT * FROM `mall_system_users` WHERE  `id` = 1 LIMIT 1 [ RunTime:0.000230s ]
[2021-08-08T16:07:37+08:00][sql] SELECT * FROM `mall_system_manage` WHERE  `id` = 1 LIMIT 1 [ RunTime:0.000229s ]
[2021-08-08T16:07:37+08:00][sql] SHOW FULL COLUMNS FROM `mall_order` [ RunTime:0.044715s ]
[2021-08-08T16:07:37+08:00][sql] SELECT COUNT(*) AS order_num,order_amount FROM `mall_order` WHERE  ( user_id > 0 AND status=5 ) LIMIT 1 [ RunTime:0.000900s ]
[2021-08-08T16:07:37+08:00][sql] SHOW FULL COLUMNS FROM `mall_users` [ RunTime:0.014261s ]
[2021-08-08T16:07:37+08:00][sql] SELECT COUNT(DISTINCT o.user_id) as count FROM `mall_users` `u` LEFT JOIN `mall_order` `o` ON `o`.`user_id`=`u`.`id` WHERE  ( o.user_id > 0 AND o.status=5 ) LIMIT 1 [ RunTime:0.000827s ]
[2021-08-08T16:07:37+08:00][sql] SELECT SUM(o.order_amount) as total,COUNT(o.id) as count,u.username FROM `mall_order` `o` LEFT JOIN `mall_users` `u` ON `o`.`user_id`=`u`.`id` WHERE  ( o.user_id > 0 AND o.status=5 ) GROUP BY `o`.`user_id` ORDER BY `total` DESC LIMIT 10 [ RunTime:0.000501s ]
[2021-08-08T16:07:37+08:00][sql] SELECT SUM(order_amount) as amount,count(*) as total,create_time,FROM_UNIXTIME(create_time,"%Y%m%d") as days FROM `mall_order` WHERE  `status` IN (2,5) GROUP BY days having create_time >= 1625760000 and create_time <= 1628438399 [ RunTime:0.000461s ]
[2021-08-08T16:07:37+08:00][sql] SELECT COUNT(*) AS think_count FROM `mall_order` [ RunTime:0.000498s ]
[2021-08-08T16:07:37+08:00][sql] SHOW FULL COLUMNS FROM `mall_goods` [ RunTime:0.002175s ]
[2021-08-08T16:07:37+08:00][sql] SELECT COUNT(*) AS think_count FROM `mall_goods` [ RunTime:0.000268s ]
[2021-08-08T16:07:37+08:00][sql] SELECT COUNT(*) AS think_count FROM `mall_users` [ RunTime:0.000225s ]
[2021-08-08T16:07:37+08:00][sql] SHOW FULL COLUMNS FROM `mall_users_comment` [ RunTime:0.003014s ]
[2021-08-08T16:07:37+08:00][sql] SELECT COUNT(*) AS think_count FROM `mall_users_comment` [ RunTime:0.000213s ]
[2021-08-08T16:07:48+08:00][sql] CONNECT:[ UseTime:0.000378s ] mysql:host=127.0.0.1;port=3306;dbname=a3mall-pro;charset=utf8mb4
[2021-08-08T16:07:48+08:00][sql] SHOW FULL COLUMNS FROM `mall_system_users` [ RunTime:0.002362s ]
[2021-08-08T16:07:48+08:00][sql] SELECT * FROM `mall_system_users` WHERE  `id` = 1 LIMIT 1 [ RunTime:0.000433s ]
[2021-08-08T16:07:48+08:00][sql] SHOW FULL COLUMNS FROM `mall_system_manage` [ RunTime:0.002093s ]
[2021-08-08T16:07:48+08:00][sql] SELECT * FROM `mall_system_manage` WHERE  `id` = 1 LIMIT 1 [ RunTime:0.000373s ]
[2021-08-08T16:07:48+08:00][sql] SHOW FULL COLUMNS FROM `mall_system_menu` [ RunTime:0.002146s ]
[2021-08-08T16:07:48+08:00][sql] SELECT * FROM `mall_system_menu` WHERE  `status` = 0  AND `pid` = 0 ORDER BY `sort` ASC [ RunTime:0.000402s ]
[2021-08-08T16:07:48+08:00][sql] SELECT * FROM `mall_system_menu` WHERE  ( status=0 AND ((controller="platform.shop" AND method="select") OR (controller="platform.shop" AND FIND_IN_SET("select",active))) ) LIMIT 1 [ RunTime:0.000370s ]
[2021-08-08T16:07:48+08:00][sql] SELECT * FROM `mall_system_menu` WHERE  `status` = 0  AND `pid` = 115 ORDER BY `sort` ASC [ RunTime:0.000412s ]
[2021-08-08T16:07:48+08:00][sql] SELECT * FROM `mall_system_menu` WHERE  `status` = 0  AND `pid` = 116 ORDER BY `sort` ASC [ RunTime:0.000367s ]
[2021-08-08T16:07:48+08:00][sql] SELECT * FROM `mall_system_menu` WHERE  `status` = 0  AND `pid` = 155 ORDER BY `sort` ASC [ RunTime:0.000327s ]
[2021-08-08T16:07:48+08:00][sql] SELECT * FROM `mall_system_users` WHERE  `id` = 1 LIMIT 1 [ RunTime:0.000251s ]
[2021-08-08T16:07:48+08:00][sql] SELECT * FROM `mall_system_manage` WHERE  `id` = 1 LIMIT 1 [ RunTime:0.000221s ]
[2021-08-08T16:07:48+08:00][sql] SELECT * FROM `mall_system_users` WHERE  `id` = 1 LIMIT 1 [ RunTime:0.000263s ]
[2021-08-08T16:07:48+08:00][sql] SELECT * FROM `mall_system_manage` WHERE  `id` = 1 LIMIT 1 [ RunTime:0.000248s ]
[2021-08-08T16:07:48+08:00][sql] SHOW FULL COLUMNS FROM `mall_pages_type` [ RunTime:0.040711s ]
[2021-08-08T16:07:48+08:00][sql] SELECT * FROM `mall_pages_type` WHERE  `type` IN ('h5','mini','app') [ RunTime:0.000631s ]
[2021-08-08T16:07:51+08:00][sql] CONNECT:[ UseTime:0.000387s ] mysql:host=127.0.0.1;port=3306;dbname=a3mall-pro;charset=utf8mb4
[2021-08-08T16:07:51+08:00][sql] SHOW FULL COLUMNS FROM `mall_system_users` [ RunTime:0.004089s ]
[2021-08-08T16:07:51+08:00][sql] SELECT * FROM `mall_system_users` WHERE  `id` = 1 LIMIT 1 [ RunTime:0.000571s ]
[2021-08-08T16:07:51+08:00][sql] SHOW FULL COLUMNS FROM `mall_system_manage` [ RunTime:0.002532s ]
[2021-08-08T16:07:51+08:00][sql] SELECT * FROM `mall_system_manage` WHERE  `id` = 1 LIMIT 1 [ RunTime:0.000412s ]
[2021-08-08T16:07:51+08:00][sql] SHOW FULL COLUMNS FROM `mall_system_menu` [ RunTime:0.002324s ]
[2021-08-08T16:07:51+08:00][sql] SELECT * FROM `mall_system_menu` WHERE  `status` = 0  AND `pid` = 0 ORDER BY `sort` ASC [ RunTime:0.000511s ]
[2021-08-08T16:07:51+08:00][sql] SELECT * FROM `mall_system_menu` WHERE  ( status=0 AND ((controller="platform.shop" AND method="manage") OR (controller="platform.shop" AND FIND_IN_SET("manage",active))) ) LIMIT 1 [ RunTime:0.000420s ]
[2021-08-08T16:07:51+08:00][sql] SELECT * FROM `mall_system_menu` WHERE  `status` = 0  AND `pid` = 115 ORDER BY `sort` ASC [ RunTime:0.000399s ]
[2021-08-08T16:07:51+08:00][sql] SELECT * FROM `mall_system_menu` WHERE  `status` = 0  AND `pid` = 116 ORDER BY `sort` ASC [ RunTime:0.000360s ]
[2021-08-08T16:07:51+08:00][sql] SELECT * FROM `mall_system_menu` WHERE  `status` = 0  AND `pid` = 155 ORDER BY `sort` ASC [ RunTime:0.000356s ]
[2021-08-08T16:07:51+08:00][sql] SELECT * FROM `mall_system_users` WHERE  `id` = 1 LIMIT 1 [ RunTime:0.000287s ]
[2021-08-08T16:07:51+08:00][sql] SELECT * FROM `mall_system_manage` WHERE  `id` = 1 LIMIT 1 [ RunTime:0.000233s ]
[2021-08-08T16:07:51+08:00][sql] SELECT * FROM `mall_system_users` WHERE  `id` = 1 LIMIT 1 [ RunTime:0.000236s ]
[2021-08-08T16:07:51+08:00][sql] SELECT * FROM `mall_system_manage` WHERE  `id` = 1 LIMIT 1 [ RunTime:0.000229s ]
[2021-08-08T16:07:51+08:00][sql] SHOW FULL COLUMNS FROM `mall_pages` [ RunTime:0.024601s ]
[2021-08-08T16:07:51+08:00][sql] SELECT * FROM `mall_pages` WHERE  `code` = 'home'  AND `type` = 'h5' LIMIT 1 [ RunTime:0.000462s ]
[2021-08-08T16:07:51+08:00][sql] SHOW FULL COLUMNS FROM `mall_pages_widget` [ RunTime:0.004011s ]
[2021-08-08T16:07:51+08:00][sql] SHOW FULL COLUMNS FROM `mall_pages_relation` [ RunTime:0.003529s ]
[2021-08-08T16:07:51+08:00][sql] SELECT * FROM `mall_pages_relation` WHERE  `type` = 'h5' LIMIT 1 [ RunTime:0.000331s ]
[2021-08-08T16:07:51+08:00][sql] SELECT * FROM `mall_pages_widget` WHERE  `id` IN (1,2,3,4,5,6,7,8,9,10,11,12,13,14,15,16,17,18,19,20) [ RunTime:0.000417s ]
[2021-08-08T16:07:51+08:00][sql] SELECT * FROM `mall_pages` WHERE  `id` = 1 LIMIT 1 [ RunTime:0.000704s ]
[2021-08-08T16:07:51+08:00][sql] SHOW FULL COLUMNS FROM `mall_pages_items` [ RunTime:0.004055s ]
[2021-08-08T16:07:51+08:00][sql] SELECT * FROM `mall_pages_items` WHERE  `pid` = 1 ORDER BY `position_id` ASC [ RunTime:0.036405s ]
[2021-08-08T16:07:51+08:00][sql] SHOW FULL COLUMNS FROM `mall_setting` [ RunTime:0.004268s ]
[2021-08-08T16:07:51+08:00][sql] SELECT `value` FROM `mall_setting` WHERE  `name` = 'upload' LIMIT 1 [ RunTime:0.000402s ]
[2021-08-08T16:07:51+08:00][sql] SELECT `value` FROM `mall_setting` WHERE  `name` = 'upload' LIMIT 1 [ RunTime:0.000378s ]
[2021-08-08T16:07:51+08:00][sql] SELECT `value` FROM `mall_setting` WHERE  `name` = 'upload' LIMIT 1 [ RunTime:0.000364s ]
[2021-08-08T16:07:51+08:00][sql] SELECT `value` FROM `mall_setting` WHERE  `name` = 'upload' LIMIT 1 [ RunTime:0.000385s ]
[2021-08-08T16:07:51+08:00][sql] SELECT `value` FROM `mall_setting` WHERE  `name` = 'upload' LIMIT 1 [ RunTime:0.000462s ]
[2021-08-08T16:07:51+08:00][sql] SELECT `value` FROM `mall_setting` WHERE  `name` = 'upload' LIMIT 1 [ RunTime:0.000324s ]
[2021-08-08T16:07:51+08:00][sql] SELECT `value` FROM `mall_setting` WHERE  `name` = 'upload' LIMIT 1 [ RunTime:0.000290s ]
[2021-08-08T16:07:51+08:00][sql] SELECT `value` FROM `mall_setting` WHERE  `name` = 'upload' LIMIT 1 [ RunTime:0.000299s ]
[2021-08-08T16:07:51+08:00][sql] SELECT `value` FROM `mall_setting` WHERE  `name` = 'upload' LIMIT 1 [ RunTime:0.000213s ]
[2021-08-08T16:07:51+08:00][sql] SELECT `value` FROM `mall_setting` WHERE  `name` = 'upload' LIMIT 1 [ RunTime:0.000209s ]
[2021-08-08T16:07:51+08:00][sql] SELECT `value` FROM `mall_setting` WHERE  `name` = 'upload' LIMIT 1 [ RunTime:0.000201s ]
[2021-08-08T16:07:51+08:00][sql] SHOW FULL COLUMNS FROM `mall_promotion_second` [ RunTime:0.002219s ]
[2021-08-08T16:07:51+08:00][sql] SELECT `pg`.`id`,`pg`.`title`,`pg`.`goods_id`,`pg`.`sell_price`,`pg`.`start_time`,`pg`.`end_time`,`g`.`photo` FROM `mall_promotion_second` `pg` LEFT JOIN `mall_goods` `g` ON `pg`.`goods_id`=`g`.`id` WHERE  `pg`.`status` = 0  AND `g`.`status` = 0  AND `pg`.`id` IN ('1','2','3','4') [ RunTime:0.000363s ]
[2021-08-08T16:07:51+08:00][sql] SELECT `value` FROM `mall_setting` WHERE  `name` = 'upload' LIMIT 1 [ RunTime:0.000225s ]
[2021-08-08T16:07:51+08:00][sql] SELECT `value` FROM `mall_setting` WHERE  `name` = 'upload' LIMIT 1 [ RunTime:0.000201s ]
[2021-08-08T16:07:51+08:00][sql] SELECT `value` FROM `mall_setting` WHERE  `name` = 'upload' LIMIT 1 [ RunTime:0.000212s ]
[2021-08-08T16:07:51+08:00][sql] SELECT `value` FROM `mall_setting` WHERE  `name` = 'upload' LIMIT 1 [ RunTime:0.000205s ]
[2021-08-08T16:07:51+08:00][sql] SELECT `value` FROM `mall_setting` WHERE  `name` = 'upload' LIMIT 1 [ RunTime:0.000205s ]
[2021-08-08T16:07:51+08:00][sql] SELECT `value` FROM `mall_setting` WHERE  `name` = 'upload' LIMIT 1 [ RunTime:0.000212s ]
[2021-08-08T16:07:51+08:00][sql] SELECT `value` FROM `mall_setting` WHERE  `name` = 'upload' LIMIT 1 [ RunTime:0.000191s ]
[2021-08-08T16:07:51+08:00][sql] SELECT `value` FROM `mall_setting` WHERE  `name` = 'upload' LIMIT 1 [ RunTime:0.000208s ]
[2021-08-08T16:07:51+08:00][sql] SHOW FULL COLUMNS FROM `mall_goods` [ RunTime:0.002086s ]
[2021-08-08T16:07:51+08:00][sql] SELECT `id`,`cat_id`,`title`,`goods_number`,`goods_weight`,`sell_price`,`market_price`,`store_nums`,`photo`,`briefly`,`status`,`visit`,`favorite`,`sale` FROM `mall_goods` WHERE  `status` = 0  AND `id` IN (1,3,4,5,6) [ RunTime:0.000345s ]
[2021-08-08T16:07:51+08:00][sql] SELECT `value` FROM `mall_setting` WHERE  `name` = 'upload' LIMIT 1 [ RunTime:0.000216s ]
[2021-08-08T16:07:51+08:00][sql] SELECT `value` FROM `mall_setting` WHERE  `name` = 'upload' LIMIT 1 [ RunTime:0.000195s ]
[2021-08-08T16:07:51+08:00][sql] SELECT `value` FROM `mall_setting` WHERE  `name` = 'upload' LIMIT 1 [ RunTime:0.000228s ]
[2021-08-08T16:07:51+08:00][sql] SELECT `value` FROM `mall_setting` WHERE  `name` = 'upload' LIMIT 1 [ RunTime:0.000195s ]
[2021-08-08T16:07:51+08:00][sql] SELECT `value` FROM `mall_setting` WHERE  `name` = 'upload' LIMIT 1 [ RunTime:0.000184s ]
[2021-08-08T16:07:51+08:00][sql] SELECT `value` FROM `mall_setting` WHERE  `name` = 'upload' LIMIT 1 [ RunTime:0.000232s ]
[2021-08-08T16:07:51+08:00][sql] SELECT `value` FROM `mall_setting` WHERE  `name` = 'upload' LIMIT 1 [ RunTime:0.000216s ]
[2021-08-08T16:07:51+08:00][sql] SELECT `value` FROM `mall_setting` WHERE  `name` = 'upload' LIMIT 1 [ RunTime:0.000223s ]
[2021-08-08T16:07:51+08:00][sql] SELECT `value` FROM `mall_setting` WHERE  `name` = 'upload' LIMIT 1 [ RunTime:0.000220s ]
[2021-08-08T16:07:51+08:00][sql] SELECT `value` FROM `mall_setting` WHERE  `name` = 'upload' LIMIT 1 [ RunTime:0.000201s ]
[2021-08-08T16:07:51+08:00][sql] SELECT `value` FROM `mall_setting` WHERE  `name` = 'upload' LIMIT 1 [ RunTime:0.000212s ]
[2021-08-08T16:07:51+08:00][sql] SHOW FULL COLUMNS FROM `mall_category` [ RunTime:0.004806s ]
[2021-08-08T16:07:51+08:00][sql] SELECT * FROM `mall_category` WHERE  `status` = 0  AND `module` = 'goods' [ RunTime:0.000548s ]
[2021-08-08T16:07:51+08:00][sql] SELECT * FROM `mall_category` WHERE  `status` = 0  AND `module` = 'article' [ RunTime:0.000365s ]
[2021-08-08T16:07:51+08:00][sql] SHOW FULL COLUMNS FROM `mall_products_brand` [ RunTime:0.003824s ]
[2021-08-08T16:07:51+08:00][sql] SELECT * FROM `mall_products_brand` WHERE  `status` = 0 [ RunTime:0.000323s ]
[2021-08-08T16:07:51+08:00][sql] SELECT `value` FROM `mall_setting` WHERE  `name` = 'upload' LIMIT 1 [ RunTime:0.000234s ]
[2021-08-08T16:07:51+08:00][sql] SELECT * FROM `mall_pages` WHERE  `is_lock` = 0  AND `type` = 'h5' [ RunTime:0.000268s ]
[2021-08-08T16:16:04+08:00][sql] CONNECT:[ UseTime:0.000511s ] mysql:host=127.0.0.1;port=3306;dbname=a3mall-pro;charset=utf8mb4
[2021-08-08T16:16:04+08:00][sql] SHOW FULL COLUMNS FROM `mall_system_users` [ RunTime:0.018202s ]
[2021-08-08T16:16:04+08:00][sql] SELECT * FROM `mall_system_users` WHERE  `id` = 1 LIMIT 1 [ RunTime:0.000542s ]
[2021-08-08T16:16:04+08:00][sql] SHOW FULL COLUMNS FROM `mall_system_manage` [ RunTime:0.002506s ]
[2021-08-08T16:16:04+08:00][sql] SELECT * FROM `mall_system_manage` WHERE  `id` = 1 LIMIT 1 [ RunTime:0.000417s ]
[2021-08-08T16:16:04+08:00][sql] SHOW FULL COLUMNS FROM `mall_system_menu` [ RunTime:0.002461s ]
[2021-08-08T16:16:04+08:00][sql] SELECT * FROM `mall_system_menu` WHERE  `status` = 0  AND `pid` = 0 ORDER BY `sort` ASC [ RunTime:0.000461s ]
[2021-08-08T16:16:04+08:00][sql] SELECT * FROM `mall_system_menu` WHERE  ( status=0 AND ((controller="common.index" AND method="get_goods_data") OR (controller="common.index" AND FIND_IN_SET("get_goods_data",active))) ) LIMIT 1 [ RunTime:0.000615s ]
[2021-08-08T16:16:04+08:00][sql] CONNECT:[ UseTime:0.000461s ] mysql:host=127.0.0.1;port=3306;dbname=a3mall-pro;charset=utf8mb4
[2021-08-08T16:16:04+08:00][sql] SHOW FULL COLUMNS FROM `mall_system_users` [ RunTime:0.002102s ]
[2021-08-08T16:16:04+08:00][sql] SELECT * FROM `mall_system_users` WHERE  `id` = 1 LIMIT 1 [ RunTime:0.000393s ]
[2021-08-08T16:16:04+08:00][sql] SHOW FULL COLUMNS FROM `mall_system_manage` [ RunTime:0.001979s ]
[2021-08-08T16:16:04+08:00][sql] SELECT * FROM `mall_system_manage` WHERE  `id` = 1 LIMIT 1 [ RunTime:0.000337s ]
[2021-08-08T16:16:04+08:00][sql] SHOW FULL COLUMNS FROM `mall_system_menu` [ RunTime:0.002016s ]
[2021-08-08T16:16:04+08:00][sql] SELECT * FROM `mall_system_menu` WHERE  `status` = 0  AND `pid` = 0 ORDER BY `sort` ASC [ RunTime:0.000401s ]
[2021-08-08T16:16:04+08:00][sql] SELECT * FROM `mall_system_menu` WHERE  ( status=0 AND ((controller="products.index" AND method="index") OR (controller="products.index" AND FIND_IN_SET("index",active))) ) LIMIT 1 [ RunTime:0.000356s ]
[2021-08-08T16:16:04+08:00][sql] SELECT * FROM `mall_system_menu` WHERE  `status` = 0  AND `pid` = 2 ORDER BY `sort` ASC [ RunTime:0.000401s ]
[2021-08-08T16:16:04+08:00][sql] SELECT * FROM `mall_system_menu` WHERE  `status` = 0  AND `pid` = 38 ORDER BY `sort` ASC [ RunTime:0.000403s ]
[2021-08-08T16:16:04+08:00][sql] SELECT * FROM `mall_system_menu` WHERE  `status` = 0  AND `pid` = 39 ORDER BY `sort` ASC [ RunTime:0.000358s ]
[2021-08-08T16:16:04+08:00][sql] SELECT * FROM `mall_system_menu` WHERE  `status` = 0  AND `pid` = 40 ORDER BY `sort` ASC [ RunTime:0.000331s ]
[2021-08-08T16:16:04+08:00][sql] SELECT * FROM `mall_system_menu` WHERE  `status` = 0  AND `pid` = 41 ORDER BY `sort` ASC [ RunTime:0.000326s ]
[2021-08-08T16:16:04+08:00][sql] SELECT * FROM `mall_system_menu` WHERE  `status` = 0  AND `pid` = 42 ORDER BY `sort` ASC [ RunTime:0.000297s ]
[2021-08-08T16:16:04+08:00][sql] SELECT * FROM `mall_system_menu` WHERE  `status` = 0  AND `pid` = 43 ORDER BY `sort` ASC [ RunTime:0.000302s ]
[2021-08-08T16:16:04+08:00][sql] SELECT * FROM `mall_system_menu` WHERE  `status` = 0  AND `pid` = 112 ORDER BY `sort` ASC [ RunTime:0.000342s ]
[2021-08-08T16:16:04+08:00][sql] SELECT * FROM `mall_system_menu` WHERE  `status` = 0  AND `pid` = 113 ORDER BY `sort` ASC [ RunTime:0.000328s ]
[2021-08-08T16:16:04+08:00][sql] SELECT * FROM `mall_system_menu` WHERE  `status` = 0  AND `pid` = 114 ORDER BY `sort` ASC [ RunTime:0.000337s ]
[2021-08-08T16:16:04+08:00][sql] SELECT * FROM `mall_system_menu` WHERE  `status` = 0  AND `pid` = 44 ORDER BY `sort` ASC [ RunTime:0.000320s ]
[2021-08-08T16:16:04+08:00][sql] SELECT * FROM `mall_system_menu` WHERE  `status` = 0  AND `pid` = 45 ORDER BY `sort` ASC [ RunTime:0.000398s ]
[2021-08-08T16:16:04+08:00][sql] SELECT * FROM `mall_system_menu` WHERE  `status` = 0  AND `pid` = 46 ORDER BY `sort` ASC [ RunTime:0.000390s ]
[2021-08-08T16:16:04+08:00][sql] SELECT * FROM `mall_system_menu` WHERE  `status` = 0  AND `pid` = 47 ORDER BY `sort` ASC [ RunTime:0.000335s ]
[2021-08-08T16:16:04+08:00][sql] SELECT * FROM `mall_system_menu` WHERE  `status` = 0  AND `pid` = 48 ORDER BY `sort` ASC [ RunTime:0.000359s ]
[2021-08-08T16:16:04+08:00][sql] SELECT * FROM `mall_system_users` WHERE  `id` = 1 LIMIT 1 [ RunTime:0.000268s ]
[2021-08-08T16:16:04+08:00][sql] SELECT * FROM `mall_system_manage` WHERE  `id` = 1 LIMIT 1 [ RunTime:0.000243s ]
[2021-08-08T16:16:04+08:00][sql] SELECT * FROM `mall_system_users` WHERE  `id` = 1 LIMIT 1 [ RunTime:0.000255s ]
[2021-08-08T16:16:04+08:00][sql] SELECT * FROM `mall_system_manage` WHERE  `id` = 1 LIMIT 1 [ RunTime:0.000240s ]
[2021-08-08T16:16:04+08:00][sql] SHOW FULL COLUMNS FROM `mall_goods` [ RunTime:0.054693s ]
[2021-08-08T16:16:04+08:00][sql] SHOW FULL COLUMNS FROM `mall_category` [ RunTime:0.015248s ]
[2021-08-08T16:16:04+08:00][sql] SELECT COUNT(*) AS think_count FROM `mall_goods` `goods` LEFT JOIN `mall_category` `category` ON `goods`.`cat_id`=`category`.`id` [ RunTime:0.029342s ]
[2021-08-08T16:16:04+08:00][sql] SELECT COUNT(*) AS think_count FROM `mall_goods` `goods` LEFT JOIN `mall_category` `category` ON `goods`.`cat_id`=`category`.`id` [ RunTime:0.000648s ]
[2021-08-08T16:16:04+08:00][sql] SELECT `goods`.`id`,`goods`.`cat_id`,`goods`.`attr_id`,`goods`.`brand_id`,`goods`.`model_id`,`goods`.`delivery_id`,`goods`.`title`,`goods`.`goods_number`,`goods`.`goods_weight`,`goods`.`sell_price`,`goods`.`market_price`,`goods`.`cost_price`,`goods`.`store_nums`,`goods`.`photo`,`goods`.`briefly`,`goods`.`content`,`goods`.`point`,`goods`.`status`,`goods`.`visit`,`goods`.`favorite`,`goods`.`sort`,`goods`.`exp`,`goods`.`sale`,`goods`.`grade`,`goods`.`upper_time`,`goods`.`down_time`,`goods`.`create_time`,`goods`.`update_time`,`category`.`id` AS `category__id`,`category`.`pid` AS `category__pid`,`category`.`title` AS `category__title`,`category`.`photo` AS `category__photo`,`category`.`content` AS `category__content`,`category`.`module` AS `category__module`,`category`.`status` AS `category__status`,`category`.`sort` AS `category__sort`,`category`.`hits` AS `category__hits`,`category`.`is_menu` AS `category__is_menu`,`category`.`is_hot` AS `category__is_hot`,`category`.`is_recommend` AS `category__is_recommend`,`category`.`is_lock` AS `category__is_lock`,`category`.`create_time` AS `category__create_time`,`category`.`update_time` AS `category__update_time` FROM `mall_goods` `goods` LEFT JOIN `mall_category` `category` ON `goods`.`cat_id`=`category`.`id` ORDER BY `goods`.`id` DESC LIMIT 0,10 [ RunTime:0.000959s ]
[2021-08-08T16:16:04+08:00][sql] SHOW FULL COLUMNS FROM `mall_setting` [ RunTime:0.002258s ]
[2021-08-08T16:16:04+08:00][sql] SELECT `value` FROM `mall_setting` WHERE  `name` = 'upload' LIMIT 1 [ RunTime:0.000301s ]
[2021-08-08T16:16:04+08:00][sql] SELECT `value` FROM `mall_setting` WHERE  `name` = 'upload' LIMIT 1 [ RunTime:0.000303s ]
[2021-08-08T16:16:04+08:00][sql] SELECT `value` FROM `mall_setting` WHERE  `name` = 'upload' LIMIT 1 [ RunTime:0.000234s ]
[2021-08-08T16:16:04+08:00][sql] SELECT `value` FROM `mall_setting` WHERE  `name` = 'upload' LIMIT 1 [ RunTime:0.000207s ]
[2021-08-08T16:16:04+08:00][sql] SELECT `value` FROM `mall_setting` WHERE  `name` = 'upload' LIMIT 1 [ RunTime:0.000239s ]
[2021-08-08T16:16:04+08:00][sql] SELECT `value` FROM `mall_setting` WHERE  `name` = 'upload' LIMIT 1 [ RunTime:0.000213s ]
[2021-08-08T16:16:04+08:00][sql] SELECT `value` FROM `mall_setting` WHERE  `name` = 'upload' LIMIT 1 [ RunTime:0.000209s ]
[2021-08-08T16:16:04+08:00][sql] SELECT `value` FROM `mall_setting` WHERE  `name` = 'upload' LIMIT 1 [ RunTime:0.000199s ]
[2021-08-08T16:16:04+08:00][sql] SELECT `value` FROM `mall_setting` WHERE  `name` = 'upload' LIMIT 1 [ RunTime:0.000196s ]
[2021-08-08T16:16:04+08:00][sql] SELECT `value` FROM `mall_setting` WHERE  `name` = 'upload' LIMIT 1 [ RunTime:0.000188s ]
