[2021-08-10T20:45:06+08:00][sql] CONNECT:[ UseTime:0.027520s ] mysql:host=127.0.0.1;port=3306;dbname=a3mall-pro;charset=utf8mb4
[2021-08-10T20:45:06+08:00][sql] SHOW FULL COLUMNS FROM `mall_system_users` [ RunTime:0.104441s ]
[2021-08-10T20:45:06+08:00][sql] SELECT * FROM `mall_system_users` WHERE  `username` = 'admin' LIMIT 1 [ RunTime:0.000713s ]
[2021-08-10T20:45:06+08:00][sql] UPDATE `mall_system_users`  SET `count` = 1284 , `time` = 1628599506 , `ip` = '127.0.0.1'  WHERE  `id` = 1 [ RunTime:0.044519s ]
[2021-08-10T20:45:06+08:00][sql] SHOW FULL COLUMNS FROM `mall_system_manage` [ RunTime:0.069662s ]
[2021-08-10T20:45:06+08:00][sql] SELECT COUNT(*) AS think_count FROM `mall_system_manage` WHERE  `id` = 1  AND `status` = 0 [ RunTime:0.000627s ]
[2021-08-10T20:45:06+08:00][sql] SHOW FULL COLUMNS FROM `mall_system_users_log` [ RunTime:0.005148s ]
[2021-08-10T20:45:06+08:00][sql] INSERT INTO `mall_system_users_log` SET `user_id` = 1 , `intro` = '状态：用户 [ admin ] 登录成功 时间：2021-08-10 20:45:06 登录地点：127.0.0.1' , `ip` = '127.0.0.1' , `time` = 1628599506 [ RunTime:0.001248s ]
[2021-08-10T20:45:10+08:00][sql] CONNECT:[ UseTime:0.000506s ] mysql:host=127.0.0.1;port=3306;dbname=a3mall-pro;charset=utf8mb4
[2021-08-10T20:45:10+08:00][sql] SHOW FULL COLUMNS FROM `mall_system_users` [ RunTime:0.002183s ]
[2021-08-10T20:45:10+08:00][sql] SELECT * FROM `mall_system_users` WHERE  `id` = 1 LIMIT 1 [ RunTime:0.000383s ]
[2021-08-10T20:45:10+08:00][sql] SHOW FULL COLUMNS FROM `mall_system_manage` [ RunTime:0.001915s ]
[2021-08-10T20:45:10+08:00][sql] SELECT * FROM `mall_system_manage` WHERE  `id` = 1 LIMIT 1 [ RunTime:0.000321s ]
[2021-08-10T20:45:10+08:00][sql] SHOW FULL COLUMNS FROM `mall_system_menu` [ RunTime:0.020102s ]
[2021-08-10T20:45:10+08:00][sql] SELECT * FROM `mall_system_menu` WHERE  `status` = 0  AND `pid` = 0 ORDER BY `sort` ASC [ RunTime:0.000612s ]
[2021-08-10T20:45:10+08:00][sql] SELECT * FROM `mall_system_menu` WHERE  ( status=0 AND ((controller="platform.index" AND method="index") OR (controller="platform.index" AND FIND_IN_SET("index",active))) ) LIMIT 1 [ RunTime:0.000911s ]
[2021-08-10T20:45:10+08:00][sql] SELECT * FROM `mall_system_menu` WHERE  `status` = 0  AND `pid` = 1 ORDER BY `sort` ASC [ RunTime:0.000600s ]
[2021-08-10T20:45:10+08:00][sql] SELECT * FROM `mall_system_menu` WHERE  `status` = 0  AND `pid` = 8 ORDER BY `sort` ASC [ RunTime:0.000524s ]
[2021-08-10T20:45:10+08:00][sql] SELECT * FROM `mall_system_menu` WHERE  `status` = 0  AND `pid` = 9 ORDER BY `sort` ASC [ RunTime:0.000396s ]
[2021-08-10T20:45:10+08:00][sql] SELECT * FROM `mall_system_menu` WHERE  `status` = 0  AND `pid` = 10 ORDER BY `sort` ASC [ RunTime:0.000354s ]
[2021-08-10T20:45:10+08:00][sql] SELECT * FROM `mall_system_menu` WHERE  `status` = 0  AND `pid` = 11 ORDER BY `sort` ASC [ RunTime:0.000332s ]
[2021-08-10T20:45:10+08:00][sql] SELECT * FROM `mall_system_menu` WHERE  `status` = 0  AND `pid` = 79 ORDER BY `sort` ASC [ RunTime:0.000357s ]
[2021-08-10T20:45:10+08:00][sql] SELECT * FROM `mall_system_menu` WHERE  `status` = 0  AND `pid` = 80 ORDER BY `sort` ASC [ RunTime:0.000314s ]
[2021-08-10T20:45:10+08:00][sql] SELECT * FROM `mall_system_menu` WHERE  `status` = 0  AND `pid` = 81 ORDER BY `sort` ASC [ RunTime:0.000329s ]
[2021-08-10T20:45:10+08:00][sql] SELECT * FROM `mall_system_menu` WHERE  `status` = 0  AND `pid` = 12 ORDER BY `sort` ASC [ RunTime:0.000322s ]
[2021-08-10T20:45:10+08:00][sql] SELECT * FROM `mall_system_menu` WHERE  `status` = 0  AND `pid` = 13 ORDER BY `sort` ASC [ RunTime:0.000305s ]
[2021-08-10T20:45:10+08:00][sql] SELECT * FROM `mall_system_menu` WHERE  `status` = 0  AND `pid` = 14 ORDER BY `sort` ASC [ RunTime:0.000295s ]
[2021-08-10T20:45:10+08:00][sql] SELECT * FROM `mall_system_menu` WHERE  `status` = 0  AND `pid` = 15 ORDER BY `sort` ASC [ RunTime:0.000285s ]
[2021-08-10T20:45:10+08:00][sql] SELECT * FROM `mall_system_menu` WHERE  `status` = 0  AND `pid` = 16 ORDER BY `sort` ASC [ RunTime:0.000287s ]
[2021-08-10T20:45:10+08:00][sql] SELECT * FROM `mall_system_menu` WHERE  `status` = 0  AND `pid` = 17 ORDER BY `sort` ASC [ RunTime:0.000282s ]
[2021-08-10T20:45:10+08:00][sql] SELECT * FROM `mall_system_menu` WHERE  `status` = 0  AND `pid` = 18 ORDER BY `sort` ASC [ RunTime:0.000314s ]
[2021-08-10T20:45:10+08:00][sql] SELECT * FROM `mall_system_menu` WHERE  `status` = 0  AND `pid` = 23 ORDER BY `sort` ASC [ RunTime:0.000313s ]
[2021-08-10T20:45:10+08:00][sql] SELECT * FROM `mall_system_menu` WHERE  `status` = 0  AND `pid` = 24 ORDER BY `sort` ASC [ RunTime:0.000318s ]
[2021-08-10T20:45:10+08:00][sql] SELECT * FROM `mall_system_menu` WHERE  `status` = 0  AND `pid` = 25 ORDER BY `sort` ASC [ RunTime:0.000310s ]
[2021-08-10T20:45:10+08:00][sql] SELECT * FROM `mall_system_menu` WHERE  `status` = 0  AND `pid` = 26 ORDER BY `sort` ASC [ RunTime:0.000299s ]
[2021-08-10T20:45:10+08:00][sql] SELECT * FROM `mall_system_menu` WHERE  `status` = 0  AND `pid` = 21 ORDER BY `sort` ASC [ RunTime:0.000308s ]
[2021-08-10T20:45:10+08:00][sql] SELECT * FROM `mall_system_menu` WHERE  `status` = 0  AND `pid` = 22 ORDER BY `sort` ASC [ RunTime:0.000295s ]
[2021-08-10T20:45:10+08:00][sql] SELECT * FROM `mall_system_users` WHERE  `id` = 1 LIMIT 1 [ RunTime:0.000258s ]
[2021-08-10T20:45:10+08:00][sql] SELECT * FROM `mall_system_manage` WHERE  `id` = 1 LIMIT 1 [ RunTime:0.000229s ]
[2021-08-10T20:45:10+08:00][sql] SELECT * FROM `mall_system_users` WHERE  `id` = 1 LIMIT 1 [ RunTime:0.000261s ]
[2021-08-10T20:45:10+08:00][sql] SELECT * FROM `mall_system_manage` WHERE  `id` = 1 LIMIT 1 [ RunTime:0.000235s ]
[2021-08-10T20:45:10+08:00][sql] SHOW FULL COLUMNS FROM `mall_order` [ RunTime:0.351602s ]
[2021-08-10T20:45:10+08:00][sql] SELECT COUNT(*) AS order_num,order_amount FROM `mall_order` WHERE  ( user_id > 0 AND status=5 ) LIMIT 1 [ RunTime:0.187833s ]
[2021-08-10T20:45:10+08:00][sql] SHOW FULL COLUMNS FROM `mall_users` [ RunTime:0.052541s ]
[2021-08-10T20:45:10+08:00][sql] SELECT COUNT(DISTINCT o.user_id) as count FROM `mall_users` `u` LEFT JOIN `mall_order` `o` ON `o`.`user_id`=`u`.`id` WHERE  ( o.user_id > 0 AND o.status=5 ) LIMIT 1 [ RunTime:0.000904s ]
[2021-08-10T20:45:10+08:00][sql] SELECT SUM(o.order_amount) as total,COUNT(o.id) as count,u.username FROM `mall_order` `o` LEFT JOIN `mall_users` `u` ON `o`.`user_id`=`u`.`id` WHERE  ( o.user_id > 0 AND o.status=5 ) GROUP BY `o`.`user_id` ORDER BY `total` DESC LIMIT 10 [ RunTime:0.018319s ]
[2021-08-10T20:45:10+08:00][sql] SELECT SUM(order_amount) as amount,count(*) as total,create_time,FROM_UNIXTIME(create_time,"%Y%m%d") as days FROM `mall_order` WHERE  `status` IN (2,5) GROUP BY days having create_time >= 1625932800 and create_time <= 1628611199 [ RunTime:0.000837s ]
[2021-08-10T20:45:10+08:00][sql] SELECT COUNT(*) AS think_count FROM `mall_order` [ RunTime:0.000785s ]
[2021-08-10T20:45:10+08:00][sql] SHOW FULL COLUMNS FROM `mall_goods` [ RunTime:0.031321s ]
[2021-08-10T20:45:10+08:00][sql] SELECT COUNT(*) AS think_count FROM `mall_goods` [ RunTime:0.000819s ]
[2021-08-10T20:45:10+08:00][sql] SELECT COUNT(*) AS think_count FROM `mall_users` [ RunTime:0.000346s ]
[2021-08-10T20:45:10+08:00][sql] SHOW FULL COLUMNS FROM `mall_users_comment` [ RunTime:0.003737s ]
[2021-08-10T20:45:10+08:00][sql] SELECT COUNT(*) AS think_count FROM `mall_users_comment` [ RunTime:0.000292s ]
[2021-08-10T20:45:13+08:00][sql] CONNECT:[ UseTime:0.000391s ] mysql:host=127.0.0.1;port=3306;dbname=a3mall-pro;charset=utf8mb4
[2021-08-10T20:45:13+08:00][sql] SHOW FULL COLUMNS FROM `mall_system_users` [ RunTime:0.003006s ]
[2021-08-10T20:45:13+08:00][sql] SELECT * FROM `mall_system_users` WHERE  `id` = 1 LIMIT 1 [ RunTime:0.000397s ]
[2021-08-10T20:45:13+08:00][sql] SHOW FULL COLUMNS FROM `mall_system_manage` [ RunTime:0.001957s ]
[2021-08-10T20:45:13+08:00][sql] SELECT * FROM `mall_system_manage` WHERE  `id` = 1 LIMIT 1 [ RunTime:0.000308s ]
[2021-08-10T20:45:13+08:00][sql] SHOW FULL COLUMNS FROM `mall_system_menu` [ RunTime:0.001923s ]
[2021-08-10T20:45:13+08:00][sql] SELECT * FROM `mall_system_menu` WHERE  `status` = 0  AND `pid` = 0 ORDER BY `sort` ASC [ RunTime:0.000414s ]
[2021-08-10T20:45:13+08:00][sql] SELECT * FROM `mall_system_menu` WHERE  ( status=0 AND ((controller="platform.shop" AND method="select") OR (controller="platform.shop" AND FIND_IN_SET("select",active))) ) LIMIT 1 [ RunTime:0.000421s ]
[2021-08-10T20:45:13+08:00][sql] SELECT * FROM `mall_system_menu` WHERE  `status` = 0  AND `pid` = 115 ORDER BY `sort` ASC [ RunTime:0.000454s ]
[2021-08-10T20:45:13+08:00][sql] SELECT * FROM `mall_system_menu` WHERE  `status` = 0  AND `pid` = 116 ORDER BY `sort` ASC [ RunTime:0.000362s ]
[2021-08-10T20:45:13+08:00][sql] SELECT * FROM `mall_system_menu` WHERE  `status` = 0  AND `pid` = 155 ORDER BY `sort` ASC [ RunTime:0.000335s ]
[2021-08-10T20:45:13+08:00][sql] SELECT * FROM `mall_system_users` WHERE  `id` = 1 LIMIT 1 [ RunTime:0.000258s ]
[2021-08-10T20:45:13+08:00][sql] SELECT * FROM `mall_system_manage` WHERE  `id` = 1 LIMIT 1 [ RunTime:0.000216s ]
[2021-08-10T20:45:13+08:00][sql] SELECT * FROM `mall_system_users` WHERE  `id` = 1 LIMIT 1 [ RunTime:0.000227s ]
[2021-08-10T20:45:13+08:00][sql] SELECT * FROM `mall_system_manage` WHERE  `id` = 1 LIMIT 1 [ RunTime:0.000198s ]
[2021-08-10T20:45:13+08:00][sql] SHOW FULL COLUMNS FROM `mall_pages_type` [ RunTime:0.032333s ]
[2021-08-10T20:45:13+08:00][sql] SELECT * FROM `mall_pages_type` WHERE  `type` IN ('h5','mini','app') [ RunTime:0.000509s ]
[2021-08-10T20:45:16+08:00][sql] CONNECT:[ UseTime:0.000366s ] mysql:host=127.0.0.1;port=3306;dbname=a3mall-pro;charset=utf8mb4
[2021-08-10T20:45:16+08:00][sql] SHOW FULL COLUMNS FROM `mall_system_users` [ RunTime:0.007354s ]
[2021-08-10T20:45:16+08:00][sql] SELECT * FROM `mall_system_users` WHERE  `id` = 1 LIMIT 1 [ RunTime:0.000549s ]
[2021-08-10T20:45:16+08:00][sql] SHOW FULL COLUMNS FROM `mall_system_manage` [ RunTime:0.002394s ]
[2021-08-10T20:45:16+08:00][sql] SELECT * FROM `mall_system_manage` WHERE  `id` = 1 LIMIT 1 [ RunTime:0.000353s ]
[2021-08-10T20:45:16+08:00][sql] SHOW FULL COLUMNS FROM `mall_system_menu` [ RunTime:0.002141s ]
[2021-08-10T20:45:16+08:00][sql] SELECT * FROM `mall_system_menu` WHERE  `status` = 0  AND `pid` = 0 ORDER BY `sort` ASC [ RunTime:0.000465s ]
[2021-08-10T20:45:16+08:00][sql] SELECT * FROM `mall_system_menu` WHERE  ( status=0 AND ((controller="platform.shop" AND method="manage") OR (controller="platform.shop" AND FIND_IN_SET("manage",active))) ) LIMIT 1 [ RunTime:0.040874s ]
[2021-08-10T20:45:16+08:00][sql] SELECT * FROM `mall_system_menu` WHERE  `status` = 0  AND `pid` = 115 ORDER BY `sort` ASC [ RunTime:0.000668s ]
[2021-08-10T20:45:16+08:00][sql] SELECT * FROM `mall_system_menu` WHERE  `status` = 0  AND `pid` = 116 ORDER BY `sort` ASC [ RunTime:0.000520s ]
[2021-08-10T20:45:16+08:00][sql] SELECT * FROM `mall_system_menu` WHERE  `status` = 0  AND `pid` = 155 ORDER BY `sort` ASC [ RunTime:0.000446s ]
[2021-08-10T20:45:16+08:00][sql] SELECT * FROM `mall_system_users` WHERE  `id` = 1 LIMIT 1 [ RunTime:0.000327s ]
[2021-08-10T20:45:16+08:00][sql] SELECT * FROM `mall_system_manage` WHERE  `id` = 1 LIMIT 1 [ RunTime:0.000279s ]
[2021-08-10T20:45:16+08:00][sql] SELECT * FROM `mall_system_users` WHERE  `id` = 1 LIMIT 1 [ RunTime:0.000286s ]
[2021-08-10T20:45:16+08:00][sql] SELECT * FROM `mall_system_manage` WHERE  `id` = 1 LIMIT 1 [ RunTime:0.000216s ]
[2021-08-10T20:45:16+08:00][sql] SHOW FULL COLUMNS FROM `mall_pages` [ RunTime:0.060353s ]
[2021-08-10T20:45:16+08:00][sql] SELECT * FROM `mall_pages` WHERE  `code` = 'home'  AND `type` = 'h5' LIMIT 1 [ RunTime:0.065053s ]
[2021-08-10T20:45:16+08:00][sql] SHOW FULL COLUMNS FROM `mall_pages_widget` [ RunTime:0.030134s ]
[2021-08-10T20:45:16+08:00][sql] SHOW FULL COLUMNS FROM `mall_pages_relation` [ RunTime:0.003921s ]
[2021-08-10T20:45:16+08:00][sql] SELECT * FROM `mall_pages_relation` WHERE  `type` = 'h5' LIMIT 1 [ RunTime:0.000364s ]
[2021-08-10T20:45:16+08:00][sql] SELECT * FROM `mall_pages_widget` WHERE  `id` IN (1,2,3,4,5,6,7,8,9,10,11,12,13,14,15,16,17,18,19,20) [ RunTime:0.000447s ]
[2021-08-10T20:45:16+08:00][sql] SELECT * FROM `mall_pages` WHERE  `id` = 1 LIMIT 1 [ RunTime:0.000572s ]
[2021-08-10T20:45:16+08:00][sql] SHOW FULL COLUMNS FROM `mall_pages_items` [ RunTime:0.003329s ]
[2021-08-10T20:45:16+08:00][sql] SELECT * FROM `mall_pages_items` WHERE  `pid` = 1 ORDER BY `position_id` ASC [ RunTime:0.037499s ]
[2021-08-10T20:45:16+08:00][sql] SHOW FULL COLUMNS FROM `mall_setting` [ RunTime:0.023832s ]
[2021-08-10T20:45:16+08:00][sql] SELECT `value` FROM `mall_setting` WHERE  `name` = 'upload' LIMIT 1 [ RunTime:0.000417s ]
[2021-08-10T20:45:16+08:00][sql] SELECT `value` FROM `mall_setting` WHERE  `name` = 'upload' LIMIT 1 [ RunTime:0.000326s ]
[2021-08-10T20:45:16+08:00][sql] SELECT `value` FROM `mall_setting` WHERE  `name` = 'upload' LIMIT 1 [ RunTime:0.000295s ]
[2021-08-10T20:45:16+08:00][sql] SELECT `value` FROM `mall_setting` WHERE  `name` = 'upload' LIMIT 1 [ RunTime:0.000301s ]
[2021-08-10T20:45:16+08:00][sql] SELECT `value` FROM `mall_setting` WHERE  `name` = 'upload' LIMIT 1 [ RunTime:0.000293s ]
[2021-08-10T20:45:16+08:00][sql] SELECT `value` FROM `mall_setting` WHERE  `name` = 'upload' LIMIT 1 [ RunTime:0.000262s ]
[2021-08-10T20:45:16+08:00][sql] SELECT `value` FROM `mall_setting` WHERE  `name` = 'upload' LIMIT 1 [ RunTime:0.000196s ]
[2021-08-10T20:45:16+08:00][sql] SELECT `value` FROM `mall_setting` WHERE  `name` = 'upload' LIMIT 1 [ RunTime:0.000188s ]
[2021-08-10T20:45:16+08:00][sql] SELECT `value` FROM `mall_setting` WHERE  `name` = 'upload' LIMIT 1 [ RunTime:0.000231s ]
[2021-08-10T20:45:16+08:00][sql] SELECT `value` FROM `mall_setting` WHERE  `name` = 'upload' LIMIT 1 [ RunTime:0.000217s ]
[2021-08-10T20:45:16+08:00][sql] SELECT `value` FROM `mall_setting` WHERE  `name` = 'upload' LIMIT 1 [ RunTime:0.000220s ]
[2021-08-10T20:45:16+08:00][sql] SHOW FULL COLUMNS FROM `mall_promotion_second` [ RunTime:0.035454s ]
[2021-08-10T20:45:16+08:00][sql] SELECT `pg`.`id`,`pg`.`title`,`pg`.`goods_id`,`pg`.`sell_price`,`pg`.`start_time`,`pg`.`end_time`,`g`.`photo` FROM `mall_promotion_second` `pg` LEFT JOIN `mall_goods` `g` ON `pg`.`goods_id`=`g`.`id` WHERE  `pg`.`status` = 0  AND `g`.`status` = 0  AND `pg`.`id` IN ('1','2','3','4') [ RunTime:0.024422s ]
[2021-08-10T20:45:16+08:00][sql] SELECT `value` FROM `mall_setting` WHERE  `name` = 'upload' LIMIT 1 [ RunTime:0.000577s ]
[2021-08-10T20:45:16+08:00][sql] SELECT `value` FROM `mall_setting` WHERE  `name` = 'upload' LIMIT 1 [ RunTime:0.000506s ]
[2021-08-10T20:45:16+08:00][sql] SELECT `value` FROM `mall_setting` WHERE  `name` = 'upload' LIMIT 1 [ RunTime:0.000535s ]
[2021-08-10T20:45:16+08:00][sql] SELECT `value` FROM `mall_setting` WHERE  `name` = 'upload' LIMIT 1 [ RunTime:0.000510s ]
[2021-08-10T20:45:16+08:00][sql] SELECT `value` FROM `mall_setting` WHERE  `name` = 'upload' LIMIT 1 [ RunTime:0.000283s ]
[2021-08-10T20:45:16+08:00][sql] SELECT `value` FROM `mall_setting` WHERE  `name` = 'upload' LIMIT 1 [ RunTime:0.000318s ]
[2021-08-10T20:45:16+08:00][sql] SELECT `value` FROM `mall_setting` WHERE  `name` = 'upload' LIMIT 1 [ RunTime:0.000274s ]
[2021-08-10T20:45:16+08:00][sql] SELECT `value` FROM `mall_setting` WHERE  `name` = 'upload' LIMIT 1 [ RunTime:0.000275s ]
[2021-08-10T20:45:16+08:00][sql] SHOW FULL COLUMNS FROM `mall_goods` [ RunTime:0.002282s ]
[2021-08-10T20:45:16+08:00][sql] SELECT `id`,`cat_id`,`title`,`goods_number`,`goods_weight`,`sell_price`,`market_price`,`store_nums`,`photo`,`briefly`,`status`,`visit`,`favorite`,`sale` FROM `mall_goods` WHERE  `status` = 0  AND `id` IN (1,3,4,5,6) [ RunTime:0.000421s ]
[2021-08-10T20:45:16+08:00][sql] SELECT `value` FROM `mall_setting` WHERE  `name` = 'upload' LIMIT 1 [ RunTime:0.000235s ]
[2021-08-10T20:45:16+08:00][sql] SELECT `value` FROM `mall_setting` WHERE  `name` = 'upload' LIMIT 1 [ RunTime:0.000211s ]
[2021-08-10T20:45:16+08:00][sql] SELECT `value` FROM `mall_setting` WHERE  `name` = 'upload' LIMIT 1 [ RunTime:0.000185s ]
[2021-08-10T20:45:16+08:00][sql] SELECT `value` FROM `mall_setting` WHERE  `name` = 'upload' LIMIT 1 [ RunTime:0.000174s ]
[2021-08-10T20:45:16+08:00][sql] SELECT `value` FROM `mall_setting` WHERE  `name` = 'upload' LIMIT 1 [ RunTime:0.000172s ]
[2021-08-10T20:45:16+08:00][sql] SELECT `value` FROM `mall_setting` WHERE  `name` = 'upload' LIMIT 1 [ RunTime:0.000173s ]
[2021-08-10T20:45:16+08:00][sql] SELECT `value` FROM `mall_setting` WHERE  `name` = 'upload' LIMIT 1 [ RunTime:0.000171s ]
[2021-08-10T20:45:16+08:00][sql] SELECT `value` FROM `mall_setting` WHERE  `name` = 'upload' LIMIT 1 [ RunTime:0.000169s ]
[2021-08-10T20:45:16+08:00][sql] SELECT `value` FROM `mall_setting` WHERE  `name` = 'upload' LIMIT 1 [ RunTime:0.000172s ]
[2021-08-10T20:45:16+08:00][sql] SELECT `value` FROM `mall_setting` WHERE  `name` = 'upload' LIMIT 1 [ RunTime:0.000166s ]
[2021-08-10T20:45:16+08:00][sql] SELECT `value` FROM `mall_setting` WHERE  `name` = 'upload' LIMIT 1 [ RunTime:0.000167s ]
[2021-08-10T20:45:16+08:00][sql] SHOW FULL COLUMNS FROM `mall_category` [ RunTime:0.039626s ]
[2021-08-10T20:45:16+08:00][sql] SELECT * FROM `mall_category` WHERE  `status` = 0  AND `module` = 'goods' [ RunTime:0.000663s ]
[2021-08-10T20:45:16+08:00][sql] SELECT * FROM `mall_category` WHERE  `status` = 0  AND `module` = 'article' [ RunTime:0.000392s ]
[2021-08-10T20:45:16+08:00][sql] SHOW FULL COLUMNS FROM `mall_products_brand` [ RunTime:0.003389s ]
[2021-08-10T20:45:16+08:00][sql] SELECT * FROM `mall_products_brand` WHERE  `status` = 0 [ RunTime:0.000403s ]
[2021-08-10T20:45:16+08:00][sql] SELECT `value` FROM `mall_setting` WHERE  `name` = 'upload' LIMIT 1 [ RunTime:0.000385s ]
[2021-08-10T20:45:16+08:00][sql] SELECT * FROM `mall_pages` WHERE  `is_lock` = 0  AND `type` = 'h5' [ RunTime:0.000347s ]
