[2021-08-11T23:06:52+08:00][sql] CONNECT:[ UseTime:0.000505s ] mysql:host=127.0.0.1;port=3306;dbname=a3mall-pro;charset=utf8mb4
[2021-08-11T23:06:52+08:00][sql] SHOW FULL COLUMNS FROM `mall_system_users` [ RunTime:0.184452s ]
[2021-08-11T23:06:52+08:00][sql] SELECT * FROM `mall_system_users` WHERE  `username` = 'admin' LIMIT 1 [ RunTime:0.000779s ]
[2021-08-11T23:06:52+08:00][sql] UPDATE `mall_system_users`  SET `count` = 1285 , `time` = 1628694412 , `ip` = '127.0.0.1'  WHERE  `id` = 1 [ RunTime:0.040977s ]
[2021-08-11T23:06:52+08:00][sql] SHOW FULL COLUMNS FROM `mall_system_manage` [ RunTime:0.030132s ]
[2021-08-11T23:06:52+08:00][sql] SELECT COUNT(*) AS think_count FROM `mall_system_manage` WHERE  `id` = 1  AND `status` = 0 [ RunTime:0.000628s ]
[2021-08-11T23:06:52+08:00][sql] SHOW FULL COLUMNS FROM `mall_system_users_log` [ RunTime:0.004615s ]
[2021-08-11T23:06:52+08:00][sql] INSERT INTO `mall_system_users_log` SET `user_id` = 1 , `intro` = '状态：用户 [ admin ] 登录成功 时间：2021-08-11 23:06:52 登录地点：127.0.0.1' , `ip` = '127.0.0.1' , `time` = 1628694412 [ RunTime:0.000997s ]
[2021-08-11T23:06:56+08:00][sql] CONNECT:[ UseTime:0.000416s ] mysql:host=127.0.0.1;port=3306;dbname=a3mall-pro;charset=utf8mb4
[2021-08-11T23:06:56+08:00][sql] SHOW FULL COLUMNS FROM `mall_system_users` [ RunTime:0.002049s ]
[2021-08-11T23:06:56+08:00][sql] SELECT * FROM `mall_system_users` WHERE  `id` = 1 LIMIT 1 [ RunTime:0.000356s ]
[2021-08-11T23:06:56+08:00][sql] SHOW FULL COLUMNS FROM `mall_system_manage` [ RunTime:0.001964s ]
[2021-08-11T23:06:56+08:00][sql] SELECT * FROM `mall_system_manage` WHERE  `id` = 1 LIMIT 1 [ RunTime:0.000322s ]
[2021-08-11T23:06:56+08:00][sql] SHOW FULL COLUMNS FROM `mall_system_menu` [ RunTime:0.019596s ]
[2021-08-11T23:06:56+08:00][sql] SELECT * FROM `mall_system_menu` WHERE  `status` = 0  AND `pid` = 0 ORDER BY `sort` ASC [ RunTime:0.000639s ]
[2021-08-11T23:06:56+08:00][sql] SELECT * FROM `mall_system_menu` WHERE  ( status=0 AND ((controller="platform.index" AND method="index") OR (controller="platform.index" AND FIND_IN_SET("index",active))) ) LIMIT 1 [ RunTime:0.000810s ]
[2021-08-11T23:06:56+08:00][sql] SELECT * FROM `mall_system_menu` WHERE  `status` = 0  AND `pid` = 1 ORDER BY `sort` ASC [ RunTime:0.000681s ]
[2021-08-11T23:06:56+08:00][sql] SELECT * FROM `mall_system_menu` WHERE  `status` = 0  AND `pid` = 8 ORDER BY `sort` ASC [ RunTime:0.000488s ]
[2021-08-11T23:06:56+08:00][sql] SELECT * FROM `mall_system_menu` WHERE  `status` = 0  AND `pid` = 9 ORDER BY `sort` ASC [ RunTime:0.000389s ]
[2021-08-11T23:06:56+08:00][sql] SELECT * FROM `mall_system_menu` WHERE  `status` = 0  AND `pid` = 10 ORDER BY `sort` ASC [ RunTime:0.000384s ]
[2021-08-11T23:06:56+08:00][sql] SELECT * FROM `mall_system_menu` WHERE  `status` = 0  AND `pid` = 11 ORDER BY `sort` ASC [ RunTime:0.000368s ]
[2021-08-11T23:06:56+08:00][sql] SELECT * FROM `mall_system_menu` WHERE  `status` = 0  AND `pid` = 79 ORDER BY `sort` ASC [ RunTime:0.000357s ]
[2021-08-11T23:06:56+08:00][sql] SELECT * FROM `mall_system_menu` WHERE  `status` = 0  AND `pid` = 80 ORDER BY `sort` ASC [ RunTime:0.000361s ]
[2021-08-11T23:06:56+08:00][sql] SELECT * FROM `mall_system_menu` WHERE  `status` = 0  AND `pid` = 81 ORDER BY `sort` ASC [ RunTime:0.000321s ]
[2021-08-11T23:06:56+08:00][sql] SELECT * FROM `mall_system_menu` WHERE  `status` = 0  AND `pid` = 12 ORDER BY `sort` ASC [ RunTime:0.000308s ]
[2021-08-11T23:06:56+08:00][sql] SELECT * FROM `mall_system_menu` WHERE  `status` = 0  AND `pid` = 13 ORDER BY `sort` ASC [ RunTime:0.000295s ]
[2021-08-11T23:06:56+08:00][sql] SELECT * FROM `mall_system_menu` WHERE  `status` = 0  AND `pid` = 14 ORDER BY `sort` ASC [ RunTime:0.000307s ]
[2021-08-11T23:06:56+08:00][sql] SELECT * FROM `mall_system_menu` WHERE  `status` = 0  AND `pid` = 15 ORDER BY `sort` ASC [ RunTime:0.000287s ]
[2021-08-11T23:06:56+08:00][sql] SELECT * FROM `mall_system_menu` WHERE  `status` = 0  AND `pid` = 16 ORDER BY `sort` ASC [ RunTime:0.000314s ]
[2021-08-11T23:06:56+08:00][sql] SELECT * FROM `mall_system_menu` WHERE  `status` = 0  AND `pid` = 17 ORDER BY `sort` ASC [ RunTime:0.000291s ]
[2021-08-11T23:06:56+08:00][sql] SELECT * FROM `mall_system_menu` WHERE  `status` = 0  AND `pid` = 18 ORDER BY `sort` ASC [ RunTime:0.000299s ]
[2021-08-11T23:06:56+08:00][sql] SELECT * FROM `mall_system_menu` WHERE  `status` = 0  AND `pid` = 23 ORDER BY `sort` ASC [ RunTime:0.000308s ]
[2021-08-11T23:06:56+08:00][sql] SELECT * FROM `mall_system_menu` WHERE  `status` = 0  AND `pid` = 24 ORDER BY `sort` ASC [ RunTime:0.000303s ]
[2021-08-11T23:06:56+08:00][sql] SELECT * FROM `mall_system_menu` WHERE  `status` = 0  AND `pid` = 25 ORDER BY `sort` ASC [ RunTime:0.000283s ]
[2021-08-11T23:06:56+08:00][sql] SELECT * FROM `mall_system_menu` WHERE  `status` = 0  AND `pid` = 26 ORDER BY `sort` ASC [ RunTime:0.000307s ]
[2021-08-11T23:06:56+08:00][sql] SELECT * FROM `mall_system_menu` WHERE  `status` = 0  AND `pid` = 21 ORDER BY `sort` ASC [ RunTime:0.000311s ]
[2021-08-11T23:06:56+08:00][sql] SELECT * FROM `mall_system_menu` WHERE  `status` = 0  AND `pid` = 22 ORDER BY `sort` ASC [ RunTime:0.000321s ]
[2021-08-11T23:06:56+08:00][sql] SELECT * FROM `mall_system_users` WHERE  `id` = 1 LIMIT 1 [ RunTime:0.000263s ]
[2021-08-11T23:06:56+08:00][sql] SELECT * FROM `mall_system_manage` WHERE  `id` = 1 LIMIT 1 [ RunTime:0.000231s ]
[2021-08-11T23:06:56+08:00][sql] SELECT * FROM `mall_system_users` WHERE  `id` = 1 LIMIT 1 [ RunTime:0.000248s ]
[2021-08-11T23:06:56+08:00][sql] SELECT * FROM `mall_system_manage` WHERE  `id` = 1 LIMIT 1 [ RunTime:0.000208s ]
[2021-08-11T23:06:56+08:00][sql] SHOW FULL COLUMNS FROM `mall_order` [ RunTime:0.104220s ]
[2021-08-11T23:06:56+08:00][sql] SELECT COUNT(*) AS order_num,order_amount FROM `mall_order` WHERE  ( user_id > 0 AND status=5 ) LIMIT 1 [ RunTime:0.001041s ]
[2021-08-11T23:06:56+08:00][sql] SHOW FULL COLUMNS FROM `mall_users` [ RunTime:0.042361s ]
[2021-08-11T23:06:56+08:00][sql] SELECT COUNT(DISTINCT o.user_id) as count FROM `mall_users` `u` LEFT JOIN `mall_order` `o` ON `o`.`user_id`=`u`.`id` WHERE  ( o.user_id > 0 AND o.status=5 ) LIMIT 1 [ RunTime:0.000895s ]
[2021-08-11T23:06:56+08:00][sql] SELECT SUM(o.order_amount) as total,COUNT(o.id) as count,u.username FROM `mall_order` `o` LEFT JOIN `mall_users` `u` ON `o`.`user_id`=`u`.`id` WHERE  ( o.user_id > 0 AND o.status=5 ) GROUP BY `o`.`user_id` ORDER BY `total` DESC LIMIT 10 [ RunTime:0.000495s ]
[2021-08-11T23:06:56+08:00][sql] SELECT SUM(order_amount) as amount,count(*) as total,create_time,FROM_UNIXTIME(create_time,"%Y%m%d") as days FROM `mall_order` WHERE  `status` IN (2,5) GROUP BY days having create_time >= 1626019200 and create_time <= 1628697599 [ RunTime:0.000467s ]
[2021-08-11T23:06:56+08:00][sql] SELECT COUNT(*) AS think_count FROM `mall_order` [ RunTime:0.000583s ]
[2021-08-11T23:06:56+08:00][sql] SHOW FULL COLUMNS FROM `mall_goods` [ RunTime:0.050775s ]
[2021-08-11T23:06:56+08:00][sql] SELECT COUNT(*) AS think_count FROM `mall_goods` [ RunTime:0.000903s ]
[2021-08-11T23:06:56+08:00][sql] SELECT COUNT(*) AS think_count FROM `mall_users` [ RunTime:0.000508s ]
[2021-08-11T23:06:56+08:00][sql] SHOW FULL COLUMNS FROM `mall_users_comment` [ RunTime:0.004260s ]
[2021-08-11T23:06:56+08:00][sql] SELECT COUNT(*) AS think_count FROM `mall_users_comment` [ RunTime:0.000275s ]
[2021-08-11T23:07:04+08:00][sql] CONNECT:[ UseTime:0.000398s ] mysql:host=127.0.0.1;port=3306;dbname=a3mall-pro;charset=utf8mb4
[2021-08-11T23:07:04+08:00][sql] SHOW FULL COLUMNS FROM `mall_system_users` [ RunTime:0.002312s ]
[2021-08-11T23:07:04+08:00][sql] SELECT * FROM `mall_system_users` WHERE  `id` = 1 LIMIT 1 [ RunTime:0.000446s ]
[2021-08-11T23:07:04+08:00][sql] SHOW FULL COLUMNS FROM `mall_system_manage` [ RunTime:0.001959s ]
[2021-08-11T23:07:04+08:00][sql] SELECT * FROM `mall_system_manage` WHERE  `id` = 1 LIMIT 1 [ RunTime:0.000309s ]
[2021-08-11T23:07:04+08:00][sql] SHOW FULL COLUMNS FROM `mall_system_menu` [ RunTime:0.001877s ]
[2021-08-11T23:07:04+08:00][sql] SELECT * FROM `mall_system_menu` WHERE  `status` = 0  AND `pid` = 0 ORDER BY `sort` ASC [ RunTime:0.000409s ]
[2021-08-11T23:07:04+08:00][sql] SELECT * FROM `mall_system_menu` WHERE  ( status=0 AND ((controller="users.index" AND method="index") OR (controller="users.index" AND FIND_IN_SET("index",active))) ) LIMIT 1 [ RunTime:0.000362s ]
[2021-08-11T23:07:04+08:00][sql] SELECT * FROM `mall_system_menu` WHERE  `status` = 0  AND `pid` = 4 ORDER BY `sort` ASC [ RunTime:0.000410s ]
[2021-08-11T23:07:04+08:00][sql] SELECT * FROM `mall_system_menu` WHERE  `status` = 0  AND `pid` = 27 ORDER BY `sort` ASC [ RunTime:0.000362s ]
[2021-08-11T23:07:04+08:00][sql] SELECT * FROM `mall_system_menu` WHERE  `status` = 0  AND `pid` = 28 ORDER BY `sort` ASC [ RunTime:0.000389s ]
[2021-08-11T23:07:04+08:00][sql] SELECT * FROM `mall_system_menu` WHERE  `status` = 0  AND `pid` = 29 ORDER BY `sort` ASC [ RunTime:0.000340s ]
[2021-08-11T23:07:04+08:00][sql] SELECT * FROM `mall_system_menu` WHERE  `status` = 0  AND `pid` = 120 ORDER BY `sort` ASC [ RunTime:0.000347s ]
[2021-08-11T23:07:04+08:00][sql] SELECT * FROM `mall_system_menu` WHERE  `status` = 0  AND `pid` = 30 ORDER BY `sort` ASC [ RunTime:0.000363s ]
[2021-08-11T23:07:04+08:00][sql] SELECT * FROM `mall_system_menu` WHERE  `status` = 0  AND `pid` = 31 ORDER BY `sort` ASC [ RunTime:0.000307s ]
[2021-08-11T23:07:04+08:00][sql] SELECT * FROM `mall_system_menu` WHERE  `status` = 0  AND `pid` = 32 ORDER BY `sort` ASC [ RunTime:0.000348s ]
[2021-08-11T23:07:04+08:00][sql] SELECT * FROM `mall_system_menu` WHERE  `status` = 0  AND `pid` = 156 ORDER BY `sort` ASC [ RunTime:0.000360s ]
[2021-08-11T23:07:04+08:00][sql] SELECT * FROM `mall_system_menu` WHERE  `status` = 0  AND `pid` = 157 ORDER BY `sort` ASC [ RunTime:0.000313s ]
[2021-08-11T23:07:04+08:00][sql] SELECT * FROM `mall_system_menu` WHERE  `status` = 0  AND `pid` = 94 ORDER BY `sort` ASC [ RunTime:0.000322s ]
[2021-08-11T23:07:04+08:00][sql] SELECT * FROM `mall_system_menu` WHERE  `status` = 0  AND `pid` = 95 ORDER BY `sort` ASC [ RunTime:0.000300s ]
[2021-08-11T23:07:04+08:00][sql] SELECT * FROM `mall_system_menu` WHERE  `status` = 0  AND `pid` = 96 ORDER BY `sort` ASC [ RunTime:0.000336s ]
[2021-08-11T23:07:04+08:00][sql] SELECT * FROM `mall_system_menu` WHERE  `status` = 0  AND `pid` = 154 ORDER BY `sort` ASC [ RunTime:0.000343s ]
[2021-08-11T23:07:04+08:00][sql] SELECT * FROM `mall_system_menu` WHERE  `status` = 0  AND `pid` = 33 ORDER BY `sort` ASC [ RunTime:0.000358s ]
[2021-08-11T23:07:04+08:00][sql] SELECT * FROM `mall_system_menu` WHERE  `status` = 0  AND `pid` = 34 ORDER BY `sort` ASC [ RunTime:0.000321s ]
[2021-08-11T23:07:04+08:00][sql] SELECT * FROM `mall_system_menu` WHERE  `status` = 0  AND `pid` = 97 ORDER BY `sort` ASC [ RunTime:0.000295s ]
[2021-08-11T23:07:04+08:00][sql] SELECT * FROM `mall_system_menu` WHERE  `status` = 0  AND `pid` = 35 ORDER BY `sort` ASC [ RunTime:0.000318s ]
[2021-08-11T23:07:04+08:00][sql] SELECT * FROM `mall_system_menu` WHERE  `status` = 0  AND `pid` = 125 ORDER BY `sort` ASC [ RunTime:0.000322s ]
[2021-08-11T23:07:04+08:00][sql] SELECT * FROM `mall_system_menu` WHERE  `status` = 0  AND `pid` = 36 ORDER BY `sort` ASC [ RunTime:0.000327s ]
[2021-08-11T23:07:04+08:00][sql] SELECT * FROM `mall_system_menu` WHERE  `status` = 0  AND `pid` = 37 ORDER BY `sort` ASC [ RunTime:0.000362s ]
[2021-08-11T23:07:04+08:00][sql] SELECT * FROM `mall_system_menu` WHERE  `status` = 0  AND `pid` = 121 ORDER BY `sort` ASC [ RunTime:0.000416s ]
[2021-08-11T23:07:04+08:00][sql] SELECT * FROM `mall_system_menu` WHERE  `status` = 0  AND `pid` = 122 ORDER BY `sort` ASC [ RunTime:0.000337s ]
[2021-08-11T23:07:04+08:00][sql] SELECT * FROM `mall_system_menu` WHERE  `status` = 0  AND `pid` = 123 ORDER BY `sort` ASC [ RunTime:0.000316s ]
[2021-08-11T23:07:04+08:00][sql] SELECT * FROM `mall_system_menu` WHERE  `status` = 0  AND `pid` = 144 ORDER BY `sort` ASC [ RunTime:0.000300s ]
[2021-08-11T23:07:04+08:00][sql] SELECT * FROM `mall_system_users` WHERE  `id` = 1 LIMIT 1 [ RunTime:0.000260s ]
[2021-08-11T23:07:04+08:00][sql] SELECT * FROM `mall_system_manage` WHERE  `id` = 1 LIMIT 1 [ RunTime:0.000236s ]
[2021-08-11T23:07:04+08:00][sql] SELECT * FROM `mall_system_users` WHERE  `id` = 1 LIMIT 1 [ RunTime:0.000235s ]
[2021-08-11T23:07:04+08:00][sql] SELECT * FROM `mall_system_manage` WHERE  `id` = 1 LIMIT 1 [ RunTime:0.000217s ]
[2021-08-11T23:07:04+08:00][sql] SHOW FULL COLUMNS FROM `mall_users_group` [ RunTime:0.020677s ]
[2021-08-11T23:07:04+08:00][sql] SELECT * FROM `mall_users_group` [ RunTime:0.000458s ]
[2021-08-11T23:07:04+08:00][sql] SHOW FULL COLUMNS FROM `mall_users_tags` [ RunTime:0.008041s ]
[2021-08-11T23:07:04+08:00][sql] SELECT * FROM `mall_users_tags` [ RunTime:0.000302s ]
[2021-08-11T23:07:04+08:00][sql] CONNECT:[ UseTime:0.000360s ] mysql:host=127.0.0.1;port=3306;dbname=a3mall-pro;charset=utf8mb4
[2021-08-11T23:07:04+08:00][sql] SHOW FULL COLUMNS FROM `mall_system_users` [ RunTime:0.003119s ]
[2021-08-11T23:07:04+08:00][sql] SELECT * FROM `mall_system_users` WHERE  `id` = 1 LIMIT 1 [ RunTime:0.000393s ]
[2021-08-11T23:07:04+08:00][sql] SHOW FULL COLUMNS FROM `mall_system_manage` [ RunTime:0.001914s ]
[2021-08-11T23:07:04+08:00][sql] SELECT * FROM `mall_system_manage` WHERE  `id` = 1 LIMIT 1 [ RunTime:0.000324s ]
[2021-08-11T23:07:04+08:00][sql] SHOW FULL COLUMNS FROM `mall_system_menu` [ RunTime:0.002648s ]
[2021-08-11T23:07:04+08:00][sql] SELECT * FROM `mall_system_menu` WHERE  `status` = 0  AND `pid` = 0 ORDER BY `sort` ASC [ RunTime:0.000490s ]
[2021-08-11T23:07:04+08:00][sql] SELECT * FROM `mall_system_menu` WHERE  ( status=0 AND ((controller="users.index" AND method="index") OR (controller="users.index" AND FIND_IN_SET("index",active))) ) LIMIT 1 [ RunTime:0.000410s ]
[2021-08-11T23:07:04+08:00][sql] SELECT * FROM `mall_system_menu` WHERE  `status` = 0  AND `pid` = 4 ORDER BY `sort` ASC [ RunTime:0.000398s ]
[2021-08-11T23:07:04+08:00][sql] SELECT * FROM `mall_system_menu` WHERE  `status` = 0  AND `pid` = 27 ORDER BY `sort` ASC [ RunTime:0.000374s ]
[2021-08-11T23:07:04+08:00][sql] SELECT * FROM `mall_system_menu` WHERE  `status` = 0  AND `pid` = 28 ORDER BY `sort` ASC [ RunTime:0.000336s ]
[2021-08-11T23:07:04+08:00][sql] SELECT * FROM `mall_system_menu` WHERE  `status` = 0  AND `pid` = 29 ORDER BY `sort` ASC [ RunTime:0.000358s ]
[2021-08-11T23:07:04+08:00][sql] SELECT * FROM `mall_system_menu` WHERE  `status` = 0  AND `pid` = 120 ORDER BY `sort` ASC [ RunTime:0.000301s ]
[2021-08-11T23:07:04+08:00][sql] SELECT * FROM `mall_system_menu` WHERE  `status` = 0  AND `pid` = 30 ORDER BY `sort` ASC [ RunTime:0.000328s ]
[2021-08-11T23:07:04+08:00][sql] SELECT * FROM `mall_system_menu` WHERE  `status` = 0  AND `pid` = 31 ORDER BY `sort` ASC [ RunTime:0.000296s ]
[2021-08-11T23:07:04+08:00][sql] SELECT * FROM `mall_system_menu` WHERE  `status` = 0  AND `pid` = 32 ORDER BY `sort` ASC [ RunTime:0.000301s ]
[2021-08-11T23:07:04+08:00][sql] SELECT * FROM `mall_system_menu` WHERE  `status` = 0  AND `pid` = 156 ORDER BY `sort` ASC [ RunTime:0.000294s ]
[2021-08-11T23:07:04+08:00][sql] SELECT * FROM `mall_system_menu` WHERE  `status` = 0  AND `pid` = 157 ORDER BY `sort` ASC [ RunTime:0.000298s ]
[2021-08-11T23:07:04+08:00][sql] SELECT * FROM `mall_system_menu` WHERE  `status` = 0  AND `pid` = 94 ORDER BY `sort` ASC [ RunTime:0.000308s ]
[2021-08-11T23:07:04+08:00][sql] SELECT * FROM `mall_system_menu` WHERE  `status` = 0  AND `pid` = 95 ORDER BY `sort` ASC [ RunTime:0.000303s ]
[2021-08-11T23:07:04+08:00][sql] SELECT * FROM `mall_system_menu` WHERE  `status` = 0  AND `pid` = 96 ORDER BY `sort` ASC [ RunTime:0.000305s ]
[2021-08-11T23:07:04+08:00][sql] SELECT * FROM `mall_system_menu` WHERE  `status` = 0  AND `pid` = 154 ORDER BY `sort` ASC [ RunTime:0.000316s ]
[2021-08-11T23:07:04+08:00][sql] SELECT * FROM `mall_system_menu` WHERE  `status` = 0  AND `pid` = 33 ORDER BY `sort` ASC [ RunTime:0.000348s ]
[2021-08-11T23:07:04+08:00][sql] SELECT * FROM `mall_system_menu` WHERE  `status` = 0  AND `pid` = 34 ORDER BY `sort` ASC [ RunTime:0.000320s ]
[2021-08-11T23:07:04+08:00][sql] SELECT * FROM `mall_system_menu` WHERE  `status` = 0  AND `pid` = 97 ORDER BY `sort` ASC [ RunTime:0.000311s ]
[2021-08-11T23:07:04+08:00][sql] SELECT * FROM `mall_system_menu` WHERE  `status` = 0  AND `pid` = 35 ORDER BY `sort` ASC [ RunTime:0.000286s ]
[2021-08-11T23:07:04+08:00][sql] SELECT * FROM `mall_system_menu` WHERE  `status` = 0  AND `pid` = 125 ORDER BY `sort` ASC [ RunTime:0.000306s ]
[2021-08-11T23:07:04+08:00][sql] SELECT * FROM `mall_system_menu` WHERE  `status` = 0  AND `pid` = 36 ORDER BY `sort` ASC [ RunTime:0.000289s ]
[2021-08-11T23:07:04+08:00][sql] SELECT * FROM `mall_system_menu` WHERE  `status` = 0  AND `pid` = 37 ORDER BY `sort` ASC [ RunTime:0.000293s ]
[2021-08-11T23:07:04+08:00][sql] SELECT * FROM `mall_system_menu` WHERE  `status` = 0  AND `pid` = 121 ORDER BY `sort` ASC [ RunTime:0.000313s ]
[2021-08-11T23:07:04+08:00][sql] SELECT * FROM `mall_system_menu` WHERE  `status` = 0  AND `pid` = 122 ORDER BY `sort` ASC [ RunTime:0.000290s ]
[2021-08-11T23:07:04+08:00][sql] SELECT * FROM `mall_system_menu` WHERE  `status` = 0  AND `pid` = 123 ORDER BY `sort` ASC [ RunTime:0.000303s ]
[2021-08-11T23:07:04+08:00][sql] SELECT * FROM `mall_system_menu` WHERE  `status` = 0  AND `pid` = 144 ORDER BY `sort` ASC [ RunTime:0.000290s ]
[2021-08-11T23:07:04+08:00][sql] SELECT * FROM `mall_system_users` WHERE  `id` = 1 LIMIT 1 [ RunTime:0.000242s ]
[2021-08-11T23:07:04+08:00][sql] SELECT * FROM `mall_system_manage` WHERE  `id` = 1 LIMIT 1 [ RunTime:0.000210s ]
[2021-08-11T23:07:04+08:00][sql] SELECT * FROM `mall_system_users` WHERE  `id` = 1 LIMIT 1 [ RunTime:0.000276s ]
[2021-08-11T23:07:04+08:00][sql] SELECT * FROM `mall_system_manage` WHERE  `id` = 1 LIMIT 1 [ RunTime:0.000266s ]
[2021-08-11T23:07:04+08:00][sql] SHOW FULL COLUMNS FROM `mall_users_group` [ RunTime:0.003083s ]
[2021-08-11T23:07:04+08:00][sql] SHOW FULL COLUMNS FROM `mall_users` [ RunTime:0.002677s ]
[2021-08-11T23:07:04+08:00][sql] SELECT COUNT(*) AS think_count FROM `mall_users` `users` LEFT JOIN `mall_users_group` `group` ON `users`.`group_id`=`group`.`id` [ RunTime:0.038866s ]
[2021-08-11T23:07:04+08:00][sql] SELECT COUNT(*) AS think_count FROM `mall_users` `users` LEFT JOIN `mall_users_group` `group` ON `users`.`group_id`=`group`.`id` [ RunTime:0.000472s ]
[2021-08-11T23:07:04+08:00][sql] SELECT `users`.`id`,`users`.`group_id`,`users`.`username`,`users`.`password`,`users`.`email`,`users`.`avatar`,`users`.`nickname`,`users`.`realname`,`users`.`mobile`,`users`.`birthday`,`users`.`sex`,`users`.`exp`,`users`.`point`,`users`.`status`,`users`.`tags`,`users`.`is_spread`,`users`.`spread_id`,`users`.`spread_time`,`users`.`pay_count`,`users`.`spread_count`,`users`.`amount`,`users`.`spread_amount`,`users`.`sign_count`,`users`.`create_ip`,`users`.`last_ip`,`users`.`create_time`,`users`.`last_login`,`group`.`id` AS `group__id`,`group`.`name` AS `group__name`,`group`.`discount` AS `group__discount`,`group`.`minexp` AS `group__minexp`,`group`.`maxexp` AS `group__maxexp` FROM `mall_users` `users` LEFT JOIN `mall_users_group` `group` ON `users`.`group_id`=`group`.`id` ORDER BY `users`.`id` DESC LIMIT 0,10 [ RunTime:0.010525s ]
[2021-08-11T23:07:04+08:00][sql] SHOW FULL COLUMNS FROM `mall_wechat_users` [ RunTime:0.034699s ]
[2021-08-11T23:07:04+08:00][sql] SELECT * FROM `mall_wechat_users` WHERE  `user_id` = 2 LIMIT 1 [ RunTime:0.000583s ]
[2021-08-11T23:07:04+08:00][sql] SELECT * FROM `mall_wechat_users` WHERE  `user_id` = 1 LIMIT 1 [ RunTime:0.000468s ]
[2021-08-11T23:07:04+08:00][sql] SHOW FULL COLUMNS FROM `mall_users_tags` [ RunTime:0.002323s ]
[2021-08-11T23:07:04+08:00][sql] SELECT * FROM `mall_users_tags` WHERE  `id` = 0 [ RunTime:0.000439s ]
[2021-08-11T23:07:04+08:00][sql] SELECT * FROM `mall_users_tags` WHERE  `id` = 0 [ RunTime:0.000274s ]
[2021-08-11T23:07:06+08:00][sql] CONNECT:[ UseTime:0.000352s ] mysql:host=127.0.0.1;port=3306;dbname=a3mall-pro;charset=utf8mb4
[2021-08-11T23:07:06+08:00][sql] SHOW FULL COLUMNS FROM `mall_system_users` [ RunTime:0.002115s ]
[2021-08-11T23:07:06+08:00][sql] SELECT * FROM `mall_system_users` WHERE  `id` = 1 LIMIT 1 [ RunTime:0.000384s ]
[2021-08-11T23:07:06+08:00][sql] SHOW FULL COLUMNS FROM `mall_system_manage` [ RunTime:0.002223s ]
[2021-08-11T23:07:06+08:00][sql] SELECT * FROM `mall_system_manage` WHERE  `id` = 1 LIMIT 1 [ RunTime:0.000428s ]
[2021-08-11T23:07:06+08:00][sql] SHOW FULL COLUMNS FROM `mall_system_menu` [ RunTime:0.002012s ]
[2021-08-11T23:07:06+08:00][sql] SELECT * FROM `mall_system_menu` WHERE  `status` = 0  AND `pid` = 0 ORDER BY `sort` ASC [ RunTime:0.000412s ]
[2021-08-11T23:07:06+08:00][sql] SELECT * FROM `mall_system_menu` WHERE  ( status=0 AND ((controller="users.setting" AND method="index") OR (controller="users.setting" AND FIND_IN_SET("index",active))) ) LIMIT 1 [ RunTime:0.000407s ]
[2021-08-11T23:07:06+08:00][sql] SELECT * FROM `mall_system_menu` WHERE  `status` = 0  AND `id` = 94 LIMIT 1 [ RunTime:0.000304s ]
[2021-08-11T23:07:06+08:00][sql] SELECT * FROM `mall_system_menu` WHERE  `status` = 0  AND `id` = 4 LIMIT 1 [ RunTime:0.000273s ]
[2021-08-11T23:07:06+08:00][sql] SELECT * FROM `mall_system_menu` WHERE  `status` = 0  AND `pid` = 4 ORDER BY `sort` ASC [ RunTime:0.000391s ]
[2021-08-11T23:07:06+08:00][sql] SELECT * FROM `mall_system_menu` WHERE  `status` = 0  AND `pid` = 27 ORDER BY `sort` ASC [ RunTime:0.000326s ]
[2021-08-11T23:07:06+08:00][sql] SELECT * FROM `mall_system_menu` WHERE  `status` = 0  AND `pid` = 28 ORDER BY `sort` ASC [ RunTime:0.000297s ]
[2021-08-11T23:07:06+08:00][sql] SELECT * FROM `mall_system_menu` WHERE  `status` = 0  AND `pid` = 29 ORDER BY `sort` ASC [ RunTime:0.000303s ]
[2021-08-11T23:07:06+08:00][sql] SELECT * FROM `mall_system_menu` WHERE  `status` = 0  AND `pid` = 120 ORDER BY `sort` ASC [ RunTime:0.000298s ]
[2021-08-11T23:07:06+08:00][sql] SELECT * FROM `mall_system_menu` WHERE  `status` = 0  AND `pid` = 30 ORDER BY `sort` ASC [ RunTime:0.000302s ]
[2021-08-11T23:07:06+08:00][sql] SELECT * FROM `mall_system_menu` WHERE  `status` = 0  AND `pid` = 31 ORDER BY `sort` ASC [ RunTime:0.000271s ]
[2021-08-11T23:07:06+08:00][sql] SELECT * FROM `mall_system_menu` WHERE  `status` = 0  AND `pid` = 32 ORDER BY `sort` ASC [ RunTime:0.000276s ]
[2021-08-11T23:07:06+08:00][sql] SELECT * FROM `mall_system_menu` WHERE  `status` = 0  AND `pid` = 156 ORDER BY `sort` ASC [ RunTime:0.000347s ]
[2021-08-11T23:07:06+08:00][sql] SELECT * FROM `mall_system_menu` WHERE  `status` = 0  AND `pid` = 157 ORDER BY `sort` ASC [ RunTime:0.000309s ]
[2021-08-11T23:07:06+08:00][sql] SELECT * FROM `mall_system_menu` WHERE  `status` = 0  AND `pid` = 94 ORDER BY `sort` ASC [ RunTime:0.000340s ]
[2021-08-11T23:07:06+08:00][sql] SELECT * FROM `mall_system_menu` WHERE  `status` = 0  AND `pid` = 95 ORDER BY `sort` ASC [ RunTime:0.000297s ]
[2021-08-11T23:07:06+08:00][sql] SELECT * FROM `mall_system_menu` WHERE  `status` = 0  AND `pid` = 96 ORDER BY `sort` ASC [ RunTime:0.000319s ]
[2021-08-11T23:07:06+08:00][sql] SELECT * FROM `mall_system_menu` WHERE  `status` = 0  AND `pid` = 154 ORDER BY `sort` ASC [ RunTime:0.000280s ]
[2021-08-11T23:07:06+08:00][sql] SELECT * FROM `mall_system_menu` WHERE  `status` = 0  AND `pid` = 33 ORDER BY `sort` ASC [ RunTime:0.000325s ]
[2021-08-11T23:07:06+08:00][sql] SELECT * FROM `mall_system_menu` WHERE  `status` = 0  AND `pid` = 34 ORDER BY `sort` ASC [ RunTime:0.000281s ]
[2021-08-11T23:07:06+08:00][sql] SELECT * FROM `mall_system_menu` WHERE  `status` = 0  AND `pid` = 97 ORDER BY `sort` ASC [ RunTime:0.000307s ]
[2021-08-11T23:07:06+08:00][sql] SELECT * FROM `mall_system_menu` WHERE  `status` = 0  AND `pid` = 35 ORDER BY `sort` ASC [ RunTime:0.000279s ]
[2021-08-11T23:07:06+08:00][sql] SELECT * FROM `mall_system_menu` WHERE  `status` = 0  AND `pid` = 125 ORDER BY `sort` ASC [ RunTime:0.000274s ]
[2021-08-11T23:07:06+08:00][sql] SELECT * FROM `mall_system_menu` WHERE  `status` = 0  AND `pid` = 36 ORDER BY `sort` ASC [ RunTime:0.000322s ]
[2021-08-11T23:07:06+08:00][sql] SELECT * FROM `mall_system_menu` WHERE  `status` = 0  AND `pid` = 37 ORDER BY `sort` ASC [ RunTime:0.000365s ]
[2021-08-11T23:07:06+08:00][sql] SELECT * FROM `mall_system_menu` WHERE  `status` = 0  AND `pid` = 121 ORDER BY `sort` ASC [ RunTime:0.000427s ]
[2021-08-11T23:07:06+08:00][sql] SELECT * FROM `mall_system_menu` WHERE  `status` = 0  AND `pid` = 122 ORDER BY `sort` ASC [ RunTime:0.000311s ]
[2021-08-11T23:07:06+08:00][sql] SELECT * FROM `mall_system_menu` WHERE  `status` = 0  AND `pid` = 123 ORDER BY `sort` ASC [ RunTime:0.000314s ]
[2021-08-11T23:07:06+08:00][sql] SELECT * FROM `mall_system_menu` WHERE  `status` = 0  AND `pid` = 144 ORDER BY `sort` ASC [ RunTime:0.000311s ]
[2021-08-11T23:07:06+08:00][sql] SELECT * FROM `mall_system_users` WHERE  `id` = 1 LIMIT 1 [ RunTime:0.000239s ]
[2021-08-11T23:07:06+08:00][sql] SELECT * FROM `mall_system_manage` WHERE  `id` = 1 LIMIT 1 [ RunTime:0.000196s ]
[2021-08-11T23:07:06+08:00][sql] SELECT * FROM `mall_system_users` WHERE  `id` = 1 LIMIT 1 [ RunTime:0.000241s ]
[2021-08-11T23:07:06+08:00][sql] SELECT * FROM `mall_system_manage` WHERE  `id` = 1 LIMIT 1 [ RunTime:0.000229s ]
[2021-08-11T23:07:06+08:00][sql] SHOW FULL COLUMNS FROM `mall_setting` [ RunTime:0.024059s ]
[2021-08-11T23:07:06+08:00][sql] SELECT `value` FROM `mall_setting` WHERE  `name` = 'spread' LIMIT 1 [ RunTime:0.000415s ]
[2021-08-11T23:07:12+08:00][sql] CONNECT:[ UseTime:0.000330s ] mysql:host=127.0.0.1;port=3306;dbname=a3mall-pro;charset=utf8mb4
[2021-08-11T23:07:12+08:00][sql] SHOW FULL COLUMNS FROM `mall_system_users` [ RunTime:0.006493s ]
[2021-08-11T23:07:12+08:00][sql] SELECT * FROM `mall_system_users` WHERE  `id` = 1 LIMIT 1 [ RunTime:0.000534s ]
[2021-08-11T23:07:12+08:00][sql] SHOW FULL COLUMNS FROM `mall_system_manage` [ RunTime:0.002308s ]
[2021-08-11T23:07:12+08:00][sql] SELECT * FROM `mall_system_manage` WHERE  `id` = 1 LIMIT 1 [ RunTime:0.000364s ]
[2021-08-11T23:07:12+08:00][sql] SHOW FULL COLUMNS FROM `mall_system_menu` [ RunTime:0.002163s ]
[2021-08-11T23:07:12+08:00][sql] SELECT * FROM `mall_system_menu` WHERE  `status` = 0  AND `pid` = 0 ORDER BY `sort` ASC [ RunTime:0.000434s ]
[2021-08-11T23:07:12+08:00][sql] SELECT * FROM `mall_system_menu` WHERE  ( status=0 AND ((controller="users.spread" AND method="index") OR (controller="users.spread" AND FIND_IN_SET("index",active))) ) LIMIT 1 [ RunTime:0.000394s ]
[2021-08-11T23:07:12+08:00][sql] SELECT * FROM `mall_system_menu` WHERE  `status` = 0  AND `id` = 94 LIMIT 1 [ RunTime:0.000281s ]
[2021-08-11T23:07:12+08:00][sql] SELECT * FROM `mall_system_menu` WHERE  `status` = 0  AND `id` = 4 LIMIT 1 [ RunTime:0.000268s ]
[2021-08-11T23:07:12+08:00][sql] SELECT * FROM `mall_system_menu` WHERE  `status` = 0  AND `pid` = 4 ORDER BY `sort` ASC [ RunTime:0.000377s ]
[2021-08-11T23:07:12+08:00][sql] SELECT * FROM `mall_system_menu` WHERE  `status` = 0  AND `pid` = 27 ORDER BY `sort` ASC [ RunTime:0.000365s ]
[2021-08-11T23:07:12+08:00][sql] SELECT * FROM `mall_system_menu` WHERE  `status` = 0  AND `pid` = 28 ORDER BY `sort` ASC [ RunTime:0.000334s ]
[2021-08-11T23:07:12+08:00][sql] SELECT * FROM `mall_system_menu` WHERE  `status` = 0  AND `pid` = 29 ORDER BY `sort` ASC [ RunTime:0.000276s ]
[2021-08-11T23:07:12+08:00][sql] SELECT * FROM `mall_system_menu` WHERE  `status` = 0  AND `pid` = 120 ORDER BY `sort` ASC [ RunTime:0.000277s ]
[2021-08-11T23:07:12+08:00][sql] SELECT * FROM `mall_system_menu` WHERE  `status` = 0  AND `pid` = 30 ORDER BY `sort` ASC [ RunTime:0.000296s ]
[2021-08-11T23:07:12+08:00][sql] SELECT * FROM `mall_system_menu` WHERE  `status` = 0  AND `pid` = 31 ORDER BY `sort` ASC [ RunTime:0.000304s ]
[2021-08-11T23:07:12+08:00][sql] SELECT * FROM `mall_system_menu` WHERE  `status` = 0  AND `pid` = 32 ORDER BY `sort` ASC [ RunTime:0.000276s ]
[2021-08-11T23:07:12+08:00][sql] SELECT * FROM `mall_system_menu` WHERE  `status` = 0  AND `pid` = 156 ORDER BY `sort` ASC [ RunTime:0.000267s ]
[2021-08-11T23:07:12+08:00][sql] SELECT * FROM `mall_system_menu` WHERE  `status` = 0  AND `pid` = 157 ORDER BY `sort` ASC [ RunTime:0.000304s ]
[2021-08-11T23:07:12+08:00][sql] SELECT * FROM `mall_system_menu` WHERE  `status` = 0  AND `pid` = 94 ORDER BY `sort` ASC [ RunTime:0.000292s ]
[2021-08-11T23:07:12+08:00][sql] SELECT * FROM `mall_system_menu` WHERE  `status` = 0  AND `pid` = 95 ORDER BY `sort` ASC [ RunTime:0.000273s ]
[2021-08-11T23:07:12+08:00][sql] SELECT * FROM `mall_system_menu` WHERE  `status` = 0  AND `pid` = 96 ORDER BY `sort` ASC [ RunTime:0.000267s ]
[2021-08-11T23:07:12+08:00][sql] SELECT * FROM `mall_system_menu` WHERE  `status` = 0  AND `pid` = 154 ORDER BY `sort` ASC [ RunTime:0.000265s ]
[2021-08-11T23:07:12+08:00][sql] SELECT * FROM `mall_system_menu` WHERE  `status` = 0  AND `pid` = 33 ORDER BY `sort` ASC [ RunTime:0.000381s ]
[2021-08-11T23:07:12+08:00][sql] SELECT * FROM `mall_system_menu` WHERE  `status` = 0  AND `pid` = 34 ORDER BY `sort` ASC [ RunTime:0.000329s ]
[2021-08-11T23:07:12+08:00][sql] SELECT * FROM `mall_system_menu` WHERE  `status` = 0  AND `pid` = 97 ORDER BY `sort` ASC [ RunTime:0.000297s ]
[2021-08-11T23:07:12+08:00][sql] SELECT * FROM `mall_system_menu` WHERE  `status` = 0  AND `pid` = 35 ORDER BY `sort` ASC [ RunTime:0.000274s ]
[2021-08-11T23:07:12+08:00][sql] SELECT * FROM `mall_system_menu` WHERE  `status` = 0  AND `pid` = 125 ORDER BY `sort` ASC [ RunTime:0.000306s ]
[2021-08-11T23:07:12+08:00][sql] SELECT * FROM `mall_system_menu` WHERE  `status` = 0  AND `pid` = 36 ORDER BY `sort` ASC [ RunTime:0.000279s ]
[2021-08-11T23:07:12+08:00][sql] SELECT * FROM `mall_system_menu` WHERE  `status` = 0  AND `pid` = 37 ORDER BY `sort` ASC [ RunTime:0.000284s ]
[2021-08-11T23:07:12+08:00][sql] SELECT * FROM `mall_system_menu` WHERE  `status` = 0  AND `pid` = 121 ORDER BY `sort` ASC [ RunTime:0.000290s ]
[2021-08-11T23:07:12+08:00][sql] SELECT * FROM `mall_system_menu` WHERE  `status` = 0  AND `pid` = 122 ORDER BY `sort` ASC [ RunTime:0.000278s ]
[2021-08-11T23:07:12+08:00][sql] SELECT * FROM `mall_system_menu` WHERE  `status` = 0  AND `pid` = 123 ORDER BY `sort` ASC [ RunTime:0.000308s ]
[2021-08-11T23:07:12+08:00][sql] SELECT * FROM `mall_system_menu` WHERE  `status` = 0  AND `pid` = 144 ORDER BY `sort` ASC [ RunTime:0.000307s ]
[2021-08-11T23:07:12+08:00][sql] SELECT * FROM `mall_system_users` WHERE  `id` = 1 LIMIT 1 [ RunTime:0.000245s ]
[2021-08-11T23:07:12+08:00][sql] SELECT * FROM `mall_system_manage` WHERE  `id` = 1 LIMIT 1 [ RunTime:0.000199s ]
[2021-08-11T23:07:12+08:00][sql] SELECT * FROM `mall_system_users` WHERE  `id` = 1 LIMIT 1 [ RunTime:0.000244s ]
[2021-08-11T23:07:12+08:00][sql] SELECT * FROM `mall_system_manage` WHERE  `id` = 1 LIMIT 1 [ RunTime:0.000213s ]
[2021-08-11T23:07:13+08:00][sql] CONNECT:[ UseTime:0.000372s ] mysql:host=127.0.0.1;port=3306;dbname=a3mall-pro;charset=utf8mb4
[2021-08-11T23:07:13+08:00][sql] SHOW FULL COLUMNS FROM `mall_system_users` [ RunTime:0.002892s ]
[2021-08-11T23:07:13+08:00][sql] SELECT * FROM `mall_system_users` WHERE  `id` = 1 LIMIT 1 [ RunTime:0.000394s ]
[2021-08-11T23:07:13+08:00][sql] SHOW FULL COLUMNS FROM `mall_system_manage` [ RunTime:0.002082s ]
[2021-08-11T23:07:13+08:00][sql] SELECT * FROM `mall_system_manage` WHERE  `id` = 1 LIMIT 1 [ RunTime:0.000389s ]
[2021-08-11T23:07:13+08:00][sql] SHOW FULL COLUMNS FROM `mall_system_menu` [ RunTime:0.001941s ]
[2021-08-11T23:07:13+08:00][sql] SELECT * FROM `mall_system_menu` WHERE  `status` = 0  AND `pid` = 0 ORDER BY `sort` ASC [ RunTime:0.000409s ]
[2021-08-11T23:07:13+08:00][sql] SELECT * FROM `mall_system_menu` WHERE  ( status=0 AND ((controller="users.spread" AND method="index") OR (controller="users.spread" AND FIND_IN_SET("index",active))) ) LIMIT 1 [ RunTime:0.000381s ]
[2021-08-11T23:07:13+08:00][sql] SELECT * FROM `mall_system_menu` WHERE  `status` = 0  AND `id` = 94 LIMIT 1 [ RunTime:0.000289s ]
[2021-08-11T23:07:13+08:00][sql] SELECT * FROM `mall_system_menu` WHERE  `status` = 0  AND `id` = 4 LIMIT 1 [ RunTime:0.000311s ]
[2021-08-11T23:07:13+08:00][sql] SELECT * FROM `mall_system_menu` WHERE  `status` = 0  AND `pid` = 4 ORDER BY `sort` ASC [ RunTime:0.000370s ]
[2021-08-11T23:07:13+08:00][sql] SELECT * FROM `mall_system_menu` WHERE  `status` = 0  AND `pid` = 27 ORDER BY `sort` ASC [ RunTime:0.000335s ]
[2021-08-11T23:07:13+08:00][sql] SELECT * FROM `mall_system_menu` WHERE  `status` = 0  AND `pid` = 28 ORDER BY `sort` ASC [ RunTime:0.000300s ]
[2021-08-11T23:07:13+08:00][sql] SELECT * FROM `mall_system_menu` WHERE  `status` = 0  AND `pid` = 29 ORDER BY `sort` ASC [ RunTime:0.000296s ]
[2021-08-11T23:07:13+08:00][sql] SELECT * FROM `mall_system_menu` WHERE  `status` = 0  AND `pid` = 120 ORDER BY `sort` ASC [ RunTime:0.000271s ]
[2021-08-11T23:07:13+08:00][sql] SELECT * FROM `mall_system_menu` WHERE  `status` = 0  AND `pid` = 30 ORDER BY `sort` ASC [ RunTime:0.000285s ]
[2021-08-11T23:07:13+08:00][sql] SELECT * FROM `mall_system_menu` WHERE  `status` = 0  AND `pid` = 31 ORDER BY `sort` ASC [ RunTime:0.000270s ]
[2021-08-11T23:07:13+08:00][sql] SELECT * FROM `mall_system_menu` WHERE  `status` = 0  AND `pid` = 32 ORDER BY `sort` ASC [ RunTime:0.000300s ]
[2021-08-11T23:07:13+08:00][sql] SELECT * FROM `mall_system_menu` WHERE  `status` = 0  AND `pid` = 156 ORDER BY `sort` ASC [ RunTime:0.000283s ]
[2021-08-11T23:07:13+08:00][sql] SELECT * FROM `mall_system_menu` WHERE  `status` = 0  AND `pid` = 157 ORDER BY `sort` ASC [ RunTime:0.000293s ]
[2021-08-11T23:07:13+08:00][sql] SELECT * FROM `mall_system_menu` WHERE  `status` = 0  AND `pid` = 94 ORDER BY `sort` ASC [ RunTime:0.000315s ]
[2021-08-11T23:07:13+08:00][sql] SELECT * FROM `mall_system_menu` WHERE  `status` = 0  AND `pid` = 95 ORDER BY `sort` ASC [ RunTime:0.000296s ]
[2021-08-11T23:07:13+08:00][sql] SELECT * FROM `mall_system_menu` WHERE  `status` = 0  AND `pid` = 96 ORDER BY `sort` ASC [ RunTime:0.000274s ]
[2021-08-11T23:07:13+08:00][sql] SELECT * FROM `mall_system_menu` WHERE  `status` = 0  AND `pid` = 154 ORDER BY `sort` ASC [ RunTime:0.000284s ]
[2021-08-11T23:07:13+08:00][sql] SELECT * FROM `mall_system_menu` WHERE  `status` = 0  AND `pid` = 33 ORDER BY `sort` ASC [ RunTime:0.000365s ]
[2021-08-11T23:07:13+08:00][sql] SELECT * FROM `mall_system_menu` WHERE  `status` = 0  AND `pid` = 34 ORDER BY `sort` ASC [ RunTime:0.000326s ]
[2021-08-11T23:07:13+08:00][sql] SELECT * FROM `mall_system_menu` WHERE  `status` = 0  AND `pid` = 97 ORDER BY `sort` ASC [ RunTime:0.000314s ]
[2021-08-11T23:07:13+08:00][sql] SELECT * FROM `mall_system_menu` WHERE  `status` = 0  AND `pid` = 35 ORDER BY `sort` ASC [ RunTime:0.000278s ]
[2021-08-11T23:07:13+08:00][sql] SELECT * FROM `mall_system_menu` WHERE  `status` = 0  AND `pid` = 125 ORDER BY `sort` ASC [ RunTime:0.000271s ]
[2021-08-11T23:07:13+08:00][sql] SELECT * FROM `mall_system_menu` WHERE  `status` = 0  AND `pid` = 36 ORDER BY `sort` ASC [ RunTime:0.000267s ]
[2021-08-11T23:07:13+08:00][sql] SELECT * FROM `mall_system_menu` WHERE  `status` = 0  AND `pid` = 37 ORDER BY `sort` ASC [ RunTime:0.000309s ]
[2021-08-11T23:07:13+08:00][sql] SELECT * FROM `mall_system_menu` WHERE  `status` = 0  AND `pid` = 121 ORDER BY `sort` ASC [ RunTime:0.000311s ]
[2021-08-11T23:07:13+08:00][sql] SELECT * FROM `mall_system_menu` WHERE  `status` = 0  AND `pid` = 122 ORDER BY `sort` ASC [ RunTime:0.000320s ]
[2021-08-11T23:07:13+08:00][sql] SELECT * FROM `mall_system_menu` WHERE  `status` = 0  AND `pid` = 123 ORDER BY `sort` ASC [ RunTime:0.000352s ]
[2021-08-11T23:07:13+08:00][sql] SELECT * FROM `mall_system_menu` WHERE  `status` = 0  AND `pid` = 144 ORDER BY `sort` ASC [ RunTime:0.000298s ]
[2021-08-11T23:07:13+08:00][sql] SELECT * FROM `mall_system_users` WHERE  `id` = 1 LIMIT 1 [ RunTime:0.000227s ]
[2021-08-11T23:07:13+08:00][sql] SELECT * FROM `mall_system_manage` WHERE  `id` = 1 LIMIT 1 [ RunTime:0.000199s ]
[2021-08-11T23:07:13+08:00][sql] SELECT * FROM `mall_system_users` WHERE  `id` = 1 LIMIT 1 [ RunTime:0.000248s ]
[2021-08-11T23:07:13+08:00][sql] SELECT * FROM `mall_system_manage` WHERE  `id` = 1 LIMIT 1 [ RunTime:0.000201s ]
[2021-08-11T23:07:13+08:00][sql] SHOW FULL COLUMNS FROM `mall_users_group` [ RunTime:0.001923s ]
[2021-08-11T23:07:13+08:00][sql] SHOW FULL COLUMNS FROM `mall_users` [ RunTime:0.001936s ]
[2021-08-11T23:07:13+08:00][sql] SELECT COUNT(*) AS think_count FROM `mall_users` `users` LEFT JOIN `mall_users_group` `group` ON `users`.`group_id`=`group`.`id` WHERE  ( (users.is_spread=1 || users.spread_time > 0) ) [ RunTime:0.000324s ]
[2021-08-11T23:07:13+08:00][sql] SELECT COUNT(*) AS think_count FROM `mall_users` `users` LEFT JOIN `mall_users_group` `group` ON `users`.`group_id`=`group`.`id` WHERE  ( (users.is_spread=1 || users.spread_time > 0) ) [ RunTime:0.000267s ]
[2021-08-11T23:07:13+08:00][sql] SELECT `users`.`id`,`users`.`group_id`,`users`.`username`,`users`.`password`,`users`.`email`,`users`.`avatar`,`users`.`nickname`,`users`.`realname`,`users`.`mobile`,`users`.`birthday`,`users`.`sex`,`users`.`exp`,`users`.`point`,`users`.`status`,`users`.`tags`,`users`.`is_spread`,`users`.`spread_id`,`users`.`spread_time`,`users`.`pay_count`,`users`.`spread_count`,`users`.`amount`,`users`.`spread_amount`,`users`.`sign_count`,`users`.`create_ip`,`users`.`last_ip`,`users`.`create_time`,`users`.`last_login`,`group`.`id` AS `group__id`,`group`.`name` AS `group__name`,`group`.`discount` AS `group__discount`,`group`.`minexp` AS `group__minexp`,`group`.`maxexp` AS `group__maxexp` FROM `mall_users` `users` LEFT JOIN `mall_users_group` `group` ON `users`.`group_id`=`group`.`id` WHERE  ( (users.is_spread=1 || users.spread_time > 0) ) ORDER BY `users`.`id` DESC LIMIT 0,10 [ RunTime:0.000388s ]
[2021-08-11T23:07:13+08:00][sql] SHOW FULL COLUMNS FROM `mall_wechat_users` [ RunTime:0.001939s ]
[2021-08-11T23:07:13+08:00][sql] SELECT * FROM `mall_wechat_users` WHERE  `user_id` = 2 LIMIT 1 [ RunTime:0.000333s ]
[2021-08-11T23:07:13+08:00][sql] SELECT * FROM `mall_wechat_users` WHERE  `user_id` = 1 LIMIT 1 [ RunTime:0.000303s ]
[2021-08-11T23:07:13+08:00][sql] SELECT * FROM `mall_wechat_users` WHERE  `user_id` = 2 LIMIT 1 [ RunTime:0.000292s ]
[2021-08-11T23:07:13+08:00][sql] SHOW FULL COLUMNS FROM `mall_users_log` [ RunTime:0.019923s ]
[2021-08-11T23:07:13+08:00][sql] SELECT SUM(amount) as count FROM `mall_users_log` WHERE  `user_id` = 2  AND `action` = 4  AND `operation` = 0 LIMIT 1 [ RunTime:0.000455s ]
[2021-08-11T23:07:13+08:00][sql] SELECT COUNT(*) AS think_count FROM `mall_users_log` WHERE  `user_id` = 2  AND `action` = 4  AND `operation` = 0 [ RunTime:0.000356s ]
[2021-08-11T23:07:13+08:00][sql] SHOW FULL COLUMNS FROM `mall_users_withdraw_log` [ RunTime:0.009353s ]
[2021-08-11T23:07:13+08:00][sql] SELECT SUM(price) as count FROM `mall_users_withdraw_log` WHERE  `user_id` = 2  AND `status` = 1 LIMIT 1 [ RunTime:0.000401s ]
[2021-08-11T23:07:13+08:00][sql] SHOW FULL COLUMNS FROM `mall_order` [ RunTime:0.002509s ]
[2021-08-11T23:07:13+08:00][sql] SELECT SUM(`order_amount`) AS think_sum FROM `mall_order` `o` LEFT JOIN `mall_users_log` `ul` ON `o`.`order_no`=`ul`.`order_no` WHERE  `ul`.`user_id` = 2  AND `ul`.`action` = 4  AND `ul`.`operation` = 0 [ RunTime:0.000523s ]
[2021-08-11T23:07:13+08:00][sql] SELECT * FROM `mall_wechat_users` WHERE  `user_id` = 1 LIMIT 1 [ RunTime:0.000398s ]
[2021-08-11T23:07:13+08:00][sql] SELECT SUM(amount) as count FROM `mall_users_log` WHERE  `user_id` = 1  AND `action` = 4  AND `operation` = 0 LIMIT 1 [ RunTime:0.000351s ]
[2021-08-11T23:07:13+08:00][sql] SELECT COUNT(*) AS think_count FROM `mall_users_log` WHERE  `user_id` = 1  AND `action` = 4  AND `operation` = 0 [ RunTime:0.000260s ]
[2021-08-11T23:07:13+08:00][sql] SELECT SUM(price) as count FROM `mall_users_withdraw_log` WHERE  `user_id` = 1  AND `status` = 1 LIMIT 1 [ RunTime:0.000271s ]
[2021-08-11T23:07:13+08:00][sql] SELECT SUM(`order_amount`) AS think_sum FROM `mall_order` `o` LEFT JOIN `mall_users_log` `ul` ON `o`.`order_no`=`ul`.`order_no` WHERE  `ul`.`user_id` = 1  AND `ul`.`action` = 4  AND `ul`.`operation` = 0 [ RunTime:0.000311s ]
[2021-08-11T23:07:15+08:00][sql] CONNECT:[ UseTime:0.000354s ] mysql:host=127.0.0.1;port=3306;dbname=a3mall-pro;charset=utf8mb4
[2021-08-11T23:07:15+08:00][sql] SHOW FULL COLUMNS FROM `mall_system_users` [ RunTime:0.002104s ]
[2021-08-11T23:07:15+08:00][sql] SELECT * FROM `mall_system_users` WHERE  `id` = 1 LIMIT 1 [ RunTime:0.000379s ]
[2021-08-11T23:07:15+08:00][sql] SHOW FULL COLUMNS FROM `mall_system_manage` [ RunTime:0.001896s ]
[2021-08-11T23:07:15+08:00][sql] SELECT * FROM `mall_system_manage` WHERE  `id` = 1 LIMIT 1 [ RunTime:0.000326s ]
[2021-08-11T23:07:15+08:00][sql] SHOW FULL COLUMNS FROM `mall_system_menu` [ RunTime:0.001908s ]
[2021-08-11T23:07:15+08:00][sql] SELECT * FROM `mall_system_menu` WHERE  `status` = 0  AND `pid` = 0 ORDER BY `sort` ASC [ RunTime:0.000400s ]
[2021-08-11T23:07:15+08:00][sql] SELECT * FROM `mall_system_menu` WHERE  ( status=0 AND ((controller="common.ajax" AND method="get_users") OR (controller="common.ajax" AND FIND_IN_SET("get_users",active))) ) LIMIT 1 [ RunTime:0.000412s ]
[2021-08-11T23:07:15+08:00][sql] SHOW FULL COLUMNS FROM `mall_users_group` [ RunTime:0.001901s ]
[2021-08-11T23:07:15+08:00][sql] SELECT * FROM `mall_users_group` [ RunTime:0.000265s ]
[2021-08-11T23:07:15+08:00][sql] SHOW FULL COLUMNS FROM `mall_users_tags` [ RunTime:0.001874s ]
[2021-08-11T23:07:15+08:00][sql] SELECT * FROM `mall_users_tags` [ RunTime:0.000283s ]
[2021-08-11T23:07:15+08:00][sql] CONNECT:[ UseTime:0.000359s ] mysql:host=127.0.0.1;port=3306;dbname=a3mall-pro;charset=utf8mb4
[2021-08-11T23:07:15+08:00][sql] SHOW FULL COLUMNS FROM `mall_system_users` [ RunTime:0.003236s ]
[2021-08-11T23:07:15+08:00][sql] SELECT * FROM `mall_system_users` WHERE  `id` = 1 LIMIT 1 [ RunTime:0.000515s ]
[2021-08-11T23:07:15+08:00][sql] SHOW FULL COLUMNS FROM `mall_system_manage` [ RunTime:0.002378s ]
[2021-08-11T23:07:15+08:00][sql] SELECT * FROM `mall_system_manage` WHERE  `id` = 1 LIMIT 1 [ RunTime:0.000335s ]
[2021-08-11T23:07:15+08:00][sql] SHOW FULL COLUMNS FROM `mall_system_menu` [ RunTime:0.001952s ]
[2021-08-11T23:07:15+08:00][sql] SELECT * FROM `mall_system_menu` WHERE  `status` = 0  AND `pid` = 0 ORDER BY `sort` ASC [ RunTime:0.000410s ]
[2021-08-11T23:07:15+08:00][sql] SELECT * FROM `mall_system_menu` WHERE  ( status=0 AND ((controller="common.ajax" AND method="get_users") OR (controller="common.ajax" AND FIND_IN_SET("get_users",active))) ) LIMIT 1 [ RunTime:0.000419s ]
[2021-08-11T23:07:15+08:00][sql] SHOW FULL COLUMNS FROM `mall_users_group` [ RunTime:0.001968s ]
[2021-08-11T23:07:15+08:00][sql] SHOW FULL COLUMNS FROM `mall_users` [ RunTime:0.001987s ]
[2021-08-11T23:07:15+08:00][sql] SELECT COUNT(*) AS think_count FROM `mall_users` `users` LEFT JOIN `mall_users_group` `group` ON `users`.`group_id`=`group`.`id` WHERE  `users`.`is_spread` = 0 [ RunTime:0.000294s ]
[2021-08-11T23:07:15+08:00][sql] SELECT COUNT(*) AS think_count FROM `mall_users` `users` LEFT JOIN `mall_users_group` `group` ON `users`.`group_id`=`group`.`id` WHERE  `users`.`is_spread` = 0 [ RunTime:0.000254s ]
[2021-08-11T23:07:15+08:00][sql] SELECT `users`.`id`,`users`.`group_id`,`users`.`username`,`users`.`password`,`users`.`email`,`users`.`avatar`,`users`.`nickname`,`users`.`realname`,`users`.`mobile`,`users`.`birthday`,`users`.`sex`,`users`.`exp`,`users`.`point`,`users`.`status`,`users`.`tags`,`users`.`is_spread`,`users`.`spread_id`,`users`.`spread_time`,`users`.`pay_count`,`users`.`spread_count`,`users`.`amount`,`users`.`spread_amount`,`users`.`sign_count`,`users`.`create_ip`,`users`.`last_ip`,`users`.`create_time`,`users`.`last_login`,`group`.`id` AS `group__id`,`group`.`name` AS `group__name`,`group`.`discount` AS `group__discount`,`group`.`minexp` AS `group__minexp`,`group`.`maxexp` AS `group__maxexp` FROM `mall_users` `users` LEFT JOIN `mall_users_group` `group` ON `users`.`group_id`=`group`.`id` WHERE  `users`.`is_spread` = 0 ORDER BY `users`.`id` DESC LIMIT 0,10 [ RunTime:0.000374s ]
