[2021-08-18T11:10:30+08:00][sql] CONNECT:[ UseTime:0.001788s ] mysql:host=127.0.0.1;port=3306;dbname=a3mall-base;charset=utf8mb4
[2021-08-18T11:10:30+08:00][sql] SHOW FULL COLUMNS FROM `mall_system_users` [ RunTime:0.064511s ]
[2021-08-18T11:10:30+08:00][sql] SELECT * FROM `mall_system_users` WHERE  `username` = 'admin' LIMIT 1 [ RunTime:0.000797s ]
[2021-08-18T11:10:30+08:00][sql] UPDATE `mall_system_users`  SET `count` = 1288 , `time` = 1629256229 , `ip` = '127.0.0.1'  WHERE  `id` = 1 [ RunTime:0.014747s ]
[2021-08-18T11:10:30+08:00][sql] SHOW FULL COLUMNS FROM `mall_system_manage` [ RunTime:0.040469s ]
[2021-08-18T11:10:30+08:00][sql] SELECT COUNT(*) AS think_count FROM `mall_system_manage` WHERE  `id` = 1  AND `status` = 0 [ RunTime:0.004430s ]
[2021-08-18T11:10:30+08:00][sql] SHOW FULL COLUMNS FROM `mall_system_users_log` [ RunTime:0.004007s ]
[2021-08-18T11:10:30+08:00][sql] INSERT INTO `mall_system_users_log` SET `user_id` = 1 , `intro` = '状态：用户 [ admin ] 登录成功 时间：2021-08-18 11:10:29 登录地点：127.0.0.1' , `ip` = '127.0.0.1' , `time` = 1629256229 [ RunTime:0.002069s ]
[2021-08-18T11:10:33+08:00][sql] CONNECT:[ UseTime:0.000334s ] mysql:host=127.0.0.1;port=3306;dbname=a3mall-base;charset=utf8mb4
[2021-08-18T11:10:33+08:00][sql] SHOW FULL COLUMNS FROM `mall_system_users` [ RunTime:0.002048s ]
[2021-08-18T11:10:33+08:00][sql] SELECT * FROM `mall_system_users` WHERE  `id` = 1 LIMIT 1 [ RunTime:0.000524s ]
[2021-08-18T11:10:33+08:00][sql] SHOW FULL COLUMNS FROM `mall_system_manage` [ RunTime:0.001909s ]
[2021-08-18T11:10:33+08:00][sql] SELECT * FROM `mall_system_manage` WHERE  `id` = 1 LIMIT 1 [ RunTime:0.000330s ]
[2021-08-18T11:10:33+08:00][sql] SHOW FULL COLUMNS FROM `mall_system_menu` [ RunTime:0.043067s ]
[2021-08-18T11:10:33+08:00][sql] SELECT * FROM `mall_system_menu` WHERE  `status` = 0  AND `pid` = 0 ORDER BY `sort` ASC [ RunTime:0.002843s ]
[2021-08-18T11:10:33+08:00][sql] SELECT * FROM `mall_system_menu` WHERE  ( status=0 AND ((controller="platform.index" AND method="index") OR (controller="platform.index" AND FIND_IN_SET("index",active))) ) LIMIT 1 [ RunTime:0.003180s ]
[2021-08-18T11:10:33+08:00][sql] SELECT * FROM `mall_system_menu` WHERE  `status` = 0  AND `pid` = 1 ORDER BY `sort` ASC [ RunTime:0.000458s ]
[2021-08-18T11:10:33+08:00][sql] SELECT * FROM `mall_system_menu` WHERE  `status` = 0  AND `pid` = 8 ORDER BY `sort` ASC [ RunTime:0.000470s ]
[2021-08-18T11:10:33+08:00][sql] SELECT * FROM `mall_system_menu` WHERE  `status` = 0  AND `pid` = 9 ORDER BY `sort` ASC [ RunTime:0.000344s ]
[2021-08-18T11:10:33+08:00][sql] SELECT * FROM `mall_system_menu` WHERE  `status` = 0  AND `pid` = 10 ORDER BY `sort` ASC [ RunTime:0.000322s ]
[2021-08-18T11:10:33+08:00][sql] SELECT * FROM `mall_system_menu` WHERE  `status` = 0  AND `pid` = 11 ORDER BY `sort` ASC [ RunTime:0.000345s ]
[2021-08-18T11:10:33+08:00][sql] SELECT * FROM `mall_system_menu` WHERE  `status` = 0  AND `pid` = 79 ORDER BY `sort` ASC [ RunTime:0.000327s ]
[2021-08-18T11:10:33+08:00][sql] SELECT * FROM `mall_system_menu` WHERE  `status` = 0  AND `pid` = 80 ORDER BY `sort` ASC [ RunTime:0.000365s ]
[2021-08-18T11:10:33+08:00][sql] SELECT * FROM `mall_system_menu` WHERE  `status` = 0  AND `pid` = 81 ORDER BY `sort` ASC [ RunTime:0.000320s ]
[2021-08-18T11:10:33+08:00][sql] SELECT * FROM `mall_system_menu` WHERE  `status` = 0  AND `pid` = 12 ORDER BY `sort` ASC [ RunTime:0.000314s ]
[2021-08-18T11:10:33+08:00][sql] SELECT * FROM `mall_system_menu` WHERE  `status` = 0  AND `pid` = 13 ORDER BY `sort` ASC [ RunTime:0.000305s ]
[2021-08-18T11:10:33+08:00][sql] SELECT * FROM `mall_system_menu` WHERE  `status` = 0  AND `pid` = 14 ORDER BY `sort` ASC [ RunTime:0.000303s ]
[2021-08-18T11:10:33+08:00][sql] SELECT * FROM `mall_system_menu` WHERE  `status` = 0  AND `pid` = 15 ORDER BY `sort` ASC [ RunTime:0.000279s ]
[2021-08-18T11:10:33+08:00][sql] SELECT * FROM `mall_system_menu` WHERE  `status` = 0  AND `pid` = 16 ORDER BY `sort` ASC [ RunTime:0.000316s ]
[2021-08-18T11:10:33+08:00][sql] SELECT * FROM `mall_system_menu` WHERE  `status` = 0  AND `pid` = 17 ORDER BY `sort` ASC [ RunTime:0.000285s ]
[2021-08-18T11:10:33+08:00][sql] SELECT * FROM `mall_system_menu` WHERE  `status` = 0  AND `pid` = 18 ORDER BY `sort` ASC [ RunTime:0.000273s ]
[2021-08-18T11:10:33+08:00][sql] SELECT * FROM `mall_system_menu` WHERE  `status` = 0  AND `pid` = 23 ORDER BY `sort` ASC [ RunTime:0.000269s ]
[2021-08-18T11:10:33+08:00][sql] SELECT * FROM `mall_system_menu` WHERE  `status` = 0  AND `pid` = 24 ORDER BY `sort` ASC [ RunTime:0.000308s ]
[2021-08-18T11:10:33+08:00][sql] SELECT * FROM `mall_system_menu` WHERE  `status` = 0  AND `pid` = 25 ORDER BY `sort` ASC [ RunTime:0.000289s ]
[2021-08-18T11:10:33+08:00][sql] SELECT * FROM `mall_system_menu` WHERE  `status` = 0  AND `pid` = 26 ORDER BY `sort` ASC [ RunTime:0.000295s ]
[2021-08-18T11:10:33+08:00][sql] SELECT * FROM `mall_system_menu` WHERE  `status` = 0  AND `pid` = 21 ORDER BY `sort` ASC [ RunTime:0.000321s ]
[2021-08-18T11:10:33+08:00][sql] SELECT * FROM `mall_system_menu` WHERE  `status` = 0  AND `pid` = 22 ORDER BY `sort` ASC [ RunTime:0.000311s ]
[2021-08-18T11:10:33+08:00][sql] SELECT * FROM `mall_system_users` WHERE  `id` = 1 LIMIT 1 [ RunTime:0.000260s ]
[2021-08-18T11:10:33+08:00][sql] SELECT * FROM `mall_system_manage` WHERE  `id` = 1 LIMIT 1 [ RunTime:0.000210s ]
[2021-08-18T11:10:33+08:00][sql] SELECT * FROM `mall_system_users` WHERE  `id` = 1 LIMIT 1 [ RunTime:0.000251s ]
[2021-08-18T11:10:33+08:00][sql] SELECT * FROM `mall_system_manage` WHERE  `id` = 1 LIMIT 1 [ RunTime:0.000222s ]
[2021-08-18T11:10:33+08:00][sql] SHOW FULL COLUMNS FROM `mall_order` [ RunTime:0.091428s ]
[2021-08-18T11:10:33+08:00][sql] SELECT COUNT(*) AS order_num,order_amount FROM `mall_order` WHERE  ( user_id > 0 AND status=5 ) LIMIT 1 [ RunTime:0.001246s ]
[2021-08-18T11:10:33+08:00][sql] SHOW FULL COLUMNS FROM `mall_users` [ RunTime:0.043326s ]
[2021-08-18T11:10:33+08:00][sql] SELECT COUNT(DISTINCT o.user_id) as count FROM `mall_users` `u` LEFT JOIN `mall_order` `o` ON `o`.`user_id`=`u`.`id` WHERE  ( o.user_id > 0 AND o.status=5 ) LIMIT 1 [ RunTime:0.002707s ]
[2021-08-18T11:10:33+08:00][sql] SELECT SUM(o.order_amount) as total,COUNT(o.id) as count,u.username FROM `mall_order` `o` LEFT JOIN `mall_users` `u` ON `o`.`user_id`=`u`.`id` WHERE  ( o.user_id > 0 AND o.status=5 ) GROUP BY `o`.`user_id` ORDER BY `total` DESC LIMIT 10 [ RunTime:0.001701s ]
[2021-08-18T11:10:33+08:00][sql] SELECT SUM(order_amount) as amount,count(*) as total,create_time,FROM_UNIXTIME(create_time,"%Y%m%d") as days FROM `mall_order` WHERE  `status` IN (2,5) GROUP BY days having create_time >= 1626624000 and create_time <= 1629302399 [ RunTime:0.004920s ]
[2021-08-18T11:10:33+08:00][sql] SELECT COUNT(*) AS think_count FROM `mall_order` [ RunTime:0.000921s ]
[2021-08-18T11:10:33+08:00][sql] SHOW FULL COLUMNS FROM `mall_goods` [ RunTime:0.035324s ]
[2021-08-18T11:10:33+08:00][sql] SELECT COUNT(*) AS think_count FROM `mall_goods` [ RunTime:0.000908s ]
[2021-08-18T11:10:33+08:00][sql] SELECT COUNT(*) AS think_count FROM `mall_users` [ RunTime:0.000543s ]
[2021-08-18T11:10:33+08:00][sql] SHOW FULL COLUMNS FROM `mall_users_comment` [ RunTime:0.004424s ]
[2021-08-18T11:10:33+08:00][sql] SELECT COUNT(*) AS think_count FROM `mall_users_comment` [ RunTime:0.000344s ]
[2021-08-18T11:10:35+08:00][sql] CONNECT:[ UseTime:0.000451s ] mysql:host=127.0.0.1;port=3306;dbname=a3mall-base;charset=utf8mb4
[2021-08-18T11:10:35+08:00][sql] SHOW FULL COLUMNS FROM `mall_system_users` [ RunTime:0.003179s ]
[2021-08-18T11:10:35+08:00][sql] SELECT * FROM `mall_system_users` WHERE  `id` = 1 LIMIT 1 [ RunTime:0.000384s ]
[2021-08-18T11:10:35+08:00][sql] SHOW FULL COLUMNS FROM `mall_system_manage` [ RunTime:0.001942s ]
[2021-08-18T11:10:35+08:00][sql] SELECT * FROM `mall_system_manage` WHERE  `id` = 1 LIMIT 1 [ RunTime:0.000375s ]
[2021-08-18T11:10:35+08:00][sql] SHOW FULL COLUMNS FROM `mall_system_menu` [ RunTime:0.002323s ]
[2021-08-18T11:10:35+08:00][sql] SELECT * FROM `mall_system_menu` WHERE  `status` = 0  AND `pid` = 0 ORDER BY `sort` ASC [ RunTime:0.000571s ]
[2021-08-18T11:10:35+08:00][sql] SELECT * FROM `mall_system_menu` WHERE  ( status=0 AND ((controller="products.index" AND method="index") OR (controller="products.index" AND FIND_IN_SET("index",active))) ) LIMIT 1 [ RunTime:0.000440s ]
[2021-08-18T11:10:35+08:00][sql] SELECT * FROM `mall_system_menu` WHERE  `status` = 0  AND `pid` = 2 ORDER BY `sort` ASC [ RunTime:0.000512s ]
[2021-08-18T11:10:35+08:00][sql] SELECT * FROM `mall_system_menu` WHERE  `status` = 0  AND `pid` = 38 ORDER BY `sort` ASC [ RunTime:0.000601s ]
[2021-08-18T11:10:35+08:00][sql] SELECT * FROM `mall_system_menu` WHERE  `status` = 0  AND `pid` = 39 ORDER BY `sort` ASC [ RunTime:0.000639s ]
[2021-08-18T11:10:35+08:00][sql] SELECT * FROM `mall_system_menu` WHERE  `status` = 0  AND `pid` = 40 ORDER BY `sort` ASC [ RunTime:0.000390s ]
[2021-08-18T11:10:35+08:00][sql] SELECT * FROM `mall_system_menu` WHERE  `status` = 0  AND `pid` = 41 ORDER BY `sort` ASC [ RunTime:0.000336s ]
[2021-08-18T11:10:35+08:00][sql] SELECT * FROM `mall_system_menu` WHERE  `status` = 0  AND `pid` = 42 ORDER BY `sort` ASC [ RunTime:0.000339s ]
[2021-08-18T11:10:35+08:00][sql] SELECT * FROM `mall_system_menu` WHERE  `status` = 0  AND `pid` = 43 ORDER BY `sort` ASC [ RunTime:0.000330s ]
[2021-08-18T11:10:35+08:00][sql] SELECT * FROM `mall_system_menu` WHERE  `status` = 0  AND `pid` = 44 ORDER BY `sort` ASC [ RunTime:0.000372s ]
[2021-08-18T11:10:35+08:00][sql] SELECT * FROM `mall_system_menu` WHERE  `status` = 0  AND `pid` = 45 ORDER BY `sort` ASC [ RunTime:0.000442s ]
[2021-08-18T11:10:35+08:00][sql] SELECT * FROM `mall_system_menu` WHERE  `status` = 0  AND `pid` = 46 ORDER BY `sort` ASC [ RunTime:0.000449s ]
[2021-08-18T11:10:35+08:00][sql] SELECT * FROM `mall_system_menu` WHERE  `status` = 0  AND `pid` = 47 ORDER BY `sort` ASC [ RunTime:0.000364s ]
[2021-08-18T11:10:35+08:00][sql] SELECT * FROM `mall_system_menu` WHERE  `status` = 0  AND `pid` = 48 ORDER BY `sort` ASC [ RunTime:0.000377s ]
[2021-08-18T11:10:35+08:00][sql] SELECT * FROM `mall_system_users` WHERE  `id` = 1 LIMIT 1 [ RunTime:0.000284s ]
[2021-08-18T11:10:35+08:00][sql] SELECT * FROM `mall_system_manage` WHERE  `id` = 1 LIMIT 1 [ RunTime:0.000231s ]
[2021-08-18T11:10:35+08:00][sql] SELECT * FROM `mall_system_users` WHERE  `id` = 1 LIMIT 1 [ RunTime:0.000268s ]
[2021-08-18T11:10:35+08:00][sql] SELECT * FROM `mall_system_manage` WHERE  `id` = 1 LIMIT 1 [ RunTime:0.000234s ]
[2021-08-18T11:10:35+08:00][sql] SHOW FULL COLUMNS FROM `mall_category` [ RunTime:0.059718s ]
[2021-08-18T11:10:35+08:00][sql] SELECT * FROM `mall_category` WHERE  `status` = 0  AND `module` = 'goods' [ RunTime:0.001115s ]
[2021-08-18T11:10:35+08:00][sql] SHOW FULL COLUMNS FROM `mall_products_brand` [ RunTime:0.068519s ]
[2021-08-18T11:10:35+08:00][sql] SELECT * FROM `mall_products_brand` WHERE  `status` = 0 [ RunTime:0.000609s ]
[2021-08-18T11:10:35+08:00][sql] CONNECT:[ UseTime:0.000387s ] mysql:host=127.0.0.1;port=3306;dbname=a3mall-base;charset=utf8mb4
[2021-08-18T11:10:35+08:00][sql] SHOW FULL COLUMNS FROM `mall_system_users` [ RunTime:0.002060s ]
[2021-08-18T11:10:35+08:00][sql] SELECT * FROM `mall_system_users` WHERE  `id` = 1 LIMIT 1 [ RunTime:0.000402s ]
[2021-08-18T11:10:35+08:00][sql] SHOW FULL COLUMNS FROM `mall_system_manage` [ RunTime:0.002059s ]
[2021-08-18T11:10:35+08:00][sql] SELECT * FROM `mall_system_manage` WHERE  `id` = 1 LIMIT 1 [ RunTime:0.000330s ]
[2021-08-18T11:10:35+08:00][sql] SHOW FULL COLUMNS FROM `mall_system_menu` [ RunTime:0.001899s ]
[2021-08-18T11:10:35+08:00][sql] SELECT * FROM `mall_system_menu` WHERE  `status` = 0  AND `pid` = 0 ORDER BY `sort` ASC [ RunTime:0.000377s ]
[2021-08-18T11:10:35+08:00][sql] SELECT * FROM `mall_system_menu` WHERE  ( status=0 AND ((controller="products.index" AND method="index") OR (controller="products.index" AND FIND_IN_SET("index",active))) ) LIMIT 1 [ RunTime:0.000322s ]
[2021-08-18T11:10:35+08:00][sql] SELECT * FROM `mall_system_menu` WHERE  `status` = 0  AND `pid` = 2 ORDER BY `sort` ASC [ RunTime:0.000341s ]
[2021-08-18T11:10:35+08:00][sql] SELECT * FROM `mall_system_menu` WHERE  `status` = 0  AND `pid` = 38 ORDER BY `sort` ASC [ RunTime:0.000357s ]
[2021-08-18T11:10:35+08:00][sql] SELECT * FROM `mall_system_menu` WHERE  `status` = 0  AND `pid` = 39 ORDER BY `sort` ASC [ RunTime:0.000357s ]
[2021-08-18T11:10:35+08:00][sql] SELECT * FROM `mall_system_menu` WHERE  `status` = 0  AND `pid` = 40 ORDER BY `sort` ASC [ RunTime:0.000435s ]
[2021-08-18T11:10:35+08:00][sql] SELECT * FROM `mall_system_menu` WHERE  `status` = 0  AND `pid` = 41 ORDER BY `sort` ASC [ RunTime:0.000562s ]
[2021-08-18T11:10:35+08:00][sql] SELECT * FROM `mall_system_menu` WHERE  `status` = 0  AND `pid` = 42 ORDER BY `sort` ASC [ RunTime:0.000458s ]
[2021-08-18T11:10:35+08:00][sql] SELECT * FROM `mall_system_menu` WHERE  `status` = 0  AND `pid` = 43 ORDER BY `sort` ASC [ RunTime:0.000336s ]
[2021-08-18T11:10:35+08:00][sql] SELECT * FROM `mall_system_menu` WHERE  `status` = 0  AND `pid` = 44 ORDER BY `sort` ASC [ RunTime:0.000317s ]
[2021-08-18T11:10:35+08:00][sql] SELECT * FROM `mall_system_menu` WHERE  `status` = 0  AND `pid` = 45 ORDER BY `sort` ASC [ RunTime:0.000315s ]
[2021-08-18T11:10:35+08:00][sql] SELECT * FROM `mall_system_menu` WHERE  `status` = 0  AND `pid` = 46 ORDER BY `sort` ASC [ RunTime:0.000301s ]
[2021-08-18T11:10:35+08:00][sql] SELECT * FROM `mall_system_menu` WHERE  `status` = 0  AND `pid` = 47 ORDER BY `sort` ASC [ RunTime:0.000302s ]
[2021-08-18T11:10:35+08:00][sql] SELECT * FROM `mall_system_menu` WHERE  `status` = 0  AND `pid` = 48 ORDER BY `sort` ASC [ RunTime:0.000291s ]
[2021-08-18T11:10:35+08:00][sql] SELECT * FROM `mall_system_users` WHERE  `id` = 1 LIMIT 1 [ RunTime:0.000238s ]
[2021-08-18T11:10:35+08:00][sql] SELECT * FROM `mall_system_manage` WHERE  `id` = 1 LIMIT 1 [ RunTime:0.000228s ]
[2021-08-18T11:10:35+08:00][sql] SELECT * FROM `mall_system_users` WHERE  `id` = 1 LIMIT 1 [ RunTime:0.000222s ]
[2021-08-18T11:10:35+08:00][sql] SELECT * FROM `mall_system_manage` WHERE  `id` = 1 LIMIT 1 [ RunTime:0.000234s ]
[2021-08-18T11:10:35+08:00][sql] SHOW FULL COLUMNS FROM `mall_goods` [ RunTime:0.002487s ]
[2021-08-18T11:10:35+08:00][sql] SHOW FULL COLUMNS FROM `mall_category` [ RunTime:0.001990s ]
[2021-08-18T11:10:35+08:00][sql] SELECT COUNT(*) AS think_count FROM `mall_goods` `goods` LEFT JOIN `mall_category` `category` ON `goods`.`cat_id`=`category`.`id` [ RunTime:0.000536s ]
[2021-08-18T11:10:35+08:00][sql] SELECT COUNT(*) AS think_count FROM `mall_goods` `goods` LEFT JOIN `mall_category` `category` ON `goods`.`cat_id`=`category`.`id` [ RunTime:0.000248s ]
[2021-08-18T11:10:35+08:00][sql] SELECT `goods`.`id`,`goods`.`cat_id`,`goods`.`attr_id`,`goods`.`brand_id`,`goods`.`model_id`,`goods`.`delivery_id`,`goods`.`title`,`goods`.`goods_number`,`goods`.`goods_weight`,`goods`.`sell_price`,`goods`.`market_price`,`goods`.`cost_price`,`goods`.`store_nums`,`goods`.`photo`,`goods`.`briefly`,`goods`.`content`,`goods`.`point`,`goods`.`status`,`goods`.`visit`,`goods`.`favorite`,`goods`.`sort`,`goods`.`exp`,`goods`.`sale`,`goods`.`grade`,`goods`.`upper_time`,`goods`.`down_time`,`goods`.`create_time`,`goods`.`update_time`,`category`.`id` AS `category__id`,`category`.`pid` AS `category__pid`,`category`.`title` AS `category__title`,`category`.`photo` AS `category__photo`,`category`.`content` AS `category__content`,`category`.`module` AS `category__module`,`category`.`status` AS `category__status`,`category`.`sort` AS `category__sort`,`category`.`hits` AS `category__hits`,`category`.`is_menu` AS `category__is_menu`,`category`.`is_hot` AS `category__is_hot`,`category`.`is_recommend` AS `category__is_recommend`,`category`.`is_lock` AS `category__is_lock`,`category`.`create_time` AS `category__create_time`,`category`.`update_time` AS `category__update_time` FROM `mall_goods` `goods` LEFT JOIN `mall_category` `category` ON `goods`.`cat_id`=`category`.`id` ORDER BY `goods`.`id` DESC LIMIT 0,10 [ RunTime:0.000552s ]
[2021-08-18T11:10:35+08:00][sql] SHOW FULL COLUMNS FROM `mall_setting` [ RunTime:0.028241s ]
[2021-08-18T11:10:35+08:00][sql] SELECT `value` FROM `mall_setting` WHERE  `name` = 'upload' LIMIT 1 [ RunTime:0.000464s ]
[2021-08-18T11:10:35+08:00][sql] SELECT `value` FROM `mall_setting` WHERE  `name` = 'upload' LIMIT 1 [ RunTime:0.000423s ]
[2021-08-18T11:10:35+08:00][sql] SELECT `value` FROM `mall_setting` WHERE  `name` = 'upload' LIMIT 1 [ RunTime:0.000801s ]
[2021-08-18T11:10:35+08:00][sql] SELECT `value` FROM `mall_setting` WHERE  `name` = 'upload' LIMIT 1 [ RunTime:0.000674s ]
[2021-08-18T11:10:35+08:00][sql] SELECT `value` FROM `mall_setting` WHERE  `name` = 'upload' LIMIT 1 [ RunTime:0.000400s ]
[2021-08-18T11:10:35+08:00][sql] SELECT `value` FROM `mall_setting` WHERE  `name` = 'upload' LIMIT 1 [ RunTime:0.000296s ]
[2021-08-18T11:10:35+08:00][sql] SELECT `value` FROM `mall_setting` WHERE  `name` = 'upload' LIMIT 1 [ RunTime:0.000251s ]
[2021-08-18T11:10:35+08:00][sql] SELECT `value` FROM `mall_setting` WHERE  `name` = 'upload' LIMIT 1 [ RunTime:0.000210s ]
[2021-08-18T11:10:35+08:00][sql] SELECT `value` FROM `mall_setting` WHERE  `name` = 'upload' LIMIT 1 [ RunTime:0.000287s ]
[2021-08-18T11:10:35+08:00][sql] SELECT `value` FROM `mall_setting` WHERE  `name` = 'upload' LIMIT 1 [ RunTime:0.000280s ]
[2021-08-18T11:10:39+08:00][sql] CONNECT:[ UseTime:0.000371s ] mysql:host=127.0.0.1;port=3306;dbname=a3mall-base;charset=utf8mb4
[2021-08-18T11:10:39+08:00][sql] SHOW FULL COLUMNS FROM `mall_system_users` [ RunTime:0.002060s ]
[2021-08-18T11:10:39+08:00][sql] SELECT * FROM `mall_system_users` WHERE  `id` = 1 LIMIT 1 [ RunTime:0.000419s ]
[2021-08-18T11:10:39+08:00][sql] SHOW FULL COLUMNS FROM `mall_system_manage` [ RunTime:0.002122s ]
[2021-08-18T11:10:39+08:00][sql] SELECT * FROM `mall_system_manage` WHERE  `id` = 1 LIMIT 1 [ RunTime:0.000354s ]
[2021-08-18T11:10:39+08:00][sql] SHOW FULL COLUMNS FROM `mall_system_menu` [ RunTime:0.001969s ]
[2021-08-18T11:10:39+08:00][sql] SELECT * FROM `mall_system_menu` WHERE  `status` = 0  AND `pid` = 0 ORDER BY `sort` ASC [ RunTime:0.000405s ]
[2021-08-18T11:10:39+08:00][sql] SELECT * FROM `mall_system_menu` WHERE  ( status=0 AND ((controller="products.index" AND method="index") OR (controller="products.index" AND FIND_IN_SET("index",active))) ) LIMIT 1 [ RunTime:0.000344s ]
[2021-08-18T11:10:39+08:00][sql] SELECT * FROM `mall_system_menu` WHERE  `status` = 0  AND `pid` = 2 ORDER BY `sort` ASC [ RunTime:0.000377s ]
[2021-08-18T11:10:39+08:00][sql] SELECT * FROM `mall_system_menu` WHERE  `status` = 0  AND `pid` = 38 ORDER BY `sort` ASC [ RunTime:0.000340s ]
[2021-08-18T11:10:39+08:00][sql] SELECT * FROM `mall_system_menu` WHERE  `status` = 0  AND `pid` = 39 ORDER BY `sort` ASC [ RunTime:0.000279s ]
[2021-08-18T11:10:39+08:00][sql] SELECT * FROM `mall_system_menu` WHERE  `status` = 0  AND `pid` = 40 ORDER BY `sort` ASC [ RunTime:0.000306s ]
[2021-08-18T11:10:39+08:00][sql] SELECT * FROM `mall_system_menu` WHERE  `status` = 0  AND `pid` = 41 ORDER BY `sort` ASC [ RunTime:0.000291s ]
[2021-08-18T11:10:39+08:00][sql] SELECT * FROM `mall_system_menu` WHERE  `status` = 0  AND `pid` = 42 ORDER BY `sort` ASC [ RunTime:0.000288s ]
[2021-08-18T11:10:39+08:00][sql] SELECT * FROM `mall_system_menu` WHERE  `status` = 0  AND `pid` = 43 ORDER BY `sort` ASC [ RunTime:0.000294s ]
[2021-08-18T11:10:39+08:00][sql] SELECT * FROM `mall_system_menu` WHERE  `status` = 0  AND `pid` = 44 ORDER BY `sort` ASC [ RunTime:0.000303s ]
[2021-08-18T11:10:39+08:00][sql] SELECT * FROM `mall_system_menu` WHERE  `status` = 0  AND `pid` = 45 ORDER BY `sort` ASC [ RunTime:0.000277s ]
[2021-08-18T11:10:39+08:00][sql] SELECT * FROM `mall_system_menu` WHERE  `status` = 0  AND `pid` = 46 ORDER BY `sort` ASC [ RunTime:0.000282s ]
[2021-08-18T11:10:39+08:00][sql] SELECT * FROM `mall_system_menu` WHERE  `status` = 0  AND `pid` = 47 ORDER BY `sort` ASC [ RunTime:0.000278s ]
[2021-08-18T11:10:39+08:00][sql] SELECT * FROM `mall_system_menu` WHERE  `status` = 0  AND `pid` = 48 ORDER BY `sort` ASC [ RunTime:0.000281s ]
[2021-08-18T11:10:39+08:00][sql] SELECT * FROM `mall_system_users` WHERE  `id` = 1 LIMIT 1 [ RunTime:0.000225s ]
[2021-08-18T11:10:39+08:00][sql] SELECT * FROM `mall_system_manage` WHERE  `id` = 1 LIMIT 1 [ RunTime:0.000227s ]
[2021-08-18T11:10:39+08:00][sql] SELECT * FROM `mall_system_users` WHERE  `id` = 1 LIMIT 1 [ RunTime:0.000224s ]
[2021-08-18T11:10:39+08:00][sql] SELECT * FROM `mall_system_manage` WHERE  `id` = 1 LIMIT 1 [ RunTime:0.000222s ]
[2021-08-18T11:10:39+08:00][sql] SHOW FULL COLUMNS FROM `mall_goods` [ RunTime:0.008339s ]
[2021-08-18T11:10:39+08:00][sql] SHOW FULL COLUMNS FROM `mall_category` [ RunTime:0.023846s ]
[2021-08-18T11:10:39+08:00][sql] SELECT COUNT(*) AS think_count FROM `mall_goods` `goods` LEFT JOIN `mall_category` `category` ON `goods`.`cat_id`=`category`.`id` [ RunTime:0.000414s ]
[2021-08-18T11:10:39+08:00][sql] SELECT COUNT(*) AS think_count FROM `mall_goods` `goods` LEFT JOIN `mall_category` `category` ON `goods`.`cat_id`=`category`.`id` [ RunTime:0.000268s ]
[2021-08-18T11:10:39+08:00][sql] SELECT `goods`.`id`,`goods`.`cat_id`,`goods`.`attr_id`,`goods`.`brand_id`,`goods`.`model_id`,`goods`.`delivery_id`,`goods`.`title`,`goods`.`goods_number`,`goods`.`goods_weight`,`goods`.`sell_price`,`goods`.`market_price`,`goods`.`cost_price`,`goods`.`store_nums`,`goods`.`photo`,`goods`.`briefly`,`goods`.`content`,`goods`.`point`,`goods`.`status`,`goods`.`visit`,`goods`.`favorite`,`goods`.`sort`,`goods`.`exp`,`goods`.`sale`,`goods`.`grade`,`goods`.`upper_time`,`goods`.`down_time`,`goods`.`create_time`,`goods`.`update_time`,`category`.`id` AS `category__id`,`category`.`pid` AS `category__pid`,`category`.`title` AS `category__title`,`category`.`photo` AS `category__photo`,`category`.`content` AS `category__content`,`category`.`module` AS `category__module`,`category`.`status` AS `category__status`,`category`.`sort` AS `category__sort`,`category`.`hits` AS `category__hits`,`category`.`is_menu` AS `category__is_menu`,`category`.`is_hot` AS `category__is_hot`,`category`.`is_recommend` AS `category__is_recommend`,`category`.`is_lock` AS `category__is_lock`,`category`.`create_time` AS `category__create_time`,`category`.`update_time` AS `category__update_time` FROM `mall_goods` `goods` LEFT JOIN `mall_category` `category` ON `goods`.`cat_id`=`category`.`id` ORDER BY `goods`.`id` DESC LIMIT 30,10 [ RunTime:0.000528s ]
[2021-08-18T11:10:39+08:00][sql] SHOW FULL COLUMNS FROM `mall_setting` [ RunTime:0.002034s ]
[2021-08-18T11:10:39+08:00][sql] SELECT `value` FROM `mall_setting` WHERE  `name` = 'upload' LIMIT 1 [ RunTime:0.000295s ]
