[2021-06-30T00:50:41+08:00][sql] CONNECT:[ UseTime:0.000479s ] mysql:host=127.0.0.1;port=3306;dbname=a3mall-pro;charset=utf8mb4
[2021-06-30T00:50:41+08:00][sql] SHOW FULL COLUMNS FROM `mall_users` [ RunTime:0.002258s ]
[2021-06-30T00:50:41+08:00][sql] SELECT COUNT(*) AS think_count FROM `mall_users` WHERE  `id` = 1 [ RunTime:0.032386s ]
[2021-06-30T00:50:41+08:00][sql] SELECT * FROM `mall_users` WHERE  `id` = 1 LIMIT 1 [ RunTime:0.000809s ]
[2021-06-30T00:50:41+08:00][sql] SHOW FULL COLUMNS FROM `mall_users_group` [ RunTime:0.003282s ]
[2021-06-30T00:50:41+08:00][sql] SELECT `name` FROM `mall_users_group` WHERE  `id` = 6 LIMIT 1 [ RunTime:0.000731s ]
[2021-06-30T00:50:41+08:00][sql] SHOW FULL COLUMNS FROM `mall_cart` [ RunTime:0.005700s ]
[2021-06-30T00:50:41+08:00][sql] SELECT COUNT(*) AS think_count FROM `mall_cart` WHERE  `user_id` = 1 [ RunTime:0.000568s ]
[2021-06-30T00:50:41+08:00][sql] SHOW FULL COLUMNS FROM `mall_users_bonus` [ RunTime:0.002036s ]
[2021-06-30T00:50:41+08:00][sql] SELECT COUNT(*) AS think_count FROM `mall_users_bonus` `u` LEFT JOIN `mall_promotion_bonus` `b` ON `u`.`bonus_id`=`b`.`id` WHERE  ( u.status=0 and b.end_time > 1624985441 )  AND `u`.`user_id` = 1 [ RunTime:0.032030s ]
[2021-06-30T00:50:41+08:00][sql] SHOW FULL COLUMNS FROM `mall_navigation` [ RunTime:0.002356s ]
[2021-06-30T00:50:41+08:00][sql] SELECT * FROM `mall_navigation` WHERE  `status` = 0  AND `pid` = 0 ORDER BY `sort` ASC [ RunTime:0.000409s ]
[2021-06-30T00:50:41+08:00][sql] SHOW FULL COLUMNS FROM `mall_setting` [ RunTime:0.002098s ]
[2021-06-30T00:50:41+08:00][sql] SELECT `value` FROM `mall_setting` WHERE  `name` = 'web_name' LIMIT 1 [ RunTime:0.000319s ]
[2021-06-30T00:50:41+08:00][sql] SELECT `value` FROM `mall_setting` WHERE  `name` = 'web_title' LIMIT 1 [ RunTime:0.000239s ]
[2021-06-30T00:50:41+08:00][sql] SELECT `value` FROM `mall_setting` WHERE  `name` = 'web_keywords' LIMIT 1 [ RunTime:0.000188s ]
[2021-06-30T00:50:41+08:00][sql] SELECT `value` FROM `mall_setting` WHERE  `name` = 'web_description' LIMIT 1 [ RunTime:0.000183s ]
[2021-06-30T00:50:41+08:00][sql] SELECT `value` FROM `mall_setting` WHERE  `name` = 'web_copyright' LIMIT 1 [ RunTime:0.004945s ]
[2021-06-30T00:50:41+08:00][sql] SELECT `value` FROM `mall_setting` WHERE  `name` = 'web_logo' LIMIT 1 [ RunTime:0.000533s ]
[2021-06-30T00:50:41+08:00][sql] SHOW FULL COLUMNS FROM `mall_version` [ RunTime:0.003109s ]
[2021-06-30T00:50:41+08:00][sql] SELECT * FROM `mall_version` WHERE  `type` = 3  AND `status` = 0 [ RunTime:0.000489s ]
[2021-06-30T00:50:41+08:00][sql] SHOW FULL COLUMNS FROM `mall_data` [ RunTime:0.002426s ]
[2021-06-30T00:50:41+08:00][sql] SELECT * FROM `mall_data` WHERE  `sign` = 'banner'  AND `status` = 0 LIMIT 1 [ RunTime:0.000373s ]
[2021-06-30T00:50:41+08:00][sql] SHOW FULL COLUMNS FROM `mall_data_item` [ RunTime:0.002022s ]
[2021-06-30T00:50:41+08:00][sql] SELECT * FROM `mall_data_item` WHERE  `pid` = 1 [ RunTime:0.000356s ]
[2021-06-30T00:50:41+08:00][sql] SELECT `value` FROM `mall_setting` WHERE  `name` = 'upload' LIMIT 1 [ RunTime:0.000375s ]
[2021-06-30T00:50:41+08:00][sql] SELECT `value` FROM `mall_setting` WHERE  `name` = 'upload' LIMIT 1 [ RunTime:0.000279s ]
[2021-06-30T00:50:41+08:00][sql] SELECT * FROM `mall_data` WHERE  `sign` = 'home-bottom-ad'  AND `status` = 0 LIMIT 1 [ RunTime:0.000285s ]
[2021-06-30T00:50:41+08:00][sql] SELECT * FROM `mall_data_item` WHERE  `pid` = 3 [ RunTime:0.000280s ]
[2021-06-30T00:50:41+08:00][sql] SELECT `value` FROM `mall_setting` WHERE  `name` = 'upload' LIMIT 1 [ RunTime:0.000229s ]
[2021-06-30T00:50:41+08:00][sql] SELECT `value` FROM `mall_setting` WHERE  `name` = 'upload' LIMIT 1 [ RunTime:0.000249s ]
[2021-06-30T00:50:41+08:00][sql] SELECT `value` FROM `mall_setting` WHERE  `name` = 'upload' LIMIT 1 [ RunTime:0.000274s ]
[2021-06-30T00:50:41+08:00][sql] SHOW FULL COLUMNS FROM `mall_promotion_second` [ RunTime:0.002465s ]
[2021-06-30T00:50:41+08:00][sql] SELECT `p`.*,`g`.`photo`,g.id as goods_id FROM `mall_promotion_second` `p` LEFT JOIN `mall_goods` `g` ON `p`.`goods_id`=`g`.`id` WHERE  ( p.status=0 )  AND ( end_time > 1624985441 ) GROUP BY `g`.`id` ORDER BY `p`.`id` DESC LIMIT 4 [ RunTime:0.079690s ]
[2021-06-30T00:50:41+08:00][sql] SELECT `value` FROM `mall_setting` WHERE  `name` = 'upload' LIMIT 1 [ RunTime:0.000574s ]
[2021-06-30T00:50:41+08:00][sql] SELECT `value` FROM `mall_setting` WHERE  `name` = 'upload' LIMIT 1 [ RunTime:0.000525s ]
[2021-06-30T00:50:41+08:00][sql] SELECT `value` FROM `mall_setting` WHERE  `name` = 'upload' LIMIT 1 [ RunTime:0.000361s ]
[2021-06-30T00:50:41+08:00][sql] SELECT `value` FROM `mall_setting` WHERE  `name` = 'upload' LIMIT 1 [ RunTime:0.000343s ]
[2021-06-30T00:50:41+08:00][sql] SHOW FULL COLUMNS FROM `mall_archives` [ RunTime:0.002422s ]
[2021-06-30T00:50:41+08:00][sql] SELECT * FROM `mall_archives` WHERE  `pid` = 59  AND `status` = 0 ORDER BY `id` DESC LIMIT 3 [ RunTime:0.014585s ]
[2021-06-30T00:50:41+08:00][sql] SELECT * FROM `mall_data` WHERE  `sign` = 'home-bottom-ad'  AND `status` = 0 LIMIT 1 [ RunTime:0.000676s ]
[2021-06-30T00:50:41+08:00][sql] SELECT * FROM `mall_data_item` WHERE  `pid` = 3 LIMIT 1 [ RunTime:0.000683s ]
[2021-06-30T00:50:41+08:00][sql] SELECT `value` FROM `mall_setting` WHERE  `name` = 'upload' LIMIT 1 [ RunTime:0.000382s ]
[2021-06-30T00:50:41+08:00][sql] SHOW FULL COLUMNS FROM `mall_category` [ RunTime:0.002490s ]
[2021-06-30T00:50:41+08:00][sql] SELECT * FROM `mall_category` WHERE  `pid` = 0  AND `status` = 0  AND `is_hot` = 0  AND `module` = 'goods' ORDER BY `id` ASC,`sort` ASC [ RunTime:0.000424s ]
[2021-06-30T00:50:41+08:00][sql] SELECT * FROM `mall_data` WHERE  `sign` = 'recommend' LIMIT 1 [ RunTime:0.000291s ]
[2021-06-30T00:50:41+08:00][sql] SELECT * FROM `mall_data_item` WHERE  `pid` = 4 [ RunTime:0.000252s ]
[2021-06-30T00:50:41+08:00][sql] SELECT * FROM `mall_category` WHERE  `pid` = 1  AND `status` = 0 [ RunTime:0.000264s ]
[2021-06-30T00:50:41+08:00][sql] SELECT * FROM `mall_category` WHERE  `pid` = 2  AND `status` = 0 [ RunTime:0.000271s ]
[2021-06-30T00:50:41+08:00][sql] SELECT * FROM `mall_category` WHERE  `pid` = 17  AND `status` = 0 [ RunTime:0.000248s ]
[2021-06-30T00:50:41+08:00][sql] SELECT * FROM `mall_category` WHERE  `pid` = 18  AND `status` = 0 [ RunTime:0.000366s ]
[2021-06-30T00:50:41+08:00][sql] SELECT * FROM `mall_category` WHERE  `pid` = 19  AND `status` = 0 [ RunTime:0.000427s ]
[2021-06-30T00:50:41+08:00][sql] SELECT * FROM `mall_category` WHERE  `pid` = 20  AND `status` = 0 [ RunTime:0.000260s ]
[2021-06-30T00:50:41+08:00][sql] SELECT * FROM `mall_category` WHERE  `pid` = 21  AND `status` = 0 [ RunTime:0.000254s ]
[2021-06-30T00:50:41+08:00][sql] SELECT * FROM `mall_category` WHERE  `pid` = 22  AND `status` = 0 [ RunTime:0.000227s ]
[2021-06-30T00:50:41+08:00][sql] SELECT * FROM `mall_category` WHERE  `pid` = 23  AND `status` = 0 [ RunTime:0.000228s ]
[2021-06-30T00:50:41+08:00][sql] SELECT * FROM `mall_category` WHERE  `pid` = 24  AND `status` = 0 [ RunTime:0.000221s ]
[2021-06-30T00:50:41+08:00][sql] SELECT * FROM `mall_category` WHERE  `pid` = 25  AND `status` = 0 [ RunTime:0.000220s ]
[2021-06-30T00:50:41+08:00][sql] SELECT * FROM `mall_category` WHERE  `pid` = 26  AND `status` = 0 [ RunTime:0.000219s ]
[2021-06-30T00:50:41+08:00][sql] SELECT * FROM `mall_category` WHERE  `pid` = 27  AND `status` = 0 [ RunTime:0.000218s ]
[2021-06-30T00:50:41+08:00][sql] SELECT * FROM `mall_category` WHERE  `pid` = 28  AND `status` = 0 [ RunTime:0.000212s ]
[2021-06-30T00:50:41+08:00][sql] SELECT * FROM `mall_category` WHERE  `pid` = 29  AND `status` = 0 [ RunTime:0.000215s ]
[2021-06-30T00:50:41+08:00][sql] SELECT * FROM `mall_category` WHERE  `pid` = 30  AND `status` = 0 [ RunTime:0.000213s ]
[2021-06-30T00:50:41+08:00][sql] SELECT * FROM `mall_category` WHERE  `pid` = 31  AND `status` = 0 [ RunTime:0.000214s ]
[2021-06-30T00:50:41+08:00][sql] SELECT * FROM `mall_category` WHERE  `pid` = 32  AND `status` = 0 [ RunTime:0.000439s ]
[2021-06-30T00:50:41+08:00][sql] SELECT * FROM `mall_category` WHERE  `pid` = 40  AND `status` = 0 [ RunTime:0.000285s ]
[2021-06-30T00:50:41+08:00][sql] SELECT * FROM `mall_category` WHERE  `pid` = 3  AND `status` = 0 [ RunTime:0.000277s ]
[2021-06-30T00:50:41+08:00][sql] SELECT * FROM `mall_category` WHERE  `pid` = 4  AND `status` = 0 [ RunTime:0.000233s ]
[2021-06-30T00:50:41+08:00][sql] SELECT * FROM `mall_category` WHERE  `pid` = 5  AND `status` = 0 [ RunTime:0.000243s ]
[2021-06-30T00:50:41+08:00][sql] SELECT * FROM `mall_category` WHERE  `pid` = 15  AND `status` = 0 [ RunTime:0.000225s ]
[2021-06-30T00:50:41+08:00][sql] SELECT * FROM `mall_category` WHERE  `pid` = 39  AND `status` = 0 [ RunTime:0.000244s ]
[2021-06-30T00:50:41+08:00][sql] SELECT * FROM `mall_category` WHERE  `id` IN (2,17,18,19,20,21,22,23,24,25,26,27,28,29,30,31,32,40,3,4,5,15,39)  AND `status` = 0  AND `module` = 'goods'  AND `is_hot` = 0 ORDER BY `id` ASC,`sort` ASC [ RunTime:0.020099s ]
[2021-06-30T00:50:41+08:00][sql] SELECT `value` FROM `mall_setting` WHERE  `name` = 'upload' LIMIT 1 [ RunTime:0.000622s ]
[2021-06-30T00:50:41+08:00][sql] SHOW FULL COLUMNS FROM `mall_goods` [ RunTime:0.002953s ]
[2021-06-30T00:50:41+08:00][sql] SELECT `g`.* FROM `mall_goods` `g` LEFT JOIN `mall_goods_extends` `e` ON `g`.`id`=`e`.`goods_id` WHERE  `g`.`status` = 0  AND `e`.`attribute` = 'news'  AND `g`.`cat_id` IN (2,17,18,19,20,21,22,23,24,25,26,27,28,29,30,31,32,40,3,4,5,15,39,1) ORDER BY `g`.`id` DESC LIMIT 10 [ RunTime:0.000856s ]
[2021-06-30T00:50:41+08:00][sql] SELECT `value` FROM `mall_setting` WHERE  `name` = 'upload' LIMIT 1 [ RunTime:0.000308s ]
[2021-06-30T00:50:41+08:00][sql] SELECT `value` FROM `mall_setting` WHERE  `name` = 'upload' LIMIT 1 [ RunTime:0.000271s ]
[2021-06-30T00:50:41+08:00][sql] SELECT `value` FROM `mall_setting` WHERE  `name` = 'upload' LIMIT 1 [ RunTime:0.000267s ]
[2021-06-30T00:50:41+08:00][sql] SELECT `value` FROM `mall_setting` WHERE  `name` = 'upload' LIMIT 1 [ RunTime:0.000241s ]
[2021-06-30T00:50:41+08:00][sql] SELECT `value` FROM `mall_setting` WHERE  `name` = 'upload' LIMIT 1 [ RunTime:0.000211s ]
[2021-06-30T00:50:41+08:00][sql] SELECT `value` FROM `mall_setting` WHERE  `name` = 'upload' LIMIT 1 [ RunTime:0.000200s ]
[2021-06-30T00:50:41+08:00][sql] SELECT `value` FROM `mall_setting` WHERE  `name` = 'upload' LIMIT 1 [ RunTime:0.000198s ]
[2021-06-30T00:50:41+08:00][sql] SELECT `value` FROM `mall_setting` WHERE  `name` = 'upload' LIMIT 1 [ RunTime:0.000201s ]
[2021-06-30T00:50:41+08:00][sql] SELECT `value` FROM `mall_setting` WHERE  `name` = 'upload' LIMIT 1 [ RunTime:0.000194s ]
[2021-06-30T00:50:41+08:00][sql] SELECT `value` FROM `mall_setting` WHERE  `name` = 'upload' LIMIT 1 [ RunTime:0.000213s ]
[2021-06-30T00:50:41+08:00][sql] SELECT * FROM `mall_category` WHERE  `pid` = 6  AND `status` = 0 [ RunTime:0.000268s ]
[2021-06-30T00:50:41+08:00][sql] SELECT * FROM `mall_category` WHERE  `pid` = 7  AND `status` = 0 [ RunTime:0.000226s ]
[2021-06-30T00:50:41+08:00][sql] SELECT * FROM `mall_category` WHERE  `pid` = 8  AND `status` = 0 [ RunTime:0.000217s ]
[2021-06-30T00:50:41+08:00][sql] SELECT * FROM `mall_category` WHERE  `pid` = 9  AND `status` = 0 [ RunTime:0.000225s ]
[2021-06-30T00:50:41+08:00][sql] SELECT * FROM `mall_category` WHERE  `pid` = 10  AND `status` = 0 [ RunTime:0.000264s ]
[2021-06-30T00:50:41+08:00][sql] SELECT * FROM `mall_category` WHERE  `id` IN (7,8,9,10)  AND `status` = 0  AND `module` = 'goods'  AND `is_hot` = 0 ORDER BY `id` ASC,`sort` ASC [ RunTime:0.000322s ]
[2021-06-30T00:50:41+08:00][sql] SELECT `value` FROM `mall_setting` WHERE  `name` = 'upload' LIMIT 1 [ RunTime:0.000236s ]
[2021-06-30T00:50:41+08:00][sql] SELECT `g`.* FROM `mall_goods` `g` LEFT JOIN `mall_goods_extends` `e` ON `g`.`id`=`e`.`goods_id` WHERE  `g`.`status` = 0  AND `e`.`attribute` = 'news'  AND `g`.`cat_id` IN (7,8,9,10,6) ORDER BY `g`.`id` DESC LIMIT 10 [ RunTime:0.000460s ]
[2021-06-30T00:50:41+08:00][sql] SELECT `value` FROM `mall_setting` WHERE  `name` = 'upload' LIMIT 1 [ RunTime:0.000208s ]
[2021-06-30T00:50:41+08:00][sql] SELECT `value` FROM `mall_setting` WHERE  `name` = 'upload' LIMIT 1 [ RunTime:0.000200s ]
[2021-06-30T00:50:41+08:00][sql] SELECT `value` FROM `mall_setting` WHERE  `name` = 'upload' LIMIT 1 [ RunTime:0.000188s ]
[2021-06-30T00:50:41+08:00][sql] SELECT `value` FROM `mall_setting` WHERE  `name` = 'upload' LIMIT 1 [ RunTime:0.000176s ]
[2021-06-30T00:50:41+08:00][sql] SELECT `value` FROM `mall_setting` WHERE  `name` = 'upload' LIMIT 1 [ RunTime:0.000176s ]
[2021-06-30T00:50:41+08:00][sql] SELECT `value` FROM `mall_setting` WHERE  `name` = 'upload' LIMIT 1 [ RunTime:0.000223s ]
[2021-06-30T00:50:41+08:00][sql] SELECT `value` FROM `mall_setting` WHERE  `name` = 'upload' LIMIT 1 [ RunTime:0.000222s ]
[2021-06-30T00:50:41+08:00][sql] SELECT `value` FROM `mall_setting` WHERE  `name` = 'upload' LIMIT 1 [ RunTime:0.000229s ]
[2021-06-30T00:50:41+08:00][sql] SELECT `value` FROM `mall_setting` WHERE  `name` = 'upload' LIMIT 1 [ RunTime:0.000293s ]
[2021-06-30T00:50:41+08:00][sql] SELECT `value` FROM `mall_setting` WHERE  `name` = 'upload' LIMIT 1 [ RunTime:0.000248s ]
[2021-06-30T00:50:41+08:00][sql] SELECT * FROM `mall_category` WHERE  `pid` = 11  AND `status` = 0 [ RunTime:0.000322s ]
[2021-06-30T00:50:41+08:00][sql] SELECT * FROM `mall_category` WHERE  `pid` = 12  AND `status` = 0 [ RunTime:0.000283s ]
[2021-06-30T00:50:41+08:00][sql] SELECT * FROM `mall_category` WHERE  `pid` = 13  AND `status` = 0 [ RunTime:0.000251s ]
[2021-06-30T00:50:41+08:00][sql] SELECT * FROM `mall_category` WHERE  `pid` = 14  AND `status` = 0 [ RunTime:0.000256s ]
[2021-06-30T00:50:41+08:00][sql] SELECT * FROM `mall_category` WHERE  `pid` = 16  AND `status` = 0 [ RunTime:0.000227s ]
[2021-06-30T00:50:41+08:00][sql] SELECT * FROM `mall_category` WHERE  `id` IN (12,13,14,16)  AND `status` = 0  AND `module` = 'goods'  AND `is_hot` = 0 ORDER BY `id` ASC,`sort` ASC [ RunTime:0.000277s ]
[2021-06-30T00:50:41+08:00][sql] SELECT `value` FROM `mall_setting` WHERE  `name` = 'upload' LIMIT 1 [ RunTime:0.000201s ]
[2021-06-30T00:50:41+08:00][sql] SELECT `g`.* FROM `mall_goods` `g` LEFT JOIN `mall_goods_extends` `e` ON `g`.`id`=`e`.`goods_id` WHERE  `g`.`status` = 0  AND `e`.`attribute` = 'news'  AND `g`.`cat_id` IN (12,13,14,16,11) ORDER BY `g`.`id` DESC LIMIT 10 [ RunTime:0.000452s ]
[2021-06-30T00:50:41+08:00][sql] SELECT `value` FROM `mall_setting` WHERE  `name` = 'upload' LIMIT 1 [ RunTime:0.000208s ]
[2021-06-30T00:50:41+08:00][sql] SELECT `value` FROM `mall_setting` WHERE  `name` = 'upload' LIMIT 1 [ RunTime:0.000182s ]
[2021-06-30T00:50:41+08:00][sql] SELECT `value` FROM `mall_setting` WHERE  `name` = 'upload' LIMIT 1 [ RunTime:0.000204s ]
[2021-06-30T00:50:41+08:00][sql] SELECT `value` FROM `mall_setting` WHERE  `name` = 'upload' LIMIT 1 [ RunTime:0.000202s ]
[2021-06-30T00:50:41+08:00][sql] SELECT `value` FROM `mall_setting` WHERE  `name` = 'upload' LIMIT 1 [ RunTime:0.000180s ]
[2021-06-30T00:50:41+08:00][sql] SELECT `value` FROM `mall_setting` WHERE  `name` = 'upload' LIMIT 1 [ RunTime:0.000178s ]
[2021-06-30T00:50:41+08:00][sql] SELECT `value` FROM `mall_setting` WHERE  `name` = 'upload' LIMIT 1 [ RunTime:0.000176s ]
[2021-06-30T00:50:41+08:00][sql] SELECT `value` FROM `mall_setting` WHERE  `name` = 'upload' LIMIT 1 [ RunTime:0.000189s ]
[2021-06-30T00:50:41+08:00][sql] SELECT `value` FROM `mall_setting` WHERE  `name` = 'upload' LIMIT 1 [ RunTime:0.000186s ]
[2021-06-30T00:50:41+08:00][sql] SELECT `value` FROM `mall_setting` WHERE  `name` = 'upload' LIMIT 1 [ RunTime:0.000188s ]
[2021-06-30T00:50:42+08:00][sql] CONNECT:[ UseTime:0.000699s ] mysql:host=127.0.0.1;port=3306;dbname=a3mall-pro;charset=utf8mb4
[2021-06-30T00:50:42+08:00][sql] SHOW FULL COLUMNS FROM `mall_users` [ RunTime:0.027669s ]
[2021-06-30T00:50:42+08:00][sql] SELECT COUNT(*) AS think_count FROM `mall_users` WHERE  `id` = 1 [ RunTime:0.002332s ]
[2021-06-30T00:50:42+08:00][sql] SELECT * FROM `mall_users` WHERE  `id` = 1 LIMIT 1 [ RunTime:0.001561s ]
[2021-06-30T00:50:42+08:00][sql] SHOW FULL COLUMNS FROM `mall_users_group` [ RunTime:0.002896s ]
[2021-06-30T00:50:42+08:00][sql] SELECT `name` FROM `mall_users_group` WHERE  `id` = 6 LIMIT 1 [ RunTime:0.000451s ]
[2021-06-30T00:50:42+08:00][sql] SHOW FULL COLUMNS FROM `mall_cart` [ RunTime:0.015135s ]
[2021-06-30T00:50:42+08:00][sql] SELECT COUNT(*) AS think_count FROM `mall_cart` WHERE  `user_id` = 1 [ RunTime:0.000893s ]
[2021-06-30T00:50:42+08:00][sql] SHOW FULL COLUMNS FROM `mall_users_bonus` [ RunTime:0.002197s ]
[2021-06-30T00:50:42+08:00][sql] SELECT COUNT(*) AS think_count FROM `mall_users_bonus` `u` LEFT JOIN `mall_promotion_bonus` `b` ON `u`.`bonus_id`=`b`.`id` WHERE  ( u.status=0 and b.end_time > 1624985441 )  AND `u`.`user_id` = 1 [ RunTime:0.000384s ]
[2021-06-30T00:50:42+08:00][sql] SHOW FULL COLUMNS FROM `mall_navigation` [ RunTime:0.002234s ]
[2021-06-30T00:50:42+08:00][sql] SELECT * FROM `mall_navigation` WHERE  `status` = 0  AND `pid` = 0 ORDER BY `sort` ASC [ RunTime:0.000481s ]
[2021-06-30T00:50:42+08:00][sql] SHOW FULL COLUMNS FROM `mall_setting` [ RunTime:0.002052s ]
[2021-06-30T00:50:42+08:00][sql] SELECT `value` FROM `mall_setting` WHERE  `name` = 'web_name' LIMIT 1 [ RunTime:0.000330s ]
[2021-06-30T00:50:42+08:00][sql] SELECT `value` FROM `mall_setting` WHERE  `name` = 'web_title' LIMIT 1 [ RunTime:0.000318s ]
[2021-06-30T00:50:42+08:00][sql] SELECT `value` FROM `mall_setting` WHERE  `name` = 'web_keywords' LIMIT 1 [ RunTime:0.000427s ]
[2021-06-30T00:50:42+08:00][sql] SELECT `value` FROM `mall_setting` WHERE  `name` = 'web_description' LIMIT 1 [ RunTime:0.000296s ]
[2021-06-30T00:50:42+08:00][sql] SELECT `value` FROM `mall_setting` WHERE  `name` = 'web_copyright' LIMIT 1 [ RunTime:0.000211s ]
[2021-06-30T00:50:42+08:00][sql] SELECT `value` FROM `mall_setting` WHERE  `name` = 'web_logo' LIMIT 1 [ RunTime:0.000258s ]
[2021-06-30T00:50:42+08:00][sql] SHOW FULL COLUMNS FROM `mall_version` [ RunTime:0.002181s ]
[2021-06-30T00:50:42+08:00][sql] SELECT * FROM `mall_version` WHERE  `type` = 3  AND `status` = 0 [ RunTime:0.000321s ]
[2021-06-30T00:50:42+08:00][sql] SELECT * FROM `mall_cart` WHERE  `user_id` = 1 ORDER BY `id` DESC LIMIT 5 [ RunTime:0.000276s ]
[2021-06-30T00:50:42+08:00][sql] SHOW FULL COLUMNS FROM `mall_goods_item` [ RunTime:0.002522s ]
[2021-06-30T00:50:42+08:00][sql] SHOW FULL COLUMNS FROM `mall_goods_attribute` [ RunTime:0.002011s ]
[2021-06-30T00:50:42+08:00][sql] SELECT SUM(sell_price * goods_nums) as price FROM `mall_cart` WHERE  `user_id` = 1 LIMIT 1 [ RunTime:0.044362s ]
[2021-06-30T00:50:42+08:00][sql] CONNECT:[ UseTime:0.000469s ] mysql:host=127.0.0.1;port=3306;dbname=a3mall-pro;charset=utf8mb4
[2021-06-30T00:50:42+08:00][sql] SHOW FULL COLUMNS FROM `mall_users` [ RunTime:0.025088s ]
[2021-06-30T00:50:42+08:00][sql] SELECT COUNT(*) AS think_count FROM `mall_users` WHERE  `id` = 1 [ RunTime:0.001893s ]
[2021-06-30T00:50:42+08:00][sql] SELECT * FROM `mall_users` WHERE  `id` = 1 LIMIT 1 [ RunTime:0.002442s ]
[2021-06-30T00:50:42+08:00][sql] SHOW FULL COLUMNS FROM `mall_users_group` [ RunTime:0.005664s ]
[2021-06-30T00:50:42+08:00][sql] SELECT `name` FROM `mall_users_group` WHERE  `id` = 6 LIMIT 1 [ RunTime:0.000533s ]
[2021-06-30T00:50:42+08:00][sql] SHOW FULL COLUMNS FROM `mall_cart` [ RunTime:0.010253s ]
[2021-06-30T00:50:42+08:00][sql] SELECT COUNT(*) AS think_count FROM `mall_cart` WHERE  `user_id` = 1 [ RunTime:0.000516s ]
[2021-06-30T00:50:42+08:00][sql] SHOW FULL COLUMNS FROM `mall_users_bonus` [ RunTime:0.004029s ]
[2021-06-30T00:50:42+08:00][sql] SELECT COUNT(*) AS think_count FROM `mall_users_bonus` `u` LEFT JOIN `mall_promotion_bonus` `b` ON `u`.`bonus_id`=`b`.`id` WHERE  ( u.status=0 and b.end_time > 1624985441 )  AND `u`.`user_id` = 1 [ RunTime:0.000439s ]
[2021-06-30T00:50:42+08:00][sql] SHOW FULL COLUMNS FROM `mall_navigation` [ RunTime:0.002443s ]
[2021-06-30T00:50:42+08:00][sql] SELECT * FROM `mall_navigation` WHERE  `status` = 0  AND `pid` = 0 ORDER BY `sort` ASC [ RunTime:0.000448s ]
[2021-06-30T00:50:42+08:00][sql] SHOW FULL COLUMNS FROM `mall_setting` [ RunTime:0.003315s ]
[2021-06-30T00:50:42+08:00][sql] SELECT `value` FROM `mall_setting` WHERE  `name` = 'web_name' LIMIT 1 [ RunTime:0.000601s ]
[2021-06-30T00:50:42+08:00][sql] SELECT `value` FROM `mall_setting` WHERE  `name` = 'web_title' LIMIT 1 [ RunTime:0.000325s ]
[2021-06-30T00:50:42+08:00][sql] SELECT `value` FROM `mall_setting` WHERE  `name` = 'web_keywords' LIMIT 1 [ RunTime:0.000288s ]
[2021-06-30T00:50:42+08:00][sql] SELECT `value` FROM `mall_setting` WHERE  `name` = 'web_description' LIMIT 1 [ RunTime:0.000309s ]
[2021-06-30T00:50:42+08:00][sql] SELECT `value` FROM `mall_setting` WHERE  `name` = 'web_copyright' LIMIT 1 [ RunTime:0.000402s ]
[2021-06-30T00:50:42+08:00][sql] SELECT `value` FROM `mall_setting` WHERE  `name` = 'web_logo' LIMIT 1 [ RunTime:0.000312s ]
[2021-06-30T00:50:42+08:00][sql] SHOW FULL COLUMNS FROM `mall_version` [ RunTime:0.005455s ]
[2021-06-30T00:50:42+08:00][sql] SELECT * FROM `mall_version` WHERE  `type` = 3  AND `status` = 0 [ RunTime:0.001061s ]
