[2021-08-04T09:45:14+08:00][sql] CONNECT:[ UseTime:0.270000s ] mysql:host=127.0.0.1;port=3306;dbname=a3mall-pro;charset=utf8mb4
[2021-08-04T09:45:14+08:00][sql] SHOW FULL COLUMNS FROM `mall_navigation` [ RunTime:0.380231s ]
[2021-08-04T09:45:14+08:00][sql] SELECT * FROM `mall_navigation` WHERE  `status` = 0  AND `pid` = 0 ORDER BY `sort` ASC [ RunTime:0.123798s ]
[2021-08-04T09:45:14+08:00][sql] SHOW FULL COLUMNS FROM `mall_setting` [ RunTime:0.016620s ]
[2021-08-04T09:45:14+08:00][sql] SELECT `value` FROM `mall_setting` WHERE  `name` = 'web_name' LIMIT 1 [ RunTime:0.000863s ]
[2021-08-04T09:45:14+08:00][sql] SELECT `value` FROM `mall_setting` WHERE  `name` = 'web_title' LIMIT 1 [ RunTime:0.000404s ]
[2021-08-04T09:45:14+08:00][sql] SELECT `value` FROM `mall_setting` WHERE  `name` = 'web_keywords' LIMIT 1 [ RunTime:0.000346s ]
[2021-08-04T09:45:14+08:00][sql] SELECT `value` FROM `mall_setting` WHERE  `name` = 'web_description' LIMIT 1 [ RunTime:0.000268s ]
[2021-08-04T09:45:14+08:00][sql] SELECT `value` FROM `mall_setting` WHERE  `name` = 'web_copyright' LIMIT 1 [ RunTime:0.000310s ]
[2021-08-04T09:45:14+08:00][sql] SELECT `value` FROM `mall_setting` WHERE  `name` = 'web_logo' LIMIT 1 [ RunTime:0.000230s ]
[2021-08-04T09:45:14+08:00][sql] SHOW FULL COLUMNS FROM `mall_version` [ RunTime:0.021543s ]
[2021-08-04T09:45:14+08:00][sql] SELECT * FROM `mall_version` WHERE  `type` = 3  AND `status` = 0 [ RunTime:0.000522s ]
[2021-08-04T09:45:14+08:00][sql] SHOW FULL COLUMNS FROM `mall_data` [ RunTime:0.138749s ]
[2021-08-04T09:45:14+08:00][sql] SELECT * FROM `mall_data` WHERE  `sign` = 'banner'  AND `status` = 0 LIMIT 1 [ RunTime:0.000477s ]
[2021-08-04T09:45:14+08:00][sql] SHOW FULL COLUMNS FROM `mall_data_item` [ RunTime:0.005273s ]
[2021-08-04T09:45:14+08:00][sql] SELECT * FROM `mall_data_item` WHERE  `pid` = 1 [ RunTime:0.000356s ]
[2021-08-04T09:45:14+08:00][sql] SELECT `value` FROM `mall_setting` WHERE  `name` = 'upload' LIMIT 1 [ RunTime:0.007686s ]
[2021-08-04T09:45:14+08:00][sql] SELECT `value` FROM `mall_setting` WHERE  `name` = 'upload' LIMIT 1 [ RunTime:0.000670s ]
[2021-08-04T09:45:14+08:00][sql] SELECT * FROM `mall_data` WHERE  `sign` = 'home-bottom-ad'  AND `status` = 0 LIMIT 1 [ RunTime:0.000614s ]
[2021-08-04T09:45:14+08:00][sql] SELECT * FROM `mall_data_item` WHERE  `pid` = 3 [ RunTime:0.000524s ]
[2021-08-04T09:45:14+08:00][sql] SELECT `value` FROM `mall_setting` WHERE  `name` = 'upload' LIMIT 1 [ RunTime:0.000360s ]
[2021-08-04T09:45:14+08:00][sql] SELECT `value` FROM `mall_setting` WHERE  `name` = 'upload' LIMIT 1 [ RunTime:0.000373s ]
[2021-08-04T09:45:14+08:00][sql] SELECT `value` FROM `mall_setting` WHERE  `name` = 'upload' LIMIT 1 [ RunTime:0.000342s ]
[2021-08-04T09:45:14+08:00][sql] SHOW FULL COLUMNS FROM `mall_promotion_second` [ RunTime:0.047016s ]
[2021-08-04T09:45:14+08:00][sql] SELECT `p`.*,`g`.`photo`,g.id as goods_id FROM `mall_promotion_second` `p` LEFT JOIN `mall_goods` `g` ON `p`.`goods_id`=`g`.`id` WHERE  ( p.status=0 )  AND ( end_time > 1628041514 ) GROUP BY `g`.`id` ORDER BY `p`.`id` DESC LIMIT 4 [ RunTime:0.037216s ]
[2021-08-04T09:45:14+08:00][sql] SELECT `value` FROM `mall_setting` WHERE  `name` = 'upload' LIMIT 1 [ RunTime:0.000339s ]
[2021-08-04T09:45:14+08:00][sql] SELECT `value` FROM `mall_setting` WHERE  `name` = 'upload' LIMIT 1 [ RunTime:0.000241s ]
[2021-08-04T09:45:14+08:00][sql] SELECT `value` FROM `mall_setting` WHERE  `name` = 'upload' LIMIT 1 [ RunTime:0.000263s ]
[2021-08-04T09:45:14+08:00][sql] SELECT `value` FROM `mall_setting` WHERE  `name` = 'upload' LIMIT 1 [ RunTime:0.000255s ]
[2021-08-04T09:45:14+08:00][sql] SHOW FULL COLUMNS FROM `mall_archives` [ RunTime:0.051353s ]
[2021-08-04T09:45:14+08:00][sql] SELECT * FROM `mall_archives` WHERE  `pid` = 59  AND `status` = 0 ORDER BY `id` DESC LIMIT 3 [ RunTime:0.012315s ]
[2021-08-04T09:45:14+08:00][sql] SELECT * FROM `mall_data` WHERE  `sign` = 'home-bottom-ad'  AND `status` = 0 LIMIT 1 [ RunTime:0.000665s ]
[2021-08-04T09:45:14+08:00][sql] SELECT * FROM `mall_data_item` WHERE  `pid` = 3 LIMIT 1 [ RunTime:0.000511s ]
[2021-08-04T09:45:14+08:00][sql] SELECT `value` FROM `mall_setting` WHERE  `name` = 'upload' LIMIT 1 [ RunTime:0.000519s ]
[2021-08-04T09:45:14+08:00][sql] SHOW FULL COLUMNS FROM `mall_category` [ RunTime:0.019993s ]
[2021-08-04T09:45:14+08:00][sql] SELECT * FROM `mall_category` WHERE  `pid` = 0  AND `status` = 0  AND `is_hot` = 0  AND `module` = 'goods' ORDER BY `id` ASC,`sort` ASC [ RunTime:0.002535s ]
[2021-08-04T09:45:14+08:00][sql] SELECT * FROM `mall_data` WHERE  `sign` = 'recommend' LIMIT 1 [ RunTime:0.000401s ]
[2021-08-04T09:45:14+08:00][sql] SELECT * FROM `mall_data_item` WHERE  `pid` = 4 [ RunTime:0.000349s ]
[2021-08-04T09:45:14+08:00][sql] SELECT * FROM `mall_category` WHERE  `pid` = 1  AND `status` = 0 [ RunTime:0.000352s ]
[2021-08-04T09:45:14+08:00][sql] SELECT * FROM `mall_category` WHERE  `pid` = 2  AND `status` = 0 [ RunTime:0.000336s ]
[2021-08-04T09:45:14+08:00][sql] SELECT * FROM `mall_category` WHERE  `pid` = 17  AND `status` = 0 [ RunTime:0.000286s ]
[2021-08-04T09:45:14+08:00][sql] SELECT * FROM `mall_category` WHERE  `pid` = 18  AND `status` = 0 [ RunTime:0.000263s ]
[2021-08-04T09:45:14+08:00][sql] SELECT * FROM `mall_category` WHERE  `pid` = 19  AND `status` = 0 [ RunTime:0.000277s ]
[2021-08-04T09:45:14+08:00][sql] SELECT * FROM `mall_category` WHERE  `pid` = 20  AND `status` = 0 [ RunTime:0.000281s ]
[2021-08-04T09:45:14+08:00][sql] SELECT * FROM `mall_category` WHERE  `pid` = 21  AND `status` = 0 [ RunTime:0.000268s ]
[2021-08-04T09:45:14+08:00][sql] SELECT * FROM `mall_category` WHERE  `pid` = 22  AND `status` = 0 [ RunTime:0.000254s ]
[2021-08-04T09:45:14+08:00][sql] SELECT * FROM `mall_category` WHERE  `pid` = 23  AND `status` = 0 [ RunTime:0.000259s ]
[2021-08-04T09:45:14+08:00][sql] SELECT * FROM `mall_category` WHERE  `pid` = 24  AND `status` = 0 [ RunTime:0.000274s ]
[2021-08-04T09:45:14+08:00][sql] SELECT * FROM `mall_category` WHERE  `pid` = 25  AND `status` = 0 [ RunTime:0.000340s ]
[2021-08-04T09:45:14+08:00][sql] SELECT * FROM `mall_category` WHERE  `pid` = 26  AND `status` = 0 [ RunTime:0.000243s ]
[2021-08-04T09:45:14+08:00][sql] SELECT * FROM `mall_category` WHERE  `pid` = 27  AND `status` = 0 [ RunTime:0.000245s ]
[2021-08-04T09:45:14+08:00][sql] SELECT * FROM `mall_category` WHERE  `pid` = 28  AND `status` = 0 [ RunTime:0.000271s ]
[2021-08-04T09:45:14+08:00][sql] SELECT * FROM `mall_category` WHERE  `pid` = 29  AND `status` = 0 [ RunTime:0.000228s ]
[2021-08-04T09:45:14+08:00][sql] SELECT * FROM `mall_category` WHERE  `pid` = 30  AND `status` = 0 [ RunTime:0.000279s ]
[2021-08-04T09:45:14+08:00][sql] SELECT * FROM `mall_category` WHERE  `pid` = 31  AND `status` = 0 [ RunTime:0.000254s ]
[2021-08-04T09:45:14+08:00][sql] SELECT * FROM `mall_category` WHERE  `pid` = 32  AND `status` = 0 [ RunTime:0.000229s ]
[2021-08-04T09:45:14+08:00][sql] SELECT * FROM `mall_category` WHERE  `pid` = 40  AND `status` = 0 [ RunTime:0.000224s ]
[2021-08-04T09:45:14+08:00][sql] SELECT * FROM `mall_category` WHERE  `pid` = 3  AND `status` = 0 [ RunTime:0.000227s ]
[2021-08-04T09:45:14+08:00][sql] SELECT * FROM `mall_category` WHERE  `pid` = 4  AND `status` = 0 [ RunTime:0.000252s ]
[2021-08-04T09:45:14+08:00][sql] SELECT * FROM `mall_category` WHERE  `pid` = 5  AND `status` = 0 [ RunTime:0.000232s ]
[2021-08-04T09:45:14+08:00][sql] SELECT * FROM `mall_category` WHERE  `pid` = 15  AND `status` = 0 [ RunTime:0.000251s ]
[2021-08-04T09:45:14+08:00][sql] SELECT * FROM `mall_category` WHERE  `pid` = 39  AND `status` = 0 [ RunTime:0.000235s ]
[2021-08-04T09:45:14+08:00][sql] SELECT * FROM `mall_category` WHERE  `id` IN (2,17,18,19,20,21,22,23,24,25,26,27,28,29,30,31,32,40,3,4,5,15,39)  AND `status` = 0  AND `module` = 'goods'  AND `is_hot` = 0 ORDER BY `id` ASC,`sort` ASC [ RunTime:0.039670s ]
[2021-08-04T09:45:14+08:00][sql] SELECT `value` FROM `mall_setting` WHERE  `name` = 'upload' LIMIT 1 [ RunTime:0.000565s ]
[2021-08-04T09:45:14+08:00][sql] SHOW FULL COLUMNS FROM `mall_goods` [ RunTime:0.003739s ]
[2021-08-04T09:45:14+08:00][sql] SELECT `g`.* FROM `mall_goods` `g` LEFT JOIN `mall_goods_extends` `e` ON `g`.`id`=`e`.`goods_id` WHERE  `g`.`status` = 0  AND `e`.`attribute` = 'news'  AND `g`.`cat_id` IN (2,17,18,19,20,21,22,23,24,25,26,27,28,29,30,31,32,40,3,4,5,15,39,1) ORDER BY `g`.`id` DESC LIMIT 10 [ RunTime:0.002360s ]
[2021-08-04T09:45:14+08:00][sql] SELECT `value` FROM `mall_setting` WHERE  `name` = 'upload' LIMIT 1 [ RunTime:0.000287s ]
[2021-08-04T09:45:14+08:00][sql] SELECT `value` FROM `mall_setting` WHERE  `name` = 'upload' LIMIT 1 [ RunTime:0.000357s ]
[2021-08-04T09:45:14+08:00][sql] SELECT `value` FROM `mall_setting` WHERE  `name` = 'upload' LIMIT 1 [ RunTime:0.000240s ]
[2021-08-04T09:45:14+08:00][sql] SELECT `value` FROM `mall_setting` WHERE  `name` = 'upload' LIMIT 1 [ RunTime:0.000213s ]
[2021-08-04T09:45:14+08:00][sql] SELECT `value` FROM `mall_setting` WHERE  `name` = 'upload' LIMIT 1 [ RunTime:0.000196s ]
[2021-08-04T09:45:14+08:00][sql] SELECT `value` FROM `mall_setting` WHERE  `name` = 'upload' LIMIT 1 [ RunTime:0.000222s ]
[2021-08-04T09:45:14+08:00][sql] SELECT `value` FROM `mall_setting` WHERE  `name` = 'upload' LIMIT 1 [ RunTime:0.000189s ]
[2021-08-04T09:45:14+08:00][sql] SELECT `value` FROM `mall_setting` WHERE  `name` = 'upload' LIMIT 1 [ RunTime:0.000218s ]
[2021-08-04T09:45:14+08:00][sql] SELECT `value` FROM `mall_setting` WHERE  `name` = 'upload' LIMIT 1 [ RunTime:0.000200s ]
[2021-08-04T09:45:14+08:00][sql] SELECT `value` FROM `mall_setting` WHERE  `name` = 'upload' LIMIT 1 [ RunTime:0.000198s ]
[2021-08-04T09:45:14+08:00][sql] SELECT * FROM `mall_category` WHERE  `pid` = 6  AND `status` = 0 [ RunTime:0.000276s ]
[2021-08-04T09:45:14+08:00][sql] SELECT * FROM `mall_category` WHERE  `pid` = 7  AND `status` = 0 [ RunTime:0.000254s ]
[2021-08-04T09:45:14+08:00][sql] SELECT * FROM `mall_category` WHERE  `pid` = 8  AND `status` = 0 [ RunTime:0.000235s ]
[2021-08-04T09:45:14+08:00][sql] SELECT * FROM `mall_category` WHERE  `pid` = 9  AND `status` = 0 [ RunTime:0.000244s ]
[2021-08-04T09:45:14+08:00][sql] SELECT * FROM `mall_category` WHERE  `pid` = 10  AND `status` = 0 [ RunTime:0.000227s ]
[2021-08-04T09:45:14+08:00][sql] SELECT * FROM `mall_category` WHERE  `id` IN (7,8,9,10)  AND `status` = 0  AND `module` = 'goods'  AND `is_hot` = 0 ORDER BY `id` ASC,`sort` ASC [ RunTime:0.000911s ]
[2021-08-04T09:45:14+08:00][sql] SELECT `value` FROM `mall_setting` WHERE  `name` = 'upload' LIMIT 1 [ RunTime:0.000195s ]
[2021-08-04T09:45:14+08:00][sql] SELECT `g`.* FROM `mall_goods` `g` LEFT JOIN `mall_goods_extends` `e` ON `g`.`id`=`e`.`goods_id` WHERE  `g`.`status` = 0  AND `e`.`attribute` = 'news'  AND `g`.`cat_id` IN (7,8,9,10,6) ORDER BY `g`.`id` DESC LIMIT 10 [ RunTime:0.000400s ]
[2021-08-04T09:45:14+08:00][sql] SELECT `value` FROM `mall_setting` WHERE  `name` = 'upload' LIMIT 1 [ RunTime:0.000222s ]
[2021-08-04T09:45:14+08:00][sql] SELECT `value` FROM `mall_setting` WHERE  `name` = 'upload' LIMIT 1 [ RunTime:0.000204s ]
[2021-08-04T09:45:14+08:00][sql] SELECT `value` FROM `mall_setting` WHERE  `name` = 'upload' LIMIT 1 [ RunTime:0.000215s ]
[2021-08-04T09:45:14+08:00][sql] SELECT `value` FROM `mall_setting` WHERE  `name` = 'upload' LIMIT 1 [ RunTime:0.000193s ]
[2021-08-04T09:45:14+08:00][sql] SELECT `value` FROM `mall_setting` WHERE  `name` = 'upload' LIMIT 1 [ RunTime:0.000200s ]
[2021-08-04T09:45:14+08:00][sql] SELECT `value` FROM `mall_setting` WHERE  `name` = 'upload' LIMIT 1 [ RunTime:0.000188s ]
[2021-08-04T09:45:14+08:00][sql] SELECT `value` FROM `mall_setting` WHERE  `name` = 'upload' LIMIT 1 [ RunTime:0.000202s ]
[2021-08-04T09:45:14+08:00][sql] SELECT `value` FROM `mall_setting` WHERE  `name` = 'upload' LIMIT 1 [ RunTime:0.000187s ]
[2021-08-04T09:45:14+08:00][sql] SELECT `value` FROM `mall_setting` WHERE  `name` = 'upload' LIMIT 1 [ RunTime:0.000189s ]
[2021-08-04T09:45:14+08:00][sql] SELECT `value` FROM `mall_setting` WHERE  `name` = 'upload' LIMIT 1 [ RunTime:0.000190s ]
[2021-08-04T09:45:14+08:00][sql] SELECT * FROM `mall_category` WHERE  `pid` = 11  AND `status` = 0 [ RunTime:0.000279s ]
[2021-08-04T09:45:14+08:00][sql] SELECT * FROM `mall_category` WHERE  `pid` = 12  AND `status` = 0 [ RunTime:0.000253s ]
[2021-08-04T09:45:14+08:00][sql] SELECT * FROM `mall_category` WHERE  `pid` = 13  AND `status` = 0 [ RunTime:0.000256s ]
[2021-08-04T09:45:14+08:00][sql] SELECT * FROM `mall_category` WHERE  `pid` = 14  AND `status` = 0 [ RunTime:0.000224s ]
[2021-08-04T09:45:14+08:00][sql] SELECT * FROM `mall_category` WHERE  `pid` = 16  AND `status` = 0 [ RunTime:0.000253s ]
[2021-08-04T09:45:14+08:00][sql] SELECT * FROM `mall_category` WHERE  `id` IN (12,13,14,16)  AND `status` = 0  AND `module` = 'goods'  AND `is_hot` = 0 ORDER BY `id` ASC,`sort` ASC [ RunTime:0.000282s ]
[2021-08-04T09:45:14+08:00][sql] SELECT `value` FROM `mall_setting` WHERE  `name` = 'upload' LIMIT 1 [ RunTime:0.000256s ]
[2021-08-04T09:45:14+08:00][sql] SELECT `g`.* FROM `mall_goods` `g` LEFT JOIN `mall_goods_extends` `e` ON `g`.`id`=`e`.`goods_id` WHERE  `g`.`status` = 0  AND `e`.`attribute` = 'news'  AND `g`.`cat_id` IN (12,13,14,16,11) ORDER BY `g`.`id` DESC LIMIT 10 [ RunTime:0.000527s ]
[2021-08-04T09:45:14+08:00][sql] SELECT `value` FROM `mall_setting` WHERE  `name` = 'upload' LIMIT 1 [ RunTime:0.000236s ]
[2021-08-04T09:45:14+08:00][sql] SELECT `value` FROM `mall_setting` WHERE  `name` = 'upload' LIMIT 1 [ RunTime:0.000211s ]
[2021-08-04T09:45:14+08:00][sql] SELECT `value` FROM `mall_setting` WHERE  `name` = 'upload' LIMIT 1 [ RunTime:0.000213s ]
[2021-08-04T09:45:14+08:00][sql] SELECT `value` FROM `mall_setting` WHERE  `name` = 'upload' LIMIT 1 [ RunTime:0.000213s ]
[2021-08-04T09:45:14+08:00][sql] SELECT `value` FROM `mall_setting` WHERE  `name` = 'upload' LIMIT 1 [ RunTime:0.000219s ]
[2021-08-04T09:45:14+08:00][sql] SELECT `value` FROM `mall_setting` WHERE  `name` = 'upload' LIMIT 1 [ RunTime:0.000221s ]
[2021-08-04T09:45:14+08:00][sql] SELECT `value` FROM `mall_setting` WHERE  `name` = 'upload' LIMIT 1 [ RunTime:0.000204s ]
[2021-08-04T09:45:14+08:00][sql] SELECT `value` FROM `mall_setting` WHERE  `name` = 'upload' LIMIT 1 [ RunTime:0.000207s ]
[2021-08-04T09:45:14+08:00][sql] SELECT `value` FROM `mall_setting` WHERE  `name` = 'upload' LIMIT 1 [ RunTime:0.000232s ]
[2021-08-04T09:45:14+08:00][sql] SELECT `value` FROM `mall_setting` WHERE  `name` = 'upload' LIMIT 1 [ RunTime:0.000216s ]
[2021-08-04T09:45:15+08:00][sql] CONNECT:[ UseTime:0.074317s ] mysql:host=127.0.0.1;port=3306;dbname=a3mall-pro;charset=utf8mb4
[2021-08-04T09:45:15+08:00][sql] SHOW FULL COLUMNS FROM `mall_navigation` [ RunTime:0.060045s ]
[2021-08-04T09:45:15+08:00][sql] SELECT * FROM `mall_navigation` WHERE  `status` = 0  AND `pid` = 0 ORDER BY `sort` ASC [ RunTime:0.000612s ]
[2021-08-04T09:45:15+08:00][sql] SHOW FULL COLUMNS FROM `mall_setting` [ RunTime:0.003011s ]
[2021-08-04T09:45:15+08:00][sql] SELECT `value` FROM `mall_setting` WHERE  `name` = 'web_name' LIMIT 1 [ RunTime:0.000424s ]
[2021-08-04T09:45:15+08:00][sql] SELECT `value` FROM `mall_setting` WHERE  `name` = 'web_title' LIMIT 1 [ RunTime:0.000303s ]
[2021-08-04T09:45:15+08:00][sql] SELECT `value` FROM `mall_setting` WHERE  `name` = 'web_keywords' LIMIT 1 [ RunTime:0.000283s ]
[2021-08-04T09:45:15+08:00][sql] SELECT `value` FROM `mall_setting` WHERE  `name` = 'web_description' LIMIT 1 [ RunTime:0.000343s ]
[2021-08-04T09:45:15+08:00][sql] SELECT `value` FROM `mall_setting` WHERE  `name` = 'web_copyright' LIMIT 1 [ RunTime:0.000367s ]
[2021-08-04T09:45:15+08:00][sql] SELECT `value` FROM `mall_setting` WHERE  `name` = 'web_logo' LIMIT 1 [ RunTime:0.000319s ]
[2021-08-04T09:45:15+08:00][sql] SHOW FULL COLUMNS FROM `mall_version` [ RunTime:0.019753s ]
[2021-08-04T09:45:15+08:00][sql] SELECT * FROM `mall_version` WHERE  `type` = 3  AND `status` = 0 [ RunTime:0.000376s ]
[2021-08-04T09:45:15+08:00][sql] CONNECT:[ UseTime:0.000486s ] mysql:host=127.0.0.1;port=3306;dbname=a3mall-pro;charset=utf8mb4
[2021-08-04T09:45:15+08:00][sql] SHOW FULL COLUMNS FROM `mall_navigation` [ RunTime:0.070407s ]
[2021-08-04T09:45:15+08:00][sql] SELECT * FROM `mall_navigation` WHERE  `status` = 0  AND `pid` = 0 ORDER BY `sort` ASC [ RunTime:0.001272s ]
[2021-08-04T09:45:15+08:00][sql] SHOW FULL COLUMNS FROM `mall_setting` [ RunTime:0.012414s ]
[2021-08-04T09:45:15+08:00][sql] SELECT `value` FROM `mall_setting` WHERE  `name` = 'web_name' LIMIT 1 [ RunTime:0.000499s ]
[2021-08-04T09:45:15+08:00][sql] SELECT `value` FROM `mall_setting` WHERE  `name` = 'web_title' LIMIT 1 [ RunTime:0.000411s ]
[2021-08-04T09:45:15+08:00][sql] SELECT `value` FROM `mall_setting` WHERE  `name` = 'web_keywords' LIMIT 1 [ RunTime:0.000483s ]
[2021-08-04T09:45:15+08:00][sql] SELECT `value` FROM `mall_setting` WHERE  `name` = 'web_description' LIMIT 1 [ RunTime:0.000423s ]
[2021-08-04T09:45:15+08:00][sql] SELECT `value` FROM `mall_setting` WHERE  `name` = 'web_copyright' LIMIT 1 [ RunTime:0.000842s ]
[2021-08-04T09:45:15+08:00][sql] SELECT `value` FROM `mall_setting` WHERE  `name` = 'web_logo' LIMIT 1 [ RunTime:0.000366s ]
[2021-08-04T09:45:15+08:00][sql] SHOW FULL COLUMNS FROM `mall_version` [ RunTime:0.002385s ]
[2021-08-04T09:45:15+08:00][sql] SELECT * FROM `mall_version` WHERE  `type` = 3  AND `status` = 0 [ RunTime:0.000410s ]
[2021-08-04T09:45:15+08:00][sql] SHOW FULL COLUMNS FROM `mall_cart` [ RunTime:0.102596s ]
[2021-08-04T09:45:15+08:00][sql] SELECT * FROM `mall_cart` WHERE  `user_id` IS NULL ORDER BY `id` DESC LIMIT 5 [ RunTime:0.000437s ]
[2021-08-04T09:45:15+08:00][sql] SHOW FULL COLUMNS FROM `mall_goods_item` [ RunTime:0.004910s ]
[2021-08-04T09:45:15+08:00][sql] SHOW FULL COLUMNS FROM `mall_goods_attribute` [ RunTime:0.041806s ]
[2021-08-04T09:45:15+08:00][sql] SELECT SUM(sell_price * goods_nums) as price FROM `mall_cart` WHERE  `user_id` IS NULL LIMIT 1 [ RunTime:0.157529s ]
