[2021-08-12T10:30:04+08:00][sql] CONNECT:[ UseTime:0.043184s ] mysql:host=127.0.0.1;port=3306;dbname=a3mall-base;charset=utf8mb4
[2021-08-12T10:30:04+08:00][sql] SHOW FULL COLUMNS FROM `mall_navigation` [ RunTime:0.084451s ]
[2021-08-12T10:30:04+08:00][sql] SELECT * FROM `mall_navigation` WHERE  `status` = 0  AND `pid` = 0 ORDER BY `sort` ASC [ RunTime:0.036728s ]
[2021-08-12T10:30:04+08:00][sql] SHOW FULL COLUMNS FROM `mall_setting` [ RunTime:0.003793s ]
[2021-08-12T10:30:04+08:00][sql] SELECT `value` FROM `mall_setting` WHERE  `name` = 'web_name' LIMIT 1 [ RunTime:0.000463s ]
[2021-08-12T10:30:04+08:00][sql] SELECT `value` FROM `mall_setting` WHERE  `name` = 'web_title' LIMIT 1 [ RunTime:0.000470s ]
[2021-08-12T10:30:04+08:00][sql] SELECT `value` FROM `mall_setting` WHERE  `name` = 'web_keywords' LIMIT 1 [ RunTime:0.000515s ]
[2021-08-12T10:30:04+08:00][sql] SELECT `value` FROM `mall_setting` WHERE  `name` = 'web_description' LIMIT 1 [ RunTime:0.000359s ]
[2021-08-12T10:30:04+08:00][sql] SELECT `value` FROM `mall_setting` WHERE  `name` = 'web_copyright' LIMIT 1 [ RunTime:0.000400s ]
[2021-08-12T10:30:04+08:00][sql] SELECT `value` FROM `mall_setting` WHERE  `name` = 'web_logo' LIMIT 1 [ RunTime:0.001765s ]
[2021-08-12T10:30:04+08:00][sql] SHOW FULL COLUMNS FROM `mall_version` [ RunTime:0.006354s ]
[2021-08-12T10:30:04+08:00][sql] SELECT * FROM `mall_version` WHERE  `type` = 3  AND `status` = 0 [ RunTime:0.000963s ]
[2021-08-12T10:30:04+08:00][sql] SHOW FULL COLUMNS FROM `mall_data` [ RunTime:0.003688s ]
[2021-08-12T10:30:04+08:00][sql] SELECT * FROM `mall_data` WHERE  `sign` = 'banner'  AND `status` = 0 LIMIT 1 [ RunTime:0.000534s ]
[2021-08-12T10:30:04+08:00][sql] SHOW FULL COLUMNS FROM `mall_data_item` [ RunTime:0.002357s ]
[2021-08-12T10:30:04+08:00][sql] SELECT * FROM `mall_data_item` WHERE  `pid` = 1 [ RunTime:0.000517s ]
[2021-08-12T10:30:04+08:00][sql] SELECT `value` FROM `mall_setting` WHERE  `name` = 'upload' LIMIT 1 [ RunTime:0.000475s ]
[2021-08-12T10:30:04+08:00][sql] SELECT `value` FROM `mall_setting` WHERE  `name` = 'upload' LIMIT 1 [ RunTime:0.000371s ]
[2021-08-12T10:30:04+08:00][sql] SELECT * FROM `mall_data` WHERE  `sign` = 'home-bottom-ad'  AND `status` = 0 LIMIT 1 [ RunTime:0.000443s ]
[2021-08-12T10:30:04+08:00][sql] SELECT * FROM `mall_data_item` WHERE  `pid` = 3 [ RunTime:0.000350s ]
[2021-08-12T10:30:04+08:00][sql] SELECT `value` FROM `mall_setting` WHERE  `name` = 'upload' LIMIT 1 [ RunTime:0.000277s ]
[2021-08-12T10:30:04+08:00][sql] SELECT `value` FROM `mall_setting` WHERE  `name` = 'upload' LIMIT 1 [ RunTime:0.000228s ]
[2021-08-12T10:30:04+08:00][sql] SELECT `value` FROM `mall_setting` WHERE  `name` = 'upload' LIMIT 1 [ RunTime:0.001619s ]
[2021-08-12T10:30:04+08:00][sql] SHOW FULL COLUMNS FROM `mall_promotion_second` [ RunTime:0.002586s ]
[2021-08-12T10:30:04+08:00][sql] SELECT `p`.*,`g`.`photo`,g.id as goods_id FROM `mall_promotion_second` `p` LEFT JOIN `mall_goods` `g` ON `p`.`goods_id`=`g`.`id` WHERE  ( p.status=0 )  AND ( end_time > 1628735404 ) GROUP BY `g`.`id` ORDER BY `p`.`id` DESC LIMIT 4 [ RunTime:0.073092s ]
[2021-08-12T10:30:04+08:00][sql] SELECT `value` FROM `mall_setting` WHERE  `name` = 'upload' LIMIT 1 [ RunTime:0.000610s ]
[2021-08-12T10:30:04+08:00][sql] SELECT `value` FROM `mall_setting` WHERE  `name` = 'upload' LIMIT 1 [ RunTime:0.000364s ]
[2021-08-12T10:30:04+08:00][sql] SELECT `value` FROM `mall_setting` WHERE  `name` = 'upload' LIMIT 1 [ RunTime:0.000383s ]
[2021-08-12T10:30:04+08:00][sql] SELECT `value` FROM `mall_setting` WHERE  `name` = 'upload' LIMIT 1 [ RunTime:0.000394s ]
[2021-08-12T10:30:04+08:00][sql] SHOW FULL COLUMNS FROM `mall_archives` [ RunTime:0.004130s ]
[2021-08-12T10:30:04+08:00][sql] SELECT * FROM `mall_archives` WHERE  `pid` = 59  AND `status` = 0 ORDER BY `id` DESC LIMIT 3 [ RunTime:0.000662s ]
[2021-08-12T10:30:04+08:00][sql] SELECT * FROM `mall_data` WHERE  `sign` = 'home-bottom-ad'  AND `status` = 0 LIMIT 1 [ RunTime:0.000230s ]
[2021-08-12T10:30:04+08:00][sql] SELECT * FROM `mall_data_item` WHERE  `pid` = 3 LIMIT 1 [ RunTime:0.000242s ]
[2021-08-12T10:30:04+08:00][sql] SELECT `value` FROM `mall_setting` WHERE  `name` = 'upload' LIMIT 1 [ RunTime:0.000199s ]
[2021-08-12T10:30:04+08:00][sql] SHOW FULL COLUMNS FROM `mall_category` [ RunTime:0.002451s ]
[2021-08-12T10:30:04+08:00][sql] SELECT * FROM `mall_category` WHERE  `pid` = 0  AND `status` = 0  AND `is_hot` = 0  AND `module` = 'goods' ORDER BY `id` ASC,`sort` ASC [ RunTime:0.000790s ]
[2021-08-12T10:30:04+08:00][sql] SELECT * FROM `mall_data` WHERE  `sign` = 'recommend' LIMIT 1 [ RunTime:0.000244s ]
[2021-08-12T10:30:04+08:00][sql] SELECT * FROM `mall_data_item` WHERE  `pid` = 4 [ RunTime:0.000215s ]
[2021-08-12T10:30:04+08:00][sql] SELECT * FROM `mall_category` WHERE  `pid` = 1  AND `status` = 0 [ RunTime:0.000282s ]
[2021-08-12T10:30:04+08:00][sql] SELECT * FROM `mall_category` WHERE  `pid` = 2  AND `status` = 0 [ RunTime:0.000316s ]
[2021-08-12T10:30:04+08:00][sql] SELECT * FROM `mall_category` WHERE  `pid` = 17  AND `status` = 0 [ RunTime:0.000267s ]
[2021-08-12T10:30:04+08:00][sql] SELECT * FROM `mall_category` WHERE  `pid` = 18  AND `status` = 0 [ RunTime:0.000299s ]
[2021-08-12T10:30:04+08:00][sql] SELECT * FROM `mall_category` WHERE  `pid` = 19  AND `status` = 0 [ RunTime:0.000258s ]
[2021-08-12T10:30:04+08:00][sql] SELECT * FROM `mall_category` WHERE  `pid` = 20  AND `status` = 0 [ RunTime:0.000236s ]
[2021-08-12T10:30:04+08:00][sql] SELECT * FROM `mall_category` WHERE  `pid` = 21  AND `status` = 0 [ RunTime:0.000250s ]
[2021-08-12T10:30:04+08:00][sql] SELECT * FROM `mall_category` WHERE  `pid` = 22  AND `status` = 0 [ RunTime:0.000232s ]
[2021-08-12T10:30:04+08:00][sql] SELECT * FROM `mall_category` WHERE  `pid` = 23  AND `status` = 0 [ RunTime:0.000235s ]
[2021-08-12T10:30:04+08:00][sql] SELECT * FROM `mall_category` WHERE  `pid` = 24  AND `status` = 0 [ RunTime:0.000228s ]
[2021-08-12T10:30:04+08:00][sql] SELECT * FROM `mall_category` WHERE  `pid` = 25  AND `status` = 0 [ RunTime:0.000303s ]
[2021-08-12T10:30:04+08:00][sql] SELECT * FROM `mall_category` WHERE  `pid` = 26  AND `status` = 0 [ RunTime:0.000275s ]
[2021-08-12T10:30:04+08:00][sql] SELECT * FROM `mall_category` WHERE  `pid` = 27  AND `status` = 0 [ RunTime:0.000313s ]
[2021-08-12T10:30:04+08:00][sql] SELECT * FROM `mall_category` WHERE  `pid` = 28  AND `status` = 0 [ RunTime:0.000303s ]
[2021-08-12T10:30:04+08:00][sql] SELECT * FROM `mall_category` WHERE  `pid` = 29  AND `status` = 0 [ RunTime:0.000296s ]
[2021-08-12T10:30:04+08:00][sql] SELECT * FROM `mall_category` WHERE  `pid` = 30  AND `status` = 0 [ RunTime:0.000261s ]
[2021-08-12T10:30:04+08:00][sql] SELECT * FROM `mall_category` WHERE  `pid` = 31  AND `status` = 0 [ RunTime:0.000231s ]
[2021-08-12T10:30:04+08:00][sql] SELECT * FROM `mall_category` WHERE  `pid` = 32  AND `status` = 0 [ RunTime:0.000254s ]
[2021-08-12T10:30:04+08:00][sql] SELECT * FROM `mall_category` WHERE  `pid` = 40  AND `status` = 0 [ RunTime:0.000246s ]
[2021-08-12T10:30:04+08:00][sql] SELECT * FROM `mall_category` WHERE  `pid` = 3  AND `status` = 0 [ RunTime:0.000228s ]
[2021-08-12T10:30:04+08:00][sql] SELECT * FROM `mall_category` WHERE  `pid` = 4  AND `status` = 0 [ RunTime:0.000249s ]
[2021-08-12T10:30:04+08:00][sql] SELECT * FROM `mall_category` WHERE  `pid` = 5  AND `status` = 0 [ RunTime:0.000244s ]
[2021-08-12T10:30:04+08:00][sql] SELECT * FROM `mall_category` WHERE  `pid` = 15  AND `status` = 0 [ RunTime:0.000243s ]
[2021-08-12T10:30:04+08:00][sql] SELECT * FROM `mall_category` WHERE  `pid` = 39  AND `status` = 0 [ RunTime:0.000242s ]
[2021-08-12T10:30:04+08:00][sql] SELECT * FROM `mall_category` WHERE  `id` IN (2,17,18,19,20,21,22,23,24,25,26,27,28,29,30,31,32,40,3,4,5,15,39)  AND `status` = 0  AND `module` = 'goods'  AND `is_hot` = 0 ORDER BY `id` ASC,`sort` ASC [ RunTime:0.044751s ]
[2021-08-12T10:30:04+08:00][sql] SELECT `value` FROM `mall_setting` WHERE  `name` = 'upload' LIMIT 1 [ RunTime:0.000549s ]
[2021-08-12T10:30:04+08:00][sql] SHOW FULL COLUMNS FROM `mall_goods` [ RunTime:0.004044s ]
[2021-08-12T10:30:04+08:00][sql] SELECT `g`.* FROM `mall_goods` `g` LEFT JOIN `mall_goods_extends` `e` ON `g`.`id`=`e`.`goods_id` WHERE  `g`.`status` = 0  AND `e`.`attribute` = 'news'  AND `g`.`cat_id` IN (2,17,18,19,20,21,22,23,24,25,26,27,28,29,30,31,32,40,3,4,5,15,39,1) ORDER BY `g`.`id` DESC LIMIT 10 [ RunTime:0.037680s ]
[2021-08-12T10:30:04+08:00][sql] SELECT `value` FROM `mall_setting` WHERE  `name` = 'upload' LIMIT 1 [ RunTime:0.000646s ]
[2021-08-12T10:30:04+08:00][sql] SELECT `value` FROM `mall_setting` WHERE  `name` = 'upload' LIMIT 1 [ RunTime:0.000660s ]
[2021-08-12T10:30:04+08:00][sql] SELECT `value` FROM `mall_setting` WHERE  `name` = 'upload' LIMIT 1 [ RunTime:0.000476s ]
[2021-08-12T10:30:04+08:00][sql] SELECT `value` FROM `mall_setting` WHERE  `name` = 'upload' LIMIT 1 [ RunTime:0.000322s ]
[2021-08-12T10:30:04+08:00][sql] SELECT `value` FROM `mall_setting` WHERE  `name` = 'upload' LIMIT 1 [ RunTime:0.000347s ]
[2021-08-12T10:30:04+08:00][sql] SELECT `value` FROM `mall_setting` WHERE  `name` = 'upload' LIMIT 1 [ RunTime:0.000348s ]
[2021-08-12T10:30:04+08:00][sql] SELECT `value` FROM `mall_setting` WHERE  `name` = 'upload' LIMIT 1 [ RunTime:0.000332s ]
[2021-08-12T10:30:04+08:00][sql] SELECT `value` FROM `mall_setting` WHERE  `name` = 'upload' LIMIT 1 [ RunTime:0.000300s ]
[2021-08-12T10:30:04+08:00][sql] SELECT `value` FROM `mall_setting` WHERE  `name` = 'upload' LIMIT 1 [ RunTime:0.000262s ]
[2021-08-12T10:30:04+08:00][sql] SELECT `value` FROM `mall_setting` WHERE  `name` = 'upload' LIMIT 1 [ RunTime:0.000209s ]
[2021-08-12T10:30:04+08:00][sql] SELECT * FROM `mall_category` WHERE  `pid` = 6  AND `status` = 0 [ RunTime:0.000311s ]
[2021-08-12T10:30:04+08:00][sql] SELECT * FROM `mall_category` WHERE  `pid` = 7  AND `status` = 0 [ RunTime:0.000251s ]
[2021-08-12T10:30:04+08:00][sql] SELECT * FROM `mall_category` WHERE  `pid` = 8  AND `status` = 0 [ RunTime:0.000264s ]
[2021-08-12T10:30:04+08:00][sql] SELECT * FROM `mall_category` WHERE  `pid` = 9  AND `status` = 0 [ RunTime:0.000242s ]
[2021-08-12T10:30:04+08:00][sql] SELECT * FROM `mall_category` WHERE  `pid` = 10  AND `status` = 0 [ RunTime:0.000255s ]
[2021-08-12T10:30:04+08:00][sql] SELECT * FROM `mall_category` WHERE  `id` IN (7,8,9,10)  AND `status` = 0  AND `module` = 'goods'  AND `is_hot` = 0 ORDER BY `id` ASC,`sort` ASC [ RunTime:0.000344s ]
[2021-08-12T10:30:04+08:00][sql] SELECT `value` FROM `mall_setting` WHERE  `name` = 'upload' LIMIT 1 [ RunTime:0.000214s ]
[2021-08-12T10:30:04+08:00][sql] SELECT `g`.* FROM `mall_goods` `g` LEFT JOIN `mall_goods_extends` `e` ON `g`.`id`=`e`.`goods_id` WHERE  `g`.`status` = 0  AND `e`.`attribute` = 'news'  AND `g`.`cat_id` IN (7,8,9,10,6) ORDER BY `g`.`id` DESC LIMIT 10 [ RunTime:0.000450s ]
[2021-08-12T10:30:04+08:00][sql] SELECT `value` FROM `mall_setting` WHERE  `name` = 'upload' LIMIT 1 [ RunTime:0.000213s ]
[2021-08-12T10:30:04+08:00][sql] SELECT `value` FROM `mall_setting` WHERE  `name` = 'upload' LIMIT 1 [ RunTime:0.000216s ]
[2021-08-12T10:30:04+08:00][sql] SELECT `value` FROM `mall_setting` WHERE  `name` = 'upload' LIMIT 1 [ RunTime:0.000207s ]
[2021-08-12T10:30:04+08:00][sql] SELECT `value` FROM `mall_setting` WHERE  `name` = 'upload' LIMIT 1 [ RunTime:0.000247s ]
[2021-08-12T10:30:04+08:00][sql] SELECT `value` FROM `mall_setting` WHERE  `name` = 'upload' LIMIT 1 [ RunTime:0.000273s ]
[2021-08-12T10:30:04+08:00][sql] SELECT `value` FROM `mall_setting` WHERE  `name` = 'upload' LIMIT 1 [ RunTime:0.000227s ]
[2021-08-12T10:30:04+08:00][sql] SELECT `value` FROM `mall_setting` WHERE  `name` = 'upload' LIMIT 1 [ RunTime:0.000277s ]
[2021-08-12T10:30:04+08:00][sql] SELECT `value` FROM `mall_setting` WHERE  `name` = 'upload' LIMIT 1 [ RunTime:0.000214s ]
[2021-08-12T10:30:04+08:00][sql] SELECT `value` FROM `mall_setting` WHERE  `name` = 'upload' LIMIT 1 [ RunTime:0.000200s ]
[2021-08-12T10:30:04+08:00][sql] SELECT `value` FROM `mall_setting` WHERE  `name` = 'upload' LIMIT 1 [ RunTime:0.000216s ]
[2021-08-12T10:30:04+08:00][sql] SELECT * FROM `mall_category` WHERE  `pid` = 11  AND `status` = 0 [ RunTime:0.000267s ]
[2021-08-12T10:30:04+08:00][sql] SELECT * FROM `mall_category` WHERE  `pid` = 12  AND `status` = 0 [ RunTime:0.000251s ]
[2021-08-12T10:30:04+08:00][sql] SELECT * FROM `mall_category` WHERE  `pid` = 13  AND `status` = 0 [ RunTime:0.000232s ]
[2021-08-12T10:30:04+08:00][sql] SELECT * FROM `mall_category` WHERE  `pid` = 14  AND `status` = 0 [ RunTime:0.000242s ]
[2021-08-12T10:30:04+08:00][sql] SELECT * FROM `mall_category` WHERE  `pid` = 16  AND `status` = 0 [ RunTime:0.000246s ]
[2021-08-12T10:30:04+08:00][sql] SELECT * FROM `mall_category` WHERE  `id` IN (12,13,14,16)  AND `status` = 0  AND `module` = 'goods'  AND `is_hot` = 0 ORDER BY `id` ASC,`sort` ASC [ RunTime:0.000302s ]
[2021-08-12T10:30:04+08:00][sql] SELECT `value` FROM `mall_setting` WHERE  `name` = 'upload' LIMIT 1 [ RunTime:0.000205s ]
[2021-08-12T10:30:04+08:00][sql] SELECT `g`.* FROM `mall_goods` `g` LEFT JOIN `mall_goods_extends` `e` ON `g`.`id`=`e`.`goods_id` WHERE  `g`.`status` = 0  AND `e`.`attribute` = 'news'  AND `g`.`cat_id` IN (12,13,14,16,11) ORDER BY `g`.`id` DESC LIMIT 10 [ RunTime:0.000434s ]
[2021-08-12T10:30:04+08:00][sql] SELECT `value` FROM `mall_setting` WHERE  `name` = 'upload' LIMIT 1 [ RunTime:0.000237s ]
[2021-08-12T10:30:04+08:00][sql] SELECT `value` FROM `mall_setting` WHERE  `name` = 'upload' LIMIT 1 [ RunTime:0.000212s ]
[2021-08-12T10:30:04+08:00][sql] SELECT `value` FROM `mall_setting` WHERE  `name` = 'upload' LIMIT 1 [ RunTime:0.000205s ]
[2021-08-12T10:30:04+08:00][sql] SELECT `value` FROM `mall_setting` WHERE  `name` = 'upload' LIMIT 1 [ RunTime:0.000213s ]
[2021-08-12T10:30:04+08:00][sql] SELECT `value` FROM `mall_setting` WHERE  `name` = 'upload' LIMIT 1 [ RunTime:0.000192s ]
[2021-08-12T10:30:04+08:00][sql] SELECT `value` FROM `mall_setting` WHERE  `name` = 'upload' LIMIT 1 [ RunTime:0.000193s ]
[2021-08-12T10:30:04+08:00][sql] SELECT `value` FROM `mall_setting` WHERE  `name` = 'upload' LIMIT 1 [ RunTime:0.000207s ]
[2021-08-12T10:30:04+08:00][sql] SELECT `value` FROM `mall_setting` WHERE  `name` = 'upload' LIMIT 1 [ RunTime:0.000201s ]
[2021-08-12T10:30:04+08:00][sql] SELECT `value` FROM `mall_setting` WHERE  `name` = 'upload' LIMIT 1 [ RunTime:0.000194s ]
[2021-08-12T10:30:04+08:00][sql] SELECT `value` FROM `mall_setting` WHERE  `name` = 'upload' LIMIT 1 [ RunTime:0.000198s ]
[2021-08-12T10:30:05+08:00][sql] CONNECT:[ UseTime:0.000515s ] mysql:host=127.0.0.1;port=3306;dbname=a3mall-base;charset=utf8mb4
[2021-08-12T10:30:05+08:00][sql] SHOW FULL COLUMNS FROM `mall_navigation` [ RunTime:0.043887s ]
[2021-08-12T10:30:05+08:00][sql] SELECT * FROM `mall_navigation` WHERE  `status` = 0  AND `pid` = 0 ORDER BY `sort` ASC [ RunTime:0.000645s ]
[2021-08-12T10:30:05+08:00][sql] SHOW FULL COLUMNS FROM `mall_setting` [ RunTime:0.079578s ]
[2021-08-12T10:30:05+08:00][sql] SELECT `value` FROM `mall_setting` WHERE  `name` = 'web_name' LIMIT 1 [ RunTime:0.003521s ]
[2021-08-12T10:30:05+08:00][sql] SELECT `value` FROM `mall_setting` WHERE  `name` = 'web_title' LIMIT 1 [ RunTime:0.000737s ]
[2021-08-12T10:30:05+08:00][sql] SELECT `value` FROM `mall_setting` WHERE  `name` = 'web_keywords' LIMIT 1 [ RunTime:0.000745s ]
[2021-08-12T10:30:05+08:00][sql] SELECT `value` FROM `mall_setting` WHERE  `name` = 'web_description' LIMIT 1 [ RunTime:0.000654s ]
[2021-08-12T10:30:05+08:00][sql] SELECT `value` FROM `mall_setting` WHERE  `name` = 'web_copyright' LIMIT 1 [ RunTime:0.001124s ]
[2021-08-12T10:30:05+08:00][sql] SELECT `value` FROM `mall_setting` WHERE  `name` = 'web_logo' LIMIT 1 [ RunTime:0.001035s ]
[2021-08-12T10:30:05+08:00][sql] SHOW FULL COLUMNS FROM `mall_version` [ RunTime:0.222345s ]
[2021-08-12T10:30:05+08:00][sql] SELECT * FROM `mall_version` WHERE  `type` = 3  AND `status` = 0 [ RunTime:0.000600s ]
[2021-08-12T10:30:06+08:00][sql] CONNECT:[ UseTime:0.000468s ] mysql:host=127.0.0.1;port=3306;dbname=a3mall-base;charset=utf8mb4
[2021-08-12T10:30:06+08:00][sql] SHOW FULL COLUMNS FROM `mall_navigation` [ RunTime:0.038879s ]
[2021-08-12T10:30:06+08:00][sql] SELECT * FROM `mall_navigation` WHERE  `status` = 0  AND `pid` = 0 ORDER BY `sort` ASC [ RunTime:0.000456s ]
[2021-08-12T10:30:06+08:00][sql] SHOW FULL COLUMNS FROM `mall_setting` [ RunTime:0.236013s ]
[2021-08-12T10:30:06+08:00][sql] SELECT `value` FROM `mall_setting` WHERE  `name` = 'web_name' LIMIT 1 [ RunTime:0.004805s ]
[2021-08-12T10:30:06+08:00][sql] SELECT `value` FROM `mall_setting` WHERE  `name` = 'web_title' LIMIT 1 [ RunTime:0.000618s ]
[2021-08-12T10:30:06+08:00][sql] SELECT `value` FROM `mall_setting` WHERE  `name` = 'web_keywords' LIMIT 1 [ RunTime:0.000425s ]
[2021-08-12T10:30:06+08:00][sql] SELECT `value` FROM `mall_setting` WHERE  `name` = 'web_description' LIMIT 1 [ RunTime:0.000366s ]
[2021-08-12T10:30:06+08:00][sql] SELECT `value` FROM `mall_setting` WHERE  `name` = 'web_copyright' LIMIT 1 [ RunTime:0.000312s ]
[2021-08-12T10:30:06+08:00][sql] SELECT `value` FROM `mall_setting` WHERE  `name` = 'web_logo' LIMIT 1 [ RunTime:0.000365s ]
[2021-08-12T10:30:06+08:00][sql] SHOW FULL COLUMNS FROM `mall_version` [ RunTime:0.067297s ]
[2021-08-12T10:30:06+08:00][sql] SELECT * FROM `mall_version` WHERE  `type` = 3  AND `status` = 0 [ RunTime:0.000492s ]
[2021-08-12T10:30:06+08:00][sql] SHOW FULL COLUMNS FROM `mall_cart` [ RunTime:0.010003s ]
[2021-08-12T10:30:06+08:00][sql] SELECT * FROM `mall_cart` WHERE  `user_id` IS NULL ORDER BY `id` DESC LIMIT 5 [ RunTime:0.027350s ]
[2021-08-12T10:30:06+08:00][sql] SHOW FULL COLUMNS FROM `mall_goods_item` [ RunTime:0.025514s ]
[2021-08-12T10:30:06+08:00][sql] SHOW FULL COLUMNS FROM `mall_goods_attribute` [ RunTime:0.019500s ]
[2021-08-12T10:30:06+08:00][sql] SELECT SUM(sell_price * goods_nums) as price FROM `mall_cart` WHERE  `user_id` IS NULL LIMIT 1 [ RunTime:0.035986s ]
