[2021-07-12T00:33:08+08:00][sql] CONNECT:[ UseTime:0.000568s ] mysql:host=127.0.0.1;port=3306;dbname=a3mall-pro;charset=utf8mb4
[2021-07-12T00:33:08+08:00][sql] SHOW FULL COLUMNS FROM `mall_system_users` [ RunTime:0.075482s ]
[2021-07-12T00:33:08+08:00][sql] SELECT * FROM `mall_system_users` WHERE  `username` = 'admin' LIMIT 1 [ RunTime:0.000744s ]
[2021-07-12T00:33:08+08:00][sql] UPDATE `mall_system_users`  SET `count` = 1276 , `time` = 1626021188 , `ip` = '127.0.0.1'  WHERE  `id` = 1 [ RunTime:0.019004s ]
[2021-07-12T00:33:08+08:00][sql] SHOW FULL COLUMNS FROM `mall_system_manage` [ RunTime:0.061987s ]
[2021-07-12T00:33:08+08:00][sql] SELECT COUNT(*) AS think_count FROM `mall_system_manage` WHERE  `id` = 1  AND `status` = 0 [ RunTime:0.000743s ]
[2021-07-12T00:33:08+08:00][sql] SHOW FULL COLUMNS FROM `mall_system_users_log` [ RunTime:0.004640s ]
[2021-07-12T00:33:08+08:00][sql] INSERT INTO `mall_system_users_log` SET `user_id` = 1 , `intro` = '状态：用户 [ admin ] 登录成功 时间：2021-07-12 00:33:08 登录地点：127.0.0.1' , `ip` = '127.0.0.1' , `time` = 1626021188 [ RunTime:0.001015s ]
[2021-07-12T00:33:12+08:00][sql] CONNECT:[ UseTime:0.000344s ] mysql:host=127.0.0.1;port=3306;dbname=a3mall-pro;charset=utf8mb4
[2021-07-12T00:33:12+08:00][sql] SHOW FULL COLUMNS FROM `mall_system_users` [ RunTime:0.002502s ]
[2021-07-12T00:33:12+08:00][sql] SELECT * FROM `mall_system_users` WHERE  `id` = 1 LIMIT 1 [ RunTime:0.000414s ]
[2021-07-12T00:33:12+08:00][sql] SHOW FULL COLUMNS FROM `mall_system_manage` [ RunTime:0.002107s ]
[2021-07-12T00:33:12+08:00][sql] SELECT * FROM `mall_system_manage` WHERE  `id` = 1 LIMIT 1 [ RunTime:0.000321s ]
[2021-07-12T00:33:12+08:00][sql] SHOW FULL COLUMNS FROM `mall_system_menu` [ RunTime:0.041862s ]
[2021-07-12T00:33:12+08:00][sql] SELECT * FROM `mall_system_menu` WHERE  `status` = 0  AND `pid` = 0 ORDER BY `sort` ASC [ RunTime:0.000645s ]
[2021-07-12T00:33:12+08:00][sql] SELECT * FROM `mall_system_menu` WHERE  ( status=0 AND ((controller="platform.index" AND method="index") OR (controller="platform.index" AND FIND_IN_SET("index",active))) ) LIMIT 1 [ RunTime:0.000632s ]
[2021-07-12T00:33:12+08:00][sql] SELECT * FROM `mall_system_menu` WHERE  `status` = 0  AND `pid` = 1 ORDER BY `sort` ASC [ RunTime:0.000457s ]
[2021-07-12T00:33:12+08:00][sql] SELECT * FROM `mall_system_menu` WHERE  `status` = 0  AND `pid` = 8 ORDER BY `sort` ASC [ RunTime:0.000403s ]
[2021-07-12T00:33:12+08:00][sql] SELECT * FROM `mall_system_menu` WHERE  `status` = 0  AND `pid` = 9 ORDER BY `sort` ASC [ RunTime:0.000355s ]
[2021-07-12T00:33:12+08:00][sql] SELECT * FROM `mall_system_menu` WHERE  `status` = 0  AND `pid` = 10 ORDER BY `sort` ASC [ RunTime:0.000343s ]
[2021-07-12T00:33:12+08:00][sql] SELECT * FROM `mall_system_menu` WHERE  `status` = 0  AND `pid` = 11 ORDER BY `sort` ASC [ RunTime:0.000341s ]
[2021-07-12T00:33:12+08:00][sql] SELECT * FROM `mall_system_menu` WHERE  `status` = 0  AND `pid` = 79 ORDER BY `sort` ASC [ RunTime:0.000321s ]
[2021-07-12T00:33:12+08:00][sql] SELECT * FROM `mall_system_menu` WHERE  `status` = 0  AND `pid` = 80 ORDER BY `sort` ASC [ RunTime:0.000325s ]
[2021-07-12T00:33:12+08:00][sql] SELECT * FROM `mall_system_menu` WHERE  `status` = 0  AND `pid` = 81 ORDER BY `sort` ASC [ RunTime:0.000320s ]
[2021-07-12T00:33:12+08:00][sql] SELECT * FROM `mall_system_menu` WHERE  `status` = 0  AND `pid` = 12 ORDER BY `sort` ASC [ RunTime:0.000298s ]
[2021-07-12T00:33:12+08:00][sql] SELECT * FROM `mall_system_menu` WHERE  `status` = 0  AND `pid` = 13 ORDER BY `sort` ASC [ RunTime:0.000305s ]
[2021-07-12T00:33:12+08:00][sql] SELECT * FROM `mall_system_menu` WHERE  `status` = 0  AND `pid` = 14 ORDER BY `sort` ASC [ RunTime:0.000318s ]
[2021-07-12T00:33:12+08:00][sql] SELECT * FROM `mall_system_menu` WHERE  `status` = 0  AND `pid` = 15 ORDER BY `sort` ASC [ RunTime:0.000307s ]
[2021-07-12T00:33:12+08:00][sql] SELECT * FROM `mall_system_menu` WHERE  `status` = 0  AND `pid` = 16 ORDER BY `sort` ASC [ RunTime:0.000311s ]
[2021-07-12T00:33:12+08:00][sql] SELECT * FROM `mall_system_menu` WHERE  `status` = 0  AND `pid` = 17 ORDER BY `sort` ASC [ RunTime:0.000303s ]
[2021-07-12T00:33:12+08:00][sql] SELECT * FROM `mall_system_menu` WHERE  `status` = 0  AND `pid` = 18 ORDER BY `sort` ASC [ RunTime:0.000288s ]
[2021-07-12T00:33:12+08:00][sql] SELECT * FROM `mall_system_menu` WHERE  `status` = 0  AND `pid` = 23 ORDER BY `sort` ASC [ RunTime:0.000284s ]
[2021-07-12T00:33:12+08:00][sql] SELECT * FROM `mall_system_menu` WHERE  `status` = 0  AND `pid` = 24 ORDER BY `sort` ASC [ RunTime:0.000300s ]
[2021-07-12T00:33:12+08:00][sql] SELECT * FROM `mall_system_menu` WHERE  `status` = 0  AND `pid` = 25 ORDER BY `sort` ASC [ RunTime:0.000283s ]
[2021-07-12T00:33:12+08:00][sql] SELECT * FROM `mall_system_menu` WHERE  `status` = 0  AND `pid` = 26 ORDER BY `sort` ASC [ RunTime:0.000308s ]
[2021-07-12T00:33:12+08:00][sql] SELECT * FROM `mall_system_menu` WHERE  `status` = 0  AND `pid` = 21 ORDER BY `sort` ASC [ RunTime:0.000318s ]
[2021-07-12T00:33:12+08:00][sql] SELECT * FROM `mall_system_menu` WHERE  `status` = 0  AND `pid` = 22 ORDER BY `sort` ASC [ RunTime:0.000302s ]
[2021-07-12T00:33:12+08:00][sql] SELECT * FROM `mall_system_users` WHERE  `id` = 1 LIMIT 1 [ RunTime:0.000249s ]
[2021-07-12T00:33:12+08:00][sql] SELECT * FROM `mall_system_manage` WHERE  `id` = 1 LIMIT 1 [ RunTime:0.000226s ]
[2021-07-12T00:33:12+08:00][sql] SELECT * FROM `mall_system_users` WHERE  `id` = 1 LIMIT 1 [ RunTime:0.000222s ]
[2021-07-12T00:33:12+08:00][sql] SELECT * FROM `mall_system_manage` WHERE  `id` = 1 LIMIT 1 [ RunTime:0.000197s ]
[2021-07-12T00:33:12+08:00][sql] SHOW FULL COLUMNS FROM `mall_order` [ RunTime:0.105729s ]
[2021-07-12T00:33:12+08:00][sql] SELECT COUNT(*) AS order_num,order_amount FROM `mall_order` WHERE  ( user_id > 0 AND status=5 ) LIMIT 1 [ RunTime:0.000803s ]
[2021-07-12T00:33:12+08:00][sql] SHOW FULL COLUMNS FROM `mall_users` [ RunTime:0.043572s ]
[2021-07-12T00:33:12+08:00][sql] SELECT COUNT(DISTINCT o.user_id) as count FROM `mall_users` `u` LEFT JOIN `mall_order` `o` ON `o`.`user_id`=`u`.`id` WHERE  ( o.user_id > 0 AND o.status=5 ) LIMIT 1 [ RunTime:0.000926s ]
[2021-07-12T00:33:12+08:00][sql] SELECT SUM(o.order_amount) as total,COUNT(o.id) as count,u.username FROM `mall_order` `o` LEFT JOIN `mall_users` `u` ON `o`.`user_id`=`u`.`id` WHERE  ( o.user_id > 0 AND o.status=5 ) GROUP BY `o`.`user_id` ORDER BY `total` DESC LIMIT 10 [ RunTime:0.000496s ]
[2021-07-12T00:33:12+08:00][sql] SELECT SUM(order_amount) as amount,count(*) as total,create_time,FROM_UNIXTIME(create_time,"%Y%m%d") as days FROM `mall_order` WHERE  `status` IN (2,5) GROUP BY days having create_time >= 1623427200 and create_time <= 1626105599 [ RunTime:0.000463s ]
[2021-07-12T00:33:12+08:00][sql] SELECT COUNT(*) AS think_count FROM `mall_order` [ RunTime:0.000540s ]
[2021-07-12T00:33:12+08:00][sql] SHOW FULL COLUMNS FROM `mall_goods` [ RunTime:0.049704s ]
[2021-07-12T00:33:12+08:00][sql] SELECT COUNT(*) AS think_count FROM `mall_goods` [ RunTime:0.000833s ]
[2021-07-12T00:33:12+08:00][sql] SELECT COUNT(*) AS think_count FROM `mall_users` [ RunTime:0.000373s ]
[2021-07-12T00:33:12+08:00][sql] SHOW FULL COLUMNS FROM `mall_users_comment` [ RunTime:0.004279s ]
[2021-07-12T00:33:12+08:00][sql] SELECT COUNT(*) AS think_count FROM `mall_users_comment` [ RunTime:0.000303s ]
[2021-07-12T00:33:14+08:00][sql] CONNECT:[ UseTime:0.000356s ] mysql:host=127.0.0.1;port=3306;dbname=a3mall-pro;charset=utf8mb4
[2021-07-12T00:33:14+08:00][sql] SHOW FULL COLUMNS FROM `mall_system_users` [ RunTime:0.003167s ]
[2021-07-12T00:33:14+08:00][sql] SELECT * FROM `mall_system_users` WHERE  `id` = 1 LIMIT 1 [ RunTime:0.000402s ]
[2021-07-12T00:33:14+08:00][sql] SHOW FULL COLUMNS FROM `mall_system_manage` [ RunTime:0.001927s ]
[2021-07-12T00:33:14+08:00][sql] SELECT * FROM `mall_system_manage` WHERE  `id` = 1 LIMIT 1 [ RunTime:0.000291s ]
[2021-07-12T00:33:14+08:00][sql] SHOW FULL COLUMNS FROM `mall_system_menu` [ RunTime:0.002566s ]
[2021-07-12T00:33:14+08:00][sql] SELECT * FROM `mall_system_menu` WHERE  `status` = 0  AND `pid` = 0 ORDER BY `sort` ASC [ RunTime:0.000437s ]
[2021-07-12T00:33:14+08:00][sql] SELECT * FROM `mall_system_menu` WHERE  ( status=0 AND ((controller="promotion.index" AND method="index") OR (controller="promotion.index" AND FIND_IN_SET("index",active))) ) LIMIT 1 [ RunTime:0.000344s ]
[2021-07-12T00:33:14+08:00][sql] SELECT * FROM `mall_system_menu` WHERE  `status` = 0  AND `pid` = 5 ORDER BY `sort` ASC [ RunTime:0.000380s ]
[2021-07-12T00:33:14+08:00][sql] SELECT * FROM `mall_system_menu` WHERE  `status` = 0  AND `pid` = 57 ORDER BY `sort` ASC [ RunTime:0.000365s ]
[2021-07-12T00:33:14+08:00][sql] SELECT * FROM `mall_system_menu` WHERE  `status` = 0  AND `pid` = 58 ORDER BY `sort` ASC [ RunTime:0.000330s ]
[2021-07-12T00:33:14+08:00][sql] SELECT * FROM `mall_system_menu` WHERE  `status` = 0  AND `pid` = 59 ORDER BY `sort` ASC [ RunTime:0.000348s ]
[2021-07-12T00:33:14+08:00][sql] SELECT * FROM `mall_system_menu` WHERE  `status` = 0  AND `pid` = 60 ORDER BY `sort` ASC [ RunTime:0.000330s ]
[2021-07-12T00:33:14+08:00][sql] SELECT * FROM `mall_system_menu` WHERE  `status` = 0  AND `pid` = 61 ORDER BY `sort` ASC [ RunTime:0.000303s ]
[2021-07-12T00:33:14+08:00][sql] SELECT * FROM `mall_system_menu` WHERE  `status` = 0  AND `pid` = 62 ORDER BY `sort` ASC [ RunTime:0.000313s ]
[2021-07-12T00:33:14+08:00][sql] SELECT * FROM `mall_system_menu` WHERE  `status` = 0  AND `pid` = 173 ORDER BY `sort` ASC [ RunTime:0.000292s ]
[2021-07-12T00:33:14+08:00][sql] SELECT * FROM `mall_system_menu` WHERE  `status` = 0  AND `pid` = 174 ORDER BY `sort` ASC [ RunTime:0.000273s ]
[2021-07-12T00:33:14+08:00][sql] SELECT * FROM `mall_system_menu` WHERE  `status` = 0  AND `pid` = 175 ORDER BY `sort` ASC [ RunTime:0.000302s ]
[2021-07-12T00:33:14+08:00][sql] SELECT * FROM `mall_system_menu` WHERE  `status` = 0  AND `pid` = 63 ORDER BY `sort` ASC [ RunTime:0.000283s ]
[2021-07-12T00:33:14+08:00][sql] SELECT * FROM `mall_system_menu` WHERE  `status` = 0  AND `pid` = 64 ORDER BY `sort` ASC [ RunTime:0.000272s ]
[2021-07-12T00:33:14+08:00][sql] SELECT * FROM `mall_system_users` WHERE  `id` = 1 LIMIT 1 [ RunTime:0.000224s ]
[2021-07-12T00:33:14+08:00][sql] SELECT * FROM `mall_system_manage` WHERE  `id` = 1 LIMIT 1 [ RunTime:0.000224s ]
[2021-07-12T00:33:14+08:00][sql] SELECT * FROM `mall_system_users` WHERE  `id` = 1 LIMIT 1 [ RunTime:0.000253s ]
[2021-07-12T00:33:14+08:00][sql] SELECT * FROM `mall_system_manage` WHERE  `id` = 1 LIMIT 1 [ RunTime:0.000295s ]
[2021-07-12T00:33:14+08:00][sql] CONNECT:[ UseTime:0.000369s ] mysql:host=127.0.0.1;port=3306;dbname=a3mall-pro;charset=utf8mb4
[2021-07-12T00:33:14+08:00][sql] SHOW FULL COLUMNS FROM `mall_system_users` [ RunTime:0.003653s ]
[2021-07-12T00:33:14+08:00][sql] SELECT * FROM `mall_system_users` WHERE  `id` = 1 LIMIT 1 [ RunTime:0.000459s ]
[2021-07-12T00:33:14+08:00][sql] SHOW FULL COLUMNS FROM `mall_system_manage` [ RunTime:0.001989s ]
[2021-07-12T00:33:14+08:00][sql] SELECT * FROM `mall_system_manage` WHERE  `id` = 1 LIMIT 1 [ RunTime:0.000287s ]
[2021-07-12T00:33:14+08:00][sql] SHOW FULL COLUMNS FROM `mall_system_menu` [ RunTime:0.001962s ]
[2021-07-12T00:33:14+08:00][sql] SELECT * FROM `mall_system_menu` WHERE  `status` = 0  AND `pid` = 0 ORDER BY `sort` ASC [ RunTime:0.000394s ]
[2021-07-12T00:33:14+08:00][sql] SELECT * FROM `mall_system_menu` WHERE  ( status=0 AND ((controller="promotion.index" AND method="index") OR (controller="promotion.index" AND FIND_IN_SET("index",active))) ) LIMIT 1 [ RunTime:0.000352s ]
[2021-07-12T00:33:14+08:00][sql] SELECT * FROM `mall_system_menu` WHERE  `status` = 0  AND `pid` = 5 ORDER BY `sort` ASC [ RunTime:0.000380s ]
[2021-07-12T00:33:14+08:00][sql] SELECT * FROM `mall_system_menu` WHERE  `status` = 0  AND `pid` = 57 ORDER BY `sort` ASC [ RunTime:0.000353s ]
[2021-07-12T00:33:14+08:00][sql] SELECT * FROM `mall_system_menu` WHERE  `status` = 0  AND `pid` = 58 ORDER BY `sort` ASC [ RunTime:0.000351s ]
[2021-07-12T00:33:14+08:00][sql] SELECT * FROM `mall_system_menu` WHERE  `status` = 0  AND `pid` = 59 ORDER BY `sort` ASC [ RunTime:0.000356s ]
[2021-07-12T00:33:14+08:00][sql] SELECT * FROM `mall_system_menu` WHERE  `status` = 0  AND `pid` = 60 ORDER BY `sort` ASC [ RunTime:0.000317s ]
[2021-07-12T00:33:14+08:00][sql] SELECT * FROM `mall_system_menu` WHERE  `status` = 0  AND `pid` = 61 ORDER BY `sort` ASC [ RunTime:0.000287s ]
[2021-07-12T00:33:14+08:00][sql] SELECT * FROM `mall_system_menu` WHERE  `status` = 0  AND `pid` = 62 ORDER BY `sort` ASC [ RunTime:0.000282s ]
[2021-07-12T00:33:14+08:00][sql] SELECT * FROM `mall_system_menu` WHERE  `status` = 0  AND `pid` = 173 ORDER BY `sort` ASC [ RunTime:0.000278s ]
[2021-07-12T00:33:14+08:00][sql] SELECT * FROM `mall_system_menu` WHERE  `status` = 0  AND `pid` = 174 ORDER BY `sort` ASC [ RunTime:0.000306s ]
[2021-07-12T00:33:14+08:00][sql] SELECT * FROM `mall_system_menu` WHERE  `status` = 0  AND `pid` = 175 ORDER BY `sort` ASC [ RunTime:0.000287s ]
[2021-07-12T00:33:14+08:00][sql] SELECT * FROM `mall_system_menu` WHERE  `status` = 0  AND `pid` = 63 ORDER BY `sort` ASC [ RunTime:0.000305s ]
[2021-07-12T00:33:14+08:00][sql] SELECT * FROM `mall_system_menu` WHERE  `status` = 0  AND `pid` = 64 ORDER BY `sort` ASC [ RunTime:0.000288s ]
[2021-07-12T00:33:14+08:00][sql] SELECT * FROM `mall_system_users` WHERE  `id` = 1 LIMIT 1 [ RunTime:0.000245s ]
[2021-07-12T00:33:14+08:00][sql] SELECT * FROM `mall_system_manage` WHERE  `id` = 1 LIMIT 1 [ RunTime:0.000280s ]
[2021-07-12T00:33:14+08:00][sql] SELECT * FROM `mall_system_users` WHERE  `id` = 1 LIMIT 1 [ RunTime:0.000297s ]
[2021-07-12T00:33:14+08:00][sql] SELECT * FROM `mall_system_manage` WHERE  `id` = 1 LIMIT 1 [ RunTime:0.000273s ]
[2021-07-12T00:33:14+08:00][sql] SHOW FULL COLUMNS FROM `mall_promotion_order` [ RunTime:0.065000s ]
[2021-07-12T00:33:14+08:00][sql] SELECT COUNT(*) AS think_count FROM `mall_promotion_order` [ RunTime:0.000521s ]
[2021-07-12T00:33:14+08:00][sql] SELECT COUNT(*) AS think_count FROM `mall_promotion_order` [ RunTime:0.000472s ]
[2021-07-12T00:33:14+08:00][sql] SELECT * FROM `mall_promotion_order` ORDER BY `id` DESC LIMIT 0,10 [ RunTime:0.000553s ]
[2021-07-12T00:33:16+08:00][sql] CONNECT:[ UseTime:0.000369s ] mysql:host=127.0.0.1;port=3306;dbname=a3mall-pro;charset=utf8mb4
[2021-07-12T00:33:16+08:00][sql] SHOW FULL COLUMNS FROM `mall_system_users` [ RunTime:0.003148s ]
[2021-07-12T00:33:16+08:00][sql] SELECT * FROM `mall_system_users` WHERE  `id` = 1 LIMIT 1 [ RunTime:0.000390s ]
[2021-07-12T00:33:16+08:00][sql] SHOW FULL COLUMNS FROM `mall_system_manage` [ RunTime:0.001965s ]
[2021-07-12T00:33:16+08:00][sql] SELECT * FROM `mall_system_manage` WHERE  `id` = 1 LIMIT 1 [ RunTime:0.000301s ]
[2021-07-12T00:33:16+08:00][sql] SHOW FULL COLUMNS FROM `mall_system_menu` [ RunTime:0.002066s ]
[2021-07-12T00:33:16+08:00][sql] SELECT * FROM `mall_system_menu` WHERE  `status` = 0  AND `pid` = 0 ORDER BY `sort` ASC [ RunTime:0.000548s ]
[2021-07-12T00:33:16+08:00][sql] SELECT * FROM `mall_system_menu` WHERE  ( status=0 AND ((controller="promotion.log" AND method="index") OR (controller="promotion.log" AND FIND_IN_SET("index",active))) ) LIMIT 1 [ RunTime:0.000487s ]
[2021-07-12T00:33:16+08:00][sql] SELECT * FROM `mall_system_menu` WHERE  `status` = 0  AND `id` = 173 LIMIT 1 [ RunTime:0.000323s ]
[2021-07-12T00:33:16+08:00][sql] SELECT * FROM `mall_system_menu` WHERE  `status` = 0  AND `id` = 5 LIMIT 1 [ RunTime:0.000264s ]
[2021-07-12T00:33:16+08:00][sql] SELECT * FROM `mall_system_menu` WHERE  `status` = 0  AND `pid` = 5 ORDER BY `sort` ASC [ RunTime:0.000382s ]
[2021-07-12T00:33:16+08:00][sql] SELECT * FROM `mall_system_menu` WHERE  `status` = 0  AND `pid` = 57 ORDER BY `sort` ASC [ RunTime:0.000313s ]
[2021-07-12T00:33:16+08:00][sql] SELECT * FROM `mall_system_menu` WHERE  `status` = 0  AND `pid` = 58 ORDER BY `sort` ASC [ RunTime:0.000297s ]
[2021-07-12T00:33:16+08:00][sql] SELECT * FROM `mall_system_menu` WHERE  `status` = 0  AND `pid` = 59 ORDER BY `sort` ASC [ RunTime:0.000349s ]
[2021-07-12T00:33:16+08:00][sql] SELECT * FROM `mall_system_menu` WHERE  `status` = 0  AND `pid` = 60 ORDER BY `sort` ASC [ RunTime:0.000304s ]
[2021-07-12T00:33:16+08:00][sql] SELECT * FROM `mall_system_menu` WHERE  `status` = 0  AND `pid` = 61 ORDER BY `sort` ASC [ RunTime:0.000320s ]
[2021-07-12T00:33:16+08:00][sql] SELECT * FROM `mall_system_menu` WHERE  `status` = 0  AND `pid` = 62 ORDER BY `sort` ASC [ RunTime:0.000288s ]
[2021-07-12T00:33:16+08:00][sql] SELECT * FROM `mall_system_menu` WHERE  `status` = 0  AND `pid` = 173 ORDER BY `sort` ASC [ RunTime:0.000284s ]
[2021-07-12T00:33:16+08:00][sql] SELECT * FROM `mall_system_menu` WHERE  `status` = 0  AND `pid` = 174 ORDER BY `sort` ASC [ RunTime:0.000273s ]
[2021-07-12T00:33:16+08:00][sql] SELECT * FROM `mall_system_menu` WHERE  `status` = 0  AND `pid` = 175 ORDER BY `sort` ASC [ RunTime:0.000276s ]
[2021-07-12T00:33:16+08:00][sql] SELECT * FROM `mall_system_menu` WHERE  `status` = 0  AND `pid` = 63 ORDER BY `sort` ASC [ RunTime:0.000275s ]
[2021-07-12T00:33:16+08:00][sql] SELECT * FROM `mall_system_menu` WHERE  `status` = 0  AND `pid` = 64 ORDER BY `sort` ASC [ RunTime:0.000269s ]
[2021-07-12T00:33:16+08:00][sql] SELECT * FROM `mall_system_users` WHERE  `id` = 1 LIMIT 1 [ RunTime:0.000221s ]
[2021-07-12T00:33:16+08:00][sql] SELECT * FROM `mall_system_manage` WHERE  `id` = 1 LIMIT 1 [ RunTime:0.000202s ]
[2021-07-12T00:33:16+08:00][sql] SELECT * FROM `mall_system_users` WHERE  `id` = 1 LIMIT 1 [ RunTime:0.000251s ]
[2021-07-12T00:33:16+08:00][sql] SELECT * FROM `mall_system_manage` WHERE  `id` = 1 LIMIT 1 [ RunTime:0.000201s ]
[2021-07-12T00:33:16+08:00][sql] CONNECT:[ UseTime:0.000351s ] mysql:host=127.0.0.1;port=3306;dbname=a3mall-pro;charset=utf8mb4
[2021-07-12T00:33:16+08:00][sql] SHOW FULL COLUMNS FROM `mall_system_users` [ RunTime:0.003299s ]
[2021-07-12T00:33:16+08:00][sql] SELECT * FROM `mall_system_users` WHERE  `id` = 1 LIMIT 1 [ RunTime:0.000416s ]
[2021-07-12T00:33:16+08:00][sql] SHOW FULL COLUMNS FROM `mall_system_manage` [ RunTime:0.002013s ]
[2021-07-12T00:33:16+08:00][sql] SELECT * FROM `mall_system_manage` WHERE  `id` = 1 LIMIT 1 [ RunTime:0.000295s ]
[2021-07-12T00:33:16+08:00][sql] SHOW FULL COLUMNS FROM `mall_system_menu` [ RunTime:0.001922s ]
[2021-07-12T00:33:16+08:00][sql] SELECT * FROM `mall_system_menu` WHERE  `status` = 0  AND `pid` = 0 ORDER BY `sort` ASC [ RunTime:0.000395s ]
[2021-07-12T00:33:16+08:00][sql] SELECT * FROM `mall_system_menu` WHERE  ( status=0 AND ((controller="promotion.log" AND method="index") OR (controller="promotion.log" AND FIND_IN_SET("index",active))) ) LIMIT 1 [ RunTime:0.000459s ]
[2021-07-12T00:33:16+08:00][sql] SELECT * FROM `mall_system_menu` WHERE  `status` = 0  AND `id` = 173 LIMIT 1 [ RunTime:0.000448s ]
[2021-07-12T00:33:16+08:00][sql] SELECT * FROM `mall_system_menu` WHERE  `status` = 0  AND `id` = 5 LIMIT 1 [ RunTime:0.000438s ]
[2021-07-12T00:33:16+08:00][sql] SELECT * FROM `mall_system_menu` WHERE  `status` = 0  AND `pid` = 5 ORDER BY `sort` ASC [ RunTime:0.000531s ]
[2021-07-12T00:33:16+08:00][sql] SELECT * FROM `mall_system_menu` WHERE  `status` = 0  AND `pid` = 57 ORDER BY `sort` ASC [ RunTime:0.000330s ]
[2021-07-12T00:33:16+08:00][sql] SELECT * FROM `mall_system_menu` WHERE  `status` = 0  AND `pid` = 58 ORDER BY `sort` ASC [ RunTime:0.000294s ]
[2021-07-12T00:33:16+08:00][sql] SELECT * FROM `mall_system_menu` WHERE  `status` = 0  AND `pid` = 59 ORDER BY `sort` ASC [ RunTime:0.000331s ]
[2021-07-12T00:33:16+08:00][sql] SELECT * FROM `mall_system_menu` WHERE  `status` = 0  AND `pid` = 60 ORDER BY `sort` ASC [ RunTime:0.000313s ]
[2021-07-12T00:33:16+08:00][sql] SELECT * FROM `mall_system_menu` WHERE  `status` = 0  AND `pid` = 61 ORDER BY `sort` ASC [ RunTime:0.000295s ]
[2021-07-12T00:33:16+08:00][sql] SELECT * FROM `mall_system_menu` WHERE  `status` = 0  AND `pid` = 62 ORDER BY `sort` ASC [ RunTime:0.000310s ]
[2021-07-12T00:33:16+08:00][sql] SELECT * FROM `mall_system_menu` WHERE  `status` = 0  AND `pid` = 173 ORDER BY `sort` ASC [ RunTime:0.000305s ]
[2021-07-12T00:33:16+08:00][sql] SELECT * FROM `mall_system_menu` WHERE  `status` = 0  AND `pid` = 174 ORDER BY `sort` ASC [ RunTime:0.000280s ]
[2021-07-12T00:33:16+08:00][sql] SELECT * FROM `mall_system_menu` WHERE  `status` = 0  AND `pid` = 175 ORDER BY `sort` ASC [ RunTime:0.000270s ]
[2021-07-12T00:33:16+08:00][sql] SELECT * FROM `mall_system_menu` WHERE  `status` = 0  AND `pid` = 63 ORDER BY `sort` ASC [ RunTime:0.000309s ]
[2021-07-12T00:33:16+08:00][sql] SELECT * FROM `mall_system_menu` WHERE  `status` = 0  AND `pid` = 64 ORDER BY `sort` ASC [ RunTime:0.000288s ]
[2021-07-12T00:33:16+08:00][sql] SELECT * FROM `mall_system_users` WHERE  `id` = 1 LIMIT 1 [ RunTime:0.000259s ]
[2021-07-12T00:33:16+08:00][sql] SELECT * FROM `mall_system_manage` WHERE  `id` = 1 LIMIT 1 [ RunTime:0.000207s ]
[2021-07-12T00:33:16+08:00][sql] SELECT * FROM `mall_system_users` WHERE  `id` = 1 LIMIT 1 [ RunTime:0.000218s ]
[2021-07-12T00:33:16+08:00][sql] SELECT * FROM `mall_system_manage` WHERE  `id` = 1 LIMIT 1 [ RunTime:0.000223s ]
[2021-07-12T00:33:16+08:00][sql] SHOW FULL COLUMNS FROM `mall_users_luckdraw` [ RunTime:0.027649s ]
[2021-07-12T00:33:16+08:00][sql] SELECT COUNT(*) AS think_count FROM `mall_users_luckdraw` [ RunTime:0.000584s ]
[2021-07-12T00:33:16+08:00][sql] SELECT COUNT(*) AS think_count FROM `mall_users_luckdraw` [ RunTime:0.000360s ]
[2021-07-12T00:33:16+08:00][sql] SELECT * FROM `mall_users_luckdraw` ORDER BY `id` DESC LIMIT 0,10 [ RunTime:0.000430s ]
[2021-07-12T00:33:16+08:00][sql] SHOW FULL COLUMNS FROM `mall_users` [ RunTime:0.002668s ]
[2021-07-12T00:33:16+08:00][sql] SELECT * FROM `mall_users` WHERE  `id` = 1 LIMIT 1 [ RunTime:0.000403s ]
[2021-07-12T00:33:16+08:00][sql] SHOW FULL COLUMNS FROM `mall_wechat_users` [ RunTime:0.018184s ]
[2021-07-12T00:33:16+08:00][sql] SELECT * FROM `mall_wechat_users` WHERE  `user_id` = 1 LIMIT 1 [ RunTime:0.000554s ]
[2021-07-12T00:33:16+08:00][sql] SELECT * FROM `mall_users` WHERE  `id` = 1 LIMIT 1 [ RunTime:0.000406s ]
[2021-07-12T00:33:16+08:00][sql] SELECT * FROM `mall_wechat_users` WHERE  `user_id` = 1 LIMIT 1 [ RunTime:0.000384s ]
[2021-07-12T00:33:16+08:00][sql] SELECT * FROM `mall_users` WHERE  `id` = 1 LIMIT 1 [ RunTime:0.000369s ]
[2021-07-12T00:33:16+08:00][sql] SELECT * FROM `mall_wechat_users` WHERE  `user_id` = 1 LIMIT 1 [ RunTime:0.000327s ]
[2021-07-12T00:55:54+08:00][sql] CONNECT:[ UseTime:0.000380s ] mysql:host=127.0.0.1;port=3306;dbname=a3mall-pro;charset=utf8mb4
[2021-07-12T00:55:54+08:00][sql] SHOW FULL COLUMNS FROM `mall_system_users` [ RunTime:0.002371s ]
[2021-07-12T00:55:54+08:00][sql] SELECT * FROM `mall_system_users` WHERE  `id` = 1 LIMIT 1 [ RunTime:0.000390s ]
[2021-07-12T00:55:54+08:00][sql] SHOW FULL COLUMNS FROM `mall_system_manage` [ RunTime:0.002292s ]
[2021-07-12T00:55:54+08:00][sql] SELECT * FROM `mall_system_manage` WHERE  `id` = 1 LIMIT 1 [ RunTime:0.000335s ]
[2021-07-12T00:55:54+08:00][sql] SHOW FULL COLUMNS FROM `mall_system_menu` [ RunTime:0.002410s ]
[2021-07-12T00:55:54+08:00][sql] SELECT * FROM `mall_system_menu` WHERE  `status` = 0  AND `pid` = 0 ORDER BY `sort` ASC [ RunTime:0.000416s ]
[2021-07-12T00:55:54+08:00][sql] SELECT * FROM `mall_system_menu` WHERE  ( status=0 AND ((controller="users.index" AND method="index") OR (controller="users.index" AND FIND_IN_SET("index",active))) ) LIMIT 1 [ RunTime:0.000371s ]
[2021-07-12T00:55:54+08:00][sql] SELECT * FROM `mall_system_menu` WHERE  `status` = 0  AND `pid` = 4 ORDER BY `sort` ASC [ RunTime:0.000404s ]
[2021-07-12T00:55:54+08:00][sql] SELECT * FROM `mall_system_menu` WHERE  `status` = 0  AND `pid` = 27 ORDER BY `sort` ASC [ RunTime:0.000353s ]
[2021-07-12T00:55:54+08:00][sql] SELECT * FROM `mall_system_menu` WHERE  `status` = 0  AND `pid` = 28 ORDER BY `sort` ASC [ RunTime:0.000379s ]
[2021-07-12T00:55:54+08:00][sql] SELECT * FROM `mall_system_menu` WHERE  `status` = 0  AND `pid` = 29 ORDER BY `sort` ASC [ RunTime:0.000349s ]
[2021-07-12T00:55:54+08:00][sql] SELECT * FROM `mall_system_menu` WHERE  `status` = 0  AND `pid` = 120 ORDER BY `sort` ASC [ RunTime:0.000340s ]
[2021-07-12T00:55:54+08:00][sql] SELECT * FROM `mall_system_menu` WHERE  `status` = 0  AND `pid` = 30 ORDER BY `sort` ASC [ RunTime:0.000310s ]
[2021-07-12T00:55:54+08:00][sql] SELECT * FROM `mall_system_menu` WHERE  `status` = 0  AND `pid` = 31 ORDER BY `sort` ASC [ RunTime:0.000308s ]
[2021-07-12T00:55:54+08:00][sql] SELECT * FROM `mall_system_menu` WHERE  `status` = 0  AND `pid` = 32 ORDER BY `sort` ASC [ RunTime:0.000289s ]
[2021-07-12T00:55:54+08:00][sql] SELECT * FROM `mall_system_menu` WHERE  `status` = 0  AND `pid` = 156 ORDER BY `sort` ASC [ RunTime:0.000278s ]
[2021-07-12T00:55:54+08:00][sql] SELECT * FROM `mall_system_menu` WHERE  `status` = 0  AND `pid` = 157 ORDER BY `sort` ASC [ RunTime:0.000270s ]
[2021-07-12T00:55:54+08:00][sql] SELECT * FROM `mall_system_menu` WHERE  `status` = 0  AND `pid` = 94 ORDER BY `sort` ASC [ RunTime:0.000315s ]
[2021-07-12T00:55:54+08:00][sql] SELECT * FROM `mall_system_menu` WHERE  `status` = 0  AND `pid` = 95 ORDER BY `sort` ASC [ RunTime:0.000286s ]
[2021-07-12T00:55:54+08:00][sql] SELECT * FROM `mall_system_menu` WHERE  `status` = 0  AND `pid` = 96 ORDER BY `sort` ASC [ RunTime:0.000282s ]
[2021-07-12T00:55:54+08:00][sql] SELECT * FROM `mall_system_menu` WHERE  `status` = 0  AND `pid` = 154 ORDER BY `sort` ASC [ RunTime:0.000268s ]
[2021-07-12T00:55:54+08:00][sql] SELECT * FROM `mall_system_menu` WHERE  `status` = 0  AND `pid` = 33 ORDER BY `sort` ASC [ RunTime:0.000324s ]
[2021-07-12T00:55:54+08:00][sql] SELECT * FROM `mall_system_menu` WHERE  `status` = 0  AND `pid` = 34 ORDER BY `sort` ASC [ RunTime:0.000287s ]
[2021-07-12T00:55:54+08:00][sql] SELECT * FROM `mall_system_menu` WHERE  `status` = 0  AND `pid` = 97 ORDER BY `sort` ASC [ RunTime:0.000281s ]
[2021-07-12T00:55:54+08:00][sql] SELECT * FROM `mall_system_menu` WHERE  `status` = 0  AND `pid` = 35 ORDER BY `sort` ASC [ RunTime:0.000294s ]
[2021-07-12T00:55:54+08:00][sql] SELECT * FROM `mall_system_menu` WHERE  `status` = 0  AND `pid` = 125 ORDER BY `sort` ASC [ RunTime:0.000289s ]
[2021-07-12T00:55:54+08:00][sql] SELECT * FROM `mall_system_menu` WHERE  `status` = 0  AND `pid` = 36 ORDER BY `sort` ASC [ RunTime:0.000274s ]
[2021-07-12T00:55:54+08:00][sql] SELECT * FROM `mall_system_menu` WHERE  `status` = 0  AND `pid` = 37 ORDER BY `sort` ASC [ RunTime:0.000302s ]
[2021-07-12T00:55:54+08:00][sql] SELECT * FROM `mall_system_menu` WHERE  `status` = 0  AND `pid` = 121 ORDER BY `sort` ASC [ RunTime:0.000300s ]
[2021-07-12T00:55:54+08:00][sql] SELECT * FROM `mall_system_menu` WHERE  `status` = 0  AND `pid` = 122 ORDER BY `sort` ASC [ RunTime:0.000297s ]
[2021-07-12T00:55:54+08:00][sql] SELECT * FROM `mall_system_menu` WHERE  `status` = 0  AND `pid` = 123 ORDER BY `sort` ASC [ RunTime:0.000278s ]
[2021-07-12T00:55:54+08:00][sql] SELECT * FROM `mall_system_menu` WHERE  `status` = 0  AND `pid` = 144 ORDER BY `sort` ASC [ RunTime:0.000269s ]
[2021-07-12T00:55:54+08:00][sql] SELECT * FROM `mall_system_users` WHERE  `id` = 1 LIMIT 1 [ RunTime:0.000251s ]
[2021-07-12T00:55:54+08:00][sql] SELECT * FROM `mall_system_manage` WHERE  `id` = 1 LIMIT 1 [ RunTime:0.000199s ]
[2021-07-12T00:55:54+08:00][sql] SELECT * FROM `mall_system_users` WHERE  `id` = 1 LIMIT 1 [ RunTime:0.000240s ]
[2021-07-12T00:55:54+08:00][sql] SELECT * FROM `mall_system_manage` WHERE  `id` = 1 LIMIT 1 [ RunTime:0.000279s ]
[2021-07-12T00:55:54+08:00][sql] SHOW FULL COLUMNS FROM `mall_users_group` [ RunTime:0.002387s ]
[2021-07-12T00:55:54+08:00][sql] SELECT * FROM `mall_users_group` [ RunTime:0.000241s ]
[2021-07-12T00:55:54+08:00][sql] SHOW FULL COLUMNS FROM `mall_users_tags` [ RunTime:0.002130s ]
[2021-07-12T00:55:54+08:00][sql] SELECT * FROM `mall_users_tags` [ RunTime:0.000234s ]
[2021-07-12T00:55:54+08:00][sql] CONNECT:[ UseTime:0.000342s ] mysql:host=127.0.0.1;port=3306;dbname=a3mall-pro;charset=utf8mb4
[2021-07-12T00:55:54+08:00][sql] SHOW FULL COLUMNS FROM `mall_system_users` [ RunTime:0.002623s ]
[2021-07-12T00:55:54+08:00][sql] SELECT * FROM `mall_system_users` WHERE  `id` = 1 LIMIT 1 [ RunTime:0.000480s ]
[2021-07-12T00:55:54+08:00][sql] SHOW FULL COLUMNS FROM `mall_system_manage` [ RunTime:0.002242s ]
[2021-07-12T00:55:54+08:00][sql] SELECT * FROM `mall_system_manage` WHERE  `id` = 1 LIMIT 1 [ RunTime:0.000321s ]
[2021-07-12T00:55:54+08:00][sql] SHOW FULL COLUMNS FROM `mall_system_menu` [ RunTime:0.002064s ]
[2021-07-12T00:55:54+08:00][sql] SELECT * FROM `mall_system_menu` WHERE  `status` = 0  AND `pid` = 0 ORDER BY `sort` ASC [ RunTime:0.000395s ]
[2021-07-12T00:55:54+08:00][sql] SELECT * FROM `mall_system_menu` WHERE  ( status=0 AND ((controller="users.index" AND method="index") OR (controller="users.index" AND FIND_IN_SET("index",active))) ) LIMIT 1 [ RunTime:0.000347s ]
[2021-07-12T00:55:54+08:00][sql] SELECT * FROM `mall_system_menu` WHERE  `status` = 0  AND `pid` = 4 ORDER BY `sort` ASC [ RunTime:0.000442s ]
[2021-07-12T00:55:54+08:00][sql] SELECT * FROM `mall_system_menu` WHERE  `status` = 0  AND `pid` = 27 ORDER BY `sort` ASC [ RunTime:0.000356s ]
[2021-07-12T00:55:54+08:00][sql] SELECT * FROM `mall_system_menu` WHERE  `status` = 0  AND `pid` = 28 ORDER BY `sort` ASC [ RunTime:0.000287s ]
[2021-07-12T00:55:54+08:00][sql] SELECT * FROM `mall_system_menu` WHERE  `status` = 0  AND `pid` = 29 ORDER BY `sort` ASC [ RunTime:0.000315s ]
[2021-07-12T00:55:54+08:00][sql] SELECT * FROM `mall_system_menu` WHERE  `status` = 0  AND `pid` = 120 ORDER BY `sort` ASC [ RunTime:0.000283s ]
[2021-07-12T00:55:54+08:00][sql] SELECT * FROM `mall_system_menu` WHERE  `status` = 0  AND `pid` = 30 ORDER BY `sort` ASC [ RunTime:0.000333s ]
[2021-07-12T00:55:54+08:00][sql] SELECT * FROM `mall_system_menu` WHERE  `status` = 0  AND `pid` = 31 ORDER BY `sort` ASC [ RunTime:0.000291s ]
[2021-07-12T00:55:54+08:00][sql] SELECT * FROM `mall_system_menu` WHERE  `status` = 0  AND `pid` = 32 ORDER BY `sort` ASC [ RunTime:0.000274s ]
[2021-07-12T00:55:54+08:00][sql] SELECT * FROM `mall_system_menu` WHERE  `status` = 0  AND `pid` = 156 ORDER BY `sort` ASC [ RunTime:0.000305s ]
[2021-07-12T00:55:54+08:00][sql] SELECT * FROM `mall_system_menu` WHERE  `status` = 0  AND `pid` = 157 ORDER BY `sort` ASC [ RunTime:0.000298s ]
[2021-07-12T00:55:54+08:00][sql] SELECT * FROM `mall_system_menu` WHERE  `status` = 0  AND `pid` = 94 ORDER BY `sort` ASC [ RunTime:0.000290s ]
[2021-07-12T00:55:54+08:00][sql] SELECT * FROM `mall_system_menu` WHERE  `status` = 0  AND `pid` = 95 ORDER BY `sort` ASC [ RunTime:0.000301s ]
[2021-07-12T00:55:54+08:00][sql] SELECT * FROM `mall_system_menu` WHERE  `status` = 0  AND `pid` = 96 ORDER BY `sort` ASC [ RunTime:0.000305s ]
[2021-07-12T00:55:54+08:00][sql] SELECT * FROM `mall_system_menu` WHERE  `status` = 0  AND `pid` = 154 ORDER BY `sort` ASC [ RunTime:0.000383s ]
[2021-07-12T00:55:54+08:00][sql] SELECT * FROM `mall_system_menu` WHERE  `status` = 0  AND `pid` = 33 ORDER BY `sort` ASC [ RunTime:0.000396s ]
[2021-07-12T00:55:54+08:00][sql] SELECT * FROM `mall_system_menu` WHERE  `status` = 0  AND `pid` = 34 ORDER BY `sort` ASC [ RunTime:0.000299s ]
[2021-07-12T00:55:54+08:00][sql] SELECT * FROM `mall_system_menu` WHERE  `status` = 0  AND `pid` = 97 ORDER BY `sort` ASC [ RunTime:0.000315s ]
[2021-07-12T00:55:54+08:00][sql] SELECT * FROM `mall_system_menu` WHERE  `status` = 0  AND `pid` = 35 ORDER BY `sort` ASC [ RunTime:0.000284s ]
[2021-07-12T00:55:54+08:00][sql] SELECT * FROM `mall_system_menu` WHERE  `status` = 0  AND `pid` = 125 ORDER BY `sort` ASC [ RunTime:0.000398s ]
[2021-07-12T00:55:54+08:00][sql] SELECT * FROM `mall_system_menu` WHERE  `status` = 0  AND `pid` = 36 ORDER BY `sort` ASC [ RunTime:0.000312s ]
[2021-07-12T00:55:54+08:00][sql] SELECT * FROM `mall_system_menu` WHERE  `status` = 0  AND `pid` = 37 ORDER BY `sort` ASC [ RunTime:0.000321s ]
[2021-07-12T00:55:54+08:00][sql] SELECT * FROM `mall_system_menu` WHERE  `status` = 0  AND `pid` = 121 ORDER BY `sort` ASC [ RunTime:0.000325s ]
[2021-07-12T00:55:54+08:00][sql] SELECT * FROM `mall_system_menu` WHERE  `status` = 0  AND `pid` = 122 ORDER BY `sort` ASC [ RunTime:0.000287s ]
[2021-07-12T00:55:54+08:00][sql] SELECT * FROM `mall_system_menu` WHERE  `status` = 0  AND `pid` = 123 ORDER BY `sort` ASC [ RunTime:0.000275s ]
[2021-07-12T00:55:54+08:00][sql] SELECT * FROM `mall_system_menu` WHERE  `status` = 0  AND `pid` = 144 ORDER BY `sort` ASC [ RunTime:0.000279s ]
[2021-07-12T00:55:54+08:00][sql] SELECT * FROM `mall_system_users` WHERE  `id` = 1 LIMIT 1 [ RunTime:0.000255s ]
[2021-07-12T00:55:54+08:00][sql] SELECT * FROM `mall_system_manage` WHERE  `id` = 1 LIMIT 1 [ RunTime:0.000207s ]
[2021-07-12T00:55:54+08:00][sql] SELECT * FROM `mall_system_users` WHERE  `id` = 1 LIMIT 1 [ RunTime:0.000226s ]
[2021-07-12T00:55:54+08:00][sql] SELECT * FROM `mall_system_manage` WHERE  `id` = 1 LIMIT 1 [ RunTime:0.000218s ]
[2021-07-12T00:55:54+08:00][sql] SHOW FULL COLUMNS FROM `mall_users_group` [ RunTime:0.003496s ]
[2021-07-12T00:55:54+08:00][sql] SHOW FULL COLUMNS FROM `mall_users` [ RunTime:0.002710s ]
[2021-07-12T00:55:54+08:00][sql] SELECT COUNT(*) AS think_count FROM `mall_users` `users` LEFT JOIN `mall_users_group` `group` ON `users`.`group_id`=`group`.`id` [ RunTime:0.016746s ]
[2021-07-12T00:55:54+08:00][sql] SELECT COUNT(*) AS think_count FROM `mall_users` `users` LEFT JOIN `mall_users_group` `group` ON `users`.`group_id`=`group`.`id` [ RunTime:0.000575s ]
[2021-07-12T00:55:54+08:00][sql] SELECT `users`.`id`,`users`.`group_id`,`users`.`username`,`users`.`password`,`users`.`email`,`users`.`avatar`,`users`.`nickname`,`users`.`realname`,`users`.`mobile`,`users`.`birthday`,`users`.`sex`,`users`.`exp`,`users`.`point`,`users`.`status`,`users`.`tags`,`users`.`is_spread`,`users`.`spread_id`,`users`.`spread_time`,`users`.`pay_count`,`users`.`spread_count`,`users`.`amount`,`users`.`spread_amount`,`users`.`sign_count`,`users`.`create_ip`,`users`.`last_ip`,`users`.`create_time`,`users`.`last_login`,`group`.`id` AS `group__id`,`group`.`name` AS `group__name`,`group`.`discount` AS `group__discount`,`group`.`minexp` AS `group__minexp`,`group`.`maxexp` AS `group__maxexp` FROM `mall_users` `users` LEFT JOIN `mall_users_group` `group` ON `users`.`group_id`=`group`.`id` ORDER BY `users`.`id` DESC LIMIT 0,10 [ RunTime:0.000827s ]
[2021-07-12T00:55:54+08:00][sql] SHOW FULL COLUMNS FROM `mall_wechat_users` [ RunTime:0.002761s ]
[2021-07-12T00:55:54+08:00][sql] SELECT * FROM `mall_wechat_users` WHERE  `user_id` = 2 LIMIT 1 [ RunTime:0.000372s ]
[2021-07-12T00:55:54+08:00][sql] SELECT * FROM `mall_wechat_users` WHERE  `user_id` = 1 LIMIT 1 [ RunTime:0.000352s ]
[2021-07-12T00:55:54+08:00][sql] SHOW FULL COLUMNS FROM `mall_users_tags` [ RunTime:0.001946s ]
[2021-07-12T00:55:54+08:00][sql] SELECT * FROM `mall_users_tags` WHERE  `id` = 0 [ RunTime:0.000250s ]
[2021-07-12T00:55:54+08:00][sql] SELECT * FROM `mall_users_tags` WHERE  `id` = 0 [ RunTime:0.000229s ]
[2021-07-12T00:55:57+08:00][sql] CONNECT:[ UseTime:0.000431s ] mysql:host=127.0.0.1;port=3306;dbname=a3mall-pro;charset=utf8mb4
[2021-07-12T00:55:57+08:00][sql] SHOW FULL COLUMNS FROM `mall_system_users` [ RunTime:0.003549s ]
[2021-07-12T00:55:57+08:00][sql] SELECT * FROM `mall_system_users` WHERE  `id` = 1 LIMIT 1 [ RunTime:0.000380s ]
[2021-07-12T00:55:57+08:00][sql] SHOW FULL COLUMNS FROM `mall_system_manage` [ RunTime:0.001953s ]
[2021-07-12T00:55:57+08:00][sql] SELECT * FROM `mall_system_manage` WHERE  `id` = 1 LIMIT 1 [ RunTime:0.066604s ]
[2021-07-12T00:55:57+08:00][sql] SHOW FULL COLUMNS FROM `mall_system_menu` [ RunTime:0.072312s ]
[2021-07-12T00:55:57+08:00][sql] SELECT * FROM `mall_system_menu` WHERE  `status` = 0  AND `pid` = 0 ORDER BY `sort` ASC [ RunTime:0.000863s ]
[2021-07-12T00:55:57+08:00][sql] SELECT * FROM `mall_system_menu` WHERE  ( status=0 AND ((controller="users.spread" AND method="index") OR (controller="users.spread" AND FIND_IN_SET("index",active))) ) LIMIT 1 [ RunTime:0.000570s ]
[2021-07-12T00:55:57+08:00][sql] SELECT * FROM `mall_system_menu` WHERE  `status` = 0  AND `id` = 94 LIMIT 1 [ RunTime:0.000513s ]
[2021-07-12T00:55:57+08:00][sql] SELECT * FROM `mall_system_menu` WHERE  `status` = 0  AND `id` = 4 LIMIT 1 [ RunTime:0.000394s ]
[2021-07-12T00:55:57+08:00][sql] SELECT * FROM `mall_system_menu` WHERE  `status` = 0  AND `pid` = 4 ORDER BY `sort` ASC [ RunTime:0.000461s ]
[2021-07-12T00:55:57+08:00][sql] SELECT * FROM `mall_system_menu` WHERE  `status` = 0  AND `pid` = 27 ORDER BY `sort` ASC [ RunTime:0.000407s ]
[2021-07-12T00:55:57+08:00][sql] SELECT * FROM `mall_system_menu` WHERE  `status` = 0  AND `pid` = 28 ORDER BY `sort` ASC [ RunTime:0.000369s ]
[2021-07-12T00:55:57+08:00][sql] SELECT * FROM `mall_system_menu` WHERE  `status` = 0  AND `pid` = 29 ORDER BY `sort` ASC [ RunTime:0.000441s ]
[2021-07-12T00:55:57+08:00][sql] SELECT * FROM `mall_system_menu` WHERE  `status` = 0  AND `pid` = 120 ORDER BY `sort` ASC [ RunTime:0.000307s ]
[2021-07-12T00:55:57+08:00][sql] SELECT * FROM `mall_system_menu` WHERE  `status` = 0  AND `pid` = 30 ORDER BY `sort` ASC [ RunTime:0.000294s ]
[2021-07-12T00:55:57+08:00][sql] SELECT * FROM `mall_system_menu` WHERE  `status` = 0  AND `pid` = 31 ORDER BY `sort` ASC [ RunTime:0.000274s ]
[2021-07-12T00:55:57+08:00][sql] SELECT * FROM `mall_system_menu` WHERE  `status` = 0  AND `pid` = 32 ORDER BY `sort` ASC [ RunTime:0.000325s ]
[2021-07-12T00:55:57+08:00][sql] SELECT * FROM `mall_system_menu` WHERE  `status` = 0  AND `pid` = 156 ORDER BY `sort` ASC [ RunTime:0.000314s ]
[2021-07-12T00:55:57+08:00][sql] SELECT * FROM `mall_system_menu` WHERE  `status` = 0  AND `pid` = 157 ORDER BY `sort` ASC [ RunTime:0.000286s ]
[2021-07-12T00:55:57+08:00][sql] SELECT * FROM `mall_system_menu` WHERE  `status` = 0  AND `pid` = 94 ORDER BY `sort` ASC [ RunTime:0.000334s ]
[2021-07-12T00:55:57+08:00][sql] SELECT * FROM `mall_system_menu` WHERE  `status` = 0  AND `pid` = 95 ORDER BY `sort` ASC [ RunTime:0.000318s ]
[2021-07-12T00:55:57+08:00][sql] SELECT * FROM `mall_system_menu` WHERE  `status` = 0  AND `pid` = 96 ORDER BY `sort` ASC [ RunTime:0.000277s ]
[2021-07-12T00:55:57+08:00][sql] SELECT * FROM `mall_system_menu` WHERE  `status` = 0  AND `pid` = 154 ORDER BY `sort` ASC [ RunTime:0.000271s ]
[2021-07-12T00:55:57+08:00][sql] SELECT * FROM `mall_system_menu` WHERE  `status` = 0  AND `pid` = 33 ORDER BY `sort` ASC [ RunTime:0.000329s ]
[2021-07-12T00:55:57+08:00][sql] SELECT * FROM `mall_system_menu` WHERE  `status` = 0  AND `pid` = 34 ORDER BY `sort` ASC [ RunTime:0.000288s ]
[2021-07-12T00:55:57+08:00][sql] SELECT * FROM `mall_system_menu` WHERE  `status` = 0  AND `pid` = 97 ORDER BY `sort` ASC [ RunTime:0.000525s ]
[2021-07-12T00:55:57+08:00][sql] SELECT * FROM `mall_system_menu` WHERE  `status` = 0  AND `pid` = 35 ORDER BY `sort` ASC [ RunTime:0.000297s ]
[2021-07-12T00:55:57+08:00][sql] SELECT * FROM `mall_system_menu` WHERE  `status` = 0  AND `pid` = 125 ORDER BY `sort` ASC [ RunTime:0.000277s ]
[2021-07-12T00:55:57+08:00][sql] SELECT * FROM `mall_system_menu` WHERE  `status` = 0  AND `pid` = 36 ORDER BY `sort` ASC [ RunTime:0.000302s ]
[2021-07-12T00:55:57+08:00][sql] SELECT * FROM `mall_system_menu` WHERE  `status` = 0  AND `pid` = 37 ORDER BY `sort` ASC [ RunTime:0.000280s ]
[2021-07-12T00:55:57+08:00][sql] SELECT * FROM `mall_system_menu` WHERE  `status` = 0  AND `pid` = 121 ORDER BY `sort` ASC [ RunTime:0.000309s ]
[2021-07-12T00:55:57+08:00][sql] SELECT * FROM `mall_system_menu` WHERE  `status` = 0  AND `pid` = 122 ORDER BY `sort` ASC [ RunTime:0.000302s ]
[2021-07-12T00:55:57+08:00][sql] SELECT * FROM `mall_system_menu` WHERE  `status` = 0  AND `pid` = 123 ORDER BY `sort` ASC [ RunTime:0.000297s ]
[2021-07-12T00:55:57+08:00][sql] SELECT * FROM `mall_system_menu` WHERE  `status` = 0  AND `pid` = 144 ORDER BY `sort` ASC [ RunTime:0.000283s ]
[2021-07-12T00:55:57+08:00][sql] SELECT * FROM `mall_system_users` WHERE  `id` = 1 LIMIT 1 [ RunTime:0.000234s ]
[2021-07-12T00:55:57+08:00][sql] SELECT * FROM `mall_system_manage` WHERE  `id` = 1 LIMIT 1 [ RunTime:0.000224s ]
[2021-07-12T00:55:57+08:00][sql] SELECT * FROM `mall_system_users` WHERE  `id` = 1 LIMIT 1 [ RunTime:0.000225s ]
[2021-07-12T00:55:57+08:00][sql] SELECT * FROM `mall_system_manage` WHERE  `id` = 1 LIMIT 1 [ RunTime:0.000200s ]
[2021-07-12T00:55:57+08:00][sql] CONNECT:[ UseTime:0.000375s ] mysql:host=127.0.0.1;port=3306;dbname=a3mall-pro;charset=utf8mb4
[2021-07-12T00:55:57+08:00][sql] SHOW FULL COLUMNS FROM `mall_system_users` [ RunTime:0.002145s ]
[2021-07-12T00:55:57+08:00][sql] SELECT * FROM `mall_system_users` WHERE  `id` = 1 LIMIT 1 [ RunTime:0.000390s ]
[2021-07-12T00:55:57+08:00][sql] SHOW FULL COLUMNS FROM `mall_system_manage` [ RunTime:0.001968s ]
[2021-07-12T00:55:57+08:00][sql] SELECT * FROM `mall_system_manage` WHERE  `id` = 1 LIMIT 1 [ RunTime:0.000304s ]
[2021-07-12T00:55:57+08:00][sql] SHOW FULL COLUMNS FROM `mall_system_menu` [ RunTime:0.001943s ]
[2021-07-12T00:55:57+08:00][sql] SELECT * FROM `mall_system_menu` WHERE  `status` = 0  AND `pid` = 0 ORDER BY `sort` ASC [ RunTime:0.000392s ]
[2021-07-12T00:55:57+08:00][sql] SELECT * FROM `mall_system_menu` WHERE  ( status=0 AND ((controller="users.spread" AND method="index") OR (controller="users.spread" AND FIND_IN_SET("index",active))) ) LIMIT 1 [ RunTime:0.000422s ]
[2021-07-12T00:55:57+08:00][sql] SELECT * FROM `mall_system_menu` WHERE  `status` = 0  AND `id` = 94 LIMIT 1 [ RunTime:0.000340s ]
[2021-07-12T00:55:57+08:00][sql] SELECT * FROM `mall_system_menu` WHERE  `status` = 0  AND `id` = 4 LIMIT 1 [ RunTime:0.000364s ]
[2021-07-12T00:55:57+08:00][sql] SELECT * FROM `mall_system_menu` WHERE  `status` = 0  AND `pid` = 4 ORDER BY `sort` ASC [ RunTime:0.000427s ]
[2021-07-12T00:55:57+08:00][sql] SELECT * FROM `mall_system_menu` WHERE  `status` = 0  AND `pid` = 27 ORDER BY `sort` ASC [ RunTime:0.000388s ]
[2021-07-12T00:55:57+08:00][sql] SELECT * FROM `mall_system_menu` WHERE  `status` = 0  AND `pid` = 28 ORDER BY `sort` ASC [ RunTime:0.000317s ]
[2021-07-12T00:55:57+08:00][sql] SELECT * FROM `mall_system_menu` WHERE  `status` = 0  AND `pid` = 29 ORDER BY `sort` ASC [ RunTime:0.000281s ]
[2021-07-12T00:55:57+08:00][sql] SELECT * FROM `mall_system_menu` WHERE  `status` = 0  AND `pid` = 120 ORDER BY `sort` ASC [ RunTime:0.000323s ]
[2021-07-12T00:55:57+08:00][sql] SELECT * FROM `mall_system_menu` WHERE  `status` = 0  AND `pid` = 30 ORDER BY `sort` ASC [ RunTime:0.000353s ]
[2021-07-12T00:55:57+08:00][sql] SELECT * FROM `mall_system_menu` WHERE  `status` = 0  AND `pid` = 31 ORDER BY `sort` ASC [ RunTime:0.000298s ]
[2021-07-12T00:55:57+08:00][sql] SELECT * FROM `mall_system_menu` WHERE  `status` = 0  AND `pid` = 32 ORDER BY `sort` ASC [ RunTime:0.000309s ]
[2021-07-12T00:55:57+08:00][sql] SELECT * FROM `mall_system_menu` WHERE  `status` = 0  AND `pid` = 156 ORDER BY `sort` ASC [ RunTime:0.000279s ]
[2021-07-12T00:55:57+08:00][sql] SELECT * FROM `mall_system_menu` WHERE  `status` = 0  AND `pid` = 157 ORDER BY `sort` ASC [ RunTime:0.000298s ]
[2021-07-12T00:55:57+08:00][sql] SELECT * FROM `mall_system_menu` WHERE  `status` = 0  AND `pid` = 94 ORDER BY `sort` ASC [ RunTime:0.000302s ]
[2021-07-12T00:55:57+08:00][sql] SELECT * FROM `mall_system_menu` WHERE  `status` = 0  AND `pid` = 95 ORDER BY `sort` ASC [ RunTime:0.000303s ]
[2021-07-12T00:55:57+08:00][sql] SELECT * FROM `mall_system_menu` WHERE  `status` = 0  AND `pid` = 96 ORDER BY `sort` ASC [ RunTime:0.000289s ]
[2021-07-12T00:55:57+08:00][sql] SELECT * FROM `mall_system_menu` WHERE  `status` = 0  AND `pid` = 154 ORDER BY `sort` ASC [ RunTime:0.000275s ]
[2021-07-12T00:55:57+08:00][sql] SELECT * FROM `mall_system_menu` WHERE  `status` = 0  AND `pid` = 33 ORDER BY `sort` ASC [ RunTime:0.000311s ]
[2021-07-12T00:55:57+08:00][sql] SELECT * FROM `mall_system_menu` WHERE  `status` = 0  AND `pid` = 34 ORDER BY `sort` ASC [ RunTime:0.000313s ]
[2021-07-12T00:55:57+08:00][sql] SELECT * FROM `mall_system_menu` WHERE  `status` = 0  AND `pid` = 97 ORDER BY `sort` ASC [ RunTime:0.000285s ]
[2021-07-12T00:55:57+08:00][sql] SELECT * FROM `mall_system_menu` WHERE  `status` = 0  AND `pid` = 35 ORDER BY `sort` ASC [ RunTime:0.000270s ]
[2021-07-12T00:55:57+08:00][sql] SELECT * FROM `mall_system_menu` WHERE  `status` = 0  AND `pid` = 125 ORDER BY `sort` ASC [ RunTime:0.000302s ]
[2021-07-12T00:55:57+08:00][sql] SELECT * FROM `mall_system_menu` WHERE  `status` = 0  AND `pid` = 36 ORDER BY `sort` ASC [ RunTime:0.000294s ]
[2021-07-12T00:55:57+08:00][sql] SELECT * FROM `mall_system_menu` WHERE  `status` = 0  AND `pid` = 37 ORDER BY `sort` ASC [ RunTime:0.000277s ]
[2021-07-12T00:55:57+08:00][sql] SELECT * FROM `mall_system_menu` WHERE  `status` = 0  AND `pid` = 121 ORDER BY `sort` ASC [ RunTime:0.000350s ]
[2021-07-12T00:55:57+08:00][sql] SELECT * FROM `mall_system_menu` WHERE  `status` = 0  AND `pid` = 122 ORDER BY `sort` ASC [ RunTime:0.000286s ]
[2021-07-12T00:55:57+08:00][sql] SELECT * FROM `mall_system_menu` WHERE  `status` = 0  AND `pid` = 123 ORDER BY `sort` ASC [ RunTime:0.000277s ]
[2021-07-12T00:55:57+08:00][sql] SELECT * FROM `mall_system_menu` WHERE  `status` = 0  AND `pid` = 144 ORDER BY `sort` ASC [ RunTime:0.000272s ]
[2021-07-12T00:55:57+08:00][sql] SELECT * FROM `mall_system_users` WHERE  `id` = 1 LIMIT 1 [ RunTime:0.000253s ]
[2021-07-12T00:55:57+08:00][sql] SELECT * FROM `mall_system_manage` WHERE  `id` = 1 LIMIT 1 [ RunTime:0.000221s ]
[2021-07-12T00:55:57+08:00][sql] SELECT * FROM `mall_system_users` WHERE  `id` = 1 LIMIT 1 [ RunTime:0.000228s ]
[2021-07-12T00:55:57+08:00][sql] SELECT * FROM `mall_system_manage` WHERE  `id` = 1 LIMIT 1 [ RunTime:0.000219s ]
[2021-07-12T00:55:57+08:00][sql] SHOW FULL COLUMNS FROM `mall_users_group` [ RunTime:0.002012s ]
[2021-07-12T00:55:57+08:00][sql] SHOW FULL COLUMNS FROM `mall_users` [ RunTime:0.002642s ]
[2021-07-12T00:55:57+08:00][sql] SELECT COUNT(*) AS think_count FROM `mall_users` `users` LEFT JOIN `mall_users_group` `group` ON `users`.`group_id`=`group`.`id` WHERE  ( (users.is_spread=1 || users.spread_time > 0) ) [ RunTime:0.000314s ]
[2021-07-12T00:55:57+08:00][sql] SELECT COUNT(*) AS think_count FROM `mall_users` `users` LEFT JOIN `mall_users_group` `group` ON `users`.`group_id`=`group`.`id` WHERE  ( (users.is_spread=1 || users.spread_time > 0) ) [ RunTime:0.000265s ]
[2021-07-12T00:55:57+08:00][sql] SELECT `users`.`id`,`users`.`group_id`,`users`.`username`,`users`.`password`,`users`.`email`,`users`.`avatar`,`users`.`nickname`,`users`.`realname`,`users`.`mobile`,`users`.`birthday`,`users`.`sex`,`users`.`exp`,`users`.`point`,`users`.`status`,`users`.`tags`,`users`.`is_spread`,`users`.`spread_id`,`users`.`spread_time`,`users`.`pay_count`,`users`.`spread_count`,`users`.`amount`,`users`.`spread_amount`,`users`.`sign_count`,`users`.`create_ip`,`users`.`last_ip`,`users`.`create_time`,`users`.`last_login`,`group`.`id` AS `group__id`,`group`.`name` AS `group__name`,`group`.`discount` AS `group__discount`,`group`.`minexp` AS `group__minexp`,`group`.`maxexp` AS `group__maxexp` FROM `mall_users` `users` LEFT JOIN `mall_users_group` `group` ON `users`.`group_id`=`group`.`id` WHERE  ( (users.is_spread=1 || users.spread_time > 0) ) ORDER BY `users`.`id` DESC LIMIT 0,10 [ RunTime:0.000441s ]
[2021-07-12T00:55:57+08:00][sql] SHOW FULL COLUMNS FROM `mall_wechat_users` [ RunTime:0.002299s ]
[2021-07-12T00:55:57+08:00][sql] SELECT * FROM `mall_wechat_users` WHERE  `user_id` = 2 LIMIT 1 [ RunTime:0.000351s ]
[2021-07-12T00:55:57+08:00][sql] SELECT * FROM `mall_wechat_users` WHERE  `user_id` = 1 LIMIT 1 [ RunTime:0.000286s ]
[2021-07-12T00:55:57+08:00][sql] SELECT * FROM `mall_wechat_users` WHERE  `user_id` = 2 LIMIT 1 [ RunTime:0.000286s ]
[2021-07-12T00:55:57+08:00][sql] SHOW FULL COLUMNS FROM `mall_users_log` [ RunTime:0.099763s ]
[2021-07-12T00:55:57+08:00][sql] SELECT SUM(amount) as count FROM `mall_users_log` WHERE  `user_id` = 2  AND `action` = 4  AND `operation` = 0 LIMIT 1 [ RunTime:0.000525s ]
[2021-07-12T00:55:57+08:00][sql] SELECT COUNT(*) AS think_count FROM `mall_users_log` WHERE  `user_id` = 2  AND `action` = 4  AND `operation` = 0 [ RunTime:0.000354s ]
[2021-07-12T00:55:57+08:00][sql] SHOW FULL COLUMNS FROM `mall_users_withdraw_log` [ RunTime:0.002685s ]
[2021-07-12T00:55:57+08:00][sql] SELECT SUM(price) as count FROM `mall_users_withdraw_log` WHERE  `user_id` = 2  AND `status` = 1 LIMIT 1 [ RunTime:0.000297s ]
[2021-07-12T00:55:57+08:00][sql] SHOW FULL COLUMNS FROM `mall_order` [ RunTime:0.133862s ]
[2021-07-12T00:55:57+08:00][sql] SELECT SUM(`order_amount`) AS think_sum FROM `mall_order` `o` LEFT JOIN `mall_users_log` `ul` ON `o`.`order_no`=`ul`.`order_no` WHERE  `ul`.`user_id` = 2  AND `ul`.`action` = 4  AND `ul`.`operation` = 0 [ RunTime:0.058062s ]
[2021-07-12T00:55:57+08:00][sql] SELECT * FROM `mall_wechat_users` WHERE  `user_id` = 1 LIMIT 1 [ RunTime:0.000551s ]
[2021-07-12T00:55:57+08:00][sql] SELECT SUM(amount) as count FROM `mall_users_log` WHERE  `user_id` = 1  AND `action` = 4  AND `operation` = 0 LIMIT 1 [ RunTime:0.000395s ]
[2021-07-12T00:55:57+08:00][sql] SELECT COUNT(*) AS think_count FROM `mall_users_log` WHERE  `user_id` = 1  AND `action` = 4  AND `operation` = 0 [ RunTime:0.000392s ]
[2021-07-12T00:55:57+08:00][sql] SELECT SUM(price) as count FROM `mall_users_withdraw_log` WHERE  `user_id` = 1  AND `status` = 1 LIMIT 1 [ RunTime:0.000269s ]
[2021-07-12T00:55:57+08:00][sql] SELECT SUM(`order_amount`) AS think_sum FROM `mall_order` `o` LEFT JOIN `mall_users_log` `ul` ON `o`.`order_no`=`ul`.`order_no` WHERE  `ul`.`user_id` = 1  AND `ul`.`action` = 4  AND `ul`.`operation` = 0 [ RunTime:0.000328s ]
[2021-07-12T00:55:58+08:00][sql] CONNECT:[ UseTime:0.000365s ] mysql:host=127.0.0.1;port=3306;dbname=a3mall-pro;charset=utf8mb4
[2021-07-12T00:55:58+08:00][sql] SHOW FULL COLUMNS FROM `mall_system_users` [ RunTime:0.002119s ]
[2021-07-12T00:55:58+08:00][sql] SELECT * FROM `mall_system_users` WHERE  `id` = 1 LIMIT 1 [ RunTime:0.000417s ]
[2021-07-12T00:55:58+08:00][sql] SHOW FULL COLUMNS FROM `mall_system_manage` [ RunTime:0.001984s ]
[2021-07-12T00:55:58+08:00][sql] SELECT * FROM `mall_system_manage` WHERE  `id` = 1 LIMIT 1 [ RunTime:0.000294s ]
[2021-07-12T00:55:58+08:00][sql] SHOW FULL COLUMNS FROM `mall_system_menu` [ RunTime:0.002037s ]
[2021-07-12T00:55:58+08:00][sql] SELECT * FROM `mall_system_menu` WHERE  `status` = 0  AND `pid` = 0 ORDER BY `sort` ASC [ RunTime:0.001001s ]
[2021-07-12T00:55:58+08:00][sql] SELECT * FROM `mall_system_menu` WHERE  ( status=0 AND ((controller="common.ajax" AND method="get_users") OR (controller="common.ajax" AND FIND_IN_SET("get_users",active))) ) LIMIT 1 [ RunTime:0.000462s ]
[2021-07-12T00:55:58+08:00][sql] SHOW FULL COLUMNS FROM `mall_users_group` [ RunTime:0.002149s ]
[2021-07-12T00:55:58+08:00][sql] SELECT * FROM `mall_users_group` [ RunTime:0.000256s ]
[2021-07-12T00:55:58+08:00][sql] SHOW FULL COLUMNS FROM `mall_users_tags` [ RunTime:0.002002s ]
[2021-07-12T00:55:58+08:00][sql] SELECT * FROM `mall_users_tags` [ RunTime:0.000242s ]
[2021-07-12T00:55:58+08:00][sql] CONNECT:[ UseTime:0.000382s ] mysql:host=127.0.0.1;port=3306;dbname=a3mall-pro;charset=utf8mb4
[2021-07-12T00:55:58+08:00][sql] SHOW FULL COLUMNS FROM `mall_system_users` [ RunTime:0.003140s ]
[2021-07-12T00:55:58+08:00][sql] SELECT * FROM `mall_system_users` WHERE  `id` = 1 LIMIT 1 [ RunTime:0.000374s ]
[2021-07-12T00:55:58+08:00][sql] SHOW FULL COLUMNS FROM `mall_system_manage` [ RunTime:0.001968s ]
[2021-07-12T00:55:58+08:00][sql] SELECT * FROM `mall_system_manage` WHERE  `id` = 1 LIMIT 1 [ RunTime:0.000375s ]
[2021-07-12T00:55:58+08:00][sql] SHOW FULL COLUMNS FROM `mall_system_menu` [ RunTime:0.002403s ]
[2021-07-12T00:55:58+08:00][sql] SELECT * FROM `mall_system_menu` WHERE  `status` = 0  AND `pid` = 0 ORDER BY `sort` ASC [ RunTime:0.000514s ]
[2021-07-12T00:55:58+08:00][sql] SELECT * FROM `mall_system_menu` WHERE  ( status=0 AND ((controller="common.ajax" AND method="get_users") OR (controller="common.ajax" AND FIND_IN_SET("get_users",active))) ) LIMIT 1 [ RunTime:0.000515s ]
[2021-07-12T00:55:58+08:00][sql] SHOW FULL COLUMNS FROM `mall_users_group` [ RunTime:0.002084s ]
[2021-07-12T00:55:58+08:00][sql] SHOW FULL COLUMNS FROM `mall_users` [ RunTime:0.002003s ]
[2021-07-12T00:55:58+08:00][sql] SELECT COUNT(*) AS think_count FROM `mall_users` `users` LEFT JOIN `mall_users_group` `group` ON `users`.`group_id`=`group`.`id` WHERE  `users`.`is_spread` = 0 [ RunTime:0.000317s ]
[2021-07-12T00:55:58+08:00][sql] SELECT COUNT(*) AS think_count FROM `mall_users` `users` LEFT JOIN `mall_users_group` `group` ON `users`.`group_id`=`group`.`id` WHERE  `users`.`is_spread` = 0 [ RunTime:0.000296s ]
[2021-07-12T00:55:58+08:00][sql] SELECT `users`.`id`,`users`.`group_id`,`users`.`username`,`users`.`password`,`users`.`email`,`users`.`avatar`,`users`.`nickname`,`users`.`realname`,`users`.`mobile`,`users`.`birthday`,`users`.`sex`,`users`.`exp`,`users`.`point`,`users`.`status`,`users`.`tags`,`users`.`is_spread`,`users`.`spread_id`,`users`.`spread_time`,`users`.`pay_count`,`users`.`spread_count`,`users`.`amount`,`users`.`spread_amount`,`users`.`sign_count`,`users`.`create_ip`,`users`.`last_ip`,`users`.`create_time`,`users`.`last_login`,`group`.`id` AS `group__id`,`group`.`name` AS `group__name`,`group`.`discount` AS `group__discount`,`group`.`minexp` AS `group__minexp`,`group`.`maxexp` AS `group__maxexp` FROM `mall_users` `users` LEFT JOIN `mall_users_group` `group` ON `users`.`group_id`=`group`.`id` WHERE  `users`.`is_spread` = 0 ORDER BY `users`.`id` DESC LIMIT 0,10 [ RunTime:0.000336s ]
[2021-07-12T01:27:19+08:00][sql] CONNECT:[ UseTime:0.000366s ] mysql:host=127.0.0.1;port=3306;dbname=a3mall-pro;charset=utf8mb4
[2021-07-12T01:27:19+08:00][sql] SHOW FULL COLUMNS FROM `mall_system_users` [ RunTime:0.002267s ]
[2021-07-12T01:27:19+08:00][sql] SELECT * FROM `mall_system_users` WHERE  `id` = 1 LIMIT 1 [ RunTime:0.016103s ]
[2021-07-12T01:27:19+08:00][sql] SHOW FULL COLUMNS FROM `mall_system_manage` [ RunTime:0.003302s ]
[2021-07-12T01:27:19+08:00][sql] SELECT * FROM `mall_system_manage` WHERE  `id` = 1 LIMIT 1 [ RunTime:0.000390s ]
[2021-07-12T01:27:19+08:00][sql] SHOW FULL COLUMNS FROM `mall_system_menu` [ RunTime:0.002830s ]
[2021-07-12T01:27:19+08:00][sql] SELECT * FROM `mall_system_menu` WHERE  `status` = 0  AND `pid` = 0 ORDER BY `sort` ASC [ RunTime:0.000448s ]
[2021-07-12T01:27:19+08:00][sql] SELECT * FROM `mall_system_menu` WHERE  ( status=0 AND ((controller="platform.shop" AND method="select") OR (controller="platform.shop" AND FIND_IN_SET("select",active))) ) LIMIT 1 [ RunTime:0.000423s ]
[2021-07-12T01:27:19+08:00][sql] SELECT * FROM `mall_system_menu` WHERE  `status` = 0  AND `pid` = 115 ORDER BY `sort` ASC [ RunTime:0.000390s ]
[2021-07-12T01:27:19+08:00][sql] SELECT * FROM `mall_system_menu` WHERE  `status` = 0  AND `pid` = 116 ORDER BY `sort` ASC [ RunTime:0.000358s ]
[2021-07-12T01:27:19+08:00][sql] SELECT * FROM `mall_system_menu` WHERE  `status` = 0  AND `pid` = 155 ORDER BY `sort` ASC [ RunTime:0.000342s ]
[2021-07-12T01:27:19+08:00][sql] SELECT * FROM `mall_system_users` WHERE  `id` = 1 LIMIT 1 [ RunTime:0.000280s ]
[2021-07-12T01:27:19+08:00][sql] SELECT * FROM `mall_system_manage` WHERE  `id` = 1 LIMIT 1 [ RunTime:0.000256s ]
[2021-07-12T01:27:19+08:00][sql] SELECT * FROM `mall_system_users` WHERE  `id` = 1 LIMIT 1 [ RunTime:0.000241s ]
[2021-07-12T01:27:19+08:00][sql] SELECT * FROM `mall_system_manage` WHERE  `id` = 1 LIMIT 1 [ RunTime:0.000223s ]
[2021-07-12T01:27:19+08:00][sql] SHOW FULL COLUMNS FROM `mall_pages_type` [ RunTime:0.042131s ]
[2021-07-12T01:27:19+08:00][sql] SELECT * FROM `mall_pages_type` WHERE  `type` IN ('h5','mini','app') [ RunTime:0.027460s ]
[2021-07-12T01:27:21+08:00][sql] CONNECT:[ UseTime:0.000352s ] mysql:host=127.0.0.1;port=3306;dbname=a3mall-pro;charset=utf8mb4
[2021-07-12T01:27:21+08:00][sql] SHOW FULL COLUMNS FROM `mall_system_users` [ RunTime:0.003113s ]
[2021-07-12T01:27:21+08:00][sql] SELECT * FROM `mall_system_users` WHERE  `id` = 1 LIMIT 1 [ RunTime:0.000372s ]
[2021-07-12T01:27:21+08:00][sql] SHOW FULL COLUMNS FROM `mall_system_manage` [ RunTime:0.002011s ]
[2021-07-12T01:27:21+08:00][sql] SELECT * FROM `mall_system_manage` WHERE  `id` = 1 LIMIT 1 [ RunTime:0.000354s ]
[2021-07-12T01:27:21+08:00][sql] SHOW FULL COLUMNS FROM `mall_system_menu` [ RunTime:0.002210s ]
[2021-07-12T01:27:21+08:00][sql] SELECT * FROM `mall_system_menu` WHERE  `status` = 0  AND `pid` = 0 ORDER BY `sort` ASC [ RunTime:0.000410s ]
[2021-07-12T01:27:21+08:00][sql] SELECT * FROM `mall_system_menu` WHERE  ( status=0 AND ((controller="platform.shop" AND method="manage") OR (controller="platform.shop" AND FIND_IN_SET("manage",active))) ) LIMIT 1 [ RunTime:0.000413s ]
[2021-07-12T01:27:21+08:00][sql] SELECT * FROM `mall_system_menu` WHERE  `status` = 0  AND `pid` = 115 ORDER BY `sort` ASC [ RunTime:0.000360s ]
[2021-07-12T01:27:21+08:00][sql] SELECT * FROM `mall_system_menu` WHERE  `status` = 0  AND `pid` = 116 ORDER BY `sort` ASC [ RunTime:0.000311s ]
[2021-07-12T01:27:21+08:00][sql] SELECT * FROM `mall_system_menu` WHERE  `status` = 0  AND `pid` = 155 ORDER BY `sort` ASC [ RunTime:0.000283s ]
[2021-07-12T01:27:21+08:00][sql] SELECT * FROM `mall_system_users` WHERE  `id` = 1 LIMIT 1 [ RunTime:0.000249s ]
[2021-07-12T01:27:21+08:00][sql] SELECT * FROM `mall_system_manage` WHERE  `id` = 1 LIMIT 1 [ RunTime:0.000237s ]
[2021-07-12T01:27:21+08:00][sql] SELECT * FROM `mall_system_users` WHERE  `id` = 1 LIMIT 1 [ RunTime:0.000224s ]
[2021-07-12T01:27:21+08:00][sql] SELECT * FROM `mall_system_manage` WHERE  `id` = 1 LIMIT 1 [ RunTime:0.000207s ]
[2021-07-12T01:27:21+08:00][sql] SHOW FULL COLUMNS FROM `mall_pages` [ RunTime:0.003665s ]
[2021-07-12T01:27:21+08:00][sql] SELECT * FROM `mall_pages` WHERE  `code` = 'home'  AND `type` = 'mini' LIMIT 1 [ RunTime:0.029964s ]
[2021-07-12T01:27:21+08:00][sql] SHOW FULL COLUMNS FROM `mall_pages_widget` [ RunTime:0.003450s ]
[2021-07-12T01:27:21+08:00][sql] SHOW FULL COLUMNS FROM `mall_pages_relation` [ RunTime:0.002493s ]
[2021-07-12T01:27:21+08:00][sql] SELECT * FROM `mall_pages_relation` WHERE  `type` = 'mini' LIMIT 1 [ RunTime:0.000998s ]
[2021-07-12T01:27:21+08:00][sql] SELECT * FROM `mall_pages_widget` WHERE  `id` IN (1,2,3,4,5,6,7,8,9,10,11,12,13,14,15,17,18,20) [ RunTime:0.001534s ]
[2021-07-12T01:27:21+08:00][sql] SELECT * FROM `mall_pages` WHERE  `id` = 3 LIMIT 1 [ RunTime:0.000681s ]
[2021-07-12T01:27:21+08:00][sql] SHOW FULL COLUMNS FROM `mall_pages_items` [ RunTime:0.002997s ]
[2021-07-12T01:27:21+08:00][sql] SELECT * FROM `mall_pages_items` WHERE  `pid` = 3 ORDER BY `position_id` ASC [ RunTime:0.037359s ]
[2021-07-12T01:27:21+08:00][sql] SHOW FULL COLUMNS FROM `mall_setting` [ RunTime:0.003737s ]
[2021-07-12T01:27:21+08:00][sql] SELECT `value` FROM `mall_setting` WHERE  `name` = 'upload' LIMIT 1 [ RunTime:0.029389s ]
[2021-07-12T01:27:21+08:00][sql] SELECT `value` FROM `mall_setting` WHERE  `name` = 'upload' LIMIT 1 [ RunTime:0.000584s ]
[2021-07-12T01:27:21+08:00][sql] SELECT `value` FROM `mall_setting` WHERE  `name` = 'upload' LIMIT 1 [ RunTime:0.000493s ]
[2021-07-12T01:27:21+08:00][sql] SELECT `value` FROM `mall_setting` WHERE  `name` = 'upload' LIMIT 1 [ RunTime:0.000482s ]
[2021-07-12T01:27:21+08:00][sql] SELECT `value` FROM `mall_setting` WHERE  `name` = 'upload' LIMIT 1 [ RunTime:0.000393s ]
[2021-07-12T01:27:21+08:00][sql] SELECT `value` FROM `mall_setting` WHERE  `name` = 'upload' LIMIT 1 [ RunTime:0.000333s ]
[2021-07-12T01:27:21+08:00][sql] SELECT `value` FROM `mall_setting` WHERE  `name` = 'upload' LIMIT 1 [ RunTime:0.000314s ]
[2021-07-12T01:27:21+08:00][sql] SELECT `value` FROM `mall_setting` WHERE  `name` = 'upload' LIMIT 1 [ RunTime:0.000306s ]
[2021-07-12T01:27:21+08:00][sql] SELECT `value` FROM `mall_setting` WHERE  `name` = 'upload' LIMIT 1 [ RunTime:0.000287s ]
[2021-07-12T01:27:21+08:00][sql] SELECT `value` FROM `mall_setting` WHERE  `name` = 'upload' LIMIT 1 [ RunTime:0.000265s ]
[2021-07-12T01:27:21+08:00][sql] SELECT `value` FROM `mall_setting` WHERE  `name` = 'upload' LIMIT 1 [ RunTime:0.000228s ]
[2021-07-12T01:27:21+08:00][sql] SHOW FULL COLUMNS FROM `mall_promotion_second` [ RunTime:0.002993s ]
[2021-07-12T01:27:21+08:00][sql] SELECT `pg`.`id`,`pg`.`title`,`pg`.`goods_id`,`pg`.`sell_price`,`pg`.`start_time`,`pg`.`end_time`,`g`.`photo` FROM `mall_promotion_second` `pg` LEFT JOIN `mall_goods` `g` ON `pg`.`goods_id`=`g`.`id` WHERE  `pg`.`status` = 0  AND `g`.`status` = 0  AND `pg`.`id` IN ('1','2') [ RunTime:0.067327s ]
[2021-07-12T01:27:21+08:00][sql] SELECT `value` FROM `mall_setting` WHERE  `name` = 'upload' LIMIT 1 [ RunTime:0.000590s ]
[2021-07-12T01:27:21+08:00][sql] SELECT `value` FROM `mall_setting` WHERE  `name` = 'upload' LIMIT 1 [ RunTime:0.000490s ]
[2021-07-12T01:27:21+08:00][sql] SELECT `value` FROM `mall_setting` WHERE  `name` = 'upload' LIMIT 1 [ RunTime:0.000487s ]
[2021-07-12T01:27:21+08:00][sql] SELECT `value` FROM `mall_setting` WHERE  `name` = 'upload' LIMIT 1 [ RunTime:0.000523s ]
[2021-07-12T01:27:21+08:00][sql] SELECT `value` FROM `mall_setting` WHERE  `name` = 'upload' LIMIT 1 [ RunTime:0.000382s ]
[2021-07-12T01:27:21+08:00][sql] SELECT `value` FROM `mall_setting` WHERE  `name` = 'upload' LIMIT 1 [ RunTime:0.000386s ]
[2021-07-12T01:27:21+08:00][sql] SHOW FULL COLUMNS FROM `mall_goods` [ RunTime:0.002487s ]
[2021-07-12T01:27:21+08:00][sql] SELECT `id`,`cat_id`,`title`,`goods_number`,`goods_weight`,`sell_price`,`market_price`,`store_nums`,`photo`,`briefly`,`status`,`visit`,`favorite`,`sale` FROM `mall_goods` WHERE  `status` = 0 ORDER BY `sale` DESC LIMIT 10 [ RunTime:0.015661s ]
[2021-07-12T01:27:21+08:00][sql] SELECT `value` FROM `mall_setting` WHERE  `name` = 'upload' LIMIT 1 [ RunTime:0.000576s ]
[2021-07-12T01:27:21+08:00][sql] SELECT `value` FROM `mall_setting` WHERE  `name` = 'upload' LIMIT 1 [ RunTime:0.000377s ]
[2021-07-12T01:27:21+08:00][sql] SELECT `value` FROM `mall_setting` WHERE  `name` = 'upload' LIMIT 1 [ RunTime:0.000355s ]
[2021-07-12T01:27:21+08:00][sql] SELECT `value` FROM `mall_setting` WHERE  `name` = 'upload' LIMIT 1 [ RunTime:0.000291s ]
[2021-07-12T01:27:21+08:00][sql] SELECT `value` FROM `mall_setting` WHERE  `name` = 'upload' LIMIT 1 [ RunTime:0.000318s ]
[2021-07-12T01:27:21+08:00][sql] SELECT `value` FROM `mall_setting` WHERE  `name` = 'upload' LIMIT 1 [ RunTime:0.000339s ]
[2021-07-12T01:27:21+08:00][sql] SELECT `value` FROM `mall_setting` WHERE  `name` = 'upload' LIMIT 1 [ RunTime:0.000240s ]
[2021-07-12T01:27:21+08:00][sql] SELECT `value` FROM `mall_setting` WHERE  `name` = 'upload' LIMIT 1 [ RunTime:0.000207s ]
[2021-07-12T01:27:21+08:00][sql] SELECT `value` FROM `mall_setting` WHERE  `name` = 'upload' LIMIT 1 [ RunTime:0.000212s ]
[2021-07-12T01:27:21+08:00][sql] SELECT `value` FROM `mall_setting` WHERE  `name` = 'upload' LIMIT 1 [ RunTime:0.000284s ]
[2021-07-12T01:27:21+08:00][sql] SELECT `value` FROM `mall_setting` WHERE  `name` = 'upload' LIMIT 1 [ RunTime:0.000284s ]
[2021-07-12T01:27:21+08:00][sql] SELECT `value` FROM `mall_setting` WHERE  `name` = 'upload' LIMIT 1 [ RunTime:0.000218s ]
[2021-07-12T01:27:21+08:00][sql] SELECT `value` FROM `mall_setting` WHERE  `name` = 'upload' LIMIT 1 [ RunTime:0.000179s ]
[2021-07-12T01:27:21+08:00][sql] SELECT `value` FROM `mall_setting` WHERE  `name` = 'upload' LIMIT 1 [ RunTime:0.000195s ]
[2021-07-12T01:27:21+08:00][sql] SELECT `value` FROM `mall_setting` WHERE  `name` = 'upload' LIMIT 1 [ RunTime:0.000203s ]
[2021-07-12T01:27:21+08:00][sql] SELECT `value` FROM `mall_setting` WHERE  `name` = 'upload' LIMIT 1 [ RunTime:0.000190s ]
[2021-07-12T01:27:21+08:00][sql] SELECT `value` FROM `mall_setting` WHERE  `name` = 'upload' LIMIT 1 [ RunTime:0.000178s ]
[2021-07-12T01:27:21+08:00][sql] SELECT `value` FROM `mall_setting` WHERE  `name` = 'upload' LIMIT 1 [ RunTime:0.000183s ]
[2021-07-12T01:27:21+08:00][sql] SELECT `value` FROM `mall_setting` WHERE  `name` = 'upload' LIMIT 1 [ RunTime:0.000202s ]
[2021-07-12T01:27:21+08:00][sql] SELECT `value` FROM `mall_setting` WHERE  `name` = 'upload' LIMIT 1 [ RunTime:0.000195s ]
[2021-07-12T01:27:21+08:00][sql] SHOW FULL COLUMNS FROM `mall_category` [ RunTime:0.003397s ]
[2021-07-12T01:27:21+08:00][sql] SELECT * FROM `mall_category` WHERE  `status` = 0  AND `module` = 'goods' [ RunTime:0.052856s ]
[2021-07-12T01:27:21+08:00][sql] SELECT * FROM `mall_category` WHERE  `status` = 0  AND `module` = 'article' [ RunTime:0.000582s ]
[2021-07-12T01:27:21+08:00][sql] SHOW FULL COLUMNS FROM `mall_products_brand` [ RunTime:0.003432s ]
[2021-07-12T01:27:21+08:00][sql] SELECT * FROM `mall_products_brand` WHERE  `status` = 0 [ RunTime:0.001368s ]
[2021-07-12T01:27:21+08:00][sql] SELECT `value` FROM `mall_setting` WHERE  `name` = 'upload' LIMIT 1 [ RunTime:0.000351s ]
[2021-07-12T01:27:21+08:00][sql] SELECT * FROM `mall_pages` WHERE  `is_lock` = 0  AND `type` = 'mini' [ RunTime:0.000308s ]
