[2021-07-31T19:30:57+08:00][sql] CONNECT:[ UseTime:0.000899s ] mysql:host=127.0.0.1;port=3306;dbname=a3mall-pro;charset=utf8mb4
[2021-07-31T19:30:57+08:00][sql] SHOW FULL COLUMNS FROM `mall_system_users` [ RunTime:0.143948s ]
[2021-07-31T19:30:57+08:00][sql] SELECT * FROM `mall_system_users` WHERE  `username` = 'admin' LIMIT 1 [ RunTime:0.000747s ]
[2021-07-31T19:30:57+08:00][sql] UPDATE `mall_system_users`  SET `count` = 1281 , `time` = 1627731056 , `ip` = '127.0.0.1'  WHERE  `id` = 1 [ RunTime:0.042792s ]
[2021-07-31T19:30:57+08:00][sql] SHOW FULL COLUMNS FROM `mall_system_manage` [ RunTime:0.025680s ]
[2021-07-31T19:30:57+08:00][sql] SELECT COUNT(*) AS think_count FROM `mall_system_manage` WHERE  `id` = 1  AND `status` = 0 [ RunTime:0.000391s ]
[2021-07-31T19:30:57+08:00][sql] SHOW FULL COLUMNS FROM `mall_system_users_log` [ RunTime:0.003789s ]
[2021-07-31T19:30:57+08:00][sql] INSERT INTO `mall_system_users_log` SET `user_id` = 1 , `intro` = '状态：用户 [ admin ] 登录成功 时间：2021-07-31 19:30:57 登录地点：127.0.0.1' , `ip` = '127.0.0.1' , `time` = 1627731057 [ RunTime:0.027506s ]
[2021-07-31T19:31:00+08:00][sql] CONNECT:[ UseTime:0.000366s ] mysql:host=127.0.0.1;port=3306;dbname=a3mall-pro;charset=utf8mb4
[2021-07-31T19:31:00+08:00][sql] SHOW FULL COLUMNS FROM `mall_system_users` [ RunTime:0.003529s ]
[2021-07-31T19:31:00+08:00][sql] SELECT * FROM `mall_system_users` WHERE  `id` = 1 LIMIT 1 [ RunTime:0.000447s ]
[2021-07-31T19:31:00+08:00][sql] SHOW FULL COLUMNS FROM `mall_system_manage` [ RunTime:0.002242s ]
[2021-07-31T19:31:00+08:00][sql] SELECT * FROM `mall_system_manage` WHERE  `id` = 1 LIMIT 1 [ RunTime:0.000352s ]
[2021-07-31T19:31:00+08:00][sql] SHOW FULL COLUMNS FROM `mall_system_menu` [ RunTime:0.038650s ]
[2021-07-31T19:31:00+08:00][sql] SELECT * FROM `mall_system_menu` WHERE  `status` = 0  AND `pid` = 0 ORDER BY `sort` ASC [ RunTime:0.000583s ]
[2021-07-31T19:31:00+08:00][sql] SELECT * FROM `mall_system_menu` WHERE  ( status=0 AND ((controller="platform.index" AND method="index") OR (controller="platform.index" AND FIND_IN_SET("index",active))) ) LIMIT 1 [ RunTime:0.000586s ]
[2021-07-31T19:31:00+08:00][sql] SELECT * FROM `mall_system_menu` WHERE  `status` = 0  AND `pid` = 1 ORDER BY `sort` ASC [ RunTime:0.000528s ]
[2021-07-31T19:31:00+08:00][sql] SELECT * FROM `mall_system_menu` WHERE  `status` = 0  AND `pid` = 8 ORDER BY `sort` ASC [ RunTime:0.000565s ]
[2021-07-31T19:31:00+08:00][sql] SELECT * FROM `mall_system_menu` WHERE  `status` = 0  AND `pid` = 9 ORDER BY `sort` ASC [ RunTime:0.000428s ]
[2021-07-31T19:31:00+08:00][sql] SELECT * FROM `mall_system_menu` WHERE  `status` = 0  AND `pid` = 10 ORDER BY `sort` ASC [ RunTime:0.000371s ]
[2021-07-31T19:31:00+08:00][sql] SELECT * FROM `mall_system_menu` WHERE  `status` = 0  AND `pid` = 11 ORDER BY `sort` ASC [ RunTime:0.000358s ]
[2021-07-31T19:31:00+08:00][sql] SELECT * FROM `mall_system_menu` WHERE  `status` = 0  AND `pid` = 79 ORDER BY `sort` ASC [ RunTime:0.000373s ]
[2021-07-31T19:31:00+08:00][sql] SELECT * FROM `mall_system_menu` WHERE  `status` = 0  AND `pid` = 80 ORDER BY `sort` ASC [ RunTime:0.000397s ]
[2021-07-31T19:31:00+08:00][sql] SELECT * FROM `mall_system_menu` WHERE  `status` = 0  AND `pid` = 81 ORDER BY `sort` ASC [ RunTime:0.000422s ]
[2021-07-31T19:31:00+08:00][sql] SELECT * FROM `mall_system_menu` WHERE  `status` = 0  AND `pid` = 12 ORDER BY `sort` ASC [ RunTime:0.000372s ]
[2021-07-31T19:31:00+08:00][sql] SELECT * FROM `mall_system_menu` WHERE  `status` = 0  AND `pid` = 13 ORDER BY `sort` ASC [ RunTime:0.000438s ]
[2021-07-31T19:31:00+08:00][sql] SELECT * FROM `mall_system_menu` WHERE  `status` = 0  AND `pid` = 14 ORDER BY `sort` ASC [ RunTime:0.000492s ]
[2021-07-31T19:31:00+08:00][sql] SELECT * FROM `mall_system_menu` WHERE  `status` = 0  AND `pid` = 15 ORDER BY `sort` ASC [ RunTime:0.000448s ]
[2021-07-31T19:31:00+08:00][sql] SELECT * FROM `mall_system_menu` WHERE  `status` = 0  AND `pid` = 16 ORDER BY `sort` ASC [ RunTime:0.000384s ]
[2021-07-31T19:31:00+08:00][sql] SELECT * FROM `mall_system_menu` WHERE  `status` = 0  AND `pid` = 17 ORDER BY `sort` ASC [ RunTime:0.000344s ]
[2021-07-31T19:31:00+08:00][sql] SELECT * FROM `mall_system_menu` WHERE  `status` = 0  AND `pid` = 18 ORDER BY `sort` ASC [ RunTime:0.000326s ]
[2021-07-31T19:31:00+08:00][sql] SELECT * FROM `mall_system_menu` WHERE  `status` = 0  AND `pid` = 23 ORDER BY `sort` ASC [ RunTime:0.000303s ]
[2021-07-31T19:31:00+08:00][sql] SELECT * FROM `mall_system_menu` WHERE  `status` = 0  AND `pid` = 24 ORDER BY `sort` ASC [ RunTime:0.000428s ]
[2021-07-31T19:31:00+08:00][sql] SELECT * FROM `mall_system_menu` WHERE  `status` = 0  AND `pid` = 25 ORDER BY `sort` ASC [ RunTime:0.000320s ]
[2021-07-31T19:31:00+08:00][sql] SELECT * FROM `mall_system_menu` WHERE  `status` = 0  AND `pid` = 26 ORDER BY `sort` ASC [ RunTime:0.000336s ]
[2021-07-31T19:31:00+08:00][sql] SELECT * FROM `mall_system_menu` WHERE  `status` = 0  AND `pid` = 21 ORDER BY `sort` ASC [ RunTime:0.000299s ]
[2021-07-31T19:31:00+08:00][sql] SELECT * FROM `mall_system_menu` WHERE  `status` = 0  AND `pid` = 22 ORDER BY `sort` ASC [ RunTime:0.000333s ]
[2021-07-31T19:31:00+08:00][sql] SELECT * FROM `mall_system_users` WHERE  `id` = 1 LIMIT 1 [ RunTime:0.000257s ]
[2021-07-31T19:31:00+08:00][sql] SELECT * FROM `mall_system_manage` WHERE  `id` = 1 LIMIT 1 [ RunTime:0.000238s ]
[2021-07-31T19:31:00+08:00][sql] SELECT * FROM `mall_system_users` WHERE  `id` = 1 LIMIT 1 [ RunTime:0.000238s ]
[2021-07-31T19:31:00+08:00][sql] SELECT * FROM `mall_system_manage` WHERE  `id` = 1 LIMIT 1 [ RunTime:0.000232s ]
[2021-07-31T19:31:00+08:00][sql] SHOW FULL COLUMNS FROM `mall_order` [ RunTime:0.101111s ]
[2021-07-31T19:31:00+08:00][sql] SELECT COUNT(*) AS order_num,order_amount FROM `mall_order` WHERE  ( user_id > 0 AND status=5 ) LIMIT 1 [ RunTime:0.000648s ]
[2021-07-31T19:31:00+08:00][sql] SHOW FULL COLUMNS FROM `mall_users` [ RunTime:0.004248s ]
[2021-07-31T19:31:00+08:00][sql] SELECT COUNT(DISTINCT o.user_id) as count FROM `mall_users` `u` LEFT JOIN `mall_order` `o` ON `o`.`user_id`=`u`.`id` WHERE  ( o.user_id > 0 AND o.status=5 ) LIMIT 1 [ RunTime:0.049988s ]
[2021-07-31T19:31:00+08:00][sql] SELECT SUM(o.order_amount) as total,COUNT(o.id) as count,u.username FROM `mall_order` `o` LEFT JOIN `mall_users` `u` ON `o`.`user_id`=`u`.`id` WHERE  ( o.user_id > 0 AND o.status=5 ) GROUP BY `o`.`user_id` ORDER BY `total` DESC LIMIT 10 [ RunTime:0.000569s ]
[2021-07-31T19:31:00+08:00][sql] SELECT SUM(order_amount) as amount,count(*) as total,create_time,FROM_UNIXTIME(create_time,"%Y%m%d") as days FROM `mall_order` WHERE  `status` IN (2,5) GROUP BY days having create_time >= 1625068800 and create_time <= 1627747199 [ RunTime:0.031691s ]
[2021-07-31T19:31:00+08:00][sql] SELECT COUNT(*) AS think_count FROM `mall_order` [ RunTime:0.000782s ]
[2021-07-31T19:31:00+08:00][sql] SHOW FULL COLUMNS FROM `mall_goods` [ RunTime:0.036960s ]
[2021-07-31T19:31:00+08:00][sql] SELECT COUNT(*) AS think_count FROM `mall_goods` [ RunTime:0.001039s ]
[2021-07-31T19:31:00+08:00][sql] SELECT COUNT(*) AS think_count FROM `mall_users` [ RunTime:0.000555s ]
[2021-07-31T19:31:00+08:00][sql] SHOW FULL COLUMNS FROM `mall_users_comment` [ RunTime:0.041197s ]
[2021-07-31T19:31:00+08:00][sql] SELECT COUNT(*) AS think_count FROM `mall_users_comment` [ RunTime:0.000313s ]
[2021-07-31T19:31:02+08:00][sql] CONNECT:[ UseTime:0.000580s ] mysql:host=127.0.0.1;port=3306;dbname=a3mall-pro;charset=utf8mb4
[2021-07-31T19:31:02+08:00][sql] SHOW FULL COLUMNS FROM `mall_system_users` [ RunTime:0.003419s ]
[2021-07-31T19:31:02+08:00][sql] SELECT * FROM `mall_system_users` WHERE  `id` = 1 LIMIT 1 [ RunTime:0.000595s ]
[2021-07-31T19:31:02+08:00][sql] SHOW FULL COLUMNS FROM `mall_system_manage` [ RunTime:0.002666s ]
[2021-07-31T19:31:02+08:00][sql] SELECT * FROM `mall_system_manage` WHERE  `id` = 1 LIMIT 1 [ RunTime:0.000601s ]
[2021-07-31T19:31:02+08:00][sql] SHOW FULL COLUMNS FROM `mall_system_menu` [ RunTime:0.002720s ]
[2021-07-31T19:31:02+08:00][sql] SELECT * FROM `mall_system_menu` WHERE  `status` = 0  AND `pid` = 0 ORDER BY `sort` ASC [ RunTime:0.000616s ]
[2021-07-31T19:31:02+08:00][sql] SELECT * FROM `mall_system_menu` WHERE  ( status=0 AND ((controller="platform.index" AND method="info") OR (controller="platform.index" AND FIND_IN_SET("info",active))) ) LIMIT 1 [ RunTime:0.000488s ]
[2021-07-31T19:31:02+08:00][sql] SELECT * FROM `mall_system_menu` WHERE  `status` = 0  AND `id` = 8 LIMIT 1 [ RunTime:0.000349s ]
[2021-07-31T19:31:02+08:00][sql] SELECT * FROM `mall_system_menu` WHERE  `status` = 0  AND `id` = 1 LIMIT 1 [ RunTime:0.000354s ]
[2021-07-31T19:31:02+08:00][sql] SELECT * FROM `mall_system_menu` WHERE  `status` = 0  AND `pid` = 1 ORDER BY `sort` ASC [ RunTime:0.000470s ]
[2021-07-31T19:31:02+08:00][sql] SELECT * FROM `mall_system_menu` WHERE  `status` = 0  AND `pid` = 8 ORDER BY `sort` ASC [ RunTime:0.000352s ]
[2021-07-31T19:31:02+08:00][sql] SELECT * FROM `mall_system_menu` WHERE  `status` = 0  AND `pid` = 9 ORDER BY `sort` ASC [ RunTime:0.000366s ]
[2021-07-31T19:31:02+08:00][sql] SELECT * FROM `mall_system_menu` WHERE  `status` = 0  AND `pid` = 10 ORDER BY `sort` ASC [ RunTime:0.000425s ]
[2021-07-31T19:31:02+08:00][sql] SELECT * FROM `mall_system_menu` WHERE  `status` = 0  AND `pid` = 11 ORDER BY `sort` ASC [ RunTime:0.000483s ]
[2021-07-31T19:31:02+08:00][sql] SELECT * FROM `mall_system_menu` WHERE  `status` = 0  AND `pid` = 79 ORDER BY `sort` ASC [ RunTime:0.000425s ]
[2021-07-31T19:31:02+08:00][sql] SELECT * FROM `mall_system_menu` WHERE  `status` = 0  AND `pid` = 80 ORDER BY `sort` ASC [ RunTime:0.000431s ]
[2021-07-31T19:31:02+08:00][sql] SELECT * FROM `mall_system_menu` WHERE  `status` = 0  AND `pid` = 81 ORDER BY `sort` ASC [ RunTime:0.000506s ]
[2021-07-31T19:31:02+08:00][sql] SELECT * FROM `mall_system_menu` WHERE  `status` = 0  AND `pid` = 12 ORDER BY `sort` ASC [ RunTime:0.000424s ]
[2021-07-31T19:31:02+08:00][sql] SELECT * FROM `mall_system_menu` WHERE  `status` = 0  AND `pid` = 13 ORDER BY `sort` ASC [ RunTime:0.000356s ]
[2021-07-31T19:31:02+08:00][sql] SELECT * FROM `mall_system_menu` WHERE  `status` = 0  AND `pid` = 14 ORDER BY `sort` ASC [ RunTime:0.000308s ]
[2021-07-31T19:31:02+08:00][sql] SELECT * FROM `mall_system_menu` WHERE  `status` = 0  AND `pid` = 15 ORDER BY `sort` ASC [ RunTime:0.000290s ]
[2021-07-31T19:31:02+08:00][sql] SELECT * FROM `mall_system_menu` WHERE  `status` = 0  AND `pid` = 16 ORDER BY `sort` ASC [ RunTime:0.000297s ]
[2021-07-31T19:31:02+08:00][sql] SELECT * FROM `mall_system_menu` WHERE  `status` = 0  AND `pid` = 17 ORDER BY `sort` ASC [ RunTime:0.000328s ]
[2021-07-31T19:31:02+08:00][sql] SELECT * FROM `mall_system_menu` WHERE  `status` = 0  AND `pid` = 18 ORDER BY `sort` ASC [ RunTime:0.000304s ]
[2021-07-31T19:31:02+08:00][sql] SELECT * FROM `mall_system_menu` WHERE  `status` = 0  AND `pid` = 23 ORDER BY `sort` ASC [ RunTime:0.000327s ]
[2021-07-31T19:31:02+08:00][sql] SELECT * FROM `mall_system_menu` WHERE  `status` = 0  AND `pid` = 24 ORDER BY `sort` ASC [ RunTime:0.000383s ]
[2021-07-31T19:31:02+08:00][sql] SELECT * FROM `mall_system_menu` WHERE  `status` = 0  AND `pid` = 25 ORDER BY `sort` ASC [ RunTime:0.000335s ]
[2021-07-31T19:31:02+08:00][sql] SELECT * FROM `mall_system_menu` WHERE  `status` = 0  AND `pid` = 26 ORDER BY `sort` ASC [ RunTime:0.000356s ]
[2021-07-31T19:31:02+08:00][sql] SELECT * FROM `mall_system_menu` WHERE  `status` = 0  AND `pid` = 21 ORDER BY `sort` ASC [ RunTime:0.000342s ]
[2021-07-31T19:31:02+08:00][sql] SELECT * FROM `mall_system_menu` WHERE  `status` = 0  AND `pid` = 22 ORDER BY `sort` ASC [ RunTime:0.000355s ]
[2021-07-31T19:31:02+08:00][sql] SELECT * FROM `mall_system_users` WHERE  `id` = 1 LIMIT 1 [ RunTime:0.000278s ]
[2021-07-31T19:31:02+08:00][sql] SELECT * FROM `mall_system_manage` WHERE  `id` = 1 LIMIT 1 [ RunTime:0.000232s ]
[2021-07-31T19:31:02+08:00][sql] SELECT * FROM `mall_system_users` WHERE  `id` = 1 LIMIT 1 [ RunTime:0.000240s ]
[2021-07-31T19:31:02+08:00][sql] SELECT * FROM `mall_system_manage` WHERE  `id` = 1 LIMIT 1 [ RunTime:0.000254s ]
[2021-07-31T19:31:02+08:00][sql] SELECT VERSION() as version [ RunTime:0.000184s ]
[2021-07-31T19:37:39+08:00][sql] CONNECT:[ UseTime:0.000647s ] mysql:host=127.0.0.1;port=3306;dbname=a3mall-pro;charset=utf8mb4
[2021-07-31T19:37:39+08:00][sql] SHOW FULL COLUMNS FROM `mall_system_users` [ RunTime:0.003522s ]
[2021-07-31T19:37:39+08:00][sql] SELECT * FROM `mall_system_users` WHERE  `id` = 1 LIMIT 1 [ RunTime:0.036717s ]
[2021-07-31T19:37:39+08:00][sql] SHOW FULL COLUMNS FROM `mall_system_manage` [ RunTime:0.003676s ]
[2021-07-31T19:37:39+08:00][sql] SELECT * FROM `mall_system_manage` WHERE  `id` = 1 LIMIT 1 [ RunTime:0.000491s ]
[2021-07-31T19:37:39+08:00][sql] SHOW FULL COLUMNS FROM `mall_system_menu` [ RunTime:0.002926s ]
[2021-07-31T19:37:39+08:00][sql] SELECT * FROM `mall_system_menu` WHERE  `status` = 0  AND `pid` = 0 ORDER BY `sort` ASC [ RunTime:0.000552s ]
[2021-07-31T19:37:39+08:00][sql] SELECT * FROM `mall_system_menu` WHERE  ( status=0 AND ((controller="platform.index" AND method="info") OR (controller="platform.index" AND FIND_IN_SET("info",active))) ) LIMIT 1 [ RunTime:0.000696s ]
[2021-07-31T19:37:39+08:00][sql] SELECT * FROM `mall_system_menu` WHERE  `status` = 0  AND `id` = 8 LIMIT 1 [ RunTime:0.000525s ]
[2021-07-31T19:37:39+08:00][sql] SELECT * FROM `mall_system_menu` WHERE  `status` = 0  AND `id` = 1 LIMIT 1 [ RunTime:0.000327s ]
[2021-07-31T19:37:39+08:00][sql] SELECT * FROM `mall_system_menu` WHERE  `status` = 0  AND `pid` = 1 ORDER BY `sort` ASC [ RunTime:0.000591s ]
[2021-07-31T19:37:39+08:00][sql] SELECT * FROM `mall_system_menu` WHERE  `status` = 0  AND `pid` = 8 ORDER BY `sort` ASC [ RunTime:0.000362s ]
[2021-07-31T19:37:39+08:00][sql] SELECT * FROM `mall_system_menu` WHERE  `status` = 0  AND `pid` = 9 ORDER BY `sort` ASC [ RunTime:0.000473s ]
[2021-07-31T19:37:39+08:00][sql] SELECT * FROM `mall_system_menu` WHERE  `status` = 0  AND `pid` = 10 ORDER BY `sort` ASC [ RunTime:0.000477s ]
[2021-07-31T19:37:39+08:00][sql] SELECT * FROM `mall_system_menu` WHERE  `status` = 0  AND `pid` = 11 ORDER BY `sort` ASC [ RunTime:0.000459s ]
[2021-07-31T19:37:39+08:00][sql] SELECT * FROM `mall_system_menu` WHERE  `status` = 0  AND `pid` = 79 ORDER BY `sort` ASC [ RunTime:0.000379s ]
[2021-07-31T19:37:39+08:00][sql] SELECT * FROM `mall_system_menu` WHERE  `status` = 0  AND `pid` = 80 ORDER BY `sort` ASC [ RunTime:0.000394s ]
[2021-07-31T19:37:39+08:00][sql] SELECT * FROM `mall_system_menu` WHERE  `status` = 0  AND `pid` = 81 ORDER BY `sort` ASC [ RunTime:0.000505s ]
[2021-07-31T19:37:39+08:00][sql] SELECT * FROM `mall_system_menu` WHERE  `status` = 0  AND `pid` = 12 ORDER BY `sort` ASC [ RunTime:0.000623s ]
[2021-07-31T19:37:39+08:00][sql] SELECT * FROM `mall_system_menu` WHERE  `status` = 0  AND `pid` = 13 ORDER BY `sort` ASC [ RunTime:0.000418s ]
[2021-07-31T19:37:39+08:00][sql] SELECT * FROM `mall_system_menu` WHERE  `status` = 0  AND `pid` = 14 ORDER BY `sort` ASC [ RunTime:0.000492s ]
[2021-07-31T19:37:39+08:00][sql] SELECT * FROM `mall_system_menu` WHERE  `status` = 0  AND `pid` = 15 ORDER BY `sort` ASC [ RunTime:0.000457s ]
[2021-07-31T19:37:39+08:00][sql] SELECT * FROM `mall_system_menu` WHERE  `status` = 0  AND `pid` = 16 ORDER BY `sort` ASC [ RunTime:0.000412s ]
[2021-07-31T19:37:39+08:00][sql] SELECT * FROM `mall_system_menu` WHERE  `status` = 0  AND `pid` = 17 ORDER BY `sort` ASC [ RunTime:0.000347s ]
[2021-07-31T19:37:39+08:00][sql] SELECT * FROM `mall_system_menu` WHERE  `status` = 0  AND `pid` = 18 ORDER BY `sort` ASC [ RunTime:0.000363s ]
[2021-07-31T19:37:39+08:00][sql] SELECT * FROM `mall_system_menu` WHERE  `status` = 0  AND `pid` = 23 ORDER BY `sort` ASC [ RunTime:0.000335s ]
[2021-07-31T19:37:39+08:00][sql] SELECT * FROM `mall_system_menu` WHERE  `status` = 0  AND `pid` = 24 ORDER BY `sort` ASC [ RunTime:0.000385s ]
[2021-07-31T19:37:39+08:00][sql] SELECT * FROM `mall_system_menu` WHERE  `status` = 0  AND `pid` = 25 ORDER BY `sort` ASC [ RunTime:0.000377s ]
[2021-07-31T19:37:39+08:00][sql] SELECT * FROM `mall_system_menu` WHERE  `status` = 0  AND `pid` = 26 ORDER BY `sort` ASC [ RunTime:0.000440s ]
[2021-07-31T19:37:39+08:00][sql] SELECT * FROM `mall_system_menu` WHERE  `status` = 0  AND `pid` = 21 ORDER BY `sort` ASC [ RunTime:0.000375s ]
[2021-07-31T19:37:39+08:00][sql] SELECT * FROM `mall_system_menu` WHERE  `status` = 0  AND `pid` = 22 ORDER BY `sort` ASC [ RunTime:0.000352s ]
[2021-07-31T19:37:39+08:00][sql] SELECT * FROM `mall_system_users` WHERE  `id` = 1 LIMIT 1 [ RunTime:0.000257s ]
[2021-07-31T19:37:39+08:00][sql] SELECT * FROM `mall_system_manage` WHERE  `id` = 1 LIMIT 1 [ RunTime:0.000217s ]
[2021-07-31T19:37:39+08:00][sql] SELECT * FROM `mall_system_users` WHERE  `id` = 1 LIMIT 1 [ RunTime:0.000236s ]
[2021-07-31T19:37:39+08:00][sql] SELECT * FROM `mall_system_manage` WHERE  `id` = 1 LIMIT 1 [ RunTime:0.000263s ]
[2021-07-31T19:37:39+08:00][sql] SELECT VERSION() as version [ RunTime:0.000179s ]
[2021-07-31T19:39:23+08:00][sql] CONNECT:[ UseTime:0.000752s ] mysql:host=127.0.0.1;port=3306;dbname=a3mall-pro;charset=utf8mb4
[2021-07-31T19:39:23+08:00][sql] SHOW FULL COLUMNS FROM `mall_system_users` [ RunTime:0.003720s ]
[2021-07-31T19:39:23+08:00][sql] SELECT * FROM `mall_system_users` WHERE  `id` = 1 LIMIT 1 [ RunTime:0.031720s ]
[2021-07-31T19:39:23+08:00][sql] SHOW FULL COLUMNS FROM `mall_system_manage` [ RunTime:0.003256s ]
[2021-07-31T19:39:23+08:00][sql] SELECT * FROM `mall_system_manage` WHERE  `id` = 1 LIMIT 1 [ RunTime:0.000459s ]
[2021-07-31T19:39:23+08:00][sql] SHOW FULL COLUMNS FROM `mall_system_menu` [ RunTime:0.002350s ]
[2021-07-31T19:39:23+08:00][sql] SELECT * FROM `mall_system_menu` WHERE  `status` = 0  AND `pid` = 0 ORDER BY `sort` ASC [ RunTime:0.000466s ]
[2021-07-31T19:39:23+08:00][sql] SELECT * FROM `mall_system_menu` WHERE  ( status=0 AND ((controller="platform.index" AND method="info") OR (controller="platform.index" AND FIND_IN_SET("info",active))) ) LIMIT 1 [ RunTime:0.000416s ]
[2021-07-31T19:39:23+08:00][sql] SELECT * FROM `mall_system_menu` WHERE  `status` = 0  AND `id` = 8 LIMIT 1 [ RunTime:0.000326s ]
[2021-07-31T19:39:23+08:00][sql] SELECT * FROM `mall_system_menu` WHERE  `status` = 0  AND `id` = 1 LIMIT 1 [ RunTime:0.000330s ]
[2021-07-31T19:39:23+08:00][sql] SELECT * FROM `mall_system_menu` WHERE  `status` = 0  AND `pid` = 1 ORDER BY `sort` ASC [ RunTime:0.000463s ]
[2021-07-31T19:39:23+08:00][sql] SELECT * FROM `mall_system_menu` WHERE  `status` = 0  AND `pid` = 8 ORDER BY `sort` ASC [ RunTime:0.000414s ]
[2021-07-31T19:39:23+08:00][sql] SELECT * FROM `mall_system_menu` WHERE  `status` = 0  AND `pid` = 9 ORDER BY `sort` ASC [ RunTime:0.000333s ]
[2021-07-31T19:39:23+08:00][sql] SELECT * FROM `mall_system_menu` WHERE  `status` = 0  AND `pid` = 10 ORDER BY `sort` ASC [ RunTime:0.000322s ]
[2021-07-31T19:39:23+08:00][sql] SELECT * FROM `mall_system_menu` WHERE  `status` = 0  AND `pid` = 11 ORDER BY `sort` ASC [ RunTime:0.000305s ]
[2021-07-31T19:39:23+08:00][sql] SELECT * FROM `mall_system_menu` WHERE  `status` = 0  AND `pid` = 79 ORDER BY `sort` ASC [ RunTime:0.000325s ]
[2021-07-31T19:39:23+08:00][sql] SELECT * FROM `mall_system_menu` WHERE  `status` = 0  AND `pid` = 80 ORDER BY `sort` ASC [ RunTime:0.000325s ]
[2021-07-31T19:39:23+08:00][sql] SELECT * FROM `mall_system_menu` WHERE  `status` = 0  AND `pid` = 81 ORDER BY `sort` ASC [ RunTime:0.000354s ]
[2021-07-31T19:39:23+08:00][sql] SELECT * FROM `mall_system_menu` WHERE  `status` = 0  AND `pid` = 12 ORDER BY `sort` ASC [ RunTime:0.000497s ]
[2021-07-31T19:39:23+08:00][sql] SELECT * FROM `mall_system_menu` WHERE  `status` = 0  AND `pid` = 13 ORDER BY `sort` ASC [ RunTime:0.000436s ]
[2021-07-31T19:39:23+08:00][sql] SELECT * FROM `mall_system_menu` WHERE  `status` = 0  AND `pid` = 14 ORDER BY `sort` ASC [ RunTime:0.000398s ]
[2021-07-31T19:39:23+08:00][sql] SELECT * FROM `mall_system_menu` WHERE  `status` = 0  AND `pid` = 15 ORDER BY `sort` ASC [ RunTime:0.000287s ]
[2021-07-31T19:39:23+08:00][sql] SELECT * FROM `mall_system_menu` WHERE  `status` = 0  AND `pid` = 16 ORDER BY `sort` ASC [ RunTime:0.000337s ]
[2021-07-31T19:39:23+08:00][sql] SELECT * FROM `mall_system_menu` WHERE  `status` = 0  AND `pid` = 17 ORDER BY `sort` ASC [ RunTime:0.000306s ]
[2021-07-31T19:39:23+08:00][sql] SELECT * FROM `mall_system_menu` WHERE  `status` = 0  AND `pid` = 18 ORDER BY `sort` ASC [ RunTime:0.000303s ]
[2021-07-31T19:39:23+08:00][sql] SELECT * FROM `mall_system_menu` WHERE  `status` = 0  AND `pid` = 23 ORDER BY `sort` ASC [ RunTime:0.000308s ]
[2021-07-31T19:39:23+08:00][sql] SELECT * FROM `mall_system_menu` WHERE  `status` = 0  AND `pid` = 24 ORDER BY `sort` ASC [ RunTime:0.000294s ]
[2021-07-31T19:39:23+08:00][sql] SELECT * FROM `mall_system_menu` WHERE  `status` = 0  AND `pid` = 25 ORDER BY `sort` ASC [ RunTime:0.000310s ]
[2021-07-31T19:39:23+08:00][sql] SELECT * FROM `mall_system_menu` WHERE  `status` = 0  AND `pid` = 26 ORDER BY `sort` ASC [ RunTime:0.000306s ]
[2021-07-31T19:39:23+08:00][sql] SELECT * FROM `mall_system_menu` WHERE  `status` = 0  AND `pid` = 21 ORDER BY `sort` ASC [ RunTime:0.000281s ]
[2021-07-31T19:39:23+08:00][sql] SELECT * FROM `mall_system_menu` WHERE  `status` = 0  AND `pid` = 22 ORDER BY `sort` ASC [ RunTime:0.000308s ]
[2021-07-31T19:39:23+08:00][sql] SELECT * FROM `mall_system_users` WHERE  `id` = 1 LIMIT 1 [ RunTime:0.000261s ]
[2021-07-31T19:39:23+08:00][sql] SELECT * FROM `mall_system_manage` WHERE  `id` = 1 LIMIT 1 [ RunTime:0.000219s ]
[2021-07-31T19:39:23+08:00][sql] SELECT * FROM `mall_system_users` WHERE  `id` = 1 LIMIT 1 [ RunTime:0.000244s ]
[2021-07-31T19:39:23+08:00][sql] SELECT * FROM `mall_system_manage` WHERE  `id` = 1 LIMIT 1 [ RunTime:0.000205s ]
[2021-07-31T19:39:23+08:00][sql] SELECT VERSION() as version [ RunTime:0.000132s ]
[2021-07-31T19:40:25+08:00][sql] CONNECT:[ UseTime:0.000518s ] mysql:host=127.0.0.1;port=3306;dbname=a3mall-pro;charset=utf8mb4
[2021-07-31T19:40:25+08:00][sql] SHOW FULL COLUMNS FROM `mall_system_users` [ RunTime:0.003405s ]
[2021-07-31T19:40:25+08:00][sql] SELECT * FROM `mall_system_users` WHERE  `id` = 1 LIMIT 1 [ RunTime:0.060759s ]
[2021-07-31T19:40:25+08:00][sql] SHOW FULL COLUMNS FROM `mall_system_manage` [ RunTime:0.005131s ]
[2021-07-31T19:40:25+08:00][sql] SELECT * FROM `mall_system_manage` WHERE  `id` = 1 LIMIT 1 [ RunTime:0.000551s ]
[2021-07-31T19:40:25+08:00][sql] SHOW FULL COLUMNS FROM `mall_system_menu` [ RunTime:0.002393s ]
[2021-07-31T19:40:25+08:00][sql] SELECT * FROM `mall_system_menu` WHERE  `status` = 0  AND `pid` = 0 ORDER BY `sort` ASC [ RunTime:0.000459s ]
[2021-07-31T19:40:25+08:00][sql] SELECT * FROM `mall_system_menu` WHERE  ( status=0 AND ((controller="platform.index" AND method="info") OR (controller="platform.index" AND FIND_IN_SET("info",active))) ) LIMIT 1 [ RunTime:0.000744s ]
[2021-07-31T19:40:25+08:00][sql] SELECT * FROM `mall_system_menu` WHERE  `status` = 0  AND `id` = 8 LIMIT 1 [ RunTime:0.000325s ]
[2021-07-31T19:40:25+08:00][sql] SELECT * FROM `mall_system_menu` WHERE  `status` = 0  AND `id` = 1 LIMIT 1 [ RunTime:0.000305s ]
[2021-07-31T19:40:25+08:00][sql] SELECT * FROM `mall_system_menu` WHERE  `status` = 0  AND `pid` = 1 ORDER BY `sort` ASC [ RunTime:0.000561s ]
[2021-07-31T19:40:25+08:00][sql] SELECT * FROM `mall_system_menu` WHERE  `status` = 0  AND `pid` = 8 ORDER BY `sort` ASC [ RunTime:0.000341s ]
[2021-07-31T19:40:25+08:00][sql] SELECT * FROM `mall_system_menu` WHERE  `status` = 0  AND `pid` = 9 ORDER BY `sort` ASC [ RunTime:0.000311s ]
[2021-07-31T19:40:25+08:00][sql] SELECT * FROM `mall_system_menu` WHERE  `status` = 0  AND `pid` = 10 ORDER BY `sort` ASC [ RunTime:0.000294s ]
[2021-07-31T19:40:25+08:00][sql] SELECT * FROM `mall_system_menu` WHERE  `status` = 0  AND `pid` = 11 ORDER BY `sort` ASC [ RunTime:0.000307s ]
[2021-07-31T19:40:25+08:00][sql] SELECT * FROM `mall_system_menu` WHERE  `status` = 0  AND `pid` = 79 ORDER BY `sort` ASC [ RunTime:0.000293s ]
[2021-07-31T19:40:25+08:00][sql] SELECT * FROM `mall_system_menu` WHERE  `status` = 0  AND `pid` = 80 ORDER BY `sort` ASC [ RunTime:0.000298s ]
[2021-07-31T19:40:25+08:00][sql] SELECT * FROM `mall_system_menu` WHERE  `status` = 0  AND `pid` = 81 ORDER BY `sort` ASC [ RunTime:0.000312s ]
[2021-07-31T19:40:25+08:00][sql] SELECT * FROM `mall_system_menu` WHERE  `status` = 0  AND `pid` = 12 ORDER BY `sort` ASC [ RunTime:0.000416s ]
[2021-07-31T19:40:25+08:00][sql] SELECT * FROM `mall_system_menu` WHERE  `status` = 0  AND `pid` = 13 ORDER BY `sort` ASC [ RunTime:0.000327s ]
[2021-07-31T19:40:25+08:00][sql] SELECT * FROM `mall_system_menu` WHERE  `status` = 0  AND `pid` = 14 ORDER BY `sort` ASC [ RunTime:0.000324s ]
[2021-07-31T19:40:25+08:00][sql] SELECT * FROM `mall_system_menu` WHERE  `status` = 0  AND `pid` = 15 ORDER BY `sort` ASC [ RunTime:0.000336s ]
[2021-07-31T19:40:25+08:00][sql] SELECT * FROM `mall_system_menu` WHERE  `status` = 0  AND `pid` = 16 ORDER BY `sort` ASC [ RunTime:0.000352s ]
[2021-07-31T19:40:25+08:00][sql] SELECT * FROM `mall_system_menu` WHERE  `status` = 0  AND `pid` = 17 ORDER BY `sort` ASC [ RunTime:0.000308s ]
[2021-07-31T19:40:25+08:00][sql] SELECT * FROM `mall_system_menu` WHERE  `status` = 0  AND `pid` = 18 ORDER BY `sort` ASC [ RunTime:0.000304s ]
[2021-07-31T19:40:25+08:00][sql] SELECT * FROM `mall_system_menu` WHERE  `status` = 0  AND `pid` = 23 ORDER BY `sort` ASC [ RunTime:0.000322s ]
[2021-07-31T19:40:25+08:00][sql] SELECT * FROM `mall_system_menu` WHERE  `status` = 0  AND `pid` = 24 ORDER BY `sort` ASC [ RunTime:0.000311s ]
[2021-07-31T19:40:25+08:00][sql] SELECT * FROM `mall_system_menu` WHERE  `status` = 0  AND `pid` = 25 ORDER BY `sort` ASC [ RunTime:0.000404s ]
[2021-07-31T19:40:25+08:00][sql] SELECT * FROM `mall_system_menu` WHERE  `status` = 0  AND `pid` = 26 ORDER BY `sort` ASC [ RunTime:0.000734s ]
[2021-07-31T19:40:25+08:00][sql] SELECT * FROM `mall_system_menu` WHERE  `status` = 0  AND `pid` = 21 ORDER BY `sort` ASC [ RunTime:0.000427s ]
[2021-07-31T19:40:25+08:00][sql] SELECT * FROM `mall_system_menu` WHERE  `status` = 0  AND `pid` = 22 ORDER BY `sort` ASC [ RunTime:0.000372s ]
[2021-07-31T19:40:25+08:00][sql] SELECT * FROM `mall_system_users` WHERE  `id` = 1 LIMIT 1 [ RunTime:0.000258s ]
[2021-07-31T19:40:25+08:00][sql] SELECT * FROM `mall_system_manage` WHERE  `id` = 1 LIMIT 1 [ RunTime:0.000206s ]
[2021-07-31T19:40:25+08:00][sql] SELECT * FROM `mall_system_users` WHERE  `id` = 1 LIMIT 1 [ RunTime:0.000221s ]
[2021-07-31T19:40:25+08:00][sql] SELECT * FROM `mall_system_manage` WHERE  `id` = 1 LIMIT 1 [ RunTime:0.000210s ]
[2021-07-31T19:40:25+08:00][sql] SELECT VERSION() as version [ RunTime:0.000137s ]
[2021-07-31T19:40:26+08:00][sql] CONNECT:[ UseTime:0.000379s ] mysql:host=127.0.0.1;port=3306;dbname=a3mall-pro;charset=utf8mb4
[2021-07-31T19:40:26+08:00][sql] SHOW FULL COLUMNS FROM `mall_system_users` [ RunTime:0.002160s ]
[2021-07-31T19:40:26+08:00][sql] SELECT * FROM `mall_system_users` WHERE  `id` = 1 LIMIT 1 [ RunTime:0.000388s ]
[2021-07-31T19:40:26+08:00][sql] SHOW FULL COLUMNS FROM `mall_system_manage` [ RunTime:0.001985s ]
[2021-07-31T19:40:26+08:00][sql] SELECT * FROM `mall_system_manage` WHERE  `id` = 1 LIMIT 1 [ RunTime:0.000315s ]
[2021-07-31T19:40:26+08:00][sql] SHOW FULL COLUMNS FROM `mall_system_menu` [ RunTime:0.002344s ]
[2021-07-31T19:40:26+08:00][sql] SELECT * FROM `mall_system_menu` WHERE  `status` = 0  AND `pid` = 0 ORDER BY `sort` ASC [ RunTime:0.000459s ]
[2021-07-31T19:40:26+08:00][sql] SELECT * FROM `mall_system_menu` WHERE  ( status=0 AND ((controller="platform.index" AND method="info") OR (controller="platform.index" AND FIND_IN_SET("info",active))) ) LIMIT 1 [ RunTime:0.000401s ]
[2021-07-31T19:40:26+08:00][sql] SELECT * FROM `mall_system_menu` WHERE  `status` = 0  AND `id` = 8 LIMIT 1 [ RunTime:0.000314s ]
[2021-07-31T19:40:26+08:00][sql] SELECT * FROM `mall_system_menu` WHERE  `status` = 0  AND `id` = 1 LIMIT 1 [ RunTime:0.000303s ]
[2021-07-31T19:40:26+08:00][sql] SELECT * FROM `mall_system_menu` WHERE  `status` = 0  AND `pid` = 1 ORDER BY `sort` ASC [ RunTime:0.000401s ]
[2021-07-31T19:40:26+08:00][sql] SELECT * FROM `mall_system_menu` WHERE  `status` = 0  AND `pid` = 8 ORDER BY `sort` ASC [ RunTime:0.000366s ]
[2021-07-31T19:40:26+08:00][sql] SELECT * FROM `mall_system_menu` WHERE  `status` = 0  AND `pid` = 9 ORDER BY `sort` ASC [ RunTime:0.000310s ]
[2021-07-31T19:40:26+08:00][sql] SELECT * FROM `mall_system_menu` WHERE  `status` = 0  AND `pid` = 10 ORDER BY `sort` ASC [ RunTime:0.000288s ]
[2021-07-31T19:40:26+08:00][sql] SELECT * FROM `mall_system_menu` WHERE  `status` = 0  AND `pid` = 11 ORDER BY `sort` ASC [ RunTime:0.000281s ]
[2021-07-31T19:40:26+08:00][sql] SELECT * FROM `mall_system_menu` WHERE  `status` = 0  AND `pid` = 79 ORDER BY `sort` ASC [ RunTime:0.000336s ]
[2021-07-31T19:40:26+08:00][sql] SELECT * FROM `mall_system_menu` WHERE  `status` = 0  AND `pid` = 80 ORDER BY `sort` ASC [ RunTime:0.000333s ]
[2021-07-31T19:40:26+08:00][sql] SELECT * FROM `mall_system_menu` WHERE  `status` = 0  AND `pid` = 81 ORDER BY `sort` ASC [ RunTime:0.000342s ]
[2021-07-31T19:40:26+08:00][sql] SELECT * FROM `mall_system_menu` WHERE  `status` = 0  AND `pid` = 12 ORDER BY `sort` ASC [ RunTime:0.000317s ]
[2021-07-31T19:40:26+08:00][sql] SELECT * FROM `mall_system_menu` WHERE  `status` = 0  AND `pid` = 13 ORDER BY `sort` ASC [ RunTime:0.000298s ]
[2021-07-31T19:40:26+08:00][sql] SELECT * FROM `mall_system_menu` WHERE  `status` = 0  AND `pid` = 14 ORDER BY `sort` ASC [ RunTime:0.000280s ]
[2021-07-31T19:40:26+08:00][sql] SELECT * FROM `mall_system_menu` WHERE  `status` = 0  AND `pid` = 15 ORDER BY `sort` ASC [ RunTime:0.000304s ]
[2021-07-31T19:40:26+08:00][sql] SELECT * FROM `mall_system_menu` WHERE  `status` = 0  AND `pid` = 16 ORDER BY `sort` ASC [ RunTime:0.000292s ]
[2021-07-31T19:40:26+08:00][sql] SELECT * FROM `mall_system_menu` WHERE  `status` = 0  AND `pid` = 17 ORDER BY `sort` ASC [ RunTime:0.000302s ]
[2021-07-31T19:40:26+08:00][sql] SELECT * FROM `mall_system_menu` WHERE  `status` = 0  AND `pid` = 18 ORDER BY `sort` ASC [ RunTime:0.000297s ]
[2021-07-31T19:40:26+08:00][sql] SELECT * FROM `mall_system_menu` WHERE  `status` = 0  AND `pid` = 23 ORDER BY `sort` ASC [ RunTime:0.000300s ]
[2021-07-31T19:40:26+08:00][sql] SELECT * FROM `mall_system_menu` WHERE  `status` = 0  AND `pid` = 24 ORDER BY `sort` ASC [ RunTime:0.000296s ]
[2021-07-31T19:40:26+08:00][sql] SELECT * FROM `mall_system_menu` WHERE  `status` = 0  AND `pid` = 25 ORDER BY `sort` ASC [ RunTime:0.000294s ]
[2021-07-31T19:40:26+08:00][sql] SELECT * FROM `mall_system_menu` WHERE  `status` = 0  AND `pid` = 26 ORDER BY `sort` ASC [ RunTime:0.000318s ]
[2021-07-31T19:40:26+08:00][sql] SELECT * FROM `mall_system_menu` WHERE  `status` = 0  AND `pid` = 21 ORDER BY `sort` ASC [ RunTime:0.000307s ]
[2021-07-31T19:40:26+08:00][sql] SELECT * FROM `mall_system_menu` WHERE  `status` = 0  AND `pid` = 22 ORDER BY `sort` ASC [ RunTime:0.000426s ]
[2021-07-31T19:40:26+08:00][sql] SELECT * FROM `mall_system_users` WHERE  `id` = 1 LIMIT 1 [ RunTime:0.000352s ]
[2021-07-31T19:40:26+08:00][sql] SELECT * FROM `mall_system_manage` WHERE  `id` = 1 LIMIT 1 [ RunTime:0.000241s ]
[2021-07-31T19:40:26+08:00][sql] SELECT * FROM `mall_system_users` WHERE  `id` = 1 LIMIT 1 [ RunTime:0.000269s ]
[2021-07-31T19:40:26+08:00][sql] SELECT * FROM `mall_system_manage` WHERE  `id` = 1 LIMIT 1 [ RunTime:0.000238s ]
[2021-07-31T19:40:26+08:00][sql] SELECT VERSION() as version [ RunTime:0.000200s ]
[2021-07-31T19:40:27+08:00][sql] CONNECT:[ UseTime:0.000522s ] mysql:host=127.0.0.1;port=3306;dbname=a3mall-pro;charset=utf8mb4
[2021-07-31T19:40:27+08:00][sql] SHOW FULL COLUMNS FROM `mall_system_users` [ RunTime:0.006754s ]
[2021-07-31T19:40:27+08:00][sql] SELECT * FROM `mall_system_users` WHERE  `id` = 1 LIMIT 1 [ RunTime:0.000430s ]
[2021-07-31T19:40:27+08:00][sql] SHOW FULL COLUMNS FROM `mall_system_manage` [ RunTime:0.002429s ]
[2021-07-31T19:40:27+08:00][sql] SELECT * FROM `mall_system_manage` WHERE  `id` = 1 LIMIT 1 [ RunTime:0.000432s ]
[2021-07-31T19:40:27+08:00][sql] SHOW FULL COLUMNS FROM `mall_system_menu` [ RunTime:0.002100s ]
[2021-07-31T19:40:27+08:00][sql] SELECT * FROM `mall_system_menu` WHERE  `status` = 0  AND `pid` = 0 ORDER BY `sort` ASC [ RunTime:0.000454s ]
[2021-07-31T19:40:27+08:00][sql] SELECT * FROM `mall_system_menu` WHERE  ( status=0 AND ((controller="platform.index" AND method="info") OR (controller="platform.index" AND FIND_IN_SET("info",active))) ) LIMIT 1 [ RunTime:0.000371s ]
[2021-07-31T19:40:27+08:00][sql] SELECT * FROM `mall_system_menu` WHERE  `status` = 0  AND `id` = 8 LIMIT 1 [ RunTime:0.000293s ]
[2021-07-31T19:40:27+08:00][sql] SELECT * FROM `mall_system_menu` WHERE  `status` = 0  AND `id` = 1 LIMIT 1 [ RunTime:0.000331s ]
[2021-07-31T19:40:27+08:00][sql] SELECT * FROM `mall_system_menu` WHERE  `status` = 0  AND `pid` = 1 ORDER BY `sort` ASC [ RunTime:0.000348s ]
[2021-07-31T19:40:27+08:00][sql] SELECT * FROM `mall_system_menu` WHERE  `status` = 0  AND `pid` = 8 ORDER BY `sort` ASC [ RunTime:0.000302s ]
[2021-07-31T19:40:27+08:00][sql] SELECT * FROM `mall_system_menu` WHERE  `status` = 0  AND `pid` = 9 ORDER BY `sort` ASC [ RunTime:0.000318s ]
[2021-07-31T19:40:27+08:00][sql] SELECT * FROM `mall_system_menu` WHERE  `status` = 0  AND `pid` = 10 ORDER BY `sort` ASC [ RunTime:0.000310s ]
[2021-07-31T19:40:27+08:00][sql] SELECT * FROM `mall_system_menu` WHERE  `status` = 0  AND `pid` = 11 ORDER BY `sort` ASC [ RunTime:0.000286s ]
[2021-07-31T19:40:27+08:00][sql] SELECT * FROM `mall_system_menu` WHERE  `status` = 0  AND `pid` = 79 ORDER BY `sort` ASC [ RunTime:0.000285s ]
[2021-07-31T19:40:27+08:00][sql] SELECT * FROM `mall_system_menu` WHERE  `status` = 0  AND `pid` = 80 ORDER BY `sort` ASC [ RunTime:0.000331s ]
[2021-07-31T19:40:27+08:00][sql] SELECT * FROM `mall_system_menu` WHERE  `status` = 0  AND `pid` = 81 ORDER BY `sort` ASC [ RunTime:0.000321s ]
[2021-07-31T19:40:27+08:00][sql] SELECT * FROM `mall_system_menu` WHERE  `status` = 0  AND `pid` = 12 ORDER BY `sort` ASC [ RunTime:0.000335s ]
[2021-07-31T19:40:27+08:00][sql] SELECT * FROM `mall_system_menu` WHERE  `status` = 0  AND `pid` = 13 ORDER BY `sort` ASC [ RunTime:0.000394s ]
[2021-07-31T19:40:27+08:00][sql] SELECT * FROM `mall_system_menu` WHERE  `status` = 0  AND `pid` = 14 ORDER BY `sort` ASC [ RunTime:0.000325s ]
[2021-07-31T19:40:27+08:00][sql] SELECT * FROM `mall_system_menu` WHERE  `status` = 0  AND `pid` = 15 ORDER BY `sort` ASC [ RunTime:0.000307s ]
[2021-07-31T19:40:27+08:00][sql] SELECT * FROM `mall_system_menu` WHERE  `status` = 0  AND `pid` = 16 ORDER BY `sort` ASC [ RunTime:0.000291s ]
[2021-07-31T19:40:27+08:00][sql] SELECT * FROM `mall_system_menu` WHERE  `status` = 0  AND `pid` = 17 ORDER BY `sort` ASC [ RunTime:0.000302s ]
[2021-07-31T19:40:27+08:00][sql] SELECT * FROM `mall_system_menu` WHERE  `status` = 0  AND `pid` = 18 ORDER BY `sort` ASC [ RunTime:0.000315s ]
[2021-07-31T19:40:27+08:00][sql] SELECT * FROM `mall_system_menu` WHERE  `status` = 0  AND `pid` = 23 ORDER BY `sort` ASC [ RunTime:0.000315s ]
[2021-07-31T19:40:27+08:00][sql] SELECT * FROM `mall_system_menu` WHERE  `status` = 0  AND `pid` = 24 ORDER BY `sort` ASC [ RunTime:0.000307s ]
[2021-07-31T19:40:27+08:00][sql] SELECT * FROM `mall_system_menu` WHERE  `status` = 0  AND `pid` = 25 ORDER BY `sort` ASC [ RunTime:0.000289s ]
[2021-07-31T19:40:27+08:00][sql] SELECT * FROM `mall_system_menu` WHERE  `status` = 0  AND `pid` = 26 ORDER BY `sort` ASC [ RunTime:0.000442s ]
[2021-07-31T19:40:27+08:00][sql] SELECT * FROM `mall_system_menu` WHERE  `status` = 0  AND `pid` = 21 ORDER BY `sort` ASC [ RunTime:0.000435s ]
[2021-07-31T19:40:27+08:00][sql] SELECT * FROM `mall_system_menu` WHERE  `status` = 0  AND `pid` = 22 ORDER BY `sort` ASC [ RunTime:0.000361s ]
[2021-07-31T19:40:27+08:00][sql] SELECT * FROM `mall_system_users` WHERE  `id` = 1 LIMIT 1 [ RunTime:0.000263s ]
[2021-07-31T19:40:27+08:00][sql] SELECT * FROM `mall_system_manage` WHERE  `id` = 1 LIMIT 1 [ RunTime:0.000206s ]
[2021-07-31T19:40:27+08:00][sql] SELECT * FROM `mall_system_users` WHERE  `id` = 1 LIMIT 1 [ RunTime:0.000257s ]
[2021-07-31T19:40:27+08:00][sql] SELECT * FROM `mall_system_manage` WHERE  `id` = 1 LIMIT 1 [ RunTime:0.000201s ]
[2021-07-31T19:40:27+08:00][sql] SELECT VERSION() as version [ RunTime:0.000135s ]
[2021-07-31T19:41:16+08:00][sql] CONNECT:[ UseTime:0.000375s ] mysql:host=127.0.0.1;port=3306;dbname=a3mall-pro;charset=utf8mb4
[2021-07-31T19:41:16+08:00][sql] SHOW FULL COLUMNS FROM `mall_system_users` [ RunTime:0.002417s ]
[2021-07-31T19:41:16+08:00][sql] SELECT * FROM `mall_system_users` WHERE  `id` = 1 LIMIT 1 [ RunTime:0.040250s ]
[2021-07-31T19:41:16+08:00][sql] SHOW FULL COLUMNS FROM `mall_system_manage` [ RunTime:0.003860s ]
[2021-07-31T19:41:16+08:00][sql] SELECT * FROM `mall_system_manage` WHERE  `id` = 1 LIMIT 1 [ RunTime:0.000605s ]
[2021-07-31T19:41:16+08:00][sql] SHOW FULL COLUMNS FROM `mall_system_menu` [ RunTime:0.002519s ]
[2021-07-31T19:41:16+08:00][sql] SELECT * FROM `mall_system_menu` WHERE  `status` = 0  AND `pid` = 0 ORDER BY `sort` ASC [ RunTime:0.000469s ]
[2021-07-31T19:41:16+08:00][sql] SELECT * FROM `mall_system_menu` WHERE  ( status=0 AND ((controller="platform.index" AND method="info") OR (controller="platform.index" AND FIND_IN_SET("info",active))) ) LIMIT 1 [ RunTime:0.000614s ]
[2021-07-31T19:41:16+08:00][sql] SELECT * FROM `mall_system_menu` WHERE  `status` = 0  AND `id` = 8 LIMIT 1 [ RunTime:0.000442s ]
[2021-07-31T19:41:16+08:00][sql] SELECT * FROM `mall_system_menu` WHERE  `status` = 0  AND `id` = 1 LIMIT 1 [ RunTime:0.000442s ]
[2021-07-31T19:41:16+08:00][sql] SELECT * FROM `mall_system_menu` WHERE  `status` = 0  AND `pid` = 1 ORDER BY `sort` ASC [ RunTime:0.000714s ]
[2021-07-31T19:41:16+08:00][sql] SELECT * FROM `mall_system_menu` WHERE  `status` = 0  AND `pid` = 8 ORDER BY `sort` ASC [ RunTime:0.000530s ]
[2021-07-31T19:41:16+08:00][sql] SELECT * FROM `mall_system_menu` WHERE  `status` = 0  AND `pid` = 9 ORDER BY `sort` ASC [ RunTime:0.000423s ]
[2021-07-31T19:41:16+08:00][sql] SELECT * FROM `mall_system_menu` WHERE  `status` = 0  AND `pid` = 10 ORDER BY `sort` ASC [ RunTime:0.000377s ]
[2021-07-31T19:41:16+08:00][sql] SELECT * FROM `mall_system_menu` WHERE  `status` = 0  AND `pid` = 11 ORDER BY `sort` ASC [ RunTime:0.000418s ]
[2021-07-31T19:41:16+08:00][sql] SELECT * FROM `mall_system_menu` WHERE  `status` = 0  AND `pid` = 79 ORDER BY `sort` ASC [ RunTime:0.000361s ]
[2021-07-31T19:41:16+08:00][sql] SELECT * FROM `mall_system_menu` WHERE  `status` = 0  AND `pid` = 80 ORDER BY `sort` ASC [ RunTime:0.000421s ]
[2021-07-31T19:41:16+08:00][sql] SELECT * FROM `mall_system_menu` WHERE  `status` = 0  AND `pid` = 81 ORDER BY `sort` ASC [ RunTime:0.000415s ]
[2021-07-31T19:41:16+08:00][sql] SELECT * FROM `mall_system_menu` WHERE  `status` = 0  AND `pid` = 12 ORDER BY `sort` ASC [ RunTime:0.000336s ]
[2021-07-31T19:41:16+08:00][sql] SELECT * FROM `mall_system_menu` WHERE  `status` = 0  AND `pid` = 13 ORDER BY `sort` ASC [ RunTime:0.000321s ]
[2021-07-31T19:41:16+08:00][sql] SELECT * FROM `mall_system_menu` WHERE  `status` = 0  AND `pid` = 14 ORDER BY `sort` ASC [ RunTime:0.000339s ]
[2021-07-31T19:41:16+08:00][sql] SELECT * FROM `mall_system_menu` WHERE  `status` = 0  AND `pid` = 15 ORDER BY `sort` ASC [ RunTime:0.000306s ]
[2021-07-31T19:41:16+08:00][sql] SELECT * FROM `mall_system_menu` WHERE  `status` = 0  AND `pid` = 16 ORDER BY `sort` ASC [ RunTime:0.000290s ]
[2021-07-31T19:41:16+08:00][sql] SELECT * FROM `mall_system_menu` WHERE  `status` = 0  AND `pid` = 17 ORDER BY `sort` ASC [ RunTime:0.000302s ]
[2021-07-31T19:41:16+08:00][sql] SELECT * FROM `mall_system_menu` WHERE  `status` = 0  AND `pid` = 18 ORDER BY `sort` ASC [ RunTime:0.000309s ]
[2021-07-31T19:41:16+08:00][sql] SELECT * FROM `mall_system_menu` WHERE  `status` = 0  AND `pid` = 23 ORDER BY `sort` ASC [ RunTime:0.000283s ]
[2021-07-31T19:41:16+08:00][sql] SELECT * FROM `mall_system_menu` WHERE  `status` = 0  AND `pid` = 24 ORDER BY `sort` ASC [ RunTime:0.000282s ]
[2021-07-31T19:41:16+08:00][sql] SELECT * FROM `mall_system_menu` WHERE  `status` = 0  AND `pid` = 25 ORDER BY `sort` ASC [ RunTime:0.000307s ]
[2021-07-31T19:41:16+08:00][sql] SELECT * FROM `mall_system_menu` WHERE  `status` = 0  AND `pid` = 26 ORDER BY `sort` ASC [ RunTime:0.000336s ]
[2021-07-31T19:41:16+08:00][sql] SELECT * FROM `mall_system_menu` WHERE  `status` = 0  AND `pid` = 21 ORDER BY `sort` ASC [ RunTime:0.000315s ]
[2021-07-31T19:41:16+08:00][sql] SELECT * FROM `mall_system_menu` WHERE  `status` = 0  AND `pid` = 22 ORDER BY `sort` ASC [ RunTime:0.000394s ]
[2021-07-31T19:41:16+08:00][sql] SELECT * FROM `mall_system_users` WHERE  `id` = 1 LIMIT 1 [ RunTime:0.000307s ]
[2021-07-31T19:41:16+08:00][sql] SELECT * FROM `mall_system_manage` WHERE  `id` = 1 LIMIT 1 [ RunTime:0.000326s ]
[2021-07-31T19:41:16+08:00][sql] SELECT * FROM `mall_system_users` WHERE  `id` = 1 LIMIT 1 [ RunTime:0.000281s ]
[2021-07-31T19:41:16+08:00][sql] SELECT * FROM `mall_system_manage` WHERE  `id` = 1 LIMIT 1 [ RunTime:0.000247s ]
[2021-07-31T19:41:16+08:00][sql] SELECT VERSION() as version [ RunTime:0.000146s ]
[2021-07-31T19:41:16+08:00][sql] CONNECT:[ UseTime:0.000534s ] mysql:host=127.0.0.1;port=3306;dbname=a3mall-pro;charset=utf8mb4
[2021-07-31T19:41:16+08:00][sql] SHOW FULL COLUMNS FROM `mall_system_users` [ RunTime:0.006722s ]
[2021-07-31T19:41:16+08:00][sql] SELECT * FROM `mall_system_users` WHERE  `id` = 1 LIMIT 1 [ RunTime:0.000438s ]
[2021-07-31T19:41:16+08:00][sql] SHOW FULL COLUMNS FROM `mall_system_manage` [ RunTime:0.002282s ]
[2021-07-31T19:41:16+08:00][sql] SELECT * FROM `mall_system_manage` WHERE  `id` = 1 LIMIT 1 [ RunTime:0.000456s ]
[2021-07-31T19:41:16+08:00][sql] SHOW FULL COLUMNS FROM `mall_system_menu` [ RunTime:0.002084s ]
[2021-07-31T19:41:16+08:00][sql] SELECT * FROM `mall_system_menu` WHERE  `status` = 0  AND `pid` = 0 ORDER BY `sort` ASC [ RunTime:0.000449s ]
[2021-07-31T19:41:16+08:00][sql] SELECT * FROM `mall_system_menu` WHERE  ( status=0 AND ((controller="platform.index" AND method="info") OR (controller="platform.index" AND FIND_IN_SET("info",active))) ) LIMIT 1 [ RunTime:0.000332s ]
[2021-07-31T19:41:16+08:00][sql] SELECT * FROM `mall_system_menu` WHERE  `status` = 0  AND `id` = 8 LIMIT 1 [ RunTime:0.000257s ]
[2021-07-31T19:41:16+08:00][sql] SELECT * FROM `mall_system_menu` WHERE  `status` = 0  AND `id` = 1 LIMIT 1 [ RunTime:0.000243s ]
[2021-07-31T19:41:16+08:00][sql] SELECT * FROM `mall_system_menu` WHERE  `status` = 0  AND `pid` = 1 ORDER BY `sort` ASC [ RunTime:0.000350s ]
[2021-07-31T19:41:16+08:00][sql] SELECT * FROM `mall_system_menu` WHERE  `status` = 0  AND `pid` = 8 ORDER BY `sort` ASC [ RunTime:0.000299s ]
[2021-07-31T19:41:16+08:00][sql] SELECT * FROM `mall_system_menu` WHERE  `status` = 0  AND `pid` = 9 ORDER BY `sort` ASC [ RunTime:0.000287s ]
[2021-07-31T19:41:16+08:00][sql] SELECT * FROM `mall_system_menu` WHERE  `status` = 0  AND `pid` = 10 ORDER BY `sort` ASC [ RunTime:0.000323s ]
[2021-07-31T19:41:16+08:00][sql] SELECT * FROM `mall_system_menu` WHERE  `status` = 0  AND `pid` = 11 ORDER BY `sort` ASC [ RunTime:0.000307s ]
[2021-07-31T19:41:16+08:00][sql] SELECT * FROM `mall_system_menu` WHERE  `status` = 0  AND `pid` = 79 ORDER BY `sort` ASC [ RunTime:0.000287s ]
[2021-07-31T19:41:16+08:00][sql] SELECT * FROM `mall_system_menu` WHERE  `status` = 0  AND `pid` = 80 ORDER BY `sort` ASC [ RunTime:0.000325s ]
[2021-07-31T19:41:16+08:00][sql] SELECT * FROM `mall_system_menu` WHERE  `status` = 0  AND `pid` = 81 ORDER BY `sort` ASC [ RunTime:0.000346s ]
[2021-07-31T19:41:16+08:00][sql] SELECT * FROM `mall_system_menu` WHERE  `status` = 0  AND `pid` = 12 ORDER BY `sort` ASC [ RunTime:0.000392s ]
[2021-07-31T19:41:16+08:00][sql] SELECT * FROM `mall_system_menu` WHERE  `status` = 0  AND `pid` = 13 ORDER BY `sort` ASC [ RunTime:0.000335s ]
[2021-07-31T19:41:16+08:00][sql] SELECT * FROM `mall_system_menu` WHERE  `status` = 0  AND `pid` = 14 ORDER BY `sort` ASC [ RunTime:0.000348s ]
[2021-07-31T19:41:16+08:00][sql] SELECT * FROM `mall_system_menu` WHERE  `status` = 0  AND `pid` = 15 ORDER BY `sort` ASC [ RunTime:0.000335s ]
[2021-07-31T19:41:16+08:00][sql] SELECT * FROM `mall_system_menu` WHERE  `status` = 0  AND `pid` = 16 ORDER BY `sort` ASC [ RunTime:0.000303s ]
[2021-07-31T19:41:16+08:00][sql] SELECT * FROM `mall_system_menu` WHERE  `status` = 0  AND `pid` = 17 ORDER BY `sort` ASC [ RunTime:0.000288s ]
[2021-07-31T19:41:16+08:00][sql] SELECT * FROM `mall_system_menu` WHERE  `status` = 0  AND `pid` = 18 ORDER BY `sort` ASC [ RunTime:0.000294s ]
[2021-07-31T19:41:16+08:00][sql] SELECT * FROM `mall_system_menu` WHERE  `status` = 0  AND `pid` = 23 ORDER BY `sort` ASC [ RunTime:0.000316s ]
[2021-07-31T19:41:16+08:00][sql] SELECT * FROM `mall_system_menu` WHERE  `status` = 0  AND `pid` = 24 ORDER BY `sort` ASC [ RunTime:0.000290s ]
[2021-07-31T19:41:16+08:00][sql] SELECT * FROM `mall_system_menu` WHERE  `status` = 0  AND `pid` = 25 ORDER BY `sort` ASC [ RunTime:0.000305s ]
[2021-07-31T19:41:16+08:00][sql] SELECT * FROM `mall_system_menu` WHERE  `status` = 0  AND `pid` = 26 ORDER BY `sort` ASC [ RunTime:0.000499s ]
[2021-07-31T19:41:16+08:00][sql] SELECT * FROM `mall_system_menu` WHERE  `status` = 0  AND `pid` = 21 ORDER BY `sort` ASC [ RunTime:0.000455s ]
[2021-07-31T19:41:16+08:00][sql] SELECT * FROM `mall_system_menu` WHERE  `status` = 0  AND `pid` = 22 ORDER BY `sort` ASC [ RunTime:0.000369s ]
[2021-07-31T19:41:16+08:00][sql] SELECT * FROM `mall_system_users` WHERE  `id` = 1 LIMIT 1 [ RunTime:0.000302s ]
[2021-07-31T19:41:16+08:00][sql] SELECT * FROM `mall_system_manage` WHERE  `id` = 1 LIMIT 1 [ RunTime:0.000235s ]
[2021-07-31T19:41:16+08:00][sql] SELECT * FROM `mall_system_users` WHERE  `id` = 1 LIMIT 1 [ RunTime:0.000254s ]
[2021-07-31T19:41:16+08:00][sql] SELECT * FROM `mall_system_manage` WHERE  `id` = 1 LIMIT 1 [ RunTime:0.000224s ]
[2021-07-31T19:41:16+08:00][sql] SELECT VERSION() as version [ RunTime:0.000126s ]
[2021-07-31T19:42:29+08:00][sql] CONNECT:[ UseTime:0.000379s ] mysql:host=127.0.0.1;port=3306;dbname=a3mall-pro;charset=utf8mb4
[2021-07-31T19:42:29+08:00][sql] SHOW FULL COLUMNS FROM `mall_system_users` [ RunTime:0.006007s ]
[2021-07-31T19:42:29+08:00][sql] SELECT * FROM `mall_system_users` WHERE  `id` = 1 LIMIT 1 [ RunTime:0.000457s ]
[2021-07-31T19:42:29+08:00][sql] SHOW FULL COLUMNS FROM `mall_system_manage` [ RunTime:0.001961s ]
[2021-07-31T19:42:29+08:00][sql] SELECT * FROM `mall_system_manage` WHERE  `id` = 1 LIMIT 1 [ RunTime:0.000308s ]
[2021-07-31T19:42:29+08:00][sql] SHOW FULL COLUMNS FROM `mall_system_menu` [ RunTime:0.002403s ]
[2021-07-31T19:42:29+08:00][sql] SELECT * FROM `mall_system_menu` WHERE  `status` = 0  AND `pid` = 0 ORDER BY `sort` ASC [ RunTime:0.000528s ]
[2021-07-31T19:42:29+08:00][sql] SELECT * FROM `mall_system_menu` WHERE  ( status=0 AND ((controller="platform.index" AND method="info") OR (controller="platform.index" AND FIND_IN_SET("info",active))) ) LIMIT 1 [ RunTime:0.000501s ]
[2021-07-31T19:42:29+08:00][sql] SELECT * FROM `mall_system_menu` WHERE  `status` = 0  AND `id` = 8 LIMIT 1 [ RunTime:0.000346s ]
[2021-07-31T19:42:29+08:00][sql] SELECT * FROM `mall_system_menu` WHERE  `status` = 0  AND `id` = 1 LIMIT 1 [ RunTime:0.000276s ]
[2021-07-31T19:42:29+08:00][sql] SELECT * FROM `mall_system_menu` WHERE  `status` = 0  AND `pid` = 1 ORDER BY `sort` ASC [ RunTime:0.000366s ]
[2021-07-31T19:42:29+08:00][sql] SELECT * FROM `mall_system_menu` WHERE  `status` = 0  AND `pid` = 8 ORDER BY `sort` ASC [ RunTime:0.000303s ]
[2021-07-31T19:42:29+08:00][sql] SELECT * FROM `mall_system_menu` WHERE  `status` = 0  AND `pid` = 9 ORDER BY `sort` ASC [ RunTime:0.000323s ]
[2021-07-31T19:42:29+08:00][sql] SELECT * FROM `mall_system_menu` WHERE  `status` = 0  AND `pid` = 10 ORDER BY `sort` ASC [ RunTime:0.000300s ]
[2021-07-31T19:42:29+08:00][sql] SELECT * FROM `mall_system_menu` WHERE  `status` = 0  AND `pid` = 11 ORDER BY `sort` ASC [ RunTime:0.000283s ]
[2021-07-31T19:42:29+08:00][sql] SELECT * FROM `mall_system_menu` WHERE  `status` = 0  AND `pid` = 79 ORDER BY `sort` ASC [ RunTime:0.000281s ]
[2021-07-31T19:42:29+08:00][sql] SELECT * FROM `mall_system_menu` WHERE  `status` = 0  AND `pid` = 80 ORDER BY `sort` ASC [ RunTime:0.000295s ]
[2021-07-31T19:42:29+08:00][sql] SELECT * FROM `mall_system_menu` WHERE  `status` = 0  AND `pid` = 81 ORDER BY `sort` ASC [ RunTime:0.000331s ]
[2021-07-31T19:42:29+08:00][sql] SELECT * FROM `mall_system_menu` WHERE  `status` = 0  AND `pid` = 12 ORDER BY `sort` ASC [ RunTime:0.000323s ]
[2021-07-31T19:42:29+08:00][sql] SELECT * FROM `mall_system_menu` WHERE  `status` = 0  AND `pid` = 13 ORDER BY `sort` ASC [ RunTime:0.000296s ]
[2021-07-31T19:42:29+08:00][sql] SELECT * FROM `mall_system_menu` WHERE  `status` = 0  AND `pid` = 14 ORDER BY `sort` ASC [ RunTime:0.000278s ]
[2021-07-31T19:42:29+08:00][sql] SELECT * FROM `mall_system_menu` WHERE  `status` = 0  AND `pid` = 15 ORDER BY `sort` ASC [ RunTime:0.000303s ]
[2021-07-31T19:42:29+08:00][sql] SELECT * FROM `mall_system_menu` WHERE  `status` = 0  AND `pid` = 16 ORDER BY `sort` ASC [ RunTime:0.000316s ]
[2021-07-31T19:42:29+08:00][sql] SELECT * FROM `mall_system_menu` WHERE  `status` = 0  AND `pid` = 17 ORDER BY `sort` ASC [ RunTime:0.000295s ]
[2021-07-31T19:42:29+08:00][sql] SELECT * FROM `mall_system_menu` WHERE  `status` = 0  AND `pid` = 18 ORDER BY `sort` ASC [ RunTime:0.000351s ]
[2021-07-31T19:42:29+08:00][sql] SELECT * FROM `mall_system_menu` WHERE  `status` = 0  AND `pid` = 23 ORDER BY `sort` ASC [ RunTime:0.000300s ]
[2021-07-31T19:42:29+08:00][sql] SELECT * FROM `mall_system_menu` WHERE  `status` = 0  AND `pid` = 24 ORDER BY `sort` ASC [ RunTime:0.000287s ]
[2021-07-31T19:42:29+08:00][sql] SELECT * FROM `mall_system_menu` WHERE  `status` = 0  AND `pid` = 25 ORDER BY `sort` ASC [ RunTime:0.000279s ]
[2021-07-31T19:42:29+08:00][sql] SELECT * FROM `mall_system_menu` WHERE  `status` = 0  AND `pid` = 26 ORDER BY `sort` ASC [ RunTime:0.000355s ]
[2021-07-31T19:42:29+08:00][sql] SELECT * FROM `mall_system_menu` WHERE  `status` = 0  AND `pid` = 21 ORDER BY `sort` ASC [ RunTime:0.000402s ]
[2021-07-31T19:42:29+08:00][sql] SELECT * FROM `mall_system_menu` WHERE  `status` = 0  AND `pid` = 22 ORDER BY `sort` ASC [ RunTime:0.000371s ]
[2021-07-31T19:42:29+08:00][sql] SELECT * FROM `mall_system_users` WHERE  `id` = 1 LIMIT 1 [ RunTime:0.000308s ]
[2021-07-31T19:42:29+08:00][sql] SELECT * FROM `mall_system_manage` WHERE  `id` = 1 LIMIT 1 [ RunTime:0.000231s ]
[2021-07-31T19:42:29+08:00][sql] SELECT * FROM `mall_system_users` WHERE  `id` = 1 LIMIT 1 [ RunTime:0.000223s ]
[2021-07-31T19:42:29+08:00][sql] SELECT * FROM `mall_system_manage` WHERE  `id` = 1 LIMIT 1 [ RunTime:0.000192s ]
[2021-07-31T19:42:29+08:00][sql] SELECT VERSION() as version [ RunTime:0.000150s ]
[2021-07-31T19:42:31+08:00][sql] CONNECT:[ UseTime:0.000673s ] mysql:host=127.0.0.1;port=3306;dbname=a3mall-pro;charset=utf8mb4
[2021-07-31T19:42:31+08:00][sql] SHOW FULL COLUMNS FROM `mall_system_users` [ RunTime:0.118510s ]
[2021-07-31T19:42:31+08:00][sql] SELECT * FROM `mall_system_users` WHERE  `id` = 1 LIMIT 1 [ RunTime:0.000607s ]
[2021-07-31T19:42:31+08:00][sql] SHOW FULL COLUMNS FROM `mall_system_manage` [ RunTime:0.006567s ]
[2021-07-31T19:42:31+08:00][sql] SELECT * FROM `mall_system_manage` WHERE  `id` = 1 LIMIT 1 [ RunTime:0.000456s ]
[2021-07-31T19:42:31+08:00][sql] SHOW FULL COLUMNS FROM `mall_system_menu` [ RunTime:0.002647s ]
[2021-07-31T19:42:31+08:00][sql] SELECT * FROM `mall_system_menu` WHERE  `status` = 0  AND `pid` = 0 ORDER BY `sort` ASC [ RunTime:0.000580s ]
[2021-07-31T19:42:31+08:00][sql] SELECT * FROM `mall_system_menu` WHERE  ( status=0 AND ((controller="platform.shop" AND method="select") OR (controller="platform.shop" AND FIND_IN_SET("select",active))) ) LIMIT 1 [ RunTime:0.000448s ]
[2021-07-31T19:42:31+08:00][sql] SELECT * FROM `mall_system_menu` WHERE  `status` = 0  AND `pid` = 115 ORDER BY `sort` ASC [ RunTime:0.000460s ]
[2021-07-31T19:42:31+08:00][sql] SELECT * FROM `mall_system_menu` WHERE  `status` = 0  AND `pid` = 116 ORDER BY `sort` ASC [ RunTime:0.000413s ]
[2021-07-31T19:42:31+08:00][sql] SELECT * FROM `mall_system_menu` WHERE  `status` = 0  AND `pid` = 155 ORDER BY `sort` ASC [ RunTime:0.000548s ]
[2021-07-31T19:42:31+08:00][sql] SELECT * FROM `mall_system_users` WHERE  `id` = 1 LIMIT 1 [ RunTime:0.000364s ]
[2021-07-31T19:42:31+08:00][sql] SELECT * FROM `mall_system_manage` WHERE  `id` = 1 LIMIT 1 [ RunTime:0.000355s ]
[2021-07-31T19:42:31+08:00][sql] SELECT * FROM `mall_system_users` WHERE  `id` = 1 LIMIT 1 [ RunTime:0.000317s ]
[2021-07-31T19:42:31+08:00][sql] SELECT * FROM `mall_system_manage` WHERE  `id` = 1 LIMIT 1 [ RunTime:0.000266s ]
[2021-07-31T19:42:31+08:00][sql] SHOW FULL COLUMNS FROM `mall_pages_type` [ RunTime:0.076913s ]
[2021-07-31T19:42:31+08:00][sql] SELECT * FROM `mall_pages_type` WHERE  `type` IN ('h5','mini','app') [ RunTime:0.000392s ]
[2021-07-31T19:42:34+08:00][sql] CONNECT:[ UseTime:0.000545s ] mysql:host=127.0.0.1;port=3306;dbname=a3mall-pro;charset=utf8mb4
[2021-07-31T19:42:34+08:00][sql] SHOW FULL COLUMNS FROM `mall_system_users` [ RunTime:0.002214s ]
[2021-07-31T19:42:34+08:00][sql] SELECT * FROM `mall_system_users` WHERE  `id` = 1 LIMIT 1 [ RunTime:0.000447s ]
[2021-07-31T19:42:34+08:00][sql] SHOW FULL COLUMNS FROM `mall_system_manage` [ RunTime:0.002170s ]
[2021-07-31T19:42:34+08:00][sql] SELECT * FROM `mall_system_manage` WHERE  `id` = 1 LIMIT 1 [ RunTime:0.000442s ]
[2021-07-31T19:42:34+08:00][sql] SHOW FULL COLUMNS FROM `mall_system_menu` [ RunTime:0.002542s ]
[2021-07-31T19:42:34+08:00][sql] SELECT * FROM `mall_system_menu` WHERE  `status` = 0  AND `pid` = 0 ORDER BY `sort` ASC [ RunTime:0.000481s ]
[2021-07-31T19:42:34+08:00][sql] SELECT * FROM `mall_system_menu` WHERE  ( status=0 AND ((controller="platform.shop" AND method="manage") OR (controller="platform.shop" AND FIND_IN_SET("manage",active))) ) LIMIT 1 [ RunTime:0.000531s ]
[2021-07-31T19:42:34+08:00][sql] SELECT * FROM `mall_system_menu` WHERE  `status` = 0  AND `pid` = 115 ORDER BY `sort` ASC [ RunTime:0.000387s ]
[2021-07-31T19:42:34+08:00][sql] SELECT * FROM `mall_system_menu` WHERE  `status` = 0  AND `pid` = 116 ORDER BY `sort` ASC [ RunTime:0.000329s ]
[2021-07-31T19:42:34+08:00][sql] SELECT * FROM `mall_system_menu` WHERE  `status` = 0  AND `pid` = 155 ORDER BY `sort` ASC [ RunTime:0.000304s ]
[2021-07-31T19:42:34+08:00][sql] SELECT * FROM `mall_system_users` WHERE  `id` = 1 LIMIT 1 [ RunTime:0.000275s ]
[2021-07-31T19:42:34+08:00][sql] SELECT * FROM `mall_system_manage` WHERE  `id` = 1 LIMIT 1 [ RunTime:0.000242s ]
[2021-07-31T19:42:34+08:00][sql] SELECT * FROM `mall_system_users` WHERE  `id` = 1 LIMIT 1 [ RunTime:0.000247s ]
[2021-07-31T19:42:34+08:00][sql] SELECT * FROM `mall_system_manage` WHERE  `id` = 1 LIMIT 1 [ RunTime:0.000218s ]
[2021-07-31T19:42:34+08:00][sql] SHOW FULL COLUMNS FROM `mall_pages` [ RunTime:0.024799s ]
[2021-07-31T19:42:34+08:00][sql] SELECT * FROM `mall_pages` WHERE  `code` = 'home'  AND `type` = 'h5' LIMIT 1 [ RunTime:0.000507s ]
[2021-07-31T19:42:34+08:00][sql] SHOW FULL COLUMNS FROM `mall_pages_widget` [ RunTime:0.004008s ]
[2021-07-31T19:42:34+08:00][sql] SHOW FULL COLUMNS FROM `mall_pages_relation` [ RunTime:0.003370s ]
[2021-07-31T19:42:34+08:00][sql] SELECT * FROM `mall_pages_relation` WHERE  `type` = 'h5' LIMIT 1 [ RunTime:0.000352s ]
[2021-07-31T19:42:34+08:00][sql] SELECT * FROM `mall_pages_widget` WHERE  `id` IN (1,2,3,4,5,6,7,8,9,10,11,12,13,14,15,16,17,18,19,20) [ RunTime:0.000472s ]
[2021-07-31T19:42:34+08:00][sql] SELECT * FROM `mall_pages` WHERE  `id` = 1 LIMIT 1 [ RunTime:0.000721s ]
[2021-07-31T19:42:34+08:00][sql] SHOW FULL COLUMNS FROM `mall_pages_items` [ RunTime:0.004593s ]
[2021-07-31T19:42:34+08:00][sql] SELECT * FROM `mall_pages_items` WHERE  `pid` = 1 ORDER BY `position_id` ASC [ RunTime:0.035510s ]
[2021-07-31T19:42:34+08:00][sql] SHOW FULL COLUMNS FROM `mall_setting` [ RunTime:0.058190s ]
[2021-07-31T19:42:34+08:00][sql] SELECT `value` FROM `mall_setting` WHERE  `name` = 'upload' LIMIT 1 [ RunTime:0.000413s ]
[2021-07-31T19:42:34+08:00][sql] SELECT `value` FROM `mall_setting` WHERE  `name` = 'upload' LIMIT 1 [ RunTime:0.000374s ]
[2021-07-31T19:42:34+08:00][sql] SELECT `value` FROM `mall_setting` WHERE  `name` = 'upload' LIMIT 1 [ RunTime:0.000315s ]
[2021-07-31T19:42:34+08:00][sql] SELECT `value` FROM `mall_setting` WHERE  `name` = 'upload' LIMIT 1 [ RunTime:0.000322s ]
[2021-07-31T19:42:34+08:00][sql] SELECT `value` FROM `mall_setting` WHERE  `name` = 'upload' LIMIT 1 [ RunTime:0.000274s ]
[2021-07-31T19:42:34+08:00][sql] SELECT `value` FROM `mall_setting` WHERE  `name` = 'upload' LIMIT 1 [ RunTime:0.000228s ]
[2021-07-31T19:42:34+08:00][sql] SELECT `value` FROM `mall_setting` WHERE  `name` = 'upload' LIMIT 1 [ RunTime:0.000263s ]
[2021-07-31T19:42:34+08:00][sql] SELECT `value` FROM `mall_setting` WHERE  `name` = 'upload' LIMIT 1 [ RunTime:0.000250s ]
[2021-07-31T19:42:34+08:00][sql] SELECT `value` FROM `mall_setting` WHERE  `name` = 'upload' LIMIT 1 [ RunTime:0.000235s ]
[2021-07-31T19:42:34+08:00][sql] SELECT `value` FROM `mall_setting` WHERE  `name` = 'upload' LIMIT 1 [ RunTime:0.000206s ]
[2021-07-31T19:42:34+08:00][sql] SELECT `value` FROM `mall_setting` WHERE  `name` = 'upload' LIMIT 1 [ RunTime:0.000212s ]
[2021-07-31T19:42:34+08:00][sql] SHOW FULL COLUMNS FROM `mall_promotion_second` [ RunTime:0.014428s ]
[2021-07-31T19:42:34+08:00][sql] SELECT `pg`.`id`,`pg`.`title`,`pg`.`goods_id`,`pg`.`sell_price`,`pg`.`start_time`,`pg`.`end_time`,`g`.`photo` FROM `mall_promotion_second` `pg` LEFT JOIN `mall_goods` `g` ON `pg`.`goods_id`=`g`.`id` WHERE  `pg`.`status` = 0  AND `g`.`status` = 0  AND `pg`.`id` IN ('1','2','3','4') [ RunTime:0.012580s ]
[2021-07-31T19:42:34+08:00][sql] SELECT `value` FROM `mall_setting` WHERE  `name` = 'upload' LIMIT 1 [ RunTime:0.000445s ]
[2021-07-31T19:42:34+08:00][sql] SELECT `value` FROM `mall_setting` WHERE  `name` = 'upload' LIMIT 1 [ RunTime:0.000294s ]
[2021-07-31T19:42:34+08:00][sql] SELECT `value` FROM `mall_setting` WHERE  `name` = 'upload' LIMIT 1 [ RunTime:0.000297s ]
[2021-07-31T19:42:34+08:00][sql] SELECT `value` FROM `mall_setting` WHERE  `name` = 'upload' LIMIT 1 [ RunTime:0.000239s ]
[2021-07-31T19:42:34+08:00][sql] SELECT `value` FROM `mall_setting` WHERE  `name` = 'upload' LIMIT 1 [ RunTime:0.000245s ]
[2021-07-31T19:42:34+08:00][sql] SELECT `value` FROM `mall_setting` WHERE  `name` = 'upload' LIMIT 1 [ RunTime:0.000245s ]
[2021-07-31T19:42:34+08:00][sql] SELECT `value` FROM `mall_setting` WHERE  `name` = 'upload' LIMIT 1 [ RunTime:0.000237s ]
[2021-07-31T19:42:34+08:00][sql] SELECT `value` FROM `mall_setting` WHERE  `name` = 'upload' LIMIT 1 [ RunTime:0.000239s ]
[2021-07-31T19:42:34+08:00][sql] SHOW FULL COLUMNS FROM `mall_goods` [ RunTime:0.002368s ]
[2021-07-31T19:42:34+08:00][sql] SELECT `id`,`cat_id`,`title`,`goods_number`,`goods_weight`,`sell_price`,`market_price`,`store_nums`,`photo`,`briefly`,`status`,`visit`,`favorite`,`sale` FROM `mall_goods` WHERE  `status` = 0  AND `id` IN (1,3,4,5,6) [ RunTime:0.012099s ]
[2021-07-31T19:42:34+08:00][sql] SELECT `value` FROM `mall_setting` WHERE  `name` = 'upload' LIMIT 1 [ RunTime:0.000439s ]
[2021-07-31T19:42:34+08:00][sql] SELECT `value` FROM `mall_setting` WHERE  `name` = 'upload' LIMIT 1 [ RunTime:0.000351s ]
[2021-07-31T19:42:34+08:00][sql] SELECT `value` FROM `mall_setting` WHERE  `name` = 'upload' LIMIT 1 [ RunTime:0.000382s ]
[2021-07-31T19:42:34+08:00][sql] SELECT `value` FROM `mall_setting` WHERE  `name` = 'upload' LIMIT 1 [ RunTime:0.000397s ]
[2021-07-31T19:42:34+08:00][sql] SELECT `value` FROM `mall_setting` WHERE  `name` = 'upload' LIMIT 1 [ RunTime:0.000352s ]
[2021-07-31T19:42:34+08:00][sql] SELECT `value` FROM `mall_setting` WHERE  `name` = 'upload' LIMIT 1 [ RunTime:0.000278s ]
[2021-07-31T19:42:34+08:00][sql] SELECT `value` FROM `mall_setting` WHERE  `name` = 'upload' LIMIT 1 [ RunTime:0.000238s ]
[2021-07-31T19:42:34+08:00][sql] SELECT `value` FROM `mall_setting` WHERE  `name` = 'upload' LIMIT 1 [ RunTime:0.000258s ]
[2021-07-31T19:42:34+08:00][sql] SELECT `value` FROM `mall_setting` WHERE  `name` = 'upload' LIMIT 1 [ RunTime:0.000258s ]
[2021-07-31T19:42:34+08:00][sql] SELECT `value` FROM `mall_setting` WHERE  `name` = 'upload' LIMIT 1 [ RunTime:0.000238s ]
[2021-07-31T19:42:34+08:00][sql] SELECT `value` FROM `mall_setting` WHERE  `name` = 'upload' LIMIT 1 [ RunTime:0.000219s ]
[2021-07-31T19:42:34+08:00][sql] SHOW FULL COLUMNS FROM `mall_category` [ RunTime:0.039619s ]
[2021-07-31T19:42:34+08:00][sql] SELECT * FROM `mall_category` WHERE  `status` = 0  AND `module` = 'goods' [ RunTime:0.000466s ]
[2021-07-31T19:42:34+08:00][sql] SELECT * FROM `mall_category` WHERE  `status` = 0  AND `module` = 'article' [ RunTime:0.000374s ]
[2021-07-31T19:42:34+08:00][sql] SHOW FULL COLUMNS FROM `mall_products_brand` [ RunTime:0.004464s ]
[2021-07-31T19:42:34+08:00][sql] SELECT * FROM `mall_products_brand` WHERE  `status` = 0 [ RunTime:0.000392s ]
[2021-07-31T19:42:34+08:00][sql] SELECT `value` FROM `mall_setting` WHERE  `name` = 'upload' LIMIT 1 [ RunTime:0.000264s ]
[2021-07-31T19:42:34+08:00][sql] SELECT * FROM `mall_pages` WHERE  `is_lock` = 0  AND `type` = 'h5' [ RunTime:0.000287s ]
