[2021-07-04T15:50:54+08:00][sql] CONNECT:[ UseTime:0.000678s ] mysql:host=127.0.0.1;port=3306;dbname=a3mall-pro;charset=utf8mb4
[2021-07-04T15:50:54+08:00][sql] SHOW FULL COLUMNS FROM `mall_navigation` [ RunTime:0.047642s ]
[2021-07-04T15:50:54+08:00][sql] SELECT * FROM `mall_navigation` WHERE  `status` = 0  AND `pid` = 0 ORDER BY `sort` ASC [ RunTime:0.000581s ]
[2021-07-04T15:50:54+08:00][sql] SHOW FULL COLUMNS FROM `mall_setting` [ RunTime:0.005324s ]
[2021-07-04T15:50:54+08:00][sql] SELECT `value` FROM `mall_setting` WHERE  `name` = 'web_name' LIMIT 1 [ RunTime:0.000583s ]
[2021-07-04T15:50:54+08:00][sql] SELECT `value` FROM `mall_setting` WHERE  `name` = 'web_title' LIMIT 1 [ RunTime:0.000461s ]
[2021-07-04T15:50:54+08:00][sql] SELECT `value` FROM `mall_setting` WHERE  `name` = 'web_keywords' LIMIT 1 [ RunTime:0.000338s ]
[2021-07-04T15:50:54+08:00][sql] SELECT `value` FROM `mall_setting` WHERE  `name` = 'web_description' LIMIT 1 [ RunTime:0.000349s ]
[2021-07-04T15:50:54+08:00][sql] SELECT `value` FROM `mall_setting` WHERE  `name` = 'web_copyright' LIMIT 1 [ RunTime:0.000326s ]
[2021-07-04T15:50:54+08:00][sql] SELECT `value` FROM `mall_setting` WHERE  `name` = 'web_logo' LIMIT 1 [ RunTime:0.000340s ]
[2021-07-04T15:50:54+08:00][sql] SHOW FULL COLUMNS FROM `mall_version` [ RunTime:0.068189s ]
[2021-07-04T15:50:54+08:00][sql] SELECT * FROM `mall_version` WHERE  `type` = 3  AND `status` = 0 [ RunTime:0.000443s ]
[2021-07-04T15:50:54+08:00][sql] SHOW FULL COLUMNS FROM `mall_data` [ RunTime:0.049797s ]
[2021-07-04T15:50:54+08:00][sql] SELECT * FROM `mall_data` WHERE  `sign` = 'banner'  AND `status` = 0 LIMIT 1 [ RunTime:0.000472s ]
[2021-07-04T15:50:54+08:00][sql] SHOW FULL COLUMNS FROM `mall_data_item` [ RunTime:0.003948s ]
[2021-07-04T15:50:54+08:00][sql] SELECT * FROM `mall_data_item` WHERE  `pid` = 1 [ RunTime:0.000339s ]
[2021-07-04T15:50:54+08:00][sql] SELECT `value` FROM `mall_setting` WHERE  `name` = 'upload' LIMIT 1 [ RunTime:0.000672s ]
[2021-07-04T15:50:54+08:00][sql] SELECT `value` FROM `mall_setting` WHERE  `name` = 'upload' LIMIT 1 [ RunTime:0.000443s ]
[2021-07-04T15:50:54+08:00][sql] SELECT * FROM `mall_data` WHERE  `sign` = 'home-bottom-ad'  AND `status` = 0 LIMIT 1 [ RunTime:0.000556s ]
[2021-07-04T15:50:54+08:00][sql] SELECT * FROM `mall_data_item` WHERE  `pid` = 3 [ RunTime:0.000347s ]
[2021-07-04T15:50:54+08:00][sql] SELECT `value` FROM `mall_setting` WHERE  `name` = 'upload' LIMIT 1 [ RunTime:0.000351s ]
[2021-07-04T15:50:54+08:00][sql] SELECT `value` FROM `mall_setting` WHERE  `name` = 'upload' LIMIT 1 [ RunTime:0.000284s ]
[2021-07-04T15:50:54+08:00][sql] SELECT `value` FROM `mall_setting` WHERE  `name` = 'upload' LIMIT 1 [ RunTime:0.000255s ]
[2021-07-04T15:50:54+08:00][sql] SHOW FULL COLUMNS FROM `mall_promotion_second` [ RunTime:0.041544s ]
[2021-07-04T15:50:54+08:00][sql] SELECT `p`.*,`g`.`photo`,g.id as goods_id FROM `mall_promotion_second` `p` LEFT JOIN `mall_goods` `g` ON `p`.`goods_id`=`g`.`id` WHERE  ( p.status=0 )  AND ( end_time > 1625385054 ) GROUP BY `g`.`id` ORDER BY `p`.`id` DESC LIMIT 4 [ RunTime:0.052399s ]
[2021-07-04T15:50:54+08:00][sql] SELECT `value` FROM `mall_setting` WHERE  `name` = 'upload' LIMIT 1 [ RunTime:0.000567s ]
[2021-07-04T15:50:54+08:00][sql] SELECT `value` FROM `mall_setting` WHERE  `name` = 'upload' LIMIT 1 [ RunTime:0.000360s ]
[2021-07-04T15:50:54+08:00][sql] SELECT `value` FROM `mall_setting` WHERE  `name` = 'upload' LIMIT 1 [ RunTime:0.000361s ]
[2021-07-04T15:50:54+08:00][sql] SELECT `value` FROM `mall_setting` WHERE  `name` = 'upload' LIMIT 1 [ RunTime:0.000331s ]
[2021-07-04T15:50:54+08:00][sql] SHOW FULL COLUMNS FROM `mall_archives` [ RunTime:0.019285s ]
[2021-07-04T15:50:54+08:00][sql] SELECT * FROM `mall_archives` WHERE  `pid` = 59  AND `status` = 0 ORDER BY `id` DESC LIMIT 3 [ RunTime:0.031114s ]
[2021-07-04T15:50:54+08:00][sql] SELECT * FROM `mall_data` WHERE  `sign` = 'home-bottom-ad'  AND `status` = 0 LIMIT 1 [ RunTime:0.000604s ]
[2021-07-04T15:50:54+08:00][sql] SELECT * FROM `mall_data_item` WHERE  `pid` = 3 LIMIT 1 [ RunTime:0.000571s ]
[2021-07-04T15:50:54+08:00][sql] SELECT `value` FROM `mall_setting` WHERE  `name` = 'upload' LIMIT 1 [ RunTime:0.000411s ]
[2021-07-04T15:50:54+08:00][sql] SHOW FULL COLUMNS FROM `mall_category` [ RunTime:0.024951s ]
[2021-07-04T15:50:54+08:00][sql] SELECT * FROM `mall_category` WHERE  `pid` = 0  AND `status` = 0  AND `is_hot` = 0  AND `module` = 'goods' ORDER BY `id` ASC,`sort` ASC [ RunTime:0.001006s ]
[2021-07-04T15:50:54+08:00][sql] SELECT * FROM `mall_data` WHERE  `sign` = 'recommend' LIMIT 1 [ RunTime:0.000362s ]
[2021-07-04T15:50:54+08:00][sql] SELECT * FROM `mall_data_item` WHERE  `pid` = 4 [ RunTime:0.000370s ]
[2021-07-04T15:50:54+08:00][sql] SELECT * FROM `mall_category` WHERE  `pid` = 1  AND `status` = 0 [ RunTime:0.000421s ]
[2021-07-04T15:50:54+08:00][sql] SELECT * FROM `mall_category` WHERE  `pid` = 2  AND `status` = 0 [ RunTime:0.000356s ]
[2021-07-04T15:50:54+08:00][sql] SELECT * FROM `mall_category` WHERE  `pid` = 17  AND `status` = 0 [ RunTime:0.000320s ]
[2021-07-04T15:50:54+08:00][sql] SELECT * FROM `mall_category` WHERE  `pid` = 18  AND `status` = 0 [ RunTime:0.000255s ]
[2021-07-04T15:50:54+08:00][sql] SELECT * FROM `mall_category` WHERE  `pid` = 19  AND `status` = 0 [ RunTime:0.000293s ]
[2021-07-04T15:50:54+08:00][sql] SELECT * FROM `mall_category` WHERE  `pid` = 20  AND `status` = 0 [ RunTime:0.000252s ]
[2021-07-04T15:50:54+08:00][sql] SELECT * FROM `mall_category` WHERE  `pid` = 21  AND `status` = 0 [ RunTime:0.000218s ]
[2021-07-04T15:50:54+08:00][sql] SELECT * FROM `mall_category` WHERE  `pid` = 22  AND `status` = 0 [ RunTime:0.000263s ]
[2021-07-04T15:50:54+08:00][sql] SELECT * FROM `mall_category` WHERE  `pid` = 23  AND `status` = 0 [ RunTime:0.000228s ]
[2021-07-04T15:50:54+08:00][sql] SELECT * FROM `mall_category` WHERE  `pid` = 24  AND `status` = 0 [ RunTime:0.000232s ]
[2021-07-04T15:50:54+08:00][sql] SELECT * FROM `mall_category` WHERE  `pid` = 25  AND `status` = 0 [ RunTime:0.000217s ]
[2021-07-04T15:50:54+08:00][sql] SELECT * FROM `mall_category` WHERE  `pid` = 26  AND `status` = 0 [ RunTime:0.000213s ]
[2021-07-04T15:50:54+08:00][sql] SELECT * FROM `mall_category` WHERE  `pid` = 27  AND `status` = 0 [ RunTime:0.000210s ]
[2021-07-04T15:50:54+08:00][sql] SELECT * FROM `mall_category` WHERE  `pid` = 28  AND `status` = 0 [ RunTime:0.000210s ]
[2021-07-04T15:50:54+08:00][sql] SELECT * FROM `mall_category` WHERE  `pid` = 29  AND `status` = 0 [ RunTime:0.000247s ]
[2021-07-04T15:50:54+08:00][sql] SELECT * FROM `mall_category` WHERE  `pid` = 30  AND `status` = 0 [ RunTime:0.000228s ]
[2021-07-04T15:50:54+08:00][sql] SELECT * FROM `mall_category` WHERE  `pid` = 31  AND `status` = 0 [ RunTime:0.000250s ]
[2021-07-04T15:50:54+08:00][sql] SELECT * FROM `mall_category` WHERE  `pid` = 32  AND `status` = 0 [ RunTime:0.000233s ]
[2021-07-04T15:50:54+08:00][sql] SELECT * FROM `mall_category` WHERE  `pid` = 40  AND `status` = 0 [ RunTime:0.000257s ]
[2021-07-04T15:50:54+08:00][sql] SELECT * FROM `mall_category` WHERE  `pid` = 3  AND `status` = 0 [ RunTime:0.000293s ]
[2021-07-04T15:50:54+08:00][sql] SELECT * FROM `mall_category` WHERE  `pid` = 4  AND `status` = 0 [ RunTime:0.000320s ]
[2021-07-04T15:50:54+08:00][sql] SELECT * FROM `mall_category` WHERE  `pid` = 5  AND `status` = 0 [ RunTime:0.000265s ]
[2021-07-04T15:50:54+08:00][sql] SELECT * FROM `mall_category` WHERE  `pid` = 15  AND `status` = 0 [ RunTime:0.000269s ]
[2021-07-04T15:50:54+08:00][sql] SELECT * FROM `mall_category` WHERE  `pid` = 39  AND `status` = 0 [ RunTime:0.000252s ]
[2021-07-04T15:50:54+08:00][sql] SELECT * FROM `mall_category` WHERE  `id` IN (2,17,18,19,20,21,22,23,24,25,26,27,28,29,30,31,32,40,3,4,5,15,39)  AND `status` = 0  AND `module` = 'goods'  AND `is_hot` = 0 ORDER BY `id` ASC,`sort` ASC [ RunTime:0.030165s ]
[2021-07-04T15:50:54+08:00][sql] SELECT `value` FROM `mall_setting` WHERE  `name` = 'upload' LIMIT 1 [ RunTime:0.000615s ]
[2021-07-04T15:50:54+08:00][sql] SHOW FULL COLUMNS FROM `mall_goods` [ RunTime:0.003581s ]
[2021-07-04T15:50:54+08:00][sql] SELECT `g`.* FROM `mall_goods` `g` LEFT JOIN `mall_goods_extends` `e` ON `g`.`id`=`e`.`goods_id` WHERE  `g`.`status` = 0  AND `e`.`attribute` = 'news'  AND `g`.`cat_id` IN (2,17,18,19,20,21,22,23,24,25,26,27,28,29,30,31,32,40,3,4,5,15,39,1) ORDER BY `g`.`id` DESC LIMIT 10 [ RunTime:0.020466s ]
[2021-07-04T15:50:54+08:00][sql] SELECT `value` FROM `mall_setting` WHERE  `name` = 'upload' LIMIT 1 [ RunTime:0.000432s ]
[2021-07-04T15:50:54+08:00][sql] SELECT `value` FROM `mall_setting` WHERE  `name` = 'upload' LIMIT 1 [ RunTime:0.000701s ]
[2021-07-04T15:50:54+08:00][sql] SELECT `value` FROM `mall_setting` WHERE  `name` = 'upload' LIMIT 1 [ RunTime:0.000496s ]
[2021-07-04T15:50:54+08:00][sql] SELECT `value` FROM `mall_setting` WHERE  `name` = 'upload' LIMIT 1 [ RunTime:0.000390s ]
[2021-07-04T15:50:54+08:00][sql] SELECT `value` FROM `mall_setting` WHERE  `name` = 'upload' LIMIT 1 [ RunTime:0.000366s ]
[2021-07-04T15:50:54+08:00][sql] SELECT `value` FROM `mall_setting` WHERE  `name` = 'upload' LIMIT 1 [ RunTime:0.000347s ]
[2021-07-04T15:50:54+08:00][sql] SELECT `value` FROM `mall_setting` WHERE  `name` = 'upload' LIMIT 1 [ RunTime:0.000319s ]
[2021-07-04T15:50:54+08:00][sql] SELECT `value` FROM `mall_setting` WHERE  `name` = 'upload' LIMIT 1 [ RunTime:0.000245s ]
[2021-07-04T15:50:54+08:00][sql] SELECT `value` FROM `mall_setting` WHERE  `name` = 'upload' LIMIT 1 [ RunTime:0.000261s ]
[2021-07-04T15:50:54+08:00][sql] SELECT `value` FROM `mall_setting` WHERE  `name` = 'upload' LIMIT 1 [ RunTime:0.000232s ]
[2021-07-04T15:50:54+08:00][sql] SELECT * FROM `mall_category` WHERE  `pid` = 6  AND `status` = 0 [ RunTime:0.000301s ]
[2021-07-04T15:50:54+08:00][sql] SELECT * FROM `mall_category` WHERE  `pid` = 7  AND `status` = 0 [ RunTime:0.000258s ]
[2021-07-04T15:50:54+08:00][sql] SELECT * FROM `mall_category` WHERE  `pid` = 8  AND `status` = 0 [ RunTime:0.000252s ]
[2021-07-04T15:50:54+08:00][sql] SELECT * FROM `mall_category` WHERE  `pid` = 9  AND `status` = 0 [ RunTime:0.000249s ]
[2021-07-04T15:50:54+08:00][sql] SELECT * FROM `mall_category` WHERE  `pid` = 10  AND `status` = 0 [ RunTime:0.000231s ]
[2021-07-04T15:50:54+08:00][sql] SELECT * FROM `mall_category` WHERE  `id` IN (7,8,9,10)  AND `status` = 0  AND `module` = 'goods'  AND `is_hot` = 0 ORDER BY `id` ASC,`sort` ASC [ RunTime:0.000462s ]
[2021-07-04T15:50:54+08:00][sql] SELECT `value` FROM `mall_setting` WHERE  `name` = 'upload' LIMIT 1 [ RunTime:0.000211s ]
[2021-07-04T15:50:54+08:00][sql] SELECT `g`.* FROM `mall_goods` `g` LEFT JOIN `mall_goods_extends` `e` ON `g`.`id`=`e`.`goods_id` WHERE  `g`.`status` = 0  AND `e`.`attribute` = 'news'  AND `g`.`cat_id` IN (7,8,9,10,6) ORDER BY `g`.`id` DESC LIMIT 10 [ RunTime:0.000417s ]
[2021-07-04T15:50:54+08:00][sql] SELECT `value` FROM `mall_setting` WHERE  `name` = 'upload' LIMIT 1 [ RunTime:0.000207s ]
[2021-07-04T15:50:54+08:00][sql] SELECT `value` FROM `mall_setting` WHERE  `name` = 'upload' LIMIT 1 [ RunTime:0.000206s ]
[2021-07-04T15:50:54+08:00][sql] SELECT `value` FROM `mall_setting` WHERE  `name` = 'upload' LIMIT 1 [ RunTime:0.000193s ]
[2021-07-04T15:50:54+08:00][sql] SELECT `value` FROM `mall_setting` WHERE  `name` = 'upload' LIMIT 1 [ RunTime:0.000208s ]
[2021-07-04T15:50:54+08:00][sql] SELECT `value` FROM `mall_setting` WHERE  `name` = 'upload' LIMIT 1 [ RunTime:0.000196s ]
[2021-07-04T15:50:54+08:00][sql] SELECT `value` FROM `mall_setting` WHERE  `name` = 'upload' LIMIT 1 [ RunTime:0.000204s ]
[2021-07-04T15:50:54+08:00][sql] SELECT `value` FROM `mall_setting` WHERE  `name` = 'upload' LIMIT 1 [ RunTime:0.000190s ]
[2021-07-04T15:50:54+08:00][sql] SELECT `value` FROM `mall_setting` WHERE  `name` = 'upload' LIMIT 1 [ RunTime:0.000194s ]
[2021-07-04T15:50:54+08:00][sql] SELECT `value` FROM `mall_setting` WHERE  `name` = 'upload' LIMIT 1 [ RunTime:0.000256s ]
[2021-07-04T15:50:54+08:00][sql] SELECT `value` FROM `mall_setting` WHERE  `name` = 'upload' LIMIT 1 [ RunTime:0.000289s ]
[2021-07-04T15:50:54+08:00][sql] SELECT * FROM `mall_category` WHERE  `pid` = 11  AND `status` = 0 [ RunTime:0.000305s ]
[2021-07-04T15:50:54+08:00][sql] SELECT * FROM `mall_category` WHERE  `pid` = 12  AND `status` = 0 [ RunTime:0.000278s ]
[2021-07-04T15:50:54+08:00][sql] SELECT * FROM `mall_category` WHERE  `pid` = 13  AND `status` = 0 [ RunTime:0.000256s ]
[2021-07-04T15:50:54+08:00][sql] SELECT * FROM `mall_category` WHERE  `pid` = 14  AND `status` = 0 [ RunTime:0.000292s ]
[2021-07-04T15:50:54+08:00][sql] SELECT * FROM `mall_category` WHERE  `pid` = 16  AND `status` = 0 [ RunTime:0.000257s ]
[2021-07-04T15:50:54+08:00][sql] SELECT * FROM `mall_category` WHERE  `id` IN (12,13,14,16)  AND `status` = 0  AND `module` = 'goods'  AND `is_hot` = 0 ORDER BY `id` ASC,`sort` ASC [ RunTime:0.000328s ]
[2021-07-04T15:50:54+08:00][sql] SELECT `value` FROM `mall_setting` WHERE  `name` = 'upload' LIMIT 1 [ RunTime:0.000215s ]
[2021-07-04T15:50:54+08:00][sql] SELECT `g`.* FROM `mall_goods` `g` LEFT JOIN `mall_goods_extends` `e` ON `g`.`id`=`e`.`goods_id` WHERE  `g`.`status` = 0  AND `e`.`attribute` = 'news'  AND `g`.`cat_id` IN (12,13,14,16,11) ORDER BY `g`.`id` DESC LIMIT 10 [ RunTime:0.000423s ]
[2021-07-04T15:50:54+08:00][sql] SELECT `value` FROM `mall_setting` WHERE  `name` = 'upload' LIMIT 1 [ RunTime:0.000212s ]
[2021-07-04T15:50:54+08:00][sql] SELECT `value` FROM `mall_setting` WHERE  `name` = 'upload' LIMIT 1 [ RunTime:0.000199s ]
[2021-07-04T15:50:54+08:00][sql] SELECT `value` FROM `mall_setting` WHERE  `name` = 'upload' LIMIT 1 [ RunTime:0.000184s ]
[2021-07-04T15:50:54+08:00][sql] SELECT `value` FROM `mall_setting` WHERE  `name` = 'upload' LIMIT 1 [ RunTime:0.000202s ]
[2021-07-04T15:50:54+08:00][sql] SELECT `value` FROM `mall_setting` WHERE  `name` = 'upload' LIMIT 1 [ RunTime:0.000204s ]
[2021-07-04T15:50:54+08:00][sql] SELECT `value` FROM `mall_setting` WHERE  `name` = 'upload' LIMIT 1 [ RunTime:0.000204s ]
[2021-07-04T15:50:54+08:00][sql] SELECT `value` FROM `mall_setting` WHERE  `name` = 'upload' LIMIT 1 [ RunTime:0.000184s ]
[2021-07-04T15:50:54+08:00][sql] SELECT `value` FROM `mall_setting` WHERE  `name` = 'upload' LIMIT 1 [ RunTime:0.000203s ]
[2021-07-04T15:50:54+08:00][sql] SELECT `value` FROM `mall_setting` WHERE  `name` = 'upload' LIMIT 1 [ RunTime:0.000205s ]
[2021-07-04T15:50:54+08:00][sql] SELECT `value` FROM `mall_setting` WHERE  `name` = 'upload' LIMIT 1 [ RunTime:0.000214s ]
[2021-07-04T15:50:55+08:00][sql] CONNECT:[ UseTime:0.001492s ] mysql:host=127.0.0.1;port=3306;dbname=a3mall-pro;charset=utf8mb4
[2021-07-04T15:50:55+08:00][sql] SHOW FULL COLUMNS FROM `mall_navigation` [ RunTime:0.012231s ]
[2021-07-04T15:50:55+08:00][sql] SELECT * FROM `mall_navigation` WHERE  `status` = 0  AND `pid` = 0 ORDER BY `sort` ASC [ RunTime:0.001199s ]
[2021-07-04T15:50:55+08:00][sql] SHOW FULL COLUMNS FROM `mall_setting` [ RunTime:0.171964s ]
[2021-07-04T15:50:55+08:00][sql] SELECT `value` FROM `mall_setting` WHERE  `name` = 'web_name' LIMIT 1 [ RunTime:0.000389s ]
[2021-07-04T15:50:55+08:00][sql] SELECT `value` FROM `mall_setting` WHERE  `name` = 'web_title' LIMIT 1 [ RunTime:0.000321s ]
[2021-07-04T15:50:55+08:00][sql] SELECT `value` FROM `mall_setting` WHERE  `name` = 'web_keywords' LIMIT 1 [ RunTime:0.000283s ]
[2021-07-04T15:50:55+08:00][sql] SELECT `value` FROM `mall_setting` WHERE  `name` = 'web_description' LIMIT 1 [ RunTime:0.000227s ]
[2021-07-04T15:50:55+08:00][sql] SELECT `value` FROM `mall_setting` WHERE  `name` = 'web_copyright' LIMIT 1 [ RunTime:0.000210s ]
[2021-07-04T15:50:55+08:00][sql] SELECT `value` FROM `mall_setting` WHERE  `name` = 'web_logo' LIMIT 1 [ RunTime:0.000195s ]
[2021-07-04T15:50:55+08:00][sql] SHOW FULL COLUMNS FROM `mall_version` [ RunTime:0.002317s ]
[2021-07-04T15:50:55+08:00][sql] SELECT * FROM `mall_version` WHERE  `type` = 3  AND `status` = 0 [ RunTime:0.000283s ]
[2021-07-04T15:50:56+08:00][sql] CONNECT:[ UseTime:0.001201s ] mysql:host=127.0.0.1;port=3306;dbname=a3mall-pro;charset=utf8mb4
[2021-07-04T15:50:56+08:00][sql] SHOW FULL COLUMNS FROM `mall_navigation` [ RunTime:0.012000s ]
[2021-07-04T15:50:56+08:00][sql] SELECT * FROM `mall_navigation` WHERE  `status` = 0  AND `pid` = 0 ORDER BY `sort` ASC [ RunTime:0.001603s ]
[2021-07-04T15:50:56+08:00][sql] SHOW FULL COLUMNS FROM `mall_setting` [ RunTime:0.171611s ]
[2021-07-04T15:50:56+08:00][sql] SELECT `value` FROM `mall_setting` WHERE  `name` = 'web_name' LIMIT 1 [ RunTime:0.000481s ]
[2021-07-04T15:50:56+08:00][sql] SELECT `value` FROM `mall_setting` WHERE  `name` = 'web_title' LIMIT 1 [ RunTime:0.000271s ]
[2021-07-04T15:50:56+08:00][sql] SELECT `value` FROM `mall_setting` WHERE  `name` = 'web_keywords' LIMIT 1 [ RunTime:0.000357s ]
[2021-07-04T15:50:56+08:00][sql] SELECT `value` FROM `mall_setting` WHERE  `name` = 'web_description' LIMIT 1 [ RunTime:0.000215s ]
[2021-07-04T15:50:56+08:00][sql] SELECT `value` FROM `mall_setting` WHERE  `name` = 'web_copyright' LIMIT 1 [ RunTime:0.000210s ]
[2021-07-04T15:50:56+08:00][sql] SELECT `value` FROM `mall_setting` WHERE  `name` = 'web_logo' LIMIT 1 [ RunTime:0.000216s ]
[2021-07-04T15:50:56+08:00][sql] SHOW FULL COLUMNS FROM `mall_version` [ RunTime:0.002269s ]
[2021-07-04T15:50:56+08:00][sql] SELECT * FROM `mall_version` WHERE  `type` = 3  AND `status` = 0 [ RunTime:0.000339s ]
[2021-07-04T15:50:56+08:00][sql] SHOW FULL COLUMNS FROM `mall_cart` [ RunTime:0.238765s ]
[2021-07-04T15:50:56+08:00][sql] SELECT * FROM `mall_cart` WHERE  `user_id` IS NULL ORDER BY `id` DESC LIMIT 5 [ RunTime:0.000895s ]
[2021-07-04T15:50:56+08:00][sql] SHOW FULL COLUMNS FROM `mall_goods_item` [ RunTime:0.066155s ]
[2021-07-04T15:50:56+08:00][sql] SHOW FULL COLUMNS FROM `mall_goods_attribute` [ RunTime:0.060698s ]
[2021-07-04T15:50:56+08:00][sql] SELECT SUM(sell_price * goods_nums) as price FROM `mall_cart` WHERE  `user_id` IS NULL LIMIT 1 [ RunTime:0.066414s ]
[2021-07-04T15:51:10+08:00][sql] CONNECT:[ UseTime:0.000490s ] mysql:host=127.0.0.1;port=3306;dbname=a3mall-pro;charset=utf8mb4
[2021-07-04T15:51:10+08:00][sql] SHOW FULL COLUMNS FROM `mall_navigation` [ RunTime:0.002974s ]
[2021-07-04T15:51:10+08:00][sql] SELECT * FROM `mall_navigation` WHERE  `status` = 0  AND `pid` = 0 ORDER BY `sort` ASC [ RunTime:0.000424s ]
[2021-07-04T15:51:10+08:00][sql] SHOW FULL COLUMNS FROM `mall_setting` [ RunTime:0.002238s ]
[2021-07-04T15:51:10+08:00][sql] SELECT `value` FROM `mall_setting` WHERE  `name` = 'web_name' LIMIT 1 [ RunTime:0.000304s ]
[2021-07-04T15:51:10+08:00][sql] SELECT `value` FROM `mall_setting` WHERE  `name` = 'web_title' LIMIT 1 [ RunTime:0.000299s ]
[2021-07-04T15:51:10+08:00][sql] SELECT `value` FROM `mall_setting` WHERE  `name` = 'web_keywords' LIMIT 1 [ RunTime:0.000258s ]
[2021-07-04T15:51:10+08:00][sql] SELECT `value` FROM `mall_setting` WHERE  `name` = 'web_description' LIMIT 1 [ RunTime:0.000222s ]
[2021-07-04T15:51:10+08:00][sql] SELECT `value` FROM `mall_setting` WHERE  `name` = 'web_copyright' LIMIT 1 [ RunTime:0.000213s ]
[2021-07-04T15:51:10+08:00][sql] SELECT `value` FROM `mall_setting` WHERE  `name` = 'web_logo' LIMIT 1 [ RunTime:0.000205s ]
[2021-07-04T15:51:10+08:00][sql] SHOW FULL COLUMNS FROM `mall_version` [ RunTime:0.002080s ]
[2021-07-04T15:51:10+08:00][sql] SELECT * FROM `mall_version` WHERE  `type` = 3  AND `status` = 0 [ RunTime:0.000355s ]
[2021-07-04T15:51:10+08:00][sql] SHOW FULL COLUMNS FROM `mall_data` [ RunTime:0.002137s ]
[2021-07-04T15:51:10+08:00][sql] SELECT * FROM `mall_data` WHERE  `sign` = 'banner'  AND `status` = 0 LIMIT 1 [ RunTime:0.000299s ]
[2021-07-04T15:51:10+08:00][sql] SHOW FULL COLUMNS FROM `mall_data_item` [ RunTime:0.001936s ]
[2021-07-04T15:51:10+08:00][sql] SELECT * FROM `mall_data_item` WHERE  `pid` = 1 [ RunTime:0.000257s ]
[2021-07-04T15:51:10+08:00][sql] SELECT `value` FROM `mall_setting` WHERE  `name` = 'upload' LIMIT 1 [ RunTime:0.000202s ]
[2021-07-04T15:51:10+08:00][sql] SELECT `value` FROM `mall_setting` WHERE  `name` = 'upload' LIMIT 1 [ RunTime:0.000226s ]
[2021-07-04T15:51:10+08:00][sql] SELECT * FROM `mall_data` WHERE  `sign` = 'home-bottom-ad'  AND `status` = 0 LIMIT 1 [ RunTime:0.000227s ]
[2021-07-04T15:51:10+08:00][sql] SELECT * FROM `mall_data_item` WHERE  `pid` = 3 [ RunTime:0.000199s ]
[2021-07-04T15:51:10+08:00][sql] SELECT `value` FROM `mall_setting` WHERE  `name` = 'upload' LIMIT 1 [ RunTime:0.000209s ]
[2021-07-04T15:51:10+08:00][sql] SELECT `value` FROM `mall_setting` WHERE  `name` = 'upload' LIMIT 1 [ RunTime:0.000207s ]
[2021-07-04T15:51:10+08:00][sql] SELECT `value` FROM `mall_setting` WHERE  `name` = 'upload' LIMIT 1 [ RunTime:0.000185s ]
[2021-07-04T15:51:10+08:00][sql] SHOW FULL COLUMNS FROM `mall_promotion_second` [ RunTime:0.002197s ]
[2021-07-04T15:51:10+08:00][sql] SELECT `p`.*,`g`.`photo`,g.id as goods_id FROM `mall_promotion_second` `p` LEFT JOIN `mall_goods` `g` ON `p`.`goods_id`=`g`.`id` WHERE  ( p.status=0 )  AND ( end_time > 1625385070 ) GROUP BY `g`.`id` ORDER BY `p`.`id` DESC LIMIT 4 [ RunTime:0.001302s ]
[2021-07-04T15:51:10+08:00][sql] SELECT `value` FROM `mall_setting` WHERE  `name` = 'upload' LIMIT 1 [ RunTime:0.000247s ]
[2021-07-04T15:51:10+08:00][sql] SELECT `value` FROM `mall_setting` WHERE  `name` = 'upload' LIMIT 1 [ RunTime:0.000194s ]
[2021-07-04T15:51:10+08:00][sql] SELECT `value` FROM `mall_setting` WHERE  `name` = 'upload' LIMIT 1 [ RunTime:0.000216s ]
[2021-07-04T15:51:10+08:00][sql] SELECT `value` FROM `mall_setting` WHERE  `name` = 'upload' LIMIT 1 [ RunTime:0.000190s ]
[2021-07-04T15:51:10+08:00][sql] SHOW FULL COLUMNS FROM `mall_archives` [ RunTime:0.001911s ]
[2021-07-04T15:51:10+08:00][sql] SELECT * FROM `mall_archives` WHERE  `pid` = 59  AND `status` = 0 ORDER BY `id` DESC LIMIT 3 [ RunTime:0.000274s ]
[2021-07-04T15:51:10+08:00][sql] SELECT * FROM `mall_data` WHERE  `sign` = 'home-bottom-ad'  AND `status` = 0 LIMIT 1 [ RunTime:0.000235s ]
[2021-07-04T15:51:10+08:00][sql] SELECT * FROM `mall_data_item` WHERE  `pid` = 3 LIMIT 1 [ RunTime:0.000201s ]
[2021-07-04T15:51:10+08:00][sql] SELECT `value` FROM `mall_setting` WHERE  `name` = 'upload' LIMIT 1 [ RunTime:0.000192s ]
[2021-07-04T15:51:10+08:00][sql] SHOW FULL COLUMNS FROM `mall_category` [ RunTime:0.002178s ]
[2021-07-04T15:51:10+08:00][sql] SELECT * FROM `mall_category` WHERE  `pid` = 0  AND `status` = 0  AND `is_hot` = 0  AND `module` = 'goods' ORDER BY `id` ASC,`sort` ASC [ RunTime:0.000402s ]
[2021-07-04T15:51:10+08:00][sql] SELECT * FROM `mall_data` WHERE  `sign` = 'recommend' LIMIT 1 [ RunTime:0.000215s ]
[2021-07-04T15:51:10+08:00][sql] SELECT * FROM `mall_data_item` WHERE  `pid` = 4 [ RunTime:0.000232s ]
[2021-07-04T15:51:10+08:00][sql] SELECT * FROM `mall_category` WHERE  `pid` = 1  AND `status` = 0 [ RunTime:0.000251s ]
[2021-07-04T15:51:10+08:00][sql] SELECT * FROM `mall_category` WHERE  `pid` = 2  AND `status` = 0 [ RunTime:0.000251s ]
[2021-07-04T15:51:10+08:00][sql] SELECT * FROM `mall_category` WHERE  `pid` = 17  AND `status` = 0 [ RunTime:0.000220s ]
[2021-07-04T15:51:10+08:00][sql] SELECT * FROM `mall_category` WHERE  `pid` = 18  AND `status` = 0 [ RunTime:0.000285s ]
[2021-07-04T15:51:10+08:00][sql] SELECT * FROM `mall_category` WHERE  `pid` = 19  AND `status` = 0 [ RunTime:0.000269s ]
[2021-07-04T15:51:10+08:00][sql] SELECT * FROM `mall_category` WHERE  `pid` = 20  AND `status` = 0 [ RunTime:0.000234s ]
[2021-07-04T15:51:10+08:00][sql] SELECT * FROM `mall_category` WHERE  `pid` = 21  AND `status` = 0 [ RunTime:0.000217s ]
[2021-07-04T15:51:10+08:00][sql] SELECT * FROM `mall_category` WHERE  `pid` = 22  AND `status` = 0 [ RunTime:0.000254s ]
[2021-07-04T15:51:10+08:00][sql] SELECT * FROM `mall_category` WHERE  `pid` = 23  AND `status` = 0 [ RunTime:0.000226s ]
[2021-07-04T15:51:10+08:00][sql] SELECT * FROM `mall_category` WHERE  `pid` = 24  AND `status` = 0 [ RunTime:0.000221s ]
[2021-07-04T15:51:10+08:00][sql] SELECT * FROM `mall_category` WHERE  `pid` = 25  AND `status` = 0 [ RunTime:0.000241s ]
[2021-07-04T15:51:10+08:00][sql] SELECT * FROM `mall_category` WHERE  `pid` = 26  AND `status` = 0 [ RunTime:0.000248s ]
[2021-07-04T15:51:10+08:00][sql] SELECT * FROM `mall_category` WHERE  `pid` = 27  AND `status` = 0 [ RunTime:0.000235s ]
[2021-07-04T15:51:10+08:00][sql] SELECT * FROM `mall_category` WHERE  `pid` = 28  AND `status` = 0 [ RunTime:0.000243s ]
[2021-07-04T15:51:10+08:00][sql] SELECT * FROM `mall_category` WHERE  `pid` = 29  AND `status` = 0 [ RunTime:0.000239s ]
[2021-07-04T15:51:10+08:00][sql] SELECT * FROM `mall_category` WHERE  `pid` = 30  AND `status` = 0 [ RunTime:0.000266s ]
[2021-07-04T15:51:10+08:00][sql] SELECT * FROM `mall_category` WHERE  `pid` = 31  AND `status` = 0 [ RunTime:0.000227s ]
[2021-07-04T15:51:10+08:00][sql] SELECT * FROM `mall_category` WHERE  `pid` = 32  AND `status` = 0 [ RunTime:0.000219s ]
[2021-07-04T15:51:10+08:00][sql] SELECT * FROM `mall_category` WHERE  `pid` = 40  AND `status` = 0 [ RunTime:0.000242s ]
[2021-07-04T15:51:10+08:00][sql] SELECT * FROM `mall_category` WHERE  `pid` = 3  AND `status` = 0 [ RunTime:0.000226s ]
[2021-07-04T15:51:10+08:00][sql] SELECT * FROM `mall_category` WHERE  `pid` = 4  AND `status` = 0 [ RunTime:0.000214s ]
[2021-07-04T15:51:10+08:00][sql] SELECT * FROM `mall_category` WHERE  `pid` = 5  AND `status` = 0 [ RunTime:0.000216s ]
[2021-07-04T15:51:10+08:00][sql] SELECT * FROM `mall_category` WHERE  `pid` = 15  AND `status` = 0 [ RunTime:0.000245s ]
[2021-07-04T15:51:10+08:00][sql] SELECT * FROM `mall_category` WHERE  `pid` = 39  AND `status` = 0 [ RunTime:0.000229s ]
[2021-07-04T15:51:10+08:00][sql] SELECT * FROM `mall_category` WHERE  `id` IN (2,17,18,19,20,21,22,23,24,25,26,27,28,29,30,31,32,40,3,4,5,15,39)  AND `status` = 0  AND `module` = 'goods'  AND `is_hot` = 0 ORDER BY `id` ASC,`sort` ASC [ RunTime:0.000367s ]
[2021-07-04T15:51:10+08:00][sql] SELECT `value` FROM `mall_setting` WHERE  `name` = 'upload' LIMIT 1 [ RunTime:0.000208s ]
[2021-07-04T15:51:10+08:00][sql] SHOW FULL COLUMNS FROM `mall_goods` [ RunTime:0.001950s ]
[2021-07-04T15:51:10+08:00][sql] SELECT `g`.* FROM `mall_goods` `g` LEFT JOIN `mall_goods_extends` `e` ON `g`.`id`=`e`.`goods_id` WHERE  `g`.`status` = 0  AND `e`.`attribute` = 'news'  AND `g`.`cat_id` IN (2,17,18,19,20,21,22,23,24,25,26,27,28,29,30,31,32,40,3,4,5,15,39,1) ORDER BY `g`.`id` DESC LIMIT 10 [ RunTime:0.000475s ]
[2021-07-04T15:51:10+08:00][sql] SELECT `value` FROM `mall_setting` WHERE  `name` = 'upload' LIMIT 1 [ RunTime:0.000208s ]
[2021-07-04T15:51:10+08:00][sql] SELECT `value` FROM `mall_setting` WHERE  `name` = 'upload' LIMIT 1 [ RunTime:0.000208s ]
[2021-07-04T15:51:10+08:00][sql] SELECT `value` FROM `mall_setting` WHERE  `name` = 'upload' LIMIT 1 [ RunTime:0.000224s ]
[2021-07-04T15:51:10+08:00][sql] SELECT `value` FROM `mall_setting` WHERE  `name` = 'upload' LIMIT 1 [ RunTime:0.000196s ]
[2021-07-04T15:51:10+08:00][sql] SELECT `value` FROM `mall_setting` WHERE  `name` = 'upload' LIMIT 1 [ RunTime:0.000210s ]
[2021-07-04T15:51:10+08:00][sql] SELECT `value` FROM `mall_setting` WHERE  `name` = 'upload' LIMIT 1 [ RunTime:0.000198s ]
[2021-07-04T15:51:10+08:00][sql] SELECT `value` FROM `mall_setting` WHERE  `name` = 'upload' LIMIT 1 [ RunTime:0.000215s ]
[2021-07-04T15:51:10+08:00][sql] SELECT `value` FROM `mall_setting` WHERE  `name` = 'upload' LIMIT 1 [ RunTime:0.000184s ]
[2021-07-04T15:51:10+08:00][sql] SELECT `value` FROM `mall_setting` WHERE  `name` = 'upload' LIMIT 1 [ RunTime:0.000203s ]
[2021-07-04T15:51:10+08:00][sql] SELECT `value` FROM `mall_setting` WHERE  `name` = 'upload' LIMIT 1 [ RunTime:0.000200s ]
[2021-07-04T15:51:10+08:00][sql] SELECT * FROM `mall_category` WHERE  `pid` = 6  AND `status` = 0 [ RunTime:0.000304s ]
[2021-07-04T15:51:10+08:00][sql] SELECT * FROM `mall_category` WHERE  `pid` = 7  AND `status` = 0 [ RunTime:0.000258s ]
[2021-07-04T15:51:10+08:00][sql] SELECT * FROM `mall_category` WHERE  `pid` = 8  AND `status` = 0 [ RunTime:0.000256s ]
[2021-07-04T15:51:10+08:00][sql] SELECT * FROM `mall_category` WHERE  `pid` = 9  AND `status` = 0 [ RunTime:0.000233s ]
[2021-07-04T15:51:10+08:00][sql] SELECT * FROM `mall_category` WHERE  `pid` = 10  AND `status` = 0 [ RunTime:0.000220s ]
[2021-07-04T15:51:10+08:00][sql] SELECT * FROM `mall_category` WHERE  `id` IN (7,8,9,10)  AND `status` = 0  AND `module` = 'goods'  AND `is_hot` = 0 ORDER BY `id` ASC,`sort` ASC [ RunTime:0.000315s ]
[2021-07-04T15:51:10+08:00][sql] SELECT `value` FROM `mall_setting` WHERE  `name` = 'upload' LIMIT 1 [ RunTime:0.000207s ]
[2021-07-04T15:51:10+08:00][sql] SELECT `g`.* FROM `mall_goods` `g` LEFT JOIN `mall_goods_extends` `e` ON `g`.`id`=`e`.`goods_id` WHERE  `g`.`status` = 0  AND `e`.`attribute` = 'news'  AND `g`.`cat_id` IN (7,8,9,10,6) ORDER BY `g`.`id` DESC LIMIT 10 [ RunTime:0.000423s ]
[2021-07-04T15:51:10+08:00][sql] SELECT `value` FROM `mall_setting` WHERE  `name` = 'upload' LIMIT 1 [ RunTime:0.000211s ]
[2021-07-04T15:51:10+08:00][sql] SELECT `value` FROM `mall_setting` WHERE  `name` = 'upload' LIMIT 1 [ RunTime:0.000216s ]
[2021-07-04T15:51:10+08:00][sql] SELECT `value` FROM `mall_setting` WHERE  `name` = 'upload' LIMIT 1 [ RunTime:0.000191s ]
[2021-07-04T15:51:10+08:00][sql] SELECT `value` FROM `mall_setting` WHERE  `name` = 'upload' LIMIT 1 [ RunTime:0.000219s ]
[2021-07-04T15:51:10+08:00][sql] SELECT `value` FROM `mall_setting` WHERE  `name` = 'upload' LIMIT 1 [ RunTime:0.000237s ]
[2021-07-04T15:51:10+08:00][sql] SELECT `value` FROM `mall_setting` WHERE  `name` = 'upload' LIMIT 1 [ RunTime:0.000284s ]
[2021-07-04T15:51:10+08:00][sql] SELECT `value` FROM `mall_setting` WHERE  `name` = 'upload' LIMIT 1 [ RunTime:0.000236s ]
[2021-07-04T15:51:10+08:00][sql] SELECT `value` FROM `mall_setting` WHERE  `name` = 'upload' LIMIT 1 [ RunTime:0.000214s ]
[2021-07-04T15:51:10+08:00][sql] SELECT `value` FROM `mall_setting` WHERE  `name` = 'upload' LIMIT 1 [ RunTime:0.000212s ]
[2021-07-04T15:51:10+08:00][sql] SELECT `value` FROM `mall_setting` WHERE  `name` = 'upload' LIMIT 1 [ RunTime:0.000206s ]
[2021-07-04T15:51:10+08:00][sql] SELECT * FROM `mall_category` WHERE  `pid` = 11  AND `status` = 0 [ RunTime:0.000277s ]
[2021-07-04T15:51:10+08:00][sql] SELECT * FROM `mall_category` WHERE  `pid` = 12  AND `status` = 0 [ RunTime:0.000229s ]
[2021-07-04T15:51:10+08:00][sql] SELECT * FROM `mall_category` WHERE  `pid` = 13  AND `status` = 0 [ RunTime:0.000252s ]
[2021-07-04T15:51:10+08:00][sql] SELECT * FROM `mall_category` WHERE  `pid` = 14  AND `status` = 0 [ RunTime:0.000247s ]
[2021-07-04T15:51:10+08:00][sql] SELECT * FROM `mall_category` WHERE  `pid` = 16  AND `status` = 0 [ RunTime:0.000226s ]
[2021-07-04T15:51:10+08:00][sql] SELECT * FROM `mall_category` WHERE  `id` IN (12,13,14,16)  AND `status` = 0  AND `module` = 'goods'  AND `is_hot` = 0 ORDER BY `id` ASC,`sort` ASC [ RunTime:0.000295s ]
[2021-07-04T15:51:10+08:00][sql] SELECT `value` FROM `mall_setting` WHERE  `name` = 'upload' LIMIT 1 [ RunTime:0.000209s ]
[2021-07-04T15:51:10+08:00][sql] SELECT `g`.* FROM `mall_goods` `g` LEFT JOIN `mall_goods_extends` `e` ON `g`.`id`=`e`.`goods_id` WHERE  `g`.`status` = 0  AND `e`.`attribute` = 'news'  AND `g`.`cat_id` IN (12,13,14,16,11) ORDER BY `g`.`id` DESC LIMIT 10 [ RunTime:0.000398s ]
[2021-07-04T15:51:10+08:00][sql] SELECT `value` FROM `mall_setting` WHERE  `name` = 'upload' LIMIT 1 [ RunTime:0.000200s ]
[2021-07-04T15:51:10+08:00][sql] SELECT `value` FROM `mall_setting` WHERE  `name` = 'upload' LIMIT 1 [ RunTime:0.000202s ]
[2021-07-04T15:51:10+08:00][sql] SELECT `value` FROM `mall_setting` WHERE  `name` = 'upload' LIMIT 1 [ RunTime:0.000202s ]
[2021-07-04T15:51:10+08:00][sql] SELECT `value` FROM `mall_setting` WHERE  `name` = 'upload' LIMIT 1 [ RunTime:0.000181s ]
[2021-07-04T15:51:10+08:00][sql] SELECT `value` FROM `mall_setting` WHERE  `name` = 'upload' LIMIT 1 [ RunTime:0.000218s ]
[2021-07-04T15:51:10+08:00][sql] SELECT `value` FROM `mall_setting` WHERE  `name` = 'upload' LIMIT 1 [ RunTime:0.000205s ]
[2021-07-04T15:51:10+08:00][sql] SELECT `value` FROM `mall_setting` WHERE  `name` = 'upload' LIMIT 1 [ RunTime:0.000181s ]
[2021-07-04T15:51:10+08:00][sql] SELECT `value` FROM `mall_setting` WHERE  `name` = 'upload' LIMIT 1 [ RunTime:0.000203s ]
[2021-07-04T15:51:10+08:00][sql] SELECT `value` FROM `mall_setting` WHERE  `name` = 'upload' LIMIT 1 [ RunTime:0.000196s ]
[2021-07-04T15:51:10+08:00][sql] SELECT `value` FROM `mall_setting` WHERE  `name` = 'upload' LIMIT 1 [ RunTime:0.000193s ]
[2021-07-04T15:51:10+08:00][sql] CONNECT:[ UseTime:0.000331s ] mysql:host=127.0.0.1;port=3306;dbname=a3mall-pro;charset=utf8mb4
[2021-07-04T15:51:10+08:00][sql] SHOW FULL COLUMNS FROM `mall_navigation` [ RunTime:0.002181s ]
[2021-07-04T15:51:10+08:00][sql] SELECT * FROM `mall_navigation` WHERE  `status` = 0  AND `pid` = 0 ORDER BY `sort` ASC [ RunTime:0.000530s ]
[2021-07-04T15:51:10+08:00][sql] SHOW FULL COLUMNS FROM `mall_setting` [ RunTime:0.004489s ]
[2021-07-04T15:51:10+08:00][sql] SELECT `value` FROM `mall_setting` WHERE  `name` = 'web_name' LIMIT 1 [ RunTime:0.000413s ]
[2021-07-04T15:51:10+08:00][sql] SELECT `value` FROM `mall_setting` WHERE  `name` = 'web_title' LIMIT 1 [ RunTime:0.000317s ]
[2021-07-04T15:51:10+08:00][sql] SELECT `value` FROM `mall_setting` WHERE  `name` = 'web_keywords' LIMIT 1 [ RunTime:0.000331s ]
[2021-07-04T15:51:10+08:00][sql] SELECT `value` FROM `mall_setting` WHERE  `name` = 'web_description' LIMIT 1 [ RunTime:0.000301s ]
[2021-07-04T15:51:10+08:00][sql] SELECT `value` FROM `mall_setting` WHERE  `name` = 'web_copyright' LIMIT 1 [ RunTime:0.000305s ]
[2021-07-04T15:51:10+08:00][sql] SELECT `value` FROM `mall_setting` WHERE  `name` = 'web_logo' LIMIT 1 [ RunTime:0.000294s ]
[2021-07-04T15:51:10+08:00][sql] SHOW FULL COLUMNS FROM `mall_version` [ RunTime:0.022035s ]
[2021-07-04T15:51:10+08:00][sql] SELECT * FROM `mall_version` WHERE  `type` = 3  AND `status` = 0 [ RunTime:0.001457s ]
[2021-07-04T15:51:10+08:00][sql] CONNECT:[ UseTime:0.000566s ] mysql:host=127.0.0.1;port=3306;dbname=a3mall-pro;charset=utf8mb4
[2021-07-04T15:51:10+08:00][sql] SHOW FULL COLUMNS FROM `mall_navigation` [ RunTime:0.002464s ]
[2021-07-04T15:51:10+08:00][sql] SELECT * FROM `mall_navigation` WHERE  `status` = 0  AND `pid` = 0 ORDER BY `sort` ASC [ RunTime:0.000431s ]
[2021-07-04T15:51:10+08:00][sql] SHOW FULL COLUMNS FROM `mall_setting` [ RunTime:0.002342s ]
[2021-07-04T15:51:10+08:00][sql] SELECT `value` FROM `mall_setting` WHERE  `name` = 'web_name' LIMIT 1 [ RunTime:0.000432s ]
[2021-07-04T15:51:10+08:00][sql] SELECT `value` FROM `mall_setting` WHERE  `name` = 'web_title' LIMIT 1 [ RunTime:0.000333s ]
[2021-07-04T15:51:10+08:00][sql] SELECT `value` FROM `mall_setting` WHERE  `name` = 'web_keywords' LIMIT 1 [ RunTime:0.000284s ]
[2021-07-04T15:51:10+08:00][sql] SELECT `value` FROM `mall_setting` WHERE  `name` = 'web_description' LIMIT 1 [ RunTime:0.000248s ]
[2021-07-04T15:51:10+08:00][sql] SELECT `value` FROM `mall_setting` WHERE  `name` = 'web_copyright' LIMIT 1 [ RunTime:0.000257s ]
[2021-07-04T15:51:10+08:00][sql] SELECT `value` FROM `mall_setting` WHERE  `name` = 'web_logo' LIMIT 1 [ RunTime:0.000261s ]
[2021-07-04T15:51:10+08:00][sql] SHOW FULL COLUMNS FROM `mall_version` [ RunTime:0.003802s ]
[2021-07-04T15:51:10+08:00][sql] SELECT * FROM `mall_version` WHERE  `type` = 3  AND `status` = 0 [ RunTime:0.000426s ]
[2021-07-04T15:51:10+08:00][sql] SHOW FULL COLUMNS FROM `mall_cart` [ RunTime:0.007973s ]
[2021-07-04T15:51:10+08:00][sql] SELECT * FROM `mall_cart` WHERE  `user_id` IS NULL ORDER BY `id` DESC LIMIT 5 [ RunTime:0.000350s ]
[2021-07-04T15:51:10+08:00][sql] SHOW FULL COLUMNS FROM `mall_goods_item` [ RunTime:0.002743s ]
[2021-07-04T15:51:10+08:00][sql] SHOW FULL COLUMNS FROM `mall_goods_attribute` [ RunTime:0.003508s ]
[2021-07-04T15:51:10+08:00][sql] SELECT SUM(sell_price * goods_nums) as price FROM `mall_cart` WHERE  `user_id` IS NULL LIMIT 1 [ RunTime:0.000461s ]
