[2021-07-25T22:12:01+08:00][sql] CONNECT:[ UseTime:0.028884s ] mysql:host=127.0.0.1;port=3306;dbname=a3mall-pro;charset=utf8mb4
[2021-07-25T22:12:01+08:00][sql] SHOW FULL COLUMNS FROM `mall_navigation` [ RunTime:0.319479s ]
[2021-07-25T22:12:01+08:00][sql] SELECT * FROM `mall_navigation` WHERE  `status` = 0  AND `pid` = 0 ORDER BY `sort` ASC [ RunTime:0.092176s ]
[2021-07-25T22:12:01+08:00][sql] SHOW FULL COLUMNS FROM `mall_setting` [ RunTime:0.048009s ]
[2021-07-25T22:12:01+08:00][sql] SELECT `value` FROM `mall_setting` WHERE  `name` = 'web_name' LIMIT 1 [ RunTime:0.001033s ]
[2021-07-25T22:12:01+08:00][sql] SELECT `value` FROM `mall_setting` WHERE  `name` = 'web_title' LIMIT 1 [ RunTime:0.000427s ]
[2021-07-25T22:12:01+08:00][sql] SELECT `value` FROM `mall_setting` WHERE  `name` = 'web_keywords' LIMIT 1 [ RunTime:0.000389s ]
[2021-07-25T22:12:01+08:00][sql] SELECT `value` FROM `mall_setting` WHERE  `name` = 'web_description' LIMIT 1 [ RunTime:0.000381s ]
[2021-07-25T22:12:01+08:00][sql] SELECT `value` FROM `mall_setting` WHERE  `name` = 'web_copyright' LIMIT 1 [ RunTime:0.000761s ]
[2021-07-25T22:12:01+08:00][sql] SELECT `value` FROM `mall_setting` WHERE  `name` = 'web_logo' LIMIT 1 [ RunTime:0.000269s ]
[2021-07-25T22:12:01+08:00][sql] SHOW FULL COLUMNS FROM `mall_version` [ RunTime:0.021358s ]
[2021-07-25T22:12:01+08:00][sql] SELECT * FROM `mall_version` WHERE  `type` = 3  AND `status` = 0 [ RunTime:0.000716s ]
[2021-07-25T22:12:01+08:00][sql] SHOW FULL COLUMNS FROM `mall_data` [ RunTime:0.081080s ]
[2021-07-25T22:12:01+08:00][sql] SELECT * FROM `mall_data` WHERE  `sign` = 'banner'  AND `status` = 0 LIMIT 1 [ RunTime:0.000656s ]
[2021-07-25T22:12:01+08:00][sql] SHOW FULL COLUMNS FROM `mall_data_item` [ RunTime:0.036421s ]
[2021-07-25T22:12:01+08:00][sql] SELECT * FROM `mall_data_item` WHERE  `pid` = 1 [ RunTime:0.000601s ]
[2021-07-25T22:12:01+08:00][sql] SELECT `value` FROM `mall_setting` WHERE  `name` = 'upload' LIMIT 1 [ RunTime:0.000682s ]
[2021-07-25T22:12:01+08:00][sql] SELECT `value` FROM `mall_setting` WHERE  `name` = 'upload' LIMIT 1 [ RunTime:0.000726s ]
[2021-07-25T22:12:01+08:00][sql] SELECT * FROM `mall_data` WHERE  `sign` = 'home-bottom-ad'  AND `status` = 0 LIMIT 1 [ RunTime:0.000724s ]
[2021-07-25T22:12:01+08:00][sql] SELECT * FROM `mall_data_item` WHERE  `pid` = 3 [ RunTime:0.000583s ]
[2021-07-25T22:12:01+08:00][sql] SELECT `value` FROM `mall_setting` WHERE  `name` = 'upload' LIMIT 1 [ RunTime:0.000502s ]
[2021-07-25T22:12:01+08:00][sql] SELECT `value` FROM `mall_setting` WHERE  `name` = 'upload' LIMIT 1 [ RunTime:0.000331s ]
[2021-07-25T22:12:01+08:00][sql] SELECT `value` FROM `mall_setting` WHERE  `name` = 'upload' LIMIT 1 [ RunTime:0.000271s ]
[2021-07-25T22:12:01+08:00][sql] SHOW FULL COLUMNS FROM `mall_promotion_second` [ RunTime:0.025889s ]
[2021-07-25T22:12:01+08:00][sql] SELECT `p`.*,`g`.`photo`,g.id as goods_id FROM `mall_promotion_second` `p` LEFT JOIN `mall_goods` `g` ON `p`.`goods_id`=`g`.`id` WHERE  ( p.status=0 )  AND ( end_time > 1627222321 ) GROUP BY `g`.`id` ORDER BY `p`.`id` DESC LIMIT 4 [ RunTime:0.132990s ]
[2021-07-25T22:12:01+08:00][sql] SELECT `value` FROM `mall_setting` WHERE  `name` = 'upload' LIMIT 1 [ RunTime:0.000621s ]
[2021-07-25T22:12:01+08:00][sql] SELECT `value` FROM `mall_setting` WHERE  `name` = 'upload' LIMIT 1 [ RunTime:0.000359s ]
[2021-07-25T22:12:01+08:00][sql] SELECT `value` FROM `mall_setting` WHERE  `name` = 'upload' LIMIT 1 [ RunTime:0.000358s ]
[2021-07-25T22:12:01+08:00][sql] SELECT `value` FROM `mall_setting` WHERE  `name` = 'upload' LIMIT 1 [ RunTime:0.000363s ]
[2021-07-25T22:12:01+08:00][sql] SHOW FULL COLUMNS FROM `mall_archives` [ RunTime:0.076622s ]
[2021-07-25T22:12:01+08:00][sql] SELECT * FROM `mall_archives` WHERE  `pid` = 59  AND `status` = 0 ORDER BY `id` DESC LIMIT 3 [ RunTime:0.000768s ]
[2021-07-25T22:12:01+08:00][sql] SELECT * FROM `mall_data` WHERE  `sign` = 'home-bottom-ad'  AND `status` = 0 LIMIT 1 [ RunTime:0.002156s ]
[2021-07-25T22:12:01+08:00][sql] SELECT * FROM `mall_data_item` WHERE  `pid` = 3 LIMIT 1 [ RunTime:0.000291s ]
[2021-07-25T22:12:01+08:00][sql] SELECT `value` FROM `mall_setting` WHERE  `name` = 'upload' LIMIT 1 [ RunTime:0.000236s ]
[2021-07-25T22:12:01+08:00][sql] SHOW FULL COLUMNS FROM `mall_category` [ RunTime:0.117226s ]
[2021-07-25T22:12:01+08:00][sql] SELECT * FROM `mall_category` WHERE  `pid` = 0  AND `status` = 0  AND `is_hot` = 0  AND `module` = 'goods' ORDER BY `id` ASC,`sort` ASC [ RunTime:0.068134s ]
[2021-07-25T22:12:01+08:00][sql] SELECT * FROM `mall_data` WHERE  `sign` = 'recommend' LIMIT 1 [ RunTime:0.000348s ]
[2021-07-25T22:12:01+08:00][sql] SELECT * FROM `mall_data_item` WHERE  `pid` = 4 [ RunTime:0.000321s ]
[2021-07-25T22:12:01+08:00][sql] SELECT * FROM `mall_category` WHERE  `pid` = 1  AND `status` = 0 [ RunTime:0.000406s ]
[2021-07-25T22:12:01+08:00][sql] SELECT * FROM `mall_category` WHERE  `pid` = 2  AND `status` = 0 [ RunTime:0.000330s ]
[2021-07-25T22:12:01+08:00][sql] SELECT * FROM `mall_category` WHERE  `pid` = 17  AND `status` = 0 [ RunTime:0.000252s ]
[2021-07-25T22:12:01+08:00][sql] SELECT * FROM `mall_category` WHERE  `pid` = 18  AND `status` = 0 [ RunTime:0.000251s ]
[2021-07-25T22:12:01+08:00][sql] SELECT * FROM `mall_category` WHERE  `pid` = 19  AND `status` = 0 [ RunTime:0.000224s ]
[2021-07-25T22:12:01+08:00][sql] SELECT * FROM `mall_category` WHERE  `pid` = 20  AND `status` = 0 [ RunTime:0.000217s ]
[2021-07-25T22:12:01+08:00][sql] SELECT * FROM `mall_category` WHERE  `pid` = 21  AND `status` = 0 [ RunTime:0.000213s ]
[2021-07-25T22:12:01+08:00][sql] SELECT * FROM `mall_category` WHERE  `pid` = 22  AND `status` = 0 [ RunTime:0.000214s ]
[2021-07-25T22:12:01+08:00][sql] SELECT * FROM `mall_category` WHERE  `pid` = 23  AND `status` = 0 [ RunTime:0.000263s ]
[2021-07-25T22:12:01+08:00][sql] SELECT * FROM `mall_category` WHERE  `pid` = 24  AND `status` = 0 [ RunTime:0.000227s ]
[2021-07-25T22:12:01+08:00][sql] SELECT * FROM `mall_category` WHERE  `pid` = 25  AND `status` = 0 [ RunTime:0.000216s ]
[2021-07-25T22:12:01+08:00][sql] SELECT * FROM `mall_category` WHERE  `pid` = 26  AND `status` = 0 [ RunTime:0.000223s ]
[2021-07-25T22:12:01+08:00][sql] SELECT * FROM `mall_category` WHERE  `pid` = 27  AND `status` = 0 [ RunTime:0.000219s ]
[2021-07-25T22:12:01+08:00][sql] SELECT * FROM `mall_category` WHERE  `pid` = 28  AND `status` = 0 [ RunTime:0.000211s ]
[2021-07-25T22:12:01+08:00][sql] SELECT * FROM `mall_category` WHERE  `pid` = 29  AND `status` = 0 [ RunTime:0.000207s ]
[2021-07-25T22:12:01+08:00][sql] SELECT * FROM `mall_category` WHERE  `pid` = 30  AND `status` = 0 [ RunTime:0.000212s ]
[2021-07-25T22:12:01+08:00][sql] SELECT * FROM `mall_category` WHERE  `pid` = 31  AND `status` = 0 [ RunTime:0.000270s ]
[2021-07-25T22:12:01+08:00][sql] SELECT * FROM `mall_category` WHERE  `pid` = 32  AND `status` = 0 [ RunTime:0.000248s ]
[2021-07-25T22:12:01+08:00][sql] SELECT * FROM `mall_category` WHERE  `pid` = 40  AND `status` = 0 [ RunTime:0.000217s ]
[2021-07-25T22:12:01+08:00][sql] SELECT * FROM `mall_category` WHERE  `pid` = 3  AND `status` = 0 [ RunTime:0.000224s ]
[2021-07-25T22:12:01+08:00][sql] SELECT * FROM `mall_category` WHERE  `pid` = 4  AND `status` = 0 [ RunTime:0.000304s ]
[2021-07-25T22:12:01+08:00][sql] SELECT * FROM `mall_category` WHERE  `pid` = 5  AND `status` = 0 [ RunTime:0.000271s ]
[2021-07-25T22:12:01+08:00][sql] SELECT * FROM `mall_category` WHERE  `pid` = 15  AND `status` = 0 [ RunTime:0.000251s ]
[2021-07-25T22:12:01+08:00][sql] SELECT * FROM `mall_category` WHERE  `pid` = 39  AND `status` = 0 [ RunTime:0.000224s ]
[2021-07-25T22:12:01+08:00][sql] SELECT * FROM `mall_category` WHERE  `id` IN (2,17,18,19,20,21,22,23,24,25,26,27,28,29,30,31,32,40,3,4,5,15,39)  AND `status` = 0  AND `module` = 'goods'  AND `is_hot` = 0 ORDER BY `id` ASC,`sort` ASC [ RunTime:0.010225s ]
[2021-07-25T22:12:01+08:00][sql] SELECT `value` FROM `mall_setting` WHERE  `name` = 'upload' LIMIT 1 [ RunTime:0.000550s ]
[2021-07-25T22:12:01+08:00][sql] SHOW FULL COLUMNS FROM `mall_goods` [ RunTime:0.004485s ]
[2021-07-25T22:12:01+08:00][sql] SELECT `g`.* FROM `mall_goods` `g` LEFT JOIN `mall_goods_extends` `e` ON `g`.`id`=`e`.`goods_id` WHERE  `g`.`status` = 0  AND `e`.`attribute` = 'news'  AND `g`.`cat_id` IN (2,17,18,19,20,21,22,23,24,25,26,27,28,29,30,31,32,40,3,4,5,15,39,1) ORDER BY `g`.`id` DESC LIMIT 10 [ RunTime:0.055460s ]
[2021-07-25T22:12:01+08:00][sql] SELECT `value` FROM `mall_setting` WHERE  `name` = 'upload' LIMIT 1 [ RunTime:0.000520s ]
[2021-07-25T22:12:01+08:00][sql] SELECT `value` FROM `mall_setting` WHERE  `name` = 'upload' LIMIT 1 [ RunTime:0.000740s ]
[2021-07-25T22:12:01+08:00][sql] SELECT `value` FROM `mall_setting` WHERE  `name` = 'upload' LIMIT 1 [ RunTime:0.000363s ]
[2021-07-25T22:12:01+08:00][sql] SELECT `value` FROM `mall_setting` WHERE  `name` = 'upload' LIMIT 1 [ RunTime:0.000353s ]
[2021-07-25T22:12:01+08:00][sql] SELECT `value` FROM `mall_setting` WHERE  `name` = 'upload' LIMIT 1 [ RunTime:0.000358s ]
[2021-07-25T22:12:01+08:00][sql] SELECT `value` FROM `mall_setting` WHERE  `name` = 'upload' LIMIT 1 [ RunTime:0.000307s ]
[2021-07-25T22:12:01+08:00][sql] SELECT `value` FROM `mall_setting` WHERE  `name` = 'upload' LIMIT 1 [ RunTime:0.000365s ]
[2021-07-25T22:12:01+08:00][sql] SELECT `value` FROM `mall_setting` WHERE  `name` = 'upload' LIMIT 1 [ RunTime:0.000251s ]
[2021-07-25T22:12:01+08:00][sql] SELECT `value` FROM `mall_setting` WHERE  `name` = 'upload' LIMIT 1 [ RunTime:0.000233s ]
[2021-07-25T22:12:01+08:00][sql] SELECT `value` FROM `mall_setting` WHERE  `name` = 'upload' LIMIT 1 [ RunTime:0.000226s ]
[2021-07-25T22:12:01+08:00][sql] SELECT * FROM `mall_category` WHERE  `pid` = 6  AND `status` = 0 [ RunTime:0.000306s ]
[2021-07-25T22:12:01+08:00][sql] SELECT * FROM `mall_category` WHERE  `pid` = 7  AND `status` = 0 [ RunTime:0.000228s ]
[2021-07-25T22:12:01+08:00][sql] SELECT * FROM `mall_category` WHERE  `pid` = 8  AND `status` = 0 [ RunTime:0.000220s ]
[2021-07-25T22:12:01+08:00][sql] SELECT * FROM `mall_category` WHERE  `pid` = 9  AND `status` = 0 [ RunTime:0.000213s ]
[2021-07-25T22:12:01+08:00][sql] SELECT * FROM `mall_category` WHERE  `pid` = 10  AND `status` = 0 [ RunTime:0.000214s ]
[2021-07-25T22:12:01+08:00][sql] SELECT * FROM `mall_category` WHERE  `id` IN (7,8,9,10)  AND `status` = 0  AND `module` = 'goods'  AND `is_hot` = 0 ORDER BY `id` ASC,`sort` ASC [ RunTime:0.000419s ]
[2021-07-25T22:12:01+08:00][sql] SELECT `value` FROM `mall_setting` WHERE  `name` = 'upload' LIMIT 1 [ RunTime:0.000192s ]
[2021-07-25T22:12:01+08:00][sql] SELECT `g`.* FROM `mall_goods` `g` LEFT JOIN `mall_goods_extends` `e` ON `g`.`id`=`e`.`goods_id` WHERE  `g`.`status` = 0  AND `e`.`attribute` = 'news'  AND `g`.`cat_id` IN (7,8,9,10,6) ORDER BY `g`.`id` DESC LIMIT 10 [ RunTime:0.000437s ]
[2021-07-25T22:12:01+08:00][sql] SELECT `value` FROM `mall_setting` WHERE  `name` = 'upload' LIMIT 1 [ RunTime:0.000207s ]
[2021-07-25T22:12:01+08:00][sql] SELECT `value` FROM `mall_setting` WHERE  `name` = 'upload' LIMIT 1 [ RunTime:0.000206s ]
[2021-07-25T22:12:01+08:00][sql] SELECT `value` FROM `mall_setting` WHERE  `name` = 'upload' LIMIT 1 [ RunTime:0.000202s ]
[2021-07-25T22:12:01+08:00][sql] SELECT `value` FROM `mall_setting` WHERE  `name` = 'upload' LIMIT 1 [ RunTime:0.000203s ]
[2021-07-25T22:12:01+08:00][sql] SELECT `value` FROM `mall_setting` WHERE  `name` = 'upload' LIMIT 1 [ RunTime:0.000201s ]
[2021-07-25T22:12:01+08:00][sql] SELECT `value` FROM `mall_setting` WHERE  `name` = 'upload' LIMIT 1 [ RunTime:0.000202s ]
[2021-07-25T22:12:01+08:00][sql] SELECT `value` FROM `mall_setting` WHERE  `name` = 'upload' LIMIT 1 [ RunTime:0.000203s ]
[2021-07-25T22:12:01+08:00][sql] SELECT `value` FROM `mall_setting` WHERE  `name` = 'upload' LIMIT 1 [ RunTime:0.000180s ]
[2021-07-25T22:12:01+08:00][sql] SELECT `value` FROM `mall_setting` WHERE  `name` = 'upload' LIMIT 1 [ RunTime:0.000207s ]
[2021-07-25T22:12:01+08:00][sql] SELECT `value` FROM `mall_setting` WHERE  `name` = 'upload' LIMIT 1 [ RunTime:0.000188s ]
[2021-07-25T22:12:01+08:00][sql] SELECT * FROM `mall_category` WHERE  `pid` = 11  AND `status` = 0 [ RunTime:0.000261s ]
[2021-07-25T22:12:01+08:00][sql] SELECT * FROM `mall_category` WHERE  `pid` = 12  AND `status` = 0 [ RunTime:0.000238s ]
[2021-07-25T22:12:01+08:00][sql] SELECT * FROM `mall_category` WHERE  `pid` = 13  AND `status` = 0 [ RunTime:0.000252s ]
[2021-07-25T22:12:01+08:00][sql] SELECT * FROM `mall_category` WHERE  `pid` = 14  AND `status` = 0 [ RunTime:0.000221s ]
[2021-07-25T22:12:01+08:00][sql] SELECT * FROM `mall_category` WHERE  `pid` = 16  AND `status` = 0 [ RunTime:0.000215s ]
[2021-07-25T22:12:01+08:00][sql] SELECT * FROM `mall_category` WHERE  `id` IN (12,13,14,16)  AND `status` = 0  AND `module` = 'goods'  AND `is_hot` = 0 ORDER BY `id` ASC,`sort` ASC [ RunTime:0.000295s ]
[2021-07-25T22:12:01+08:00][sql] SELECT `value` FROM `mall_setting` WHERE  `name` = 'upload' LIMIT 1 [ RunTime:0.000210s ]
[2021-07-25T22:12:01+08:00][sql] SELECT `g`.* FROM `mall_goods` `g` LEFT JOIN `mall_goods_extends` `e` ON `g`.`id`=`e`.`goods_id` WHERE  `g`.`status` = 0  AND `e`.`attribute` = 'news'  AND `g`.`cat_id` IN (12,13,14,16,11) ORDER BY `g`.`id` DESC LIMIT 10 [ RunTime:0.000415s ]
[2021-07-25T22:12:01+08:00][sql] SELECT `value` FROM `mall_setting` WHERE  `name` = 'upload' LIMIT 1 [ RunTime:0.000197s ]
[2021-07-25T22:12:01+08:00][sql] SELECT `value` FROM `mall_setting` WHERE  `name` = 'upload' LIMIT 1 [ RunTime:0.000182s ]
[2021-07-25T22:12:01+08:00][sql] SELECT `value` FROM `mall_setting` WHERE  `name` = 'upload' LIMIT 1 [ RunTime:0.000200s ]
[2021-07-25T22:12:01+08:00][sql] SELECT `value` FROM `mall_setting` WHERE  `name` = 'upload' LIMIT 1 [ RunTime:0.000219s ]
[2021-07-25T22:12:01+08:00][sql] SELECT `value` FROM `mall_setting` WHERE  `name` = 'upload' LIMIT 1 [ RunTime:0.000204s ]
[2021-07-25T22:12:01+08:00][sql] SELECT `value` FROM `mall_setting` WHERE  `name` = 'upload' LIMIT 1 [ RunTime:0.000211s ]
[2021-07-25T22:12:01+08:00][sql] SELECT `value` FROM `mall_setting` WHERE  `name` = 'upload' LIMIT 1 [ RunTime:0.000192s ]
[2021-07-25T22:12:01+08:00][sql] SELECT `value` FROM `mall_setting` WHERE  `name` = 'upload' LIMIT 1 [ RunTime:0.000214s ]
[2021-07-25T22:12:01+08:00][sql] SELECT `value` FROM `mall_setting` WHERE  `name` = 'upload' LIMIT 1 [ RunTime:0.000216s ]
[2021-07-25T22:12:01+08:00][sql] SELECT `value` FROM `mall_setting` WHERE  `name` = 'upload' LIMIT 1 [ RunTime:0.000205s ]
[2021-07-25T22:12:02+08:00][sql] CONNECT:[ UseTime:0.000509s ] mysql:host=127.0.0.1;port=3306;dbname=a3mall-pro;charset=utf8mb4
[2021-07-25T22:12:02+08:00][sql] SHOW FULL COLUMNS FROM `mall_navigation` [ RunTime:0.053819s ]
[2021-07-25T22:12:02+08:00][sql] SELECT * FROM `mall_navigation` WHERE  `status` = 0  AND `pid` = 0 ORDER BY `sort` ASC [ RunTime:0.000847s ]
[2021-07-25T22:12:02+08:00][sql] SHOW FULL COLUMNS FROM `mall_setting` [ RunTime:0.079921s ]
[2021-07-25T22:12:02+08:00][sql] SELECT `value` FROM `mall_setting` WHERE  `name` = 'web_name' LIMIT 1 [ RunTime:0.000757s ]
[2021-07-25T22:12:02+08:00][sql] SELECT `value` FROM `mall_setting` WHERE  `name` = 'web_title' LIMIT 1 [ RunTime:0.000540s ]
[2021-07-25T22:12:02+08:00][sql] SELECT `value` FROM `mall_setting` WHERE  `name` = 'web_keywords' LIMIT 1 [ RunTime:0.000495s ]
[2021-07-25T22:12:02+08:00][sql] SELECT `value` FROM `mall_setting` WHERE  `name` = 'web_description' LIMIT 1 [ RunTime:0.000444s ]
[2021-07-25T22:12:02+08:00][sql] SELECT `value` FROM `mall_setting` WHERE  `name` = 'web_copyright' LIMIT 1 [ RunTime:0.000394s ]
[2021-07-25T22:12:02+08:00][sql] SELECT `value` FROM `mall_setting` WHERE  `name` = 'web_logo' LIMIT 1 [ RunTime:0.000317s ]
[2021-07-25T22:12:02+08:00][sql] SHOW FULL COLUMNS FROM `mall_version` [ RunTime:0.005601s ]
[2021-07-25T22:12:02+08:00][sql] SELECT * FROM `mall_version` WHERE  `type` = 3  AND `status` = 0 [ RunTime:0.000539s ]
[2021-07-25T22:12:02+08:00][sql] CONNECT:[ UseTime:0.000438s ] mysql:host=127.0.0.1;port=3306;dbname=a3mall-pro;charset=utf8mb4
[2021-07-25T22:12:02+08:00][sql] SHOW FULL COLUMNS FROM `mall_navigation` [ RunTime:0.063783s ]
[2021-07-25T22:12:02+08:00][sql] SELECT * FROM `mall_navigation` WHERE  `status` = 0  AND `pid` = 0 ORDER BY `sort` ASC [ RunTime:0.000906s ]
[2021-07-25T22:12:02+08:00][sql] SHOW FULL COLUMNS FROM `mall_setting` [ RunTime:0.030090s ]
[2021-07-25T22:12:02+08:00][sql] SELECT `value` FROM `mall_setting` WHERE  `name` = 'web_name' LIMIT 1 [ RunTime:0.000387s ]
[2021-07-25T22:12:02+08:00][sql] SELECT `value` FROM `mall_setting` WHERE  `name` = 'web_title' LIMIT 1 [ RunTime:0.000349s ]
[2021-07-25T22:12:02+08:00][sql] SELECT `value` FROM `mall_setting` WHERE  `name` = 'web_keywords' LIMIT 1 [ RunTime:0.000317s ]
[2021-07-25T22:12:02+08:00][sql] SELECT `value` FROM `mall_setting` WHERE  `name` = 'web_description' LIMIT 1 [ RunTime:0.000475s ]
[2021-07-25T22:12:02+08:00][sql] SELECT `value` FROM `mall_setting` WHERE  `name` = 'web_copyright' LIMIT 1 [ RunTime:0.000410s ]
[2021-07-25T22:12:02+08:00][sql] SELECT `value` FROM `mall_setting` WHERE  `name` = 'web_logo' LIMIT 1 [ RunTime:0.000326s ]
[2021-07-25T22:12:02+08:00][sql] SHOW FULL COLUMNS FROM `mall_version` [ RunTime:0.006482s ]
[2021-07-25T22:12:02+08:00][sql] SELECT * FROM `mall_version` WHERE  `type` = 3  AND `status` = 0 [ RunTime:0.000361s ]
[2021-07-25T22:12:02+08:00][sql] SHOW FULL COLUMNS FROM `mall_cart` [ RunTime:0.159454s ]
[2021-07-25T22:12:02+08:00][sql] SELECT * FROM `mall_cart` WHERE  `user_id` IS NULL ORDER BY `id` DESC LIMIT 5 [ RunTime:0.000679s ]
[2021-07-25T22:12:02+08:00][sql] SHOW FULL COLUMNS FROM `mall_goods_item` [ RunTime:0.197629s ]
[2021-07-25T22:12:02+08:00][sql] SHOW FULL COLUMNS FROM `mall_goods_attribute` [ RunTime:0.003652s ]
[2021-07-25T22:12:02+08:00][sql] SELECT SUM(sell_price * goods_nums) as price FROM `mall_cart` WHERE  `user_id` IS NULL LIMIT 1 [ RunTime:0.121673s ]
