[2021-07-26T09:37:55+08:00][sql] CONNECT:[ UseTime:0.018890s ] mysql:host=127.0.0.1;port=3306;dbname=a3mall-pro;charset=utf8mb4
[2021-07-26T09:37:55+08:00][sql] SHOW FULL COLUMNS FROM `mall_navigation` [ RunTime:0.229522s ]
[2021-07-26T09:37:55+08:00][sql] SELECT * FROM `mall_navigation` WHERE  `status` = 0  AND `pid` = 0 ORDER BY `sort` ASC [ RunTime:0.126398s ]
[2021-07-26T09:37:55+08:00][sql] SHOW FULL COLUMNS FROM `mall_setting` [ RunTime:0.135978s ]
[2021-07-26T09:37:55+08:00][sql] SELECT `value` FROM `mall_setting` WHERE  `name` = 'web_name' LIMIT 1 [ RunTime:0.000950s ]
[2021-07-26T09:37:55+08:00][sql] SELECT `value` FROM `mall_setting` WHERE  `name` = 'web_title' LIMIT 1 [ RunTime:0.000427s ]
[2021-07-26T09:37:55+08:00][sql] SELECT `value` FROM `mall_setting` WHERE  `name` = 'web_keywords' LIMIT 1 [ RunTime:0.000380s ]
[2021-07-26T09:37:55+08:00][sql] SELECT `value` FROM `mall_setting` WHERE  `name` = 'web_description' LIMIT 1 [ RunTime:0.000359s ]
[2021-07-26T09:37:55+08:00][sql] SELECT `value` FROM `mall_setting` WHERE  `name` = 'web_copyright' LIMIT 1 [ RunTime:0.000773s ]
[2021-07-26T09:37:55+08:00][sql] SELECT `value` FROM `mall_setting` WHERE  `name` = 'web_logo' LIMIT 1 [ RunTime:0.000318s ]
[2021-07-26T09:37:55+08:00][sql] SHOW FULL COLUMNS FROM `mall_version` [ RunTime:0.023038s ]
[2021-07-26T09:37:55+08:00][sql] SELECT * FROM `mall_version` WHERE  `type` = 3  AND `status` = 0 [ RunTime:0.000484s ]
[2021-07-26T09:37:55+08:00][sql] SHOW FULL COLUMNS FROM `mall_data` [ RunTime:0.050566s ]
[2021-07-26T09:37:55+08:00][sql] SELECT * FROM `mall_data` WHERE  `sign` = 'banner'  AND `status` = 0 LIMIT 1 [ RunTime:0.000577s ]
[2021-07-26T09:37:55+08:00][sql] SHOW FULL COLUMNS FROM `mall_data_item` [ RunTime:0.005902s ]
[2021-07-26T09:37:55+08:00][sql] SELECT * FROM `mall_data_item` WHERE  `pid` = 1 [ RunTime:0.000442s ]
[2021-07-26T09:37:55+08:00][sql] SELECT `value` FROM `mall_setting` WHERE  `name` = 'upload' LIMIT 1 [ RunTime:0.000812s ]
[2021-07-26T09:37:55+08:00][sql] SELECT `value` FROM `mall_setting` WHERE  `name` = 'upload' LIMIT 1 [ RunTime:0.000617s ]
[2021-07-26T09:37:55+08:00][sql] SELECT * FROM `mall_data` WHERE  `sign` = 'home-bottom-ad'  AND `status` = 0 LIMIT 1 [ RunTime:0.000604s ]
[2021-07-26T09:37:55+08:00][sql] SELECT * FROM `mall_data_item` WHERE  `pid` = 3 [ RunTime:0.000558s ]
[2021-07-26T09:37:55+08:00][sql] SELECT `value` FROM `mall_setting` WHERE  `name` = 'upload' LIMIT 1 [ RunTime:0.000481s ]
[2021-07-26T09:37:55+08:00][sql] SELECT `value` FROM `mall_setting` WHERE  `name` = 'upload' LIMIT 1 [ RunTime:0.000460s ]
[2021-07-26T09:37:55+08:00][sql] SELECT `value` FROM `mall_setting` WHERE  `name` = 'upload' LIMIT 1 [ RunTime:0.000350s ]
[2021-07-26T09:37:55+08:00][sql] SHOW FULL COLUMNS FROM `mall_promotion_second` [ RunTime:0.025564s ]
[2021-07-26T09:37:55+08:00][sql] SELECT `p`.*,`g`.`photo`,g.id as goods_id FROM `mall_promotion_second` `p` LEFT JOIN `mall_goods` `g` ON `p`.`goods_id`=`g`.`id` WHERE  ( p.status=0 )  AND ( end_time > 1627263474 ) GROUP BY `g`.`id` ORDER BY `p`.`id` DESC LIMIT 4 [ RunTime:0.077662s ]
[2021-07-26T09:37:55+08:00][sql] SELECT `value` FROM `mall_setting` WHERE  `name` = 'upload' LIMIT 1 [ RunTime:0.000595s ]
[2021-07-26T09:37:55+08:00][sql] SELECT `value` FROM `mall_setting` WHERE  `name` = 'upload' LIMIT 1 [ RunTime:0.000360s ]
[2021-07-26T09:37:55+08:00][sql] SELECT `value` FROM `mall_setting` WHERE  `name` = 'upload' LIMIT 1 [ RunTime:0.000357s ]
[2021-07-26T09:37:55+08:00][sql] SELECT `value` FROM `mall_setting` WHERE  `name` = 'upload' LIMIT 1 [ RunTime:0.000362s ]
[2021-07-26T09:37:55+08:00][sql] SHOW FULL COLUMNS FROM `mall_archives` [ RunTime:0.054190s ]
[2021-07-26T09:37:55+08:00][sql] SELECT * FROM `mall_archives` WHERE  `pid` = 59  AND `status` = 0 ORDER BY `id` DESC LIMIT 3 [ RunTime:0.000834s ]
[2021-07-26T09:37:55+08:00][sql] SELECT * FROM `mall_data` WHERE  `sign` = 'home-bottom-ad'  AND `status` = 0 LIMIT 1 [ RunTime:0.000460s ]
[2021-07-26T09:37:55+08:00][sql] SELECT * FROM `mall_data_item` WHERE  `pid` = 3 LIMIT 1 [ RunTime:0.000484s ]
[2021-07-26T09:37:55+08:00][sql] SELECT `value` FROM `mall_setting` WHERE  `name` = 'upload' LIMIT 1 [ RunTime:0.000343s ]
[2021-07-26T09:37:55+08:00][sql] SHOW FULL COLUMNS FROM `mall_category` [ RunTime:0.042503s ]
[2021-07-26T09:37:55+08:00][sql] SELECT * FROM `mall_category` WHERE  `pid` = 0  AND `status` = 0  AND `is_hot` = 0  AND `module` = 'goods' ORDER BY `id` ASC,`sort` ASC [ RunTime:0.002651s ]
[2021-07-26T09:37:55+08:00][sql] SELECT * FROM `mall_data` WHERE  `sign` = 'recommend' LIMIT 1 [ RunTime:0.000455s ]
[2021-07-26T09:37:55+08:00][sql] SELECT * FROM `mall_data_item` WHERE  `pid` = 4 [ RunTime:0.000377s ]
[2021-07-26T09:37:55+08:00][sql] SELECT * FROM `mall_category` WHERE  `pid` = 1  AND `status` = 0 [ RunTime:0.000387s ]
[2021-07-26T09:37:55+08:00][sql] SELECT * FROM `mall_category` WHERE  `pid` = 2  AND `status` = 0 [ RunTime:0.000376s ]
[2021-07-26T09:37:55+08:00][sql] SELECT * FROM `mall_category` WHERE  `pid` = 17  AND `status` = 0 [ RunTime:0.000264s ]
[2021-07-26T09:37:55+08:00][sql] SELECT * FROM `mall_category` WHERE  `pid` = 18  AND `status` = 0 [ RunTime:0.000256s ]
[2021-07-26T09:37:55+08:00][sql] SELECT * FROM `mall_category` WHERE  `pid` = 19  AND `status` = 0 [ RunTime:0.000235s ]
[2021-07-26T09:37:55+08:00][sql] SELECT * FROM `mall_category` WHERE  `pid` = 20  AND `status` = 0 [ RunTime:0.000361s ]
[2021-07-26T09:37:55+08:00][sql] SELECT * FROM `mall_category` WHERE  `pid` = 21  AND `status` = 0 [ RunTime:0.000231s ]
[2021-07-26T09:37:55+08:00][sql] SELECT * FROM `mall_category` WHERE  `pid` = 22  AND `status` = 0 [ RunTime:0.000222s ]
[2021-07-26T09:37:55+08:00][sql] SELECT * FROM `mall_category` WHERE  `pid` = 23  AND `status` = 0 [ RunTime:0.000251s ]
[2021-07-26T09:37:55+08:00][sql] SELECT * FROM `mall_category` WHERE  `pid` = 24  AND `status` = 0 [ RunTime:0.000241s ]
[2021-07-26T09:37:55+08:00][sql] SELECT * FROM `mall_category` WHERE  `pid` = 25  AND `status` = 0 [ RunTime:0.000243s ]
[2021-07-26T09:37:55+08:00][sql] SELECT * FROM `mall_category` WHERE  `pid` = 26  AND `status` = 0 [ RunTime:0.000228s ]
[2021-07-26T09:37:55+08:00][sql] SELECT * FROM `mall_category` WHERE  `pid` = 27  AND `status` = 0 [ RunTime:0.000216s ]
[2021-07-26T09:37:55+08:00][sql] SELECT * FROM `mall_category` WHERE  `pid` = 28  AND `status` = 0 [ RunTime:0.000229s ]
[2021-07-26T09:37:55+08:00][sql] SELECT * FROM `mall_category` WHERE  `pid` = 29  AND `status` = 0 [ RunTime:0.000254s ]
[2021-07-26T09:37:55+08:00][sql] SELECT * FROM `mall_category` WHERE  `pid` = 30  AND `status` = 0 [ RunTime:0.000448s ]
[2021-07-26T09:37:55+08:00][sql] SELECT * FROM `mall_category` WHERE  `pid` = 31  AND `status` = 0 [ RunTime:0.000327s ]
[2021-07-26T09:37:55+08:00][sql] SELECT * FROM `mall_category` WHERE  `pid` = 32  AND `status` = 0 [ RunTime:0.000291s ]
[2021-07-26T09:37:55+08:00][sql] SELECT * FROM `mall_category` WHERE  `pid` = 40  AND `status` = 0 [ RunTime:0.000263s ]
[2021-07-26T09:37:55+08:00][sql] SELECT * FROM `mall_category` WHERE  `pid` = 3  AND `status` = 0 [ RunTime:0.000232s ]
[2021-07-26T09:37:55+08:00][sql] SELECT * FROM `mall_category` WHERE  `pid` = 4  AND `status` = 0 [ RunTime:0.000252s ]
[2021-07-26T09:37:55+08:00][sql] SELECT * FROM `mall_category` WHERE  `pid` = 5  AND `status` = 0 [ RunTime:0.000230s ]
[2021-07-26T09:37:55+08:00][sql] SELECT * FROM `mall_category` WHERE  `pid` = 15  AND `status` = 0 [ RunTime:0.000216s ]
[2021-07-26T09:37:55+08:00][sql] SELECT * FROM `mall_category` WHERE  `pid` = 39  AND `status` = 0 [ RunTime:0.000218s ]
[2021-07-26T09:37:55+08:00][sql] SELECT * FROM `mall_category` WHERE  `id` IN (2,17,18,19,20,21,22,23,24,25,26,27,28,29,30,31,32,40,3,4,5,15,39)  AND `status` = 0  AND `module` = 'goods'  AND `is_hot` = 0 ORDER BY `id` ASC,`sort` ASC [ RunTime:0.050815s ]
[2021-07-26T09:37:55+08:00][sql] SELECT `value` FROM `mall_setting` WHERE  `name` = 'upload' LIMIT 1 [ RunTime:0.000561s ]
[2021-07-26T09:37:55+08:00][sql] SHOW FULL COLUMNS FROM `mall_goods` [ RunTime:0.003501s ]
[2021-07-26T09:37:55+08:00][sql] SELECT `g`.* FROM `mall_goods` `g` LEFT JOIN `mall_goods_extends` `e` ON `g`.`id`=`e`.`goods_id` WHERE  `g`.`status` = 0  AND `e`.`attribute` = 'news'  AND `g`.`cat_id` IN (2,17,18,19,20,21,22,23,24,25,26,27,28,29,30,31,32,40,3,4,5,15,39,1) ORDER BY `g`.`id` DESC LIMIT 10 [ RunTime:0.044298s ]
[2021-07-26T09:37:55+08:00][sql] SELECT `value` FROM `mall_setting` WHERE  `name` = 'upload' LIMIT 1 [ RunTime:0.000609s ]
[2021-07-26T09:37:55+08:00][sql] SELECT `value` FROM `mall_setting` WHERE  `name` = 'upload' LIMIT 1 [ RunTime:0.000662s ]
[2021-07-26T09:37:55+08:00][sql] SELECT `value` FROM `mall_setting` WHERE  `name` = 'upload' LIMIT 1 [ RunTime:0.000503s ]
[2021-07-26T09:37:55+08:00][sql] SELECT `value` FROM `mall_setting` WHERE  `name` = 'upload' LIMIT 1 [ RunTime:0.000440s ]
[2021-07-26T09:37:55+08:00][sql] SELECT `value` FROM `mall_setting` WHERE  `name` = 'upload' LIMIT 1 [ RunTime:0.000355s ]
[2021-07-26T09:37:55+08:00][sql] SELECT `value` FROM `mall_setting` WHERE  `name` = 'upload' LIMIT 1 [ RunTime:0.000326s ]
[2021-07-26T09:37:55+08:00][sql] SELECT `value` FROM `mall_setting` WHERE  `name` = 'upload' LIMIT 1 [ RunTime:0.000276s ]
[2021-07-26T09:37:55+08:00][sql] SELECT `value` FROM `mall_setting` WHERE  `name` = 'upload' LIMIT 1 [ RunTime:0.000286s ]
[2021-07-26T09:37:55+08:00][sql] SELECT `value` FROM `mall_setting` WHERE  `name` = 'upload' LIMIT 1 [ RunTime:0.000297s ]
[2021-07-26T09:37:55+08:00][sql] SELECT `value` FROM `mall_setting` WHERE  `name` = 'upload' LIMIT 1 [ RunTime:0.000309s ]
[2021-07-26T09:37:55+08:00][sql] SELECT * FROM `mall_category` WHERE  `pid` = 6  AND `status` = 0 [ RunTime:0.000300s ]
[2021-07-26T09:37:55+08:00][sql] SELECT * FROM `mall_category` WHERE  `pid` = 7  AND `status` = 0 [ RunTime:0.000244s ]
[2021-07-26T09:37:55+08:00][sql] SELECT * FROM `mall_category` WHERE  `pid` = 8  AND `status` = 0 [ RunTime:0.000237s ]
[2021-07-26T09:37:55+08:00][sql] SELECT * FROM `mall_category` WHERE  `pid` = 9  AND `status` = 0 [ RunTime:0.000231s ]
[2021-07-26T09:37:55+08:00][sql] SELECT * FROM `mall_category` WHERE  `pid` = 10  AND `status` = 0 [ RunTime:0.000281s ]
[2021-07-26T09:37:55+08:00][sql] SELECT * FROM `mall_category` WHERE  `id` IN (7,8,9,10)  AND `status` = 0  AND `module` = 'goods'  AND `is_hot` = 0 ORDER BY `id` ASC,`sort` ASC [ RunTime:0.000464s ]
[2021-07-26T09:37:55+08:00][sql] SELECT `value` FROM `mall_setting` WHERE  `name` = 'upload' LIMIT 1 [ RunTime:0.000212s ]
[2021-07-26T09:37:55+08:00][sql] SELECT `g`.* FROM `mall_goods` `g` LEFT JOIN `mall_goods_extends` `e` ON `g`.`id`=`e`.`goods_id` WHERE  `g`.`status` = 0  AND `e`.`attribute` = 'news'  AND `g`.`cat_id` IN (7,8,9,10,6) ORDER BY `g`.`id` DESC LIMIT 10 [ RunTime:0.000409s ]
[2021-07-26T09:37:55+08:00][sql] SELECT `value` FROM `mall_setting` WHERE  `name` = 'upload' LIMIT 1 [ RunTime:0.000207s ]
[2021-07-26T09:37:55+08:00][sql] SELECT `value` FROM `mall_setting` WHERE  `name` = 'upload' LIMIT 1 [ RunTime:0.000182s ]
[2021-07-26T09:37:55+08:00][sql] SELECT `value` FROM `mall_setting` WHERE  `name` = 'upload' LIMIT 1 [ RunTime:0.000182s ]
[2021-07-26T09:37:55+08:00][sql] SELECT `value` FROM `mall_setting` WHERE  `name` = 'upload' LIMIT 1 [ RunTime:0.000207s ]
[2021-07-26T09:37:55+08:00][sql] SELECT `value` FROM `mall_setting` WHERE  `name` = 'upload' LIMIT 1 [ RunTime:0.000182s ]
[2021-07-26T09:37:55+08:00][sql] SELECT `value` FROM `mall_setting` WHERE  `name` = 'upload' LIMIT 1 [ RunTime:0.000180s ]
[2021-07-26T09:37:55+08:00][sql] SELECT `value` FROM `mall_setting` WHERE  `name` = 'upload' LIMIT 1 [ RunTime:0.000176s ]
[2021-07-26T09:37:55+08:00][sql] SELECT `value` FROM `mall_setting` WHERE  `name` = 'upload' LIMIT 1 [ RunTime:0.000171s ]
[2021-07-26T09:37:55+08:00][sql] SELECT `value` FROM `mall_setting` WHERE  `name` = 'upload' LIMIT 1 [ RunTime:0.000176s ]
[2021-07-26T09:37:55+08:00][sql] SELECT `value` FROM `mall_setting` WHERE  `name` = 'upload' LIMIT 1 [ RunTime:0.000170s ]
[2021-07-26T09:37:55+08:00][sql] SELECT * FROM `mall_category` WHERE  `pid` = 11  AND `status` = 0 [ RunTime:0.000234s ]
[2021-07-26T09:37:55+08:00][sql] SELECT * FROM `mall_category` WHERE  `pid` = 12  AND `status` = 0 [ RunTime:0.000215s ]
[2021-07-26T09:37:55+08:00][sql] SELECT * FROM `mall_category` WHERE  `pid` = 13  AND `status` = 0 [ RunTime:0.000213s ]
[2021-07-26T09:37:55+08:00][sql] SELECT * FROM `mall_category` WHERE  `pid` = 14  AND `status` = 0 [ RunTime:0.000210s ]
[2021-07-26T09:37:55+08:00][sql] SELECT * FROM `mall_category` WHERE  `pid` = 16  AND `status` = 0 [ RunTime:0.000212s ]
[2021-07-26T09:37:55+08:00][sql] SELECT * FROM `mall_category` WHERE  `id` IN (12,13,14,16)  AND `status` = 0  AND `module` = 'goods'  AND `is_hot` = 0 ORDER BY `id` ASC,`sort` ASC [ RunTime:0.000295s ]
[2021-07-26T09:37:55+08:00][sql] SELECT `value` FROM `mall_setting` WHERE  `name` = 'upload' LIMIT 1 [ RunTime:0.000208s ]
[2021-07-26T09:37:55+08:00][sql] SELECT `g`.* FROM `mall_goods` `g` LEFT JOIN `mall_goods_extends` `e` ON `g`.`id`=`e`.`goods_id` WHERE  `g`.`status` = 0  AND `e`.`attribute` = 'news'  AND `g`.`cat_id` IN (12,13,14,16,11) ORDER BY `g`.`id` DESC LIMIT 10 [ RunTime:0.000397s ]
[2021-07-26T09:37:55+08:00][sql] SELECT `value` FROM `mall_setting` WHERE  `name` = 'upload' LIMIT 1 [ RunTime:0.000195s ]
[2021-07-26T09:37:55+08:00][sql] SELECT `value` FROM `mall_setting` WHERE  `name` = 'upload' LIMIT 1 [ RunTime:0.000198s ]
[2021-07-26T09:37:55+08:00][sql] SELECT `value` FROM `mall_setting` WHERE  `name` = 'upload' LIMIT 1 [ RunTime:0.000179s ]
[2021-07-26T09:37:55+08:00][sql] SELECT `value` FROM `mall_setting` WHERE  `name` = 'upload' LIMIT 1 [ RunTime:0.000175s ]
[2021-07-26T09:37:55+08:00][sql] SELECT `value` FROM `mall_setting` WHERE  `name` = 'upload' LIMIT 1 [ RunTime:0.000185s ]
[2021-07-26T09:37:55+08:00][sql] SELECT `value` FROM `mall_setting` WHERE  `name` = 'upload' LIMIT 1 [ RunTime:0.000200s ]
[2021-07-26T09:37:55+08:00][sql] SELECT `value` FROM `mall_setting` WHERE  `name` = 'upload' LIMIT 1 [ RunTime:0.000222s ]
[2021-07-26T09:37:55+08:00][sql] SELECT `value` FROM `mall_setting` WHERE  `name` = 'upload' LIMIT 1 [ RunTime:0.000230s ]
[2021-07-26T09:37:55+08:00][sql] SELECT `value` FROM `mall_setting` WHERE  `name` = 'upload' LIMIT 1 [ RunTime:0.000214s ]
[2021-07-26T09:37:55+08:00][sql] SELECT `value` FROM `mall_setting` WHERE  `name` = 'upload' LIMIT 1 [ RunTime:0.000193s ]
[2021-07-26T09:37:55+08:00][sql] CONNECT:[ UseTime:0.000442s ] mysql:host=127.0.0.1;port=3306;dbname=a3mall-pro;charset=utf8mb4
[2021-07-26T09:37:55+08:00][sql] SHOW FULL COLUMNS FROM `mall_navigation` [ RunTime:0.002808s ]
[2021-07-26T09:37:55+08:00][sql] SELECT * FROM `mall_navigation` WHERE  `status` = 0  AND `pid` = 0 ORDER BY `sort` ASC [ RunTime:0.000637s ]
[2021-07-26T09:37:55+08:00][sql] SHOW FULL COLUMNS FROM `mall_setting` [ RunTime:0.006113s ]
[2021-07-26T09:37:55+08:00][sql] SELECT `value` FROM `mall_setting` WHERE  `name` = 'web_name' LIMIT 1 [ RunTime:0.000695s ]
[2021-07-26T09:37:55+08:00][sql] SELECT `value` FROM `mall_setting` WHERE  `name` = 'web_title' LIMIT 1 [ RunTime:0.000329s ]
[2021-07-26T09:37:55+08:00][sql] SELECT `value` FROM `mall_setting` WHERE  `name` = 'web_keywords' LIMIT 1 [ RunTime:0.000385s ]
[2021-07-26T09:37:55+08:00][sql] SELECT `value` FROM `mall_setting` WHERE  `name` = 'web_description' LIMIT 1 [ RunTime:0.000326s ]
[2021-07-26T09:37:55+08:00][sql] SELECT `value` FROM `mall_setting` WHERE  `name` = 'web_copyright' LIMIT 1 [ RunTime:0.000287s ]
[2021-07-26T09:37:55+08:00][sql] SELECT `value` FROM `mall_setting` WHERE  `name` = 'web_logo' LIMIT 1 [ RunTime:0.000505s ]
[2021-07-26T09:37:55+08:00][sql] SHOW FULL COLUMNS FROM `mall_version` [ RunTime:0.002644s ]
[2021-07-26T09:37:55+08:00][sql] SELECT * FROM `mall_version` WHERE  `type` = 3  AND `status` = 0 [ RunTime:0.000539s ]
[2021-07-26T09:37:55+08:00][sql] CONNECT:[ UseTime:0.000820s ] mysql:host=127.0.0.1;port=3306;dbname=a3mall-pro;charset=utf8mb4
[2021-07-26T09:37:55+08:00][sql] SHOW FULL COLUMNS FROM `mall_navigation` [ RunTime:0.004528s ]
[2021-07-26T09:37:55+08:00][sql] SELECT * FROM `mall_navigation` WHERE  `status` = 0  AND `pid` = 0 ORDER BY `sort` ASC [ RunTime:0.002425s ]
[2021-07-26T09:37:55+08:00][sql] SHOW FULL COLUMNS FROM `mall_setting` [ RunTime:0.002803s ]
[2021-07-26T09:37:55+08:00][sql] SELECT `value` FROM `mall_setting` WHERE  `name` = 'web_name' LIMIT 1 [ RunTime:0.000400s ]
[2021-07-26T09:37:55+08:00][sql] SELECT `value` FROM `mall_setting` WHERE  `name` = 'web_title' LIMIT 1 [ RunTime:0.000315s ]
[2021-07-26T09:37:55+08:00][sql] SELECT `value` FROM `mall_setting` WHERE  `name` = 'web_keywords' LIMIT 1 [ RunTime:0.000481s ]
[2021-07-26T09:37:55+08:00][sql] SELECT `value` FROM `mall_setting` WHERE  `name` = 'web_description' LIMIT 1 [ RunTime:0.000338s ]
[2021-07-26T09:37:55+08:00][sql] SELECT `value` FROM `mall_setting` WHERE  `name` = 'web_copyright' LIMIT 1 [ RunTime:0.000358s ]
[2021-07-26T09:37:55+08:00][sql] SELECT `value` FROM `mall_setting` WHERE  `name` = 'web_logo' LIMIT 1 [ RunTime:0.000352s ]
[2021-07-26T09:37:55+08:00][sql] SHOW FULL COLUMNS FROM `mall_version` [ RunTime:0.133331s ]
[2021-07-26T09:37:55+08:00][sql] SELECT * FROM `mall_version` WHERE  `type` = 3  AND `status` = 0 [ RunTime:0.001216s ]
[2021-07-26T09:37:55+08:00][sql] SHOW FULL COLUMNS FROM `mall_cart` [ RunTime:0.059893s ]
[2021-07-26T09:37:55+08:00][sql] SELECT * FROM `mall_cart` WHERE  `user_id` IS NULL ORDER BY `id` DESC LIMIT 5 [ RunTime:0.000722s ]
[2021-07-26T09:37:55+08:00][sql] SHOW FULL COLUMNS FROM `mall_goods_item` [ RunTime:0.054892s ]
[2021-07-26T09:37:55+08:00][sql] SHOW FULL COLUMNS FROM `mall_goods_attribute` [ RunTime:0.003739s ]
[2021-07-26T09:37:55+08:00][sql] SELECT SUM(sell_price * goods_nums) as price FROM `mall_cart` WHERE  `user_id` IS NULL LIMIT 1 [ RunTime:0.038958s ]
